{"level":"info","message":"Server running --- from server.ts","timestamp":"2025-02-12T04:32:25.526Z"}
{"level":"info","message":"Server running --- from server.ts","timestamp":"2025-02-12T04:37:21.638Z"}
{"level":"info","message":"Server running --- from server.ts","timestamp":"2025-02-12T04:37:34.643Z"}
{"level":"info","message":"Server running --- from server.ts","timestamp":"2025-02-12T04:37:38.994Z"}
{"level":"info","message":"Server running --- from server.ts","timestamp":"2025-02-12T04:39:18.752Z"}
{"level":"info","message":"Server running --- from server.ts","timestamp":"2025-02-12T04:39:23.471Z"}
{"level":"info","message":"Server running --- from server.ts","timestamp":"2025-02-12T04:40:05.456Z"}
{"level":"info","message":"Server running --- from server.ts","timestamp":"2025-02-12T04:40:15.873Z"}
{"level":"info","message":"Server running --- from server.ts","timestamp":"2025-02-12T04:40:20.644Z"}
{"level":"info","message":"Server running --- from server.ts","timestamp":"2025-02-12T04:40:25.911Z"}
{"level":"info","message":"Server running --- from server.ts","timestamp":"2025-02-12T04:40:34.186Z"}
{"level":"info","message":"Server running --- from server.ts","timestamp":"2025-02-12T04:40:49.197Z"}
{"level":"info","message":"Router ------------admin login","timestamp":"2025-02-12T04:44:10.134Z"}
{"level":"info","message":"Router ------------booking ","timestamp":"2025-02-12T04:46:17.667Z"}
{"level":"info","message":"Router ------------booking ","timestamp":"2025-02-12T04:48:01.394Z"}
{"level":"info","message":"Server running --- from server.ts","timestamp":"2025-02-12T04:55:21.475Z"}
{"level":"info","message":"Server running --- from server.ts","timestamp":"2025-02-12T04:55:32.959Z"}
{"level":"info","message":"Server running --- from server.ts","timestamp":"2025-02-12T04:55:44.930Z"}
{"level":"info","message":"Server running --- from server.ts","timestamp":"2025-02-12T04:56:00.957Z"}
{"level":"info","message":"Server running --- from server.ts","timestamp":"2025-02-12T04:56:07.593Z"}
{"level":"info","message":"Server running --- from server.ts","timestamp":"2025-02-12T04:56:21.288Z"}
{"level":"info","message":"Server running --- from server.ts","timestamp":"2025-02-12T04:56:29.670Z"}
{"level":"info","message":"Server running --- from server.ts","timestamp":"2025-02-12T04:56:41.317Z"}
{"level":"info","message":"Server running --- from server.ts","timestamp":"2025-02-12T04:56:45.291Z"}
{"level":"info","message":"Server running --- from server.ts","timestamp":"2025-02-12T04:56:58.121Z"}
{"level":"info","message":"Server running --- from server.ts","timestamp":"2025-02-12T04:57:14.901Z"}
{"level":"info","message":"Server running --- from server.ts","timestamp":"2025-02-12T04:58:09.432Z"}
{"level":"info","message":"Server running --- from server.ts","timestamp":"2025-02-12T04:58:30.155Z"}
{"level":"info","message":"Server running --- from server.ts","timestamp":"2025-02-12T04:58:48.697Z"}
{"level":"info","message":"Server running --- from server.ts","timestamp":"2025-02-12T04:59:19.091Z"}
{"level":"info","message":"Server running --- from server.ts","timestamp":"2025-02-12T04:59:24.604Z"}
{"level":"info","message":"Server running --- from server.ts","timestamp":"2025-02-12T04:59:40.164Z"}
{"level":"info","message":"Server running --- from server.ts","timestamp":"2025-02-12T05:00:07.811Z"}
{"level":"info","message":"Server running --- from server.ts","timestamp":"2025-02-12T05:00:37.597Z"}
{"level":"info","message":"Server running --- from server.ts","timestamp":"2025-02-12T05:01:04.697Z"}
{"level":"info","message":"Server running --- from server.ts","timestamp":"2025-02-12T05:01:21.812Z"}
{"level":"info","message":"Server running --- from server.ts","timestamp":"2025-02-12T05:01:56.244Z"}
{"level":"info","message":"Server running --- from server.ts","timestamp":"2025-02-12T05:02:18.830Z"}
{"level":"info","message":"Server running --- from server.ts","timestamp":"2025-02-12T05:02:57.776Z"}
{"level":"info","message":"Server running --- from server.ts","timestamp":"2025-02-12T05:03:04.743Z"}
{"level":"info","message":"Server running --- from server.ts","timestamp":"2025-02-12T05:28:55.895Z"}
{"level":"info","message":"Server running --- from server.ts","timestamp":"2025-02-12T05:29:11.786Z"}
{"level":"info","message":"Router ------------booking ","timestamp":"2025-02-12T05:41:42.334Z"}
{"level":"info","message":"Server running --- from server.ts","timestamp":"2025-02-12T06:27:34.792Z"}
{"level":"info","message":"Server running --- from server.ts","timestamp":"2025-02-12T06:28:03.384Z"}
{"level":"info","message":"Server running --- from server.ts","timestamp":"2025-02-12T06:28:12.717Z"}
{"level":"info","message":"Server running --- from server.ts","timestamp":"2025-02-12T06:28:17.249Z"}
{"level":"info","message":"Server running --- from server.ts","timestamp":"2025-02-12T06:28:45.697Z"}
{"level":"info","message":"Server running --- from server.ts","timestamp":"2025-02-12T06:28:57.163Z"}
{"level":"info","message":"Server running --- from server.ts","timestamp":"2025-02-12T06:29:02.107Z"}
{"level":"info","message":"Server running --- from server.ts","timestamp":"2025-02-12T06:29:06.308Z"}
{"level":"info","message":"Server running --- from server.ts","timestamp":"2025-02-12T06:29:19.190Z"}
{"level":"info","message":"Server running --- from server.ts","timestamp":"2025-02-12T06:29:31.916Z"}
{"level":"info","message":"Server running --- from server.ts","timestamp":"2025-02-12T06:29:43.255Z"}
{"level":"info","message":"Server running --- from server.ts","timestamp":"2025-02-12T06:31:10.300Z"}
{"level":"info","message":"Server running --- from server.ts","timestamp":"2025-02-12T06:31:26.063Z"}
{"level":"info","message":"Server running --- from server.ts","timestamp":"2025-02-12T06:31:33.834Z"}
{"level":"info","message":"Server running --- from server.ts","timestamp":"2025-02-12T06:31:40.186Z"}
{"level":"info","message":"Server running --- from server.ts","timestamp":"2025-02-12T06:31:55.824Z"}
{"level":"info","message":"Server running --- from server.ts","timestamp":"2025-02-12T06:32:11.288Z"}
{"level":"info","message":"Server running --- from server.ts","timestamp":"2025-02-12T06:32:19.039Z"}
{"level":"info","message":"Server running --- from server.ts","timestamp":"2025-02-12T06:32:27.830Z"}
{"level":"info","message":"Server running --- from server.ts","timestamp":"2025-02-12T06:32:45.195Z"}
{"level":"info","message":"Server running --- from server.ts","timestamp":"2025-02-12T06:32:50.788Z"}
{"level":"info","message":"Server running --- from server.ts","timestamp":"2025-02-12T06:33:04.714Z"}
{"level":"info","message":"Server running --- from server.ts","timestamp":"2025-02-12T06:33:31.752Z"}
{"level":"info","message":"Server running --- from server.ts","timestamp":"2025-02-12T06:33:49.593Z"}
{"level":"error","message":"Server not running ---  New route /api/v1/route/bookingTest conflicts with existing /api/v1/route/bookingTest","name":"AssertError","stack":"AssertError: New route /api/v1/route/bookingTest conflicts with existing /api/v1/route/bookingTest\n    at module.exports.internals.Segment.internals.Segment.add (C:\\Users\\INDHU\\Desktop\\JP-Backend\\node_modules\\@hapi\\call\\lib\\segment.js:47:14)\n    at exports.Router.internals.Router.internals.Router.add (C:\\Users\\INDHU\\Desktop\\JP-Backend\\node_modules\\@hapi\\call\\lib\\index.js:65:16)\n    at internals.Server._addRoute (C:\\Users\\INDHU\\Desktop\\JP-Backend\\node_modules\\@hapi\\hapi\\lib\\server.js:529:46)\n    at internals.Server.route (C:\\Users\\INDHU\\Desktop\\JP-Backend\\node_modules\\@hapi\\hapi\\lib\\server.js:518:22)\n    at C:\\Users\\INDHU\\Desktop\\JP-Backend\\src\\api\\booking\\routes.ts:12:14\n    at new Promise (<anonymous>)\n    at bookingRoutes.<anonymous> (C:\\Users\\INDHU\\Desktop\\JP-Backend\\src\\api\\booking\\routes.ts:10:12)\n    at Generator.next (<anonymous>)\n    at C:\\Users\\INDHU\\Desktop\\JP-Backend\\src\\api\\booking\\routes.ts:8:71\n    at new Promise (<anonymous>)","timestamp":"2025-02-12T06:35:22.438Z"}
{"level":"error","message":"Server not running ---  New route /api/v1/route/bookingTest conflicts with existing /api/v1/route/bookingTest","name":"AssertError","stack":"AssertError: New route /api/v1/route/bookingTest conflicts with existing /api/v1/route/bookingTest\n    at module.exports.internals.Segment.internals.Segment.add (C:\\Users\\INDHU\\Desktop\\JP-Backend\\node_modules\\@hapi\\call\\lib\\segment.js:47:14)\n    at exports.Router.internals.Router.internals.Router.add (C:\\Users\\INDHU\\Desktop\\JP-Backend\\node_modules\\@hapi\\call\\lib\\index.js:65:16)\n    at internals.Server._addRoute (C:\\Users\\INDHU\\Desktop\\JP-Backend\\node_modules\\@hapi\\hapi\\lib\\server.js:529:46)\n    at internals.Server.route (C:\\Users\\INDHU\\Desktop\\JP-Backend\\node_modules\\@hapi\\hapi\\lib\\server.js:518:22)\n    at C:\\Users\\INDHU\\Desktop\\JP-Backend\\src\\api\\booking\\routes.ts:12:14\n    at new Promise (<anonymous>)\n    at bookingRoutes.<anonymous> (C:\\Users\\INDHU\\Desktop\\JP-Backend\\src\\api\\booking\\routes.ts:10:12)\n    at Generator.next (<anonymous>)\n    at C:\\Users\\INDHU\\Desktop\\JP-Backend\\src\\api\\booking\\routes.ts:8:71\n    at new Promise (<anonymous>)","timestamp":"2025-02-12T06:35:41.443Z"}
{"level":"error","message":"Server not running ---  New route /api/v1/route/bookingTest conflicts with existing /api/v1/route/bookingTest","name":"AssertError","stack":"AssertError: New route /api/v1/route/bookingTest conflicts with existing /api/v1/route/bookingTest\n    at module.exports.internals.Segment.internals.Segment.add (C:\\Users\\INDHU\\Desktop\\JP-Backend\\node_modules\\@hapi\\call\\lib\\segment.js:47:14)\n    at exports.Router.internals.Router.internals.Router.add (C:\\Users\\INDHU\\Desktop\\JP-Backend\\node_modules\\@hapi\\call\\lib\\index.js:65:16)\n    at internals.Server._addRoute (C:\\Users\\INDHU\\Desktop\\JP-Backend\\node_modules\\@hapi\\hapi\\lib\\server.js:529:46)\n    at internals.Server.route (C:\\Users\\INDHU\\Desktop\\JP-Backend\\node_modules\\@hapi\\hapi\\lib\\server.js:518:22)\n    at C:\\Users\\INDHU\\Desktop\\JP-Backend\\src\\api\\booking\\routes.ts:12:14\n    at new Promise (<anonymous>)\n    at bookingRoutes.<anonymous> (C:\\Users\\INDHU\\Desktop\\JP-Backend\\src\\api\\booking\\routes.ts:10:12)\n    at Generator.next (<anonymous>)\n    at C:\\Users\\INDHU\\Desktop\\JP-Backend\\src\\api\\booking\\routes.ts:8:71\n    at new Promise (<anonymous>)","timestamp":"2025-02-12T06:35:44.771Z"}
{"level":"error","message":"Server not running ---  this.mappingRepository is not a constructor","stack":"TypeError: this.mappingRepository is not a constructor\n    at new Resolver (C:\\Users\\INDHU\\Desktop\\JP-Backend\\src\\api\\mapping\\resolver.ts:6:30)\n    at new mapping (C:\\Users\\INDHU\\Desktop\\JP-Backend\\src\\api\\mapping\\controller.ts:10:21)\n    at C:\\Users\\INDHU\\Desktop\\JP-Backend\\src\\api\\mapping\\routes.ts:10:28\n    at new Promise (<anonymous>)\n    at mappingRoutes.<anonymous> (C:\\Users\\INDHU\\Desktop\\JP-Backend\\src\\api\\mapping\\routes.ts:9:14)\n    at Generator.next (<anonymous>)\n    at C:\\Users\\INDHU\\Desktop\\JP-Backend\\src\\api\\mapping\\routes.ts:8:71\n    at new Promise (<anonymous>)\n    at __awaiter (C:\\Users\\INDHU\\Desktop\\JP-Backend\\src\\api\\mapping\\routes.ts:4:12)\n    at mappingRoutes.register (C:\\Users\\INDHU\\Desktop\\JP-Backend\\src\\api\\mapping\\routes.ts:17:16)","timestamp":"2025-02-12T06:35:56.184Z"}
{"level":"error","message":"Server not running ---  this.mappingRepository is not a constructor","stack":"TypeError: this.mappingRepository is not a constructor\n    at new mappingResolver (C:\\Users\\INDHU\\Desktop\\JP-Backend\\src\\api\\mapping\\resolver.ts:6:30)\n    at new mapping (C:\\Users\\INDHU\\Desktop\\JP-Backend\\src\\api\\mapping\\controller.ts:10:21)\n    at C:\\Users\\INDHU\\Desktop\\JP-Backend\\src\\api\\mapping\\routes.ts:10:28\n    at new Promise (<anonymous>)\n    at mappingRoutes.<anonymous> (C:\\Users\\INDHU\\Desktop\\JP-Backend\\src\\api\\mapping\\routes.ts:9:14)\n    at Generator.next (<anonymous>)\n    at C:\\Users\\INDHU\\Desktop\\JP-Backend\\src\\api\\mapping\\routes.ts:8:71\n    at new Promise (<anonymous>)\n    at __awaiter (C:\\Users\\INDHU\\Desktop\\JP-Backend\\src\\api\\mapping\\routes.ts:4:12)\n    at mappingRoutes.register (C:\\Users\\INDHU\\Desktop\\JP-Backend\\src\\api\\mapping\\routes.ts:17:16)","timestamp":"2025-02-12T06:37:39.261Z"}
{"level":"error","message":"Server not running ---  this.mappingRepository is not a constructor","stack":"TypeError: this.mappingRepository is not a constructor\n    at new mappingResolver (C:\\Users\\INDHU\\Desktop\\JP-Backend\\src\\api\\mapping\\resolver.ts:6:30)\n    at new mapping (C:\\Users\\INDHU\\Desktop\\JP-Backend\\src\\api\\mapping\\controller.ts:10:21)\n    at C:\\Users\\INDHU\\Desktop\\JP-Backend\\src\\api\\mapping\\routes.ts:10:28\n    at new Promise (<anonymous>)\n    at mappingRoutes.<anonymous> (C:\\Users\\INDHU\\Desktop\\JP-Backend\\src\\api\\mapping\\routes.ts:9:14)\n    at Generator.next (<anonymous>)\n    at C:\\Users\\INDHU\\Desktop\\JP-Backend\\src\\api\\mapping\\routes.ts:8:71\n    at new Promise (<anonymous>)\n    at __awaiter (C:\\Users\\INDHU\\Desktop\\JP-Backend\\src\\api\\mapping\\routes.ts:4:12)\n    at mappingRoutes.register (C:\\Users\\INDHU\\Desktop\\JP-Backend\\src\\api\\mapping\\routes.ts:17:16)","timestamp":"2025-02-12T06:38:09.839Z"}
{"level":"error","message":"Server not running ---  this.mappingRepository is not a constructor","stack":"TypeError: this.mappingRepository is not a constructor\n    at new mappingResolver (C:\\Users\\INDHU\\Desktop\\JP-Backend\\src\\api\\mapping\\resolver.ts:6:30)\n    at new mapping (C:\\Users\\INDHU\\Desktop\\JP-Backend\\src\\api\\mapping\\controller.ts:10:21)\n    at C:\\Users\\INDHU\\Desktop\\JP-Backend\\src\\api\\mapping\\routes.ts:10:28\n    at new Promise (<anonymous>)\n    at mappingRoutes.<anonymous> (C:\\Users\\INDHU\\Desktop\\JP-Backend\\src\\api\\mapping\\routes.ts:9:14)\n    at Generator.next (<anonymous>)\n    at C:\\Users\\INDHU\\Desktop\\JP-Backend\\src\\api\\mapping\\routes.ts:8:71\n    at new Promise (<anonymous>)\n    at __awaiter (C:\\Users\\INDHU\\Desktop\\JP-Backend\\src\\api\\mapping\\routes.ts:4:12)\n    at mappingRoutes.register (C:\\Users\\INDHU\\Desktop\\JP-Backend\\src\\api\\mapping\\routes.ts:17:16)","timestamp":"2025-02-12T06:38:24.701Z"}
{"level":"error","message":"Server not running ---  this.mappingRepository is not a constructor","stack":"TypeError: this.mappingRepository is not a constructor\n    at new mappingResolver (C:\\Users\\INDHU\\Desktop\\JP-Backend\\src\\api\\mapping\\resolver.ts:6:30)\n    at new mapping (C:\\Users\\INDHU\\Desktop\\JP-Backend\\src\\api\\mapping\\controller.ts:10:21)\n    at C:\\Users\\INDHU\\Desktop\\JP-Backend\\src\\api\\mapping\\routes.ts:10:28\n    at new Promise (<anonymous>)\n    at mappingRoutes.<anonymous> (C:\\Users\\INDHU\\Desktop\\JP-Backend\\src\\api\\mapping\\routes.ts:9:14)\n    at Generator.next (<anonymous>)\n    at C:\\Users\\INDHU\\Desktop\\JP-Backend\\src\\api\\mapping\\routes.ts:8:71\n    at new Promise (<anonymous>)\n    at __awaiter (C:\\Users\\INDHU\\Desktop\\JP-Backend\\src\\api\\mapping\\routes.ts:4:12)\n    at mappingRoutes.register (C:\\Users\\INDHU\\Desktop\\JP-Backend\\src\\api\\mapping\\routes.ts:17:16)","timestamp":"2025-02-12T06:38:51.709Z"}
{"level":"error","message":"Server not running ---  this.mappingRepository is not a constructor","stack":"TypeError: this.mappingRepository is not a constructor\n    at new mappingResolver (C:\\Users\\INDHU\\Desktop\\JP-Backend\\src\\api\\mapping\\resolver.ts:6:30)\n    at new mapping (C:\\Users\\INDHU\\Desktop\\JP-Backend\\src\\api\\mapping\\controller.ts:10:21)\n    at C:\\Users\\INDHU\\Desktop\\JP-Backend\\src\\api\\mapping\\routes.ts:10:28\n    at new Promise (<anonymous>)\n    at mappingRoutes.<anonymous> (C:\\Users\\INDHU\\Desktop\\JP-Backend\\src\\api\\mapping\\routes.ts:9:14)\n    at Generator.next (<anonymous>)\n    at C:\\Users\\INDHU\\Desktop\\JP-Backend\\src\\api\\mapping\\routes.ts:8:71\n    at new Promise (<anonymous>)\n    at __awaiter (C:\\Users\\INDHU\\Desktop\\JP-Backend\\src\\api\\mapping\\routes.ts:4:12)\n    at mappingRoutes.register (C:\\Users\\INDHU\\Desktop\\JP-Backend\\src\\api\\mapping\\routes.ts:17:16)","timestamp":"2025-02-12T06:38:58.181Z"}
{"level":"error","message":"Server not running ---  this.mappingRepository is not a constructor","stack":"TypeError: this.mappingRepository is not a constructor\n    at new mappingResolver (C:\\Users\\INDHU\\Desktop\\JP-Backend\\src\\api\\mapping\\resolver.ts:6:30)\n    at new mapping (C:\\Users\\INDHU\\Desktop\\JP-Backend\\src\\api\\mapping\\controller.ts:10:21)\n    at C:\\Users\\INDHU\\Desktop\\JP-Backend\\src\\api\\mapping\\routes.ts:10:28\n    at new Promise (<anonymous>)\n    at mappingRoutes.<anonymous> (C:\\Users\\INDHU\\Desktop\\JP-Backend\\src\\api\\mapping\\routes.ts:9:14)\n    at Generator.next (<anonymous>)\n    at C:\\Users\\INDHU\\Desktop\\JP-Backend\\src\\api\\mapping\\routes.ts:8:71\n    at new Promise (<anonymous>)\n    at __awaiter (C:\\Users\\INDHU\\Desktop\\JP-Backend\\src\\api\\mapping\\routes.ts:4:12)\n    at mappingRoutes.register (C:\\Users\\INDHU\\Desktop\\JP-Backend\\src\\api\\mapping\\routes.ts:17:16)","timestamp":"2025-02-12T06:39:07.208Z"}
{"level":"error","message":"Server not running ---  this.mappingRepository is not a constructor","stack":"TypeError: this.mappingRepository is not a constructor\n    at new mappingResolver (C:\\Users\\INDHU\\Desktop\\JP-Backend\\src\\api\\mapping\\resolver.ts:6:30)\n    at new mapping (C:\\Users\\INDHU\\Desktop\\JP-Backend\\src\\api\\mapping\\controller.ts:10:21)\n    at C:\\Users\\INDHU\\Desktop\\JP-Backend\\src\\api\\mapping\\routes.ts:10:28\n    at new Promise (<anonymous>)\n    at mappingRoutes.<anonymous> (C:\\Users\\INDHU\\Desktop\\JP-Backend\\src\\api\\mapping\\routes.ts:9:14)\n    at Generator.next (<anonymous>)\n    at C:\\Users\\INDHU\\Desktop\\JP-Backend\\src\\api\\mapping\\routes.ts:8:71\n    at new Promise (<anonymous>)\n    at __awaiter (C:\\Users\\INDHU\\Desktop\\JP-Backend\\src\\api\\mapping\\routes.ts:4:12)\n    at mappingRoutes.register (C:\\Users\\INDHU\\Desktop\\JP-Backend\\src\\api\\mapping\\routes.ts:17:16)","timestamp":"2025-02-12T06:39:23.509Z"}
{"level":"error","message":"Server not running ---  this.mappingRepository is not a constructor","stack":"TypeError: this.mappingRepository is not a constructor\n    at new mappingResolver (C:\\Users\\INDHU\\Desktop\\JP-Backend\\src\\api\\mapping\\resolver.ts:6:30)\n    at new mapping (C:\\Users\\INDHU\\Desktop\\JP-Backend\\src\\api\\mapping\\controller.ts:10:21)\n    at C:\\Users\\INDHU\\Desktop\\JP-Backend\\src\\api\\mapping\\routes.ts:10:28\n    at new Promise (<anonymous>)\n    at mappingRoutes.<anonymous> (C:\\Users\\INDHU\\Desktop\\JP-Backend\\src\\api\\mapping\\routes.ts:9:14)\n    at Generator.next (<anonymous>)\n    at C:\\Users\\INDHU\\Desktop\\JP-Backend\\src\\api\\mapping\\routes.ts:8:71\n    at new Promise (<anonymous>)\n    at __awaiter (C:\\Users\\INDHU\\Desktop\\JP-Backend\\src\\api\\mapping\\routes.ts:4:12)\n    at mappingRoutes.register (C:\\Users\\INDHU\\Desktop\\JP-Backend\\src\\api\\mapping\\routes.ts:17:16)","timestamp":"2025-02-12T06:39:35.304Z"}
{"level":"error","message":"Server not running ---  this.mappingRepository is not a constructor","stack":"TypeError: this.mappingRepository is not a constructor\n    at new mappingResolver (C:\\Users\\INDHU\\Desktop\\JP-Backend\\src\\api\\mapping\\resolver.ts:6:30)\n    at new mapping (C:\\Users\\INDHU\\Desktop\\JP-Backend\\src\\api\\mapping\\controller.ts:10:21)\n    at C:\\Users\\INDHU\\Desktop\\JP-Backend\\src\\api\\mapping\\routes.ts:10:28\n    at new Promise (<anonymous>)\n    at mappingRoutes.<anonymous> (C:\\Users\\INDHU\\Desktop\\JP-Backend\\src\\api\\mapping\\routes.ts:9:14)\n    at Generator.next (<anonymous>)\n    at C:\\Users\\INDHU\\Desktop\\JP-Backend\\src\\api\\mapping\\routes.ts:8:71\n    at new Promise (<anonymous>)\n    at __awaiter (C:\\Users\\INDHU\\Desktop\\JP-Backend\\src\\api\\mapping\\routes.ts:4:12)\n    at mappingRoutes.register (C:\\Users\\INDHU\\Desktop\\JP-Backend\\src\\api\\mapping\\routes.ts:17:16)","timestamp":"2025-02-12T06:39:42.468Z"}
{"level":"error","message":"Server not running ---  this.mappingRepository is not a constructor","stack":"TypeError: this.mappingRepository is not a constructor\n    at new mappingResolver (C:\\Users\\INDHU\\Desktop\\JP-Backend\\src\\api\\mapping\\resolver.ts:6:30)\n    at new mapping (C:\\Users\\INDHU\\Desktop\\JP-Backend\\src\\api\\mapping\\controller.ts:10:21)\n    at C:\\Users\\INDHU\\Desktop\\JP-Backend\\src\\api\\mapping\\routes.ts:10:28\n    at new Promise (<anonymous>)\n    at mappingRoutes.<anonymous> (C:\\Users\\INDHU\\Desktop\\JP-Backend\\src\\api\\mapping\\routes.ts:9:14)\n    at Generator.next (<anonymous>)\n    at C:\\Users\\INDHU\\Desktop\\JP-Backend\\src\\api\\mapping\\routes.ts:8:71\n    at new Promise (<anonymous>)\n    at __awaiter (C:\\Users\\INDHU\\Desktop\\JP-Backend\\src\\api\\mapping\\routes.ts:4:12)\n    at mappingRoutes.register (C:\\Users\\INDHU\\Desktop\\JP-Backend\\src\\api\\mapping\\routes.ts:17:16)","timestamp":"2025-02-12T06:41:30.004Z"}
{"level":"error","message":"Server not running ---  this.mappingRepository is not a constructor","stack":"TypeError: this.mappingRepository is not a constructor\n    at new mappingResolver (C:\\Users\\INDHU\\Desktop\\JP-Backend\\src\\api\\mapping\\resolver.ts:6:30)\n    at new mapping (C:\\Users\\INDHU\\Desktop\\JP-Backend\\src\\api\\mapping\\controller.ts:10:21)\n    at C:\\Users\\INDHU\\Desktop\\JP-Backend\\src\\api\\mapping\\routes.ts:10:28\n    at new Promise (<anonymous>)\n    at mappingRoutes.<anonymous> (C:\\Users\\INDHU\\Desktop\\JP-Backend\\src\\api\\mapping\\routes.ts:9:14)\n    at Generator.next (<anonymous>)\n    at C:\\Users\\INDHU\\Desktop\\JP-Backend\\src\\api\\mapping\\routes.ts:8:71\n    at new Promise (<anonymous>)\n    at __awaiter (C:\\Users\\INDHU\\Desktop\\JP-Backend\\src\\api\\mapping\\routes.ts:4:12)\n    at mappingRoutes.register (C:\\Users\\INDHU\\Desktop\\JP-Backend\\src\\api\\mapping\\routes.ts:17:16)","timestamp":"2025-02-12T06:42:03.157Z"}
{"level":"info","message":"Server running --- from server.ts","timestamp":"2025-02-12T06:43:07.474Z"}
{"level":"info","message":"Server running --- from server.ts","timestamp":"2025-02-12T06:53:01.034Z"}
{"level":"info","message":"Router ------------transaction Mapping ","timestamp":"2025-02-12T06:54:05.401Z"}
{"level":"info","message":"Server running --- from server.ts","timestamp":"2025-02-12T06:54:55.321Z"}
{"level":"info","message":"Server running --- from server.ts","timestamp":"2025-02-12T06:55:08.499Z"}
{"level":"info","message":"Router ------------transaction Mapping ","timestamp":"2025-02-12T06:55:14.239Z"}
{"level":"info","message":"Router ------------transaction Mapping ","timestamp":"2025-02-12T06:55:47.933Z"}
{"level":"info","message":"Server running --- from server.ts","timestamp":"2025-02-12T06:56:40.184Z"}
{"level":"info","message":"Server running --- from server.ts","timestamp":"2025-02-12T06:56:46.131Z"}
{"level":"info","message":"Router ------------transaction Mapping ","timestamp":"2025-02-12T06:56:48.258Z"}
{"level":"info","message":"Server running --- from server.ts","timestamp":"2025-02-12T07:00:16.978Z"}
{"level":"info","message":"Server running --- from server.ts","timestamp":"2025-02-12T07:00:27.685Z"}
{"level":"error","message":"Server not running ---  New route /api/v1/routes/mapping conflicts with existing /api/v1/routes/mapping","name":"AssertError","stack":"AssertError: New route /api/v1/routes/mapping conflicts with existing /api/v1/routes/mapping\n    at module.exports.internals.Segment.internals.Segment.add (C:\\Users\\INDHU\\Desktop\\JP-Backend\\node_modules\\@hapi\\call\\lib\\segment.js:47:14)\n    at exports.Router.internals.Router.internals.Router.add (C:\\Users\\INDHU\\Desktop\\JP-Backend\\node_modules\\@hapi\\call\\lib\\index.js:65:16)\n    at internals.Server._addRoute (C:\\Users\\INDHU\\Desktop\\JP-Backend\\node_modules\\@hapi\\hapi\\lib\\server.js:529:46)\n    at internals.Server.route (C:\\Users\\INDHU\\Desktop\\JP-Backend\\node_modules\\@hapi\\hapi\\lib\\server.js:518:22)\n    at C:\\Users\\INDHU\\Desktop\\JP-Backend\\src\\api\\mapping\\routes.ts:11:16\n    at new Promise (<anonymous>)\n    at mappingRoutes.<anonymous> (C:\\Users\\INDHU\\Desktop\\JP-Backend\\src\\api\\mapping\\routes.ts:9:14)\n    at Generator.next (<anonymous>)\n    at C:\\Users\\INDHU\\Desktop\\JP-Backend\\src\\api\\mapping\\routes.ts:8:71\n    at new Promise (<anonymous>)","timestamp":"2025-02-12T07:00:39.432Z"}
{"level":"info","message":"Server running --- from server.ts","timestamp":"2025-02-12T07:00:51.215Z"}
{"level":"info","message":"Server running --- from server.ts","timestamp":"2025-02-12T07:01:34.463Z"}
{"level":"info","message":"Server running --- from server.ts","timestamp":"2025-02-12T07:01:41.978Z"}
{"level":"info","message":"Server running --- from server.ts","timestamp":"2025-02-12T07:01:54.045Z"}
{"level":"info","message":"Server running --- from server.ts","timestamp":"2025-02-12T07:02:10.559Z"}
{"level":"info","message":"Server running --- from server.ts","timestamp":"2025-02-12T07:02:23.561Z"}
{"level":"info","message":"Server running --- from server.ts","timestamp":"2025-02-12T07:05:47.292Z"}
{"level":"info","message":"Server running --- from server.ts","timestamp":"2025-02-12T07:06:36.028Z"}
{"level":"info","message":"Server running --- from server.ts","timestamp":"2025-02-12T07:06:43.157Z"}
{"level":"info","message":"Server running --- from server.ts","timestamp":"2025-02-12T07:07:23.589Z"}
{"level":"info","message":"Server running --- from server.ts","timestamp":"2025-02-12T07:07:36.649Z"}
{"level":"info","message":"Server running --- from server.ts","timestamp":"2025-02-12T07:07:40.238Z"}
{"level":"info","message":"Server running --- from server.ts","timestamp":"2025-02-12T07:08:01.397Z"}
{"level":"info","message":"Server running --- from server.ts","timestamp":"2025-02-12T07:08:05.546Z"}
{"level":"info","message":"Server running --- from server.ts","timestamp":"2025-02-12T07:08:11.260Z"}
{"level":"info","message":"Server running --- from server.ts","timestamp":"2025-02-12T07:08:21.266Z"}
{"level":"info","message":"Server running --- from server.ts","timestamp":"2025-02-12T07:08:30.978Z"}
{"level":"info","message":"Server running --- from server.ts","timestamp":"2025-02-12T07:08:34.741Z"}
{"level":"info","message":"Server running --- from server.ts","timestamp":"2025-02-12T07:08:44.420Z"}
{"level":"info","message":"Server running --- from server.ts","timestamp":"2025-02-12T07:09:38.423Z"}
{"level":"info","message":"Server running --- from server.ts","timestamp":"2025-02-12T07:09:48.149Z"}
{"level":"info","message":"Server running --- from server.ts","timestamp":"2025-02-12T07:16:08.090Z"}
{"level":"info","message":"Router ------------insert transaction Mapping ","timestamp":"2025-02-12T07:16:18.277Z"}
{"level":"error","message":"Error in insert transaction Mapping: this.mappingRepository.AddTransactionMappingV1 is not a function","stack":"TypeError: this.mappingRepository.AddTransactionMappingV1 is not a function\n    at mappingResolver.<anonymous> (C:\\Users\\INDHU\\Desktop\\JP-Backend\\src\\api\\mapping\\resolver.ts:9:41)\n    at Generator.next (<anonymous>)\n    at C:\\Users\\INDHU\\Desktop\\JP-Backend\\src\\api\\mapping\\resolver.ts:8:71\n    at new Promise (<anonymous>)\n    at __awaiter (C:\\Users\\INDHU\\Desktop\\JP-Backend\\src\\api\\mapping\\resolver.ts:4:12)\n    at mappingResolver.AddTransactionMappingV1 (C:\\Users\\INDHU\\Desktop\\JP-Backend\\src\\api\\mapping\\resolver.ts:19:16)\n    at mapping.<anonymous> (C:\\Users\\INDHU\\Desktop\\JP-Backend\\src\\api\\mapping\\controller.ts:23:36)\n    at Generator.next (<anonymous>)\n    at C:\\Users\\INDHU\\Desktop\\JP-Backend\\src\\api\\mapping\\controller.ts:8:71\n    at new Promise (<anonymous>)","timestamp":"2025-02-12T07:16:18.282Z"}
{"level":"info","message":"Server running --- from server.ts","timestamp":"2025-02-12T07:16:49.931Z"}
{"level":"info","message":"Server running --- from server.ts","timestamp":"2025-02-12T07:17:28.688Z"}
{"level":"info","message":"Server running --- from server.ts","timestamp":"2025-02-12T07:17:37.012Z"}
{"level":"info","message":"Router ------------insert transaction Mapping ","timestamp":"2025-02-12T07:17:48.807Z"}
{"level":"info","message":"Router ------------transaction Mapping ","timestamp":"2025-02-12T07:22:20.303Z"}
{"level":"info","message":"Server running --- from server.ts","timestamp":"2025-02-12T07:23:43.745Z"}
{"level":"info","message":"Server running --- from server.ts","timestamp":"2025-02-12T07:25:25.894Z"}
{"level":"info","message":"Router ------------transaction Mapping ","timestamp":"2025-02-12T07:25:44.266Z"}
{"level":"info","message":"Server running --- from server.ts","timestamp":"2025-02-12T07:31:59.162Z"}
{"level":"info","message":"Server running --- from server.ts","timestamp":"2025-02-12T07:37:22.823Z"}
{"level":"info","message":"Router ------------transaction Mapping ","timestamp":"2025-02-12T07:37:32.980Z"}
{"level":"info","message":"Server running --- from server.ts","timestamp":"2025-02-12T07:39:45.171Z"}
{"level":"info","message":"Server running --- from server.ts","timestamp":"2025-02-12T07:39:49.999Z"}
{"level":"info","message":"Router ------------transaction Mapping ","timestamp":"2025-02-12T07:39:58.781Z"}
{"level":"info","message":"Server running --- from server.ts","timestamp":"2025-02-12T07:40:25.286Z"}
{"level":"info","message":"Router ------------transaction Mapping ","timestamp":"2025-02-12T07:40:33.151Z"}
{"level":"info","message":"Server running --- from server.ts","timestamp":"2025-02-12T07:47:32.092Z"}
{"level":"info","message":"Router ------------transaction Mapping ","timestamp":"2025-02-12T07:47:41.865Z"}
{"level":"info","message":"Server running --- from server.ts","timestamp":"2025-02-12T07:48:18.506Z"}
{"level":"info","message":"Router ------------transaction Mapping ","timestamp":"2025-02-12T07:48:28.458Z"}
{"level":"info","message":"Server running --- from server.ts","timestamp":"2025-02-12T07:49:23.683Z"}
{"level":"info","message":"Router ------------transaction Mapping ","timestamp":"2025-02-12T07:49:28.268Z"}
{"level":"info","message":"Server running --- from server.ts","timestamp":"2025-02-12T07:50:14.999Z"}
{"level":"info","message":"Router ------------transaction Mapping ","timestamp":"2025-02-12T07:50:16.140Z"}
{"level":"info","message":"Server running --- from server.ts","timestamp":"2025-02-12T07:50:52.646Z"}
{"level":"info","message":"Router ------------transaction Mapping ","timestamp":"2025-02-12T07:50:58.004Z"}
{"level":"info","message":"Server running --- from server.ts","timestamp":"2025-02-12T07:53:20.148Z"}
{"level":"info","message":"Server running --- from server.ts","timestamp":"2025-02-12T07:53:31.730Z"}
{"level":"info","message":"Server running --- from server.ts","timestamp":"2025-02-12T07:54:32.259Z"}
{"level":"info","message":"Server running --- from server.ts","timestamp":"2025-02-12T07:54:44.481Z"}
{"level":"info","message":"Server running --- from server.ts","timestamp":"2025-02-12T07:54:50.550Z"}
{"level":"info","message":"Router ------------transaction Mapping ","timestamp":"2025-02-12T07:55:24.056Z"}
{"level":"info","message":"Server running --- from server.ts","timestamp":"2025-02-12T07:56:22.261Z"}
{"level":"info","message":"Server running --- from server.ts","timestamp":"2025-02-12T07:56:39.392Z"}
{"level":"info","message":"Router ------------transaction Mapping ","timestamp":"2025-02-12T07:56:42.422Z"}
{"level":"info","message":"Server running --- from server.ts","timestamp":"2025-02-12T07:57:04.647Z"}
{"level":"info","message":"Server running --- from server.ts","timestamp":"2025-02-12T07:59:30.026Z"}
{"level":"info","message":"Server running --- from server.ts","timestamp":"2025-02-12T07:59:37.846Z"}
{"level":"info","message":"Router ------------insert transaction Mapping ","timestamp":"2025-02-12T08:01:18.510Z"}
{"level":"info","message":"Server running --- from server.ts","timestamp":"2025-02-12T08:02:58.135Z"}
{"level":"info","message":"Server running --- from server.ts","timestamp":"2025-02-12T09:22:54.837Z"}
{"level":"info","message":"Server running --- from server.ts","timestamp":"2025-02-12T09:23:29.326Z"}
{"level":"info","message":"Router ------------insert transaction Mapping ","timestamp":"2025-02-12T09:23:39.271Z"}
{"level":"info","message":"Server running --- from server.ts","timestamp":"2025-02-12T09:42:52.456Z"}
{"level":"info","message":"Server running --- from server.ts","timestamp":"2025-02-12T09:43:00.536Z"}
{"level":"info","message":"Server running --- from server.ts","timestamp":"2025-02-12T09:43:06.091Z"}
{"level":"info","message":"Server running --- from server.ts","timestamp":"2025-02-12T09:43:10.724Z"}
{"level":"info","message":"Server running --- from server.ts","timestamp":"2025-02-12T09:43:18.989Z"}
{"level":"info","message":"Server running --- from server.ts","timestamp":"2025-02-12T09:43:28.680Z"}
{"level":"info","message":"Router ------------insert transaction Mapping ","timestamp":"2025-02-12T09:44:25.157Z"}
{"level":"info","message":"Router ------------insert transaction Mapping ","timestamp":"2025-02-12T09:49:38.691Z"}
{"level":"info","message":"Server running --- from server.ts","timestamp":"2025-02-12T09:57:57.601Z"}
{"level":"info","message":"Server running --- from server.ts","timestamp":"2025-02-12T09:58:02.925Z"}
{"level":"info","message":"Server running --- from server.ts","timestamp":"2025-02-12T10:06:25.268Z"}
{"level":"info","message":"Server running --- from server.ts","timestamp":"2025-02-12T10:06:39.223Z"}
{"level":"info","message":"Server running --- from server.ts","timestamp":"2025-02-12T10:20:38.851Z"}
{"level":"info","message":"Server running --- from server.ts","timestamp":"2025-02-12T11:09:28.038Z"}
{"level":"info","message":"Router ------------insert transaction Mapping ","timestamp":"2025-02-12T11:09:34.611Z"}
{"level":"info","message":"Router ------------insert transaction Mapping ","timestamp":"2025-02-12T11:10:22.437Z"}
{"level":"info","message":"Server running --- from server.ts","timestamp":"2025-02-12T11:11:38.738Z"}
{"level":"info","message":"Server running --- from server.ts","timestamp":"2025-02-12T11:12:29.737Z"}
{"level":"info","message":"Server running --- from server.ts","timestamp":"2025-02-12T11:12:34.781Z"}
{"level":"info","message":"Router ------------insert transaction Mapping ","timestamp":"2025-02-12T11:12:36.232Z"}
{"level":"info","message":"Server running --- from server.ts","timestamp":"2025-02-12T11:15:19.457Z"}
{"level":"info","message":"Server running --- from server.ts","timestamp":"2025-02-12T11:36:57.495Z"}
{"level":"info","message":"Server running --- from server.ts","timestamp":"2025-02-12T12:41:05.245Z"}
{"level":"info","message":"Server running --- from server.ts","timestamp":"2025-02-12T12:48:48.892Z"}
{"level":"info","message":"Server running --- from server.ts","timestamp":"2025-02-12T12:49:35.271Z"}
{"level":"info","message":"Server running --- from server.ts","timestamp":"2025-02-12T12:56:32.133Z"}
{"level":"info","message":"Router-----add Customer","timestamp":"2025-02-12T12:57:52.491Z"}
{"level":"info","message":"Server running --- from server.ts","timestamp":"2025-02-12T12:58:37.204Z"}
{"level":"info","message":"Router-----add Customer","timestamp":"2025-02-12T12:58:37.435Z"}
{"level":"info","message":"Server running --- from server.ts","timestamp":"2025-02-12T12:58:55.397Z"}
{"level":"info","message":"Router-----add Customer","timestamp":"2025-02-12T12:59:37.877Z"}
{"level":"info","message":"Server running --- from server.ts","timestamp":"2025-02-12T13:00:16.091Z"}
{"level":"info","message":"Router-----add Customer","timestamp":"2025-02-12T13:00:21.363Z"}
{"level":"info","message":"Server running --- from server.ts","timestamp":"2025-02-12T13:01:07.759Z"}
