{"level":"info","message":"Server running --- from server.ts","timestamp":"2025-02-07T06:22:19.004Z"}
{"level":"info","message":"Server running --- from server.ts","timestamp":"2025-02-07T06:23:28.165Z"}
{"level":"info","message":"Router ------------signUp","timestamp":"2025-02-07T06:24:20.419Z"}
{"level":"info","message":"Server running --- from server.ts","timestamp":"2025-02-07T06:28:32.187Z"}
{"level":"info","message":"Router ------------signUp","timestamp":"2025-02-07T06:28:45.917Z"}
{"level":"info","message":"Server running --- from server.ts","timestamp":"2025-02-07T06:30:07.533Z"}
{"level":"info","message":"Router ------------signUp","timestamp":"2025-02-07T06:30:10.471Z"}
{"level":"info","message":"Server running --- from server.ts","timestamp":"2025-02-07T06:30:44.441Z"}
{"level":"info","message":"Server running --- from server.ts","timestamp":"2025-02-07T06:32:19.130Z"}
{"level":"info","message":"Router ------------signUp","timestamp":"2025-02-07T06:32:22.092Z"}
{"level":"info","message":"Server running --- from server.ts","timestamp":"2025-02-07T06:33:00.303Z"}
{"level":"info","message":"Server running --- from server.ts","timestamp":"2025-02-07T06:33:15.438Z"}
{"level":"info","message":"Router ------------signUp","timestamp":"2025-02-07T06:33:25.339Z"}
{"level":"info","message":"Server running --- from server.ts","timestamp":"2025-02-07T06:35:12.909Z"}
{"level":"info","message":"Router ------------signUp","timestamp":"2025-02-07T06:37:12.408Z"}
{"level":"info","message":"Server running --- from server.ts","timestamp":"2025-02-07T06:39:33.210Z"}
{"level":"info","message":"Server running --- from server.ts","timestamp":"2025-02-07T06:39:48.475Z"}
{"level":"info","message":"Server running --- from server.ts","timestamp":"2025-02-07T06:40:02.133Z"}
{"level":"info","message":"Router ------------signUp","timestamp":"2025-02-07T06:40:20.160Z"}
{"level":"info","message":"Server running --- from server.ts","timestamp":"2025-02-07T06:41:01.252Z"}
{"level":"info","message":"Server running --- from server.ts","timestamp":"2025-02-07T06:41:06.347Z"}
{"level":"info","message":"Server running --- from server.ts","timestamp":"2025-02-07T06:41:12.928Z"}
{"level":"info","message":"Router ------------signUp","timestamp":"2025-02-07T06:41:14.432Z"}
{"level":"info","message":"Server running --- from server.ts","timestamp":"2025-02-07T06:42:23.010Z"}
{"level":"info","message":"Router ------------signUp","timestamp":"2025-02-07T06:43:41.389Z"}
{"level":"info","message":"Server running --- from server.ts","timestamp":"2025-02-07T06:44:42.237Z"}
{"level":"info","message":"Server running --- from server.ts","timestamp":"2025-02-07T06:45:02.641Z"}
{"level":"info","message":"Server running --- from server.ts","timestamp":"2025-02-07T06:45:10.375Z"}
{"level":"info","message":"Router ------------signUp","timestamp":"2025-02-07T06:45:11.318Z"}
{"level":"info","message":"Server running --- from server.ts","timestamp":"2025-02-07T06:46:19.184Z"}
{"level":"info","message":"Router ------------signUp","timestamp":"2025-02-07T06:46:20.385Z"}
{"level":"info","message":"Server running --- from server.ts","timestamp":"2025-02-07T06:47:02.429Z"}
{"level":"info","message":"Router ------------admin login","timestamp":"2025-02-07T06:49:00.671Z"}
{"level":"info","message":"Server running --- from server.ts","timestamp":"2025-02-07T06:54:40.157Z"}
{"level":"info","message":"Server running --- from server.ts","timestamp":"2025-02-07T06:55:16.345Z"}
{"level":"info","message":"Server running --- from server.ts","timestamp":"2025-02-07T06:55:21.935Z"}
{"level":"info","message":"Server running --- from server.ts","timestamp":"2025-02-07T06:56:22.571Z"}
{"level":"info","message":"Server running --- from server.ts","timestamp":"2025-02-07T06:56:26.153Z"}
{"level":"info","message":"Server running --- from server.ts","timestamp":"2025-02-07T06:56:34.118Z"}
{"level":"info","message":"Server running --- from server.ts","timestamp":"2025-02-07T06:56:54.665Z"}
{"level":"info","message":"Server running --- from server.ts","timestamp":"2025-02-07T06:56:58.003Z"}
{"level":"info","message":"Server running --- from server.ts","timestamp":"2025-02-07T06:57:01.417Z"}
{"level":"info","message":"Router ------------signUp","timestamp":"2025-02-07T06:57:48.525Z"}
{"level":"info","message":"Server running --- from server.ts","timestamp":"2025-02-07T06:58:22.676Z"}
{"level":"info","message":"Router ------------admin login","timestamp":"2025-02-07T07:00:17.094Z"}
{"level":"info","message":"Server running --- from server.ts","timestamp":"2025-02-07T07:02:36.308Z"}
{"level":"info","message":"Server running --- from server.ts","timestamp":"2025-02-07T07:02:43.728Z"}
{"level":"info","message":"Router ------------admin login","timestamp":"2025-02-07T07:02:44.003Z"}
{"level":"info","message":"Router ------------admin login","timestamp":"2025-02-07T07:03:55.466Z"}
{"level":"info","message":"Server running --- from server.ts","timestamp":"2025-02-07T07:05:24.594Z"}
{"level":"info","message":"Server running --- from server.ts","timestamp":"2025-02-07T07:05:27.758Z"}
{"level":"info","message":"Server running --- from server.ts","timestamp":"2025-02-07T07:08:06.197Z"}
{"level":"info","message":"Server running --- from server.ts","timestamp":"2025-02-07T07:09:01.902Z"}
{"level":"info","message":"Server running --- from server.ts","timestamp":"2025-02-07T07:10:30.430Z"}
{"level":"info","message":"Server running --- from server.ts","timestamp":"2025-02-07T07:10:34.199Z"}
{"level":"info","message":"Server running --- from server.ts","timestamp":"2025-02-07T07:10:55.490Z"}
{"level":"info","message":"Router-----add partner","timestamp":"2025-02-07T07:12:37.251Z"}
{"level":"info","message":"Server running --- from server.ts","timestamp":"2025-02-07T07:24:41.904Z"}
{"level":"info","message":"Server running --- from server.ts","timestamp":"2025-02-07T07:25:53.154Z"}
{"level":"info","message":"Router-----add partner","timestamp":"2025-02-07T07:26:16.494Z"}
{"level":"info","message":"Server running --- from server.ts","timestamp":"2025-02-07T07:27:49.636Z"}
{"level":"info","message":"Server running --- from server.ts","timestamp":"2025-02-07T07:49:28.829Z"}
{"level":"info","message":"Router-----add partner","timestamp":"2025-02-07T07:49:42.225Z"}
{"level":"info","message":"Server running --- from server.ts","timestamp":"2025-02-07T07:50:54.967Z"}
{"level":"info","message":"Server running --- from server.ts","timestamp":"2025-02-07T07:50:58.656Z"}
{"level":"info","message":"Router-----add partner","timestamp":"2025-02-07T07:50:59.033Z"}
{"level":"info","message":"Server running --- from server.ts","timestamp":"2025-02-07T07:51:58.852Z"}
{"level":"info","message":"Server running --- from server.ts","timestamp":"2025-02-07T07:52:08.276Z"}
{"level":"info","message":"Router ------------admin login","timestamp":"2025-02-07T07:52:13.104Z"}
{"level":"info","message":"Router-----add partner","timestamp":"2025-02-07T07:52:25.312Z"}
{"level":"info","message":"Server running --- from server.ts","timestamp":"2025-02-07T07:55:24.246Z"}
{"level":"info","message":"Server running --- from server.ts","timestamp":"2025-02-07T07:55:29.296Z"}
{"level":"info","message":"Server running --- from server.ts","timestamp":"2025-02-07T07:56:36.127Z"}
{"level":"info","message":"Router-----add partner","timestamp":"2025-02-07T07:56:46.737Z"}
{"level":"info","message":"Server running --- from server.ts","timestamp":"2025-02-07T07:57:23.402Z"}
{"level":"info","message":"Router ------------admin login","timestamp":"2025-02-07T07:59:33.893Z"}
{"level":"info","message":"Router-----add partner","timestamp":"2025-02-07T08:00:21.812Z"}
{"level":"info","message":"Server running --- from server.ts","timestamp":"2025-02-07T08:01:27.457Z"}
{"level":"info","message":"Server running --- from server.ts","timestamp":"2025-02-07T08:08:11.948Z"}
{"level":"info","message":"Server running --- from server.ts","timestamp":"2025-02-07T08:08:18.245Z"}
{"level":"info","message":"Server running --- from server.ts","timestamp":"2025-02-07T08:08:23.422Z"}
{"level":"info","message":"Server running --- from server.ts","timestamp":"2025-02-07T08:08:28.814Z"}
{"level":"info","message":"Server running --- from server.ts","timestamp":"2025-02-07T08:09:41.251Z"}
{"level":"info","message":"Server running --- from server.ts","timestamp":"2025-02-07T08:10:10.962Z"}
{"level":"info","message":"Server running --- from server.ts","timestamp":"2025-02-07T08:10:17.250Z"}
{"level":"info","message":"Server running --- from server.ts","timestamp":"2025-02-07T08:10:26.775Z"}
{"level":"info","message":"Server running --- from server.ts","timestamp":"2025-02-07T08:10:38.982Z"}
{"level":"info","message":"Server running --- from server.ts","timestamp":"2025-02-07T08:14:01.691Z"}
{"level":"info","message":"Server running --- from server.ts","timestamp":"2025-02-07T08:14:16.454Z"}
{"level":"info","message":"Server running --- from server.ts","timestamp":"2025-02-07T08:14:37.625Z"}
{"level":"info","message":"Server running --- from server.ts","timestamp":"2025-02-07T08:14:41.984Z"}
{"level":"info","message":"Server running --- from server.ts","timestamp":"2025-02-07T08:14:45.783Z"}
{"level":"info","message":"Server running --- from server.ts","timestamp":"2025-02-07T08:15:05.347Z"}
{"level":"info","message":"Server running --- from server.ts","timestamp":"2025-02-07T08:15:09.339Z"}
{"level":"info","message":"Server running --- from server.ts","timestamp":"2025-02-07T08:16:40.982Z"}
{"level":"info","message":"Server running --- from server.ts","timestamp":"2025-02-07T08:18:13.768Z"}
{"level":"info","message":"Router-----update partner","timestamp":"2025-02-07T08:20:19.277Z"}
{"level":"error","message":"Error in update partner Cannot read properties of undefined (reading 'id')","stack":"TypeError: Cannot read properties of undefined (reading 'id')\n    at newRepository.<anonymous> (C:\\Users\\INDHU\\Desktop\\JP-Backend\\src\\api\\newRepository.ts:280:35)\n    at Generator.next (<anonymous>)\n    at fulfilled (C:\\Users\\INDHU\\Desktop\\JP-Backend\\src\\api\\newRepository.ts:5:58)\n    at processTicksAndRejections (node:internal/process/task_queues:105:5)","timestamp":"2025-02-07T08:20:19.467Z"}
{"level":"info","message":"Server running --- from server.ts","timestamp":"2025-02-07T08:25:01.209Z"}
{"level":"info","message":"Router-----update partner","timestamp":"2025-02-07T08:25:21.236Z"}
{"level":"error","message":"Error in update partner Cannot read properties of undefined (reading 'id')","stack":"TypeError: Cannot read properties of undefined (reading 'id')\n    at newRepository.<anonymous> (C:\\Users\\INDHU\\Desktop\\JP-Backend\\src\\api\\newRepository.ts:280:35)\n    at Generator.next (<anonymous>)\n    at fulfilled (C:\\Users\\INDHU\\Desktop\\JP-Backend\\src\\api\\newRepository.ts:5:58)\n    at processTicksAndRejections (node:internal/process/task_queues:105:5)","timestamp":"2025-02-07T08:25:21.321Z"}
{"level":"info","message":"Server running --- from server.ts","timestamp":"2025-02-07T08:29:21.190Z"}
{"level":"info","message":"Router-----update partner","timestamp":"2025-02-07T08:29:24.933Z"}
{"level":"error","message":"Error in update partner Cannot read properties of undefined (reading 'id')","stack":"TypeError: Cannot read properties of undefined (reading 'id')\n    at newRepository.<anonymous> (C:\\Users\\INDHU\\Desktop\\JP-Backend\\src\\api\\newRepository.ts:280:35)\n    at Generator.next (<anonymous>)\n    at fulfilled (C:\\Users\\INDHU\\Desktop\\JP-Backend\\src\\api\\newRepository.ts:5:58)\n    at processTicksAndRejections (node:internal/process/task_queues:105:5)","timestamp":"2025-02-07T08:29:25.017Z"}
{"level":"info","message":"Server running --- from server.ts","timestamp":"2025-02-07T08:31:21.925Z"}
{"level":"info","message":"Router-----update partner","timestamp":"2025-02-07T08:33:16.282Z"}
{"level":"info","message":"Server running --- from server.ts","timestamp":"2025-02-07T08:50:27.333Z"}
{"level":"info","message":"Server running --- from server.ts","timestamp":"2025-02-07T08:50:31.266Z"}
{"level":"info","message":"Server running --- from server.ts","timestamp":"2025-02-07T08:50:40.202Z"}
{"level":"info","message":"Server running --- from server.ts","timestamp":"2025-02-07T08:52:40.168Z"}
{"level":"info","message":"Server running --- from server.ts","timestamp":"2025-02-07T08:53:41.912Z"}
{"level":"info","message":"Router-----update partner","timestamp":"2025-02-07T10:48:55.228Z"}
{"level":"info","message":"Server running --- from server.ts","timestamp":"2025-02-07T10:50:45.300Z"}
{"level":"info","message":"Server running --- from server.ts","timestamp":"2025-02-07T10:55:04.488Z"}
{"level":"info","message":"Server running --- from server.ts","timestamp":"2025-02-07T10:59:53.372Z"}
