{"level":"info","message":"Server running --- from server.ts","timestamp":"2025-04-09T10:43:10.649Z"}
{"level":"info","message":"Router ------------admin login","timestamp":"2025-04-09T10:43:16.751Z"}
{"level":"info","message":"Router-----get partners","timestamp":"2025-04-09T10:44:04.837Z"}
{"level":"info","message":"Router-----get customer","timestamp":"2025-04-09T10:44:04.844Z"}
{"level":"info","message":"Router ------------view Past booking ","timestamp":"2025-04-09T10:44:04.851Z"}
{"level":"info","message":"Router ------------transaction Mapping ","timestamp":"2025-04-09T10:44:04.856Z"}
{"level":"info","message":"Router ------------view Past booking ","timestamp":"2025-04-09T10:44:05.181Z"}
{"level":"info","message":"Router-----get partners","timestamp":"2025-04-09T10:44:05.189Z"}
{"level":"info","message":"Router-----get customer","timestamp":"2025-04-09T10:44:05.198Z"}
{"level":"info","message":"Router ------------transaction Mapping ","timestamp":"2025-04-09T10:44:05.267Z"}
{"level":"info","message":"Router ------------transaction Mapping ","timestamp":"2025-04-09T10:44:46.267Z"}
{"level":"info","message":"Router-----get partners","timestamp":"2025-04-09T10:44:46.272Z"}
{"level":"info","message":"Router-----get customer","timestamp":"2025-04-09T10:44:46.278Z"}
{"level":"info","message":"Router ------------view Past booking ","timestamp":"2025-04-09T10:44:46.284Z"}
{"level":"info","message":"Router-----get partners","timestamp":"2025-04-09T10:44:52.680Z"}
{"level":"info","message":"Router-----get customer","timestamp":"2025-04-09T10:44:52.689Z"}
{"level":"info","message":"Router ------------view Past booking ","timestamp":"2025-04-09T10:44:52.697Z"}
{"level":"info","message":"Router ------------transaction Mapping ","timestamp":"2025-04-09T10:44:52.701Z"}
{"level":"info","message":"Router-----get partners","timestamp":"2025-04-09T10:44:55.894Z"}
{"level":"info","message":"Router-----get customer","timestamp":"2025-04-09T10:44:55.900Z"}
{"level":"info","message":"Router ------------view Past booking ","timestamp":"2025-04-09T10:44:55.906Z"}
{"level":"info","message":"Router ------------transaction Mapping ","timestamp":"2025-04-09T10:44:55.911Z"}
{"level":"info","message":"Router-----get partners","timestamp":"2025-04-09T10:44:57.518Z"}
{"level":"info","message":"Router-----get customer","timestamp":"2025-04-09T10:44:57.525Z"}
{"level":"info","message":"Router ------------view Past booking ","timestamp":"2025-04-09T10:44:57.532Z"}
{"level":"info","message":"Router ------------transaction Mapping ","timestamp":"2025-04-09T10:44:57.540Z"}
{"level":"info","message":"Router-----get partners","timestamp":"2025-04-09T10:45:09.145Z"}
{"level":"info","message":"Router-----get customer","timestamp":"2025-04-09T10:45:09.150Z"}
{"level":"info","message":"Router ------------view Past booking ","timestamp":"2025-04-09T10:45:09.155Z"}
{"level":"info","message":"Router ------------transaction Mapping ","timestamp":"2025-04-09T10:45:09.158Z"}
{"level":"info","message":"Router-----get partners","timestamp":"2025-04-09T10:45:13.431Z"}
{"level":"info","message":"Router ------------transaction Mapping ","timestamp":"2025-04-09T10:45:13.438Z"}
{"level":"info","message":"Router-----get partners","timestamp":"2025-04-09T10:45:13.481Z"}
{"level":"info","message":"Router ------------transaction Mapping ","timestamp":"2025-04-09T10:45:13.724Z"}
{"level":"info","message":"Router-----get partners","timestamp":"2025-04-09T10:45:18.477Z"}
{"level":"info","message":"Router-----get customer","timestamp":"2025-04-09T10:45:18.485Z"}
{"level":"info","message":"Router ------------view Past booking ","timestamp":"2025-04-09T10:45:18.531Z"}
{"level":"info","message":"Router ------------transaction Mapping ","timestamp":"2025-04-09T10:45:18.540Z"}
{"level":"info","message":"Router-----get partners","timestamp":"2025-04-09T10:45:18.585Z"}
{"level":"info","message":"Router-----get customer","timestamp":"2025-04-09T10:45:18.634Z"}
{"level":"info","message":"Router ------------view Past booking ","timestamp":"2025-04-09T10:45:18.681Z"}
{"level":"info","message":"Router ------------transaction Mapping ","timestamp":"2025-04-09T10:45:18.732Z"}
{"level":"info","message":"Router-----get partners","timestamp":"2025-04-09T10:45:31.306Z"}
{"level":"info","message":"Router ------------transaction Mapping ","timestamp":"2025-04-09T10:45:31.311Z"}
{"level":"info","message":"Router-----get partners","timestamp":"2025-04-09T10:45:31.496Z"}
{"level":"info","message":"Router ------------transaction Mapping ","timestamp":"2025-04-09T10:45:31.723Z"}
{"level":"info","message":"Router ------------add employee","timestamp":"2025-04-09T10:45:44.674Z"}
{"level":"info","message":"Router ------------add employee","timestamp":"2025-04-09T10:45:44.938Z"}
{"level":"info","message":"Router-----get customer","timestamp":"2025-04-09T10:45:58.521Z"}
{"level":"info","message":"Router ------------add Report ","timestamp":"2025-04-09T10:45:58.525Z"}
{"level":"info","message":"Router-----get customer","timestamp":"2025-04-09T10:45:58.721Z"}
{"level":"info","message":"Router ------------add Report ","timestamp":"2025-04-09T10:45:58.761Z"}
{"level":"info","message":"Router-----get category","timestamp":"2025-04-09T10:46:08.912Z"}
{"level":"info","message":"Router-----add get category","timestamp":"2025-04-09T10:46:08.917Z"}
{"level":"info","message":"Router-----get category","timestamp":"2025-04-09T10:46:09.129Z"}
{"level":"info","message":"Router-----add get category","timestamp":"2025-04-09T10:46:09.195Z"}
{"level":"info","message":"Router-----get partners","timestamp":"2025-04-09T10:46:10.913Z"}
{"level":"info","message":"Router-----get price","timestamp":"2025-04-09T10:46:10.921Z"}
{"level":"info","message":"Router-----get partners","timestamp":"2025-04-09T10:46:10.966Z"}
{"level":"info","message":"Router-----get price","timestamp":"2025-04-09T10:46:10.987Z"}
{"level":"info","message":"Router-----get customer","timestamp":"2025-04-09T10:46:12.626Z"}
{"level":"info","message":"Router-----get customer","timestamp":"2025-04-09T10:46:12.672Z"}
{"level":"info","message":"Router-----get partners","timestamp":"2025-04-09T10:46:14.821Z"}
{"level":"info","message":"Router-----get partners","timestamp":"2025-04-09T10:46:14.862Z"}
{"level":"info","message":"Router-----get partners","timestamp":"2025-04-09T10:54:06.305Z"}
{"level":"info","message":"Router-----get customer","timestamp":"2025-04-09T10:54:06.311Z"}
{"level":"info","message":"Router ------------view Past booking ","timestamp":"2025-04-09T10:54:06.316Z"}
{"level":"info","message":"Router ------------transaction Mapping ","timestamp":"2025-04-09T10:54:06.319Z"}
{"level":"info","message":"Router ------------view Past booking ","timestamp":"2025-04-09T10:54:06.512Z"}
{"level":"info","message":"Router-----get partners","timestamp":"2025-04-09T10:54:06.540Z"}
{"level":"info","message":"Router-----get customer","timestamp":"2025-04-09T10:54:06.550Z"}
{"level":"info","message":"Router ------------transaction Mapping ","timestamp":"2025-04-09T10:54:06.683Z"}
{"level":"info","message":"Router-----get partners","timestamp":"2025-04-09T10:54:06.860Z"}
{"level":"info","message":"Router ------------transaction Mapping ","timestamp":"2025-04-09T10:54:06.871Z"}
{"level":"info","message":"Router-----get partners","timestamp":"2025-04-09T10:54:06.926Z"}
{"level":"info","message":"Router ------------transaction Mapping ","timestamp":"2025-04-09T10:54:07.070Z"}
{"level":"info","message":"Router ------------add employee","timestamp":"2025-04-09T10:54:07.507Z"}
{"level":"info","message":"Router ------------add employee","timestamp":"2025-04-09T10:54:07.554Z"}
{"level":"info","message":"Router-----get customer","timestamp":"2025-04-09T10:55:07.102Z"}
{"level":"info","message":"Router ------------add Report ","timestamp":"2025-04-09T10:55:07.107Z"}
{"level":"info","message":"Router-----get customer","timestamp":"2025-04-09T10:55:07.353Z"}
{"level":"info","message":"Router ------------add Report ","timestamp":"2025-04-09T10:55:07.385Z"}
{"level":"info","message":"Router ------------admin login","timestamp":"2025-04-09T10:55:38.588Z"}
{"level":"info","message":"Router-----get customer","timestamp":"2025-04-09T10:55:42.234Z"}
{"level":"info","message":"Router ------------add Report ","timestamp":"2025-04-09T10:55:42.249Z"}
{"level":"info","message":"Router-----get customer","timestamp":"2025-04-09T10:55:42.288Z"}
{"level":"info","message":"Router ------------add Report ","timestamp":"2025-04-09T10:55:42.554Z"}
{"level":"info","message":"Server running --- from server.ts","timestamp":"2025-04-09T10:57:05.015Z"}
{"level":"info","message":"Router ------------add Report ","timestamp":"2025-04-09T10:57:05.145Z"}
{"level":"info","message":"Server running --- from server.ts","timestamp":"2025-04-09T10:57:32.418Z"}
{"level":"info","message":"Router ------------add Report ","timestamp":"2025-04-09T10:57:32.891Z"}
{"level":"info","message":"Server running --- from server.ts","timestamp":"2025-04-09T10:58:21.914Z"}
{"level":"info","message":"Router ------------add Report ","timestamp":"2025-04-09T10:58:22.004Z"}
{"level":"info","message":"Router-----get customer","timestamp":"2025-04-09T10:59:26.629Z"}
{"level":"info","message":"Router ------------add Report ","timestamp":"2025-04-09T10:59:26.648Z"}
{"level":"info","message":"Router-----get customer","timestamp":"2025-04-09T10:59:26.725Z"}
{"level":"info","message":"Router ------------add Report ","timestamp":"2025-04-09T10:59:26.779Z"}
{"level":"info","message":"Router-----get partners","timestamp":"2025-04-09T10:59:45.327Z"}
{"level":"info","message":"Router-----get partners","timestamp":"2025-04-09T10:59:45.406Z"}
{"level":"info","message":"Router-----get customer","timestamp":"2025-04-09T10:59:47.164Z"}
{"level":"info","message":"Router-----get customer","timestamp":"2025-04-09T10:59:47.180Z"}
{"level":"info","message":"Router-----get partners","timestamp":"2025-04-09T10:59:57.725Z"}
{"level":"info","message":"Router-----get price","timestamp":"2025-04-09T10:59:57.734Z"}
{"level":"info","message":"Router-----get partners","timestamp":"2025-04-09T10:59:57.801Z"}
{"level":"info","message":"Router-----get price","timestamp":"2025-04-09T10:59:57.818Z"}
{"level":"info","message":"Router-----get category","timestamp":"2025-04-09T11:00:03.937Z"}
{"level":"info","message":"Router-----add get category","timestamp":"2025-04-09T11:00:03.945Z"}
{"level":"info","message":"Router-----get category","timestamp":"2025-04-09T11:00:03.956Z"}
{"level":"info","message":"Router-----add get category","timestamp":"2025-04-09T11:00:03.970Z"}
{"level":"info","message":"Router-----get partners","timestamp":"2025-04-09T11:00:08.773Z"}
{"level":"info","message":"Router-----get partners","timestamp":"2025-04-09T11:00:08.789Z"}
{"level":"info","message":"Router-----get customer","timestamp":"2025-04-09T11:00:11.857Z"}
{"level":"info","message":"Router ------------add Report ","timestamp":"2025-04-09T11:00:11.862Z"}
{"level":"info","message":"Router-----get customer","timestamp":"2025-04-09T11:00:11.871Z"}
{"level":"info","message":"Router ------------add Report ","timestamp":"2025-04-09T11:00:11.909Z"}
{"level":"info","message":"Router-----get customer","timestamp":"2025-04-09T11:02:20.955Z"}
{"level":"info","message":"Router ------------add Report ","timestamp":"2025-04-09T11:02:20.960Z"}
{"level":"info","message":"Router-----get customer","timestamp":"2025-04-09T11:02:21.018Z"}
{"level":"info","message":"Router ------------add Report ","timestamp":"2025-04-09T11:02:21.072Z"}
{"level":"info","message":"Router-----get customer","timestamp":"2025-04-09T11:05:12.560Z"}
{"level":"info","message":"Router ------------add Report ","timestamp":"2025-04-09T11:05:12.569Z"}
{"level":"info","message":"Router-----get partners","timestamp":"2025-04-09T11:07:27.961Z"}
{"level":"info","message":"Router-----get customer","timestamp":"2025-04-09T11:07:27.966Z"}
{"level":"info","message":"Router ------------view Past booking ","timestamp":"2025-04-09T11:07:27.970Z"}
{"level":"info","message":"Router ------------transaction Mapping ","timestamp":"2025-04-09T11:07:27.975Z"}
{"level":"info","message":"Router-----get partners","timestamp":"2025-04-09T11:07:28.045Z"}
{"level":"info","message":"Router-----get customer","timestamp":"2025-04-09T11:07:28.064Z"}
{"level":"info","message":"Router ------------view Past booking ","timestamp":"2025-04-09T11:07:28.069Z"}
{"level":"info","message":"Router ------------transaction Mapping ","timestamp":"2025-04-09T11:07:28.106Z"}
{"level":"info","message":"Router-----get customer","timestamp":"2025-04-09T11:07:50.072Z"}
{"level":"info","message":"Router-----get customer","timestamp":"2025-04-09T11:07:50.138Z"}
{"level":"info","message":"Router-----get customer","timestamp":"2025-04-09T11:08:53.881Z"}
{"level":"info","message":"Router-----get customer","timestamp":"2025-04-09T11:08:53.966Z"}
{"level":"info","message":"Router-----get partners","timestamp":"2025-04-09T11:08:57.929Z"}
{"level":"info","message":"Router-----get partners","timestamp":"2025-04-09T11:08:57.945Z"}
{"level":"info","message":"Router-----get partners","timestamp":"2025-04-09T11:15:24.099Z"}
{"level":"info","message":"Router-----get partners","timestamp":"2025-04-09T11:15:24.266Z"}
{"level":"info","message":"Router-----get partners","timestamp":"2025-04-09T11:15:26.564Z"}
{"level":"info","message":"Router-----get price","timestamp":"2025-04-09T11:15:26.573Z"}
{"level":"info","message":"Router-----get partners","timestamp":"2025-04-09T11:15:26.587Z"}
{"level":"info","message":"Router-----get price","timestamp":"2025-04-09T11:15:26.657Z"}
{"level":"info","message":"Router-----get category","timestamp":"2025-04-09T11:15:46.320Z"}
{"level":"info","message":"Router-----add get category","timestamp":"2025-04-09T11:15:46.383Z"}
{"level":"info","message":"Router-----get category","timestamp":"2025-04-09T11:15:46.394Z"}
{"level":"info","message":"Router-----add get category","timestamp":"2025-04-09T11:15:46.404Z"}
{"level":"info","message":"Router-----get partners","timestamp":"2025-04-09T11:19:50.975Z"}
{"level":"info","message":"Router-----get partners","timestamp":"2025-04-09T11:19:51.049Z"}
{"level":"info","message":"Router-----get customer","timestamp":"2025-04-09T11:19:52.237Z"}
{"level":"info","message":"Router-----get customer","timestamp":"2025-04-09T11:19:52.249Z"}
{"level":"info","message":"Router-----get partners","timestamp":"2025-04-09T11:19:54.357Z"}
{"level":"info","message":"Router-----get price","timestamp":"2025-04-09T11:19:54.365Z"}
{"level":"info","message":"Router-----get partners","timestamp":"2025-04-09T11:19:54.383Z"}
{"level":"info","message":"Router-----get price","timestamp":"2025-04-09T11:19:54.457Z"}
{"level":"info","message":"Router-----get category","timestamp":"2025-04-09T11:20:03.065Z"}
{"level":"info","message":"Router-----add get category","timestamp":"2025-04-09T11:20:03.071Z"}
{"level":"info","message":"Router-----get category","timestamp":"2025-04-09T11:20:03.079Z"}
{"level":"info","message":"Router-----add get category","timestamp":"2025-04-09T11:20:03.095Z"}
{"level":"info","message":"Router-----get category","timestamp":"2025-04-09T11:20:06.902Z"}
{"level":"info","message":"Router-----add get category","timestamp":"2025-04-09T11:20:06.910Z"}
{"level":"info","message":"Router-----get category","timestamp":"2025-04-09T11:20:06.920Z"}
{"level":"info","message":"Router-----add get category","timestamp":"2025-04-09T11:20:06.927Z"}
{"level":"info","message":"Router-----get partners","timestamp":"2025-04-09T11:20:25.589Z"}
{"level":"info","message":"Router-----get price","timestamp":"2025-04-09T11:20:25.598Z"}
{"level":"info","message":"Router-----get partners","timestamp":"2025-04-09T11:20:25.688Z"}
{"level":"info","message":"Router-----get price","timestamp":"2025-04-09T11:20:25.705Z"}
{"level":"info","message":"Router-----add price","timestamp":"2025-04-09T11:20:38.166Z"}
{"level":"info","message":"Router-----get category","timestamp":"2025-04-09T11:20:43.025Z"}
{"level":"info","message":"Router-----add get category","timestamp":"2025-04-09T11:20:43.034Z"}
{"level":"info","message":"Router-----get category","timestamp":"2025-04-09T11:20:43.046Z"}
{"level":"info","message":"Router-----add get category","timestamp":"2025-04-09T11:20:43.113Z"}
{"level":"info","message":"Router-----get partners","timestamp":"2025-04-09T11:20:44.513Z"}
{"level":"info","message":"Router-----get price","timestamp":"2025-04-09T11:20:44.520Z"}
{"level":"info","message":"Router-----get partners","timestamp":"2025-04-09T11:20:44.536Z"}
{"level":"info","message":"Router-----get price","timestamp":"2025-04-09T11:20:44.543Z"}
{"level":"info","message":"Router-----add price","timestamp":"2025-04-09T11:21:07.463Z"}
{"level":"info","message":"Router-----add price","timestamp":"2025-04-09T11:21:21.460Z"}
{"level":"info","message":"Router-----add price","timestamp":"2025-04-09T11:21:33.901Z"}
{"level":"info","message":"Router-----add price","timestamp":"2025-04-09T11:21:48.873Z"}
{"level":"info","message":"Router-----get price","timestamp":"2025-04-09T11:21:48.929Z"}
{"level":"info","message":"Router-----get partners","timestamp":"2025-04-09T11:21:50.787Z"}
{"level":"info","message":"Router-----get price","timestamp":"2025-04-09T11:21:50.795Z"}
{"level":"info","message":"Router-----get partners","timestamp":"2025-04-09T11:21:50.809Z"}
{"level":"info","message":"Router-----get price","timestamp":"2025-04-09T11:21:50.887Z"}
{"level":"info","message":"Router-----get category","timestamp":"2025-04-09T11:22:02.679Z"}
{"level":"info","message":"Router-----add get category","timestamp":"2025-04-09T11:22:02.762Z"}
{"level":"info","message":"Router-----get category","timestamp":"2025-04-09T11:22:02.777Z"}
{"level":"info","message":"Router-----add get category","timestamp":"2025-04-09T11:22:02.787Z"}
{"level":"info","message":"Router-----get customer","timestamp":"2025-04-09T11:22:15.093Z"}
{"level":"info","message":"Router ------------add Report ","timestamp":"2025-04-09T11:22:15.101Z"}
{"level":"info","message":"Router-----get customer","timestamp":"2025-04-09T11:22:15.190Z"}
{"level":"info","message":"Router ------------add Report ","timestamp":"2025-04-09T11:22:15.228Z"}
{"level":"info","message":"Router ------------add employee","timestamp":"2025-04-09T11:22:28.474Z"}
{"level":"info","message":"Router ------------add employee","timestamp":"2025-04-09T11:22:28.533Z"}
{"level":"info","message":"Router-----get partners","timestamp":"2025-04-09T11:22:29.348Z"}
{"level":"info","message":"Router ------------transaction Mapping ","timestamp":"2025-04-09T11:22:29.354Z"}
{"level":"info","message":"Router-----get partners","timestamp":"2025-04-09T11:22:29.367Z"}
{"level":"info","message":"Router ------------transaction Mapping ","timestamp":"2025-04-09T11:22:29.456Z"}
{"level":"info","message":"Router ------------add employee","timestamp":"2025-04-09T11:22:31.437Z"}
{"level":"info","message":"Router ------------add employee","timestamp":"2025-04-09T11:22:31.449Z"}
{"level":"info","message":"Router ------------add employee","timestamp":"2025-04-09T11:23:24.863Z"}
{"level":"info","message":"Router ------------add employee","timestamp":"2025-04-09T11:23:24.916Z"}
{"level":"info","message":"Router ------------add employee","timestamp":"2025-04-09T11:24:08.298Z"}
{"level":"info","message":"Router ------------add employee","timestamp":"2025-04-09T11:24:10.827Z"}
{"level":"info","message":"Router-----get partners","timestamp":"2025-04-09T11:24:15.197Z"}
{"level":"info","message":"Router ------------transaction Mapping ","timestamp":"2025-04-09T11:24:15.213Z"}
{"level":"info","message":"Router-----get partners","timestamp":"2025-04-09T11:24:15.231Z"}
{"level":"info","message":"Router ------------transaction Mapping ","timestamp":"2025-04-09T11:24:15.244Z"}
{"level":"info","message":"Router-----get partners","timestamp":"2025-04-09T11:24:31.425Z"}
{"level":"info","message":"Router ------------transaction Mapping ","timestamp":"2025-04-09T11:24:31.431Z"}
{"level":"info","message":"Router-----get partners","timestamp":"2025-04-09T11:24:33.056Z"}
{"level":"info","message":"Router ------------transaction Mapping ","timestamp":"2025-04-09T11:24:33.066Z"}
{"level":"info","message":"Router-----get partners","timestamp":"2025-04-09T11:24:34.030Z"}
{"level":"info","message":"Router ------------transaction Mapping ","timestamp":"2025-04-09T11:24:34.037Z"}
{"level":"info","message":"Router-----get partners","timestamp":"2025-04-09T11:24:36.774Z"}
{"level":"info","message":"Router ------------transaction Mapping ","timestamp":"2025-04-09T11:24:36.782Z"}
{"level":"info","message":"Router-----get partners","timestamp":"2025-04-09T11:24:41.540Z"}
{"level":"info","message":"Router-----get customer","timestamp":"2025-04-09T11:24:41.549Z"}
{"level":"info","message":"Router ------------view Past booking ","timestamp":"2025-04-09T11:24:41.558Z"}
{"level":"info","message":"Router ------------transaction Mapping ","timestamp":"2025-04-09T11:24:41.580Z"}
{"level":"info","message":"Router-----get partners","timestamp":"2025-04-09T11:24:41.591Z"}
{"level":"info","message":"Router-----get customer","timestamp":"2025-04-09T11:24:41.613Z"}
{"level":"info","message":"Router ------------transaction Mapping ","timestamp":"2025-04-09T11:24:41.628Z"}
{"level":"info","message":"Router ------------view Past booking ","timestamp":"2025-04-09T11:24:41.673Z"}
{"level":"info","message":"Router-----get partners","timestamp":"2025-04-09T11:24:46.527Z"}
{"level":"info","message":"Router-----get customer","timestamp":"2025-04-09T11:24:46.535Z"}
{"level":"info","message":"Router ------------view Past booking ","timestamp":"2025-04-09T11:24:46.542Z"}
{"level":"info","message":"Router ------------transaction Mapping ","timestamp":"2025-04-09T11:24:46.549Z"}
{"level":"info","message":"Router-----get partners","timestamp":"2025-04-09T11:24:46.567Z"}
{"level":"info","message":"Router-----get customer","timestamp":"2025-04-09T11:24:46.576Z"}
{"level":"info","message":"Router ------------view Past booking ","timestamp":"2025-04-09T11:24:46.586Z"}
{"level":"info","message":"Router ------------transaction Mapping ","timestamp":"2025-04-09T11:24:46.642Z"}
{"level":"info","message":"Router-----get partners","timestamp":"2025-04-09T11:26:16.157Z"}
{"level":"info","message":"Router-----get customer","timestamp":"2025-04-09T11:26:16.161Z"}
{"level":"info","message":"Router ------------view Past booking ","timestamp":"2025-04-09T11:26:16.165Z"}
{"level":"info","message":"Router ------------transaction Mapping ","timestamp":"2025-04-09T11:26:16.169Z"}
{"level":"info","message":"Router-----get partners","timestamp":"2025-04-09T11:26:16.247Z"}
{"level":"info","message":"Router-----get customer","timestamp":"2025-04-09T11:26:16.253Z"}
{"level":"info","message":"Router ------------view Past booking ","timestamp":"2025-04-09T11:26:16.262Z"}
{"level":"info","message":"Router ------------transaction Mapping ","timestamp":"2025-04-09T11:26:16.270Z"}
{"level":"info","message":"Router-----get partners","timestamp":"2025-04-09T11:26:18.139Z"}
{"level":"info","message":"Router ------------transaction Mapping ","timestamp":"2025-04-09T11:26:18.144Z"}
{"level":"info","message":"Router-----get partners","timestamp":"2025-04-09T11:26:18.154Z"}
{"level":"info","message":"Router ------------transaction Mapping ","timestamp":"2025-04-09T11:26:18.167Z"}
{"level":"info","message":"Router-----get partners","timestamp":"2025-04-09T11:26:40.062Z"}
{"level":"info","message":"Router ------------transaction Mapping ","timestamp":"2025-04-09T11:26:40.079Z"}
{"level":"info","message":"Router ------------add employee","timestamp":"2025-04-09T11:26:45.196Z"}
{"level":"info","message":"Router ------------add employee","timestamp":"2025-04-09T11:26:45.214Z"}
{"level":"info","message":"Router ------------admin login","timestamp":"2025-04-09T11:27:52.997Z"}
{"level":"info","message":"Router ------------admin login","timestamp":"2025-04-09T11:30:51.982Z"}
{"level":"info","message":"Router-----get partners","timestamp":"2025-04-09T11:31:47.732Z"}
{"level":"info","message":"Router-----get partners","timestamp":"2025-04-09T11:31:47.831Z"}
{"level":"info","message":"Router-----get customer","timestamp":"2025-04-09T11:33:52.025Z"}
{"level":"info","message":"Router-----get customer","timestamp":"2025-04-09T11:33:52.140Z"}
{"level":"info","message":"Router-----get partners","timestamp":"2025-04-09T11:35:31.691Z"}
{"level":"info","message":"Router-----get customer","timestamp":"2025-04-09T11:35:31.698Z"}
{"level":"info","message":"Router ------------view Past booking ","timestamp":"2025-04-09T11:35:31.705Z"}
{"level":"info","message":"Router ------------transaction Mapping ","timestamp":"2025-04-09T11:35:31.708Z"}
{"level":"info","message":"Router-----get customer","timestamp":"2025-04-09T11:35:31.830Z"}
{"level":"info","message":"Router ------------view Past booking ","timestamp":"2025-04-09T11:35:31.837Z"}
{"level":"info","message":"Router ------------transaction Mapping ","timestamp":"2025-04-09T11:35:31.859Z"}
{"level":"info","message":"Router-----get partners","timestamp":"2025-04-09T11:35:31.903Z"}
{"level":"info","message":"Router-----get partners","timestamp":"2025-04-09T11:35:32.347Z"}
{"level":"info","message":"Router ------------transaction Mapping ","timestamp":"2025-04-09T11:35:32.361Z"}
{"level":"info","message":"Router-----get partners","timestamp":"2025-04-09T11:35:32.435Z"}
{"level":"info","message":"Router ------------transaction Mapping ","timestamp":"2025-04-09T11:35:32.480Z"}
{"level":"info","message":"Router-----get partners","timestamp":"2025-04-09T11:35:46.320Z"}
{"level":"info","message":"Router-----get partners","timestamp":"2025-04-09T11:35:46.438Z"}
{"level":"info","message":"Router-----get partners","timestamp":"2025-04-09T11:35:56.107Z"}
{"level":"info","message":"Router ------------transaction Mapping ","timestamp":"2025-04-09T11:35:56.117Z"}
{"level":"info","message":"Router-----get partners","timestamp":"2025-04-09T11:35:56.132Z"}
{"level":"info","message":"Router ------------transaction Mapping ","timestamp":"2025-04-09T11:35:56.347Z"}
{"level":"info","message":"Router-----get partners","timestamp":"2025-04-09T11:36:03.012Z"}
{"level":"info","message":"Router-----get customer","timestamp":"2025-04-09T11:36:03.020Z"}
{"level":"info","message":"Router ------------view Past booking ","timestamp":"2025-04-09T11:36:03.036Z"}
{"level":"info","message":"Router ------------transaction Mapping ","timestamp":"2025-04-09T11:36:03.045Z"}
{"level":"info","message":"Router-----get partners","timestamp":"2025-04-09T11:36:03.066Z"}
{"level":"info","message":"Router-----get customer","timestamp":"2025-04-09T11:36:03.082Z"}
{"level":"info","message":"Router ------------view Past booking ","timestamp":"2025-04-09T11:36:03.089Z"}
{"level":"info","message":"Router ------------transaction Mapping ","timestamp":"2025-04-09T11:36:03.103Z"}
{"level":"info","message":"Router-----get partners","timestamp":"2025-04-09T11:36:10.260Z"}
{"level":"info","message":"Router-----get partners","timestamp":"2025-04-09T11:36:10.296Z"}
{"level":"info","message":"Router-----get partners","timestamp":"2025-04-09T11:36:23.364Z"}
{"level":"info","message":"Router-----get partners","timestamp":"2025-04-09T11:36:23.472Z"}
{"level":"info","message":"Router-----get customer","timestamp":"2025-04-09T11:41:23.412Z"}
{"level":"info","message":"Router-----get customer","timestamp":"2025-04-09T11:41:23.503Z"}
{"level":"info","message":"Router-----get partners","timestamp":"2025-04-09T11:41:34.043Z"}
{"level":"info","message":"Router-----get partners","timestamp":"2025-04-09T11:41:34.133Z"}
{"level":"info","message":"Router-----get customer","timestamp":"2025-04-09T11:41:35.855Z"}
{"level":"info","message":"Router-----get customer","timestamp":"2025-04-09T11:41:35.869Z"}
{"level":"info","message":"Router-----get partners","timestamp":"2025-04-09T11:42:37.674Z"}
{"level":"info","message":"Router-----get price","timestamp":"2025-04-09T11:42:37.697Z"}
{"level":"info","message":"Router-----get partners","timestamp":"2025-04-09T11:42:37.780Z"}
{"level":"info","message":"Router-----get price","timestamp":"2025-04-09T11:42:37.795Z"}
{"level":"info","message":"Router-----get partners","timestamp":"2025-04-09T11:43:26.893Z"}
{"level":"info","message":"Router-----get customer","timestamp":"2025-04-09T11:43:26.898Z"}
{"level":"info","message":"Router ------------view Past booking ","timestamp":"2025-04-09T11:43:26.905Z"}
{"level":"info","message":"Router ------------transaction Mapping ","timestamp":"2025-04-09T11:43:26.911Z"}
{"level":"info","message":"Router-----get partners","timestamp":"2025-04-09T11:43:27.012Z"}
{"level":"info","message":"Router-----get customer","timestamp":"2025-04-09T11:43:27.018Z"}
{"level":"info","message":"Router ------------view Past booking ","timestamp":"2025-04-09T11:43:27.054Z"}
{"level":"info","message":"Router ------------transaction Mapping ","timestamp":"2025-04-09T11:43:27.064Z"}
{"level":"info","message":"Router-----get partners","timestamp":"2025-04-09T11:44:50.047Z"}
{"level":"info","message":"Router ------------transaction Mapping ","timestamp":"2025-04-09T11:44:50.051Z"}
{"level":"info","message":"Router-----get partners","timestamp":"2025-04-09T11:44:50.120Z"}
{"level":"info","message":"Router ------------transaction Mapping ","timestamp":"2025-04-09T11:44:50.131Z"}
{"level":"info","message":"Router ------------add employee","timestamp":"2025-04-09T11:45:00.164Z"}
{"level":"info","message":"Router ------------add employee","timestamp":"2025-04-09T11:45:00.233Z"}
{"level":"info","message":"Router-----get partners","timestamp":"2025-04-09T11:45:01.253Z"}
{"level":"info","message":"Router-----get customer","timestamp":"2025-04-09T11:45:01.259Z"}
{"level":"info","message":"Router ------------view Past booking ","timestamp":"2025-04-09T11:45:01.269Z"}
{"level":"info","message":"Router ------------transaction Mapping ","timestamp":"2025-04-09T11:45:01.293Z"}
{"level":"info","message":"Router-----get partners","timestamp":"2025-04-09T11:45:01.329Z"}
{"level":"info","message":"Router ------------transaction Mapping ","timestamp":"2025-04-09T11:45:01.346Z"}
{"level":"info","message":"Router-----get customer","timestamp":"2025-04-09T11:45:01.394Z"}
{"level":"info","message":"Router ------------view Past booking ","timestamp":"2025-04-09T11:45:01.401Z"}
{"level":"info","message":"Router-----get customer","timestamp":"2025-04-09T11:45:16.163Z"}
{"level":"info","message":"Router ------------add Report ","timestamp":"2025-04-09T11:45:16.167Z"}
{"level":"info","message":"Router-----get customer","timestamp":"2025-04-09T11:45:16.245Z"}
{"level":"info","message":"Router ------------add Report ","timestamp":"2025-04-09T11:45:16.286Z"}
{"level":"info","message":"Router-----get partners","timestamp":"2025-04-09T11:45:24.570Z"}
{"level":"info","message":"Router-----get customer","timestamp":"2025-04-09T11:45:24.577Z"}
{"level":"info","message":"Router ------------view Past booking ","timestamp":"2025-04-09T11:45:24.582Z"}
{"level":"info","message":"Router ------------transaction Mapping ","timestamp":"2025-04-09T11:45:24.587Z"}
{"level":"info","message":"Router-----get partners","timestamp":"2025-04-09T11:45:24.613Z"}
{"level":"info","message":"Router-----get customer","timestamp":"2025-04-09T11:45:24.624Z"}
{"level":"info","message":"Router ------------view Past booking ","timestamp":"2025-04-09T11:45:24.680Z"}
{"level":"info","message":"Router ------------transaction Mapping ","timestamp":"2025-04-09T11:45:24.696Z"}
{"level":"info","message":"Router-----get partners","timestamp":"2025-04-09T11:46:21.940Z"}
{"level":"info","message":"Router ------------transaction Mapping ","timestamp":"2025-04-09T11:46:21.952Z"}
{"level":"info","message":"Router-----get partners","timestamp":"2025-04-09T11:46:22.018Z"}
{"level":"info","message":"Router ------------transaction Mapping ","timestamp":"2025-04-09T11:46:22.031Z"}
{"level":"info","message":"Router-----get customer","timestamp":"2025-04-09T11:46:24.204Z"}
{"level":"info","message":"Router ------------add Report ","timestamp":"2025-04-09T11:46:24.210Z"}
{"level":"info","message":"Router-----get customer","timestamp":"2025-04-09T11:46:24.220Z"}
{"level":"info","message":"Router ------------add Report ","timestamp":"2025-04-09T11:46:24.261Z"}
{"level":"info","message":"Router-----get partners","timestamp":"2025-04-09T11:46:28.139Z"}
{"level":"info","message":"Router-----get partners","timestamp":"2025-04-09T11:46:28.152Z"}
{"level":"info","message":"Router-----get partners","timestamp":"2025-04-09T11:46:43.634Z"}
{"level":"info","message":"Router-----get price","timestamp":"2025-04-09T11:46:43.648Z"}
{"level":"info","message":"Router-----get price","timestamp":"2025-04-09T11:46:43.730Z"}
{"level":"info","message":"Router-----get partners","timestamp":"2025-04-09T11:46:43.843Z"}
{"level":"info","message":"Router-----add get category","timestamp":"2025-04-09T11:47:20.737Z"}
{"level":"info","message":"Router-----get category","timestamp":"2025-04-09T11:47:20.748Z"}
{"level":"info","message":"Router-----get category","timestamp":"2025-04-09T11:47:20.851Z"}
{"level":"info","message":"Router-----add get category","timestamp":"2025-04-09T11:47:20.858Z"}
{"level":"info","message":"Router-----add category","timestamp":"2025-04-09T11:47:42.583Z"}
{"level":"info","message":"Router-----get category","timestamp":"2025-04-09T11:47:42.651Z"}
{"level":"info","message":"Router-----add Sub category","timestamp":"2025-04-09T11:47:56.414Z"}
{"level":"info","message":"Router-----get category","timestamp":"2025-04-09T11:47:56.492Z"}
{"level":"info","message":"Router-----add get category","timestamp":"2025-04-09T11:47:56.505Z"}
{"level":"info","message":"Router-----get category","timestamp":"2025-04-09T11:47:58.411Z"}
{"level":"info","message":"Router-----add get category","timestamp":"2025-04-09T11:47:58.422Z"}
{"level":"info","message":"Router-----get category","timestamp":"2025-04-09T11:47:58.444Z"}
{"level":"info","message":"Router-----add get category","timestamp":"2025-04-09T11:47:58.559Z"}
{"level":"info","message":"Router-----get partners","timestamp":"2025-04-09T11:48:16.402Z"}
{"level":"info","message":"Router ------------transaction Mapping ","timestamp":"2025-04-09T11:48:16.407Z"}
{"level":"info","message":"Router-----get partners","timestamp":"2025-04-09T11:48:16.462Z"}
{"level":"info","message":"Router ------------transaction Mapping ","timestamp":"2025-04-09T11:48:16.480Z"}
{"level":"info","message":"Router-----get partners","timestamp":"2025-04-09T11:48:49.626Z"}
{"level":"info","message":"Router-----get partners","timestamp":"2025-04-09T11:48:49.739Z"}
{"level":"info","message":"Router-----get partners","timestamp":"2025-04-09T11:48:59.164Z"}
{"level":"info","message":"Router ------------transaction Mapping ","timestamp":"2025-04-09T11:48:59.168Z"}
{"level":"info","message":"Router-----get partners","timestamp":"2025-04-09T11:48:59.182Z"}
{"level":"info","message":"Router ------------transaction Mapping ","timestamp":"2025-04-09T11:48:59.308Z"}
{"level":"info","message":"Router ------------add employee","timestamp":"2025-04-09T11:49:04.304Z"}
{"level":"info","message":"Router ------------add employee","timestamp":"2025-04-09T11:49:04.328Z"}
{"level":"info","message":"Router-----get partners","timestamp":"2025-04-09T11:49:04.675Z"}
{"level":"info","message":"Router ------------transaction Mapping ","timestamp":"2025-04-09T11:49:04.682Z"}
{"level":"info","message":"Router-----get partners","timestamp":"2025-04-09T11:49:04.698Z"}
{"level":"info","message":"Router ------------transaction Mapping ","timestamp":"2025-04-09T11:49:04.718Z"}
{"level":"info","message":"Router-----get partners","timestamp":"2025-04-09T11:53:16.387Z"}
{"level":"info","message":"Router-----get customer","timestamp":"2025-04-09T11:53:16.391Z"}
{"level":"info","message":"Router ------------view Past booking ","timestamp":"2025-04-09T11:53:16.397Z"}
{"level":"info","message":"Router ------------transaction Mapping ","timestamp":"2025-04-09T11:53:16.403Z"}
{"level":"info","message":"Router-----get partners","timestamp":"2025-04-09T11:53:16.506Z"}
{"level":"info","message":"Router ------------view Past booking ","timestamp":"2025-04-09T11:53:16.527Z"}
{"level":"info","message":"Router-----get customer","timestamp":"2025-04-09T11:53:16.533Z"}
{"level":"info","message":"Router ------------transaction Mapping ","timestamp":"2025-04-09T11:53:16.538Z"}
{"level":"info","message":"Router-----get partners","timestamp":"2025-04-09T11:53:28.887Z"}
{"level":"info","message":"Router ------------transaction Mapping ","timestamp":"2025-04-09T11:53:28.892Z"}
{"level":"info","message":"Router-----get partners","timestamp":"2025-04-09T11:53:28.964Z"}
{"level":"info","message":"Router ------------transaction Mapping ","timestamp":"2025-04-09T11:53:28.977Z"}
{"level":"info","message":"Router-----get partners","timestamp":"2025-04-09T11:54:00.314Z"}
{"level":"info","message":"Router-----get customer","timestamp":"2025-04-09T11:54:00.324Z"}
{"level":"info","message":"Router ------------view Past booking ","timestamp":"2025-04-09T11:54:00.424Z"}
{"level":"info","message":"Router ------------transaction Mapping ","timestamp":"2025-04-09T11:54:00.434Z"}
{"level":"info","message":"Router-----get partners","timestamp":"2025-04-09T11:54:00.448Z"}
{"level":"info","message":"Router-----get customer","timestamp":"2025-04-09T11:54:00.466Z"}
{"level":"info","message":"Router ------------view Past booking ","timestamp":"2025-04-09T11:54:00.471Z"}
{"level":"info","message":"Router ------------transaction Mapping ","timestamp":"2025-04-09T11:54:00.480Z"}
{"level":"info","message":"Router-----get partners","timestamp":"2025-04-09T11:54:08.406Z"}
{"level":"info","message":"Router ------------transaction Mapping ","timestamp":"2025-04-09T11:54:08.411Z"}
{"level":"info","message":"Router-----get partners","timestamp":"2025-04-09T11:54:08.421Z"}
{"level":"info","message":"Router ------------transaction Mapping ","timestamp":"2025-04-09T11:54:08.434Z"}
{"level":"info","message":"Router-----get partners","timestamp":"2025-04-09T11:54:46.407Z"}
{"level":"info","message":"Router-----get customer","timestamp":"2025-04-09T11:54:46.505Z"}
{"level":"info","message":"Router ------------view Past booking ","timestamp":"2025-04-09T11:54:46.517Z"}
{"level":"info","message":"Router ------------transaction Mapping ","timestamp":"2025-04-09T11:54:46.527Z"}
{"level":"info","message":"Router-----get partners","timestamp":"2025-04-09T11:54:46.543Z"}
{"level":"info","message":"Router-----get customer","timestamp":"2025-04-09T11:54:46.553Z"}
{"level":"info","message":"Router ------------view Past booking ","timestamp":"2025-04-09T11:54:46.562Z"}
{"level":"info","message":"Router ------------transaction Mapping ","timestamp":"2025-04-09T11:54:46.571Z"}
{"level":"info","message":"Router ------------add employee","timestamp":"2025-04-09T11:55:25.175Z"}
{"level":"info","message":"Router ------------add employee","timestamp":"2025-04-09T11:55:25.256Z"}
{"level":"info","message":"Router-----get partners","timestamp":"2025-04-09T11:55:27.531Z"}
{"level":"info","message":"Router ------------transaction Mapping ","timestamp":"2025-04-09T11:55:27.537Z"}
{"level":"info","message":"Router-----get partners","timestamp":"2025-04-09T11:55:27.546Z"}
{"level":"info","message":"Router ------------transaction Mapping ","timestamp":"2025-04-09T11:55:27.631Z"}
{"level":"info","message":"Router-----get category","timestamp":"2025-04-09T11:58:47.810Z"}
{"level":"info","message":"Router-----add get category","timestamp":"2025-04-09T11:58:47.822Z"}
{"level":"info","message":"Router-----get category","timestamp":"2025-04-09T11:58:48.096Z"}
{"level":"info","message":"Router-----add get category","timestamp":"2025-04-09T11:58:48.130Z"}
{"level":"info","message":"Router-----get partners","timestamp":"2025-04-09T11:59:38.332Z"}
{"level":"info","message":"Router-----get partners","timestamp":"2025-04-09T11:59:38.403Z"}
{"level":"info","message":"Router-----get customer","timestamp":"2025-04-09T11:59:47.445Z"}
{"level":"info","message":"Router ------------add Report ","timestamp":"2025-04-09T11:59:47.452Z"}
{"level":"info","message":"Router-----get customer","timestamp":"2025-04-09T11:59:47.462Z"}
{"level":"info","message":"Router ------------add Report ","timestamp":"2025-04-09T11:59:47.565Z"}
{"level":"info","message":"Router-----get partners","timestamp":"2025-04-09T12:01:18.528Z"}
{"level":"info","message":"Router ------------transaction Mapping ","timestamp":"2025-04-09T12:01:18.532Z"}
{"level":"info","message":"Router ------------transaction Mapping ","timestamp":"2025-04-09T12:01:18.612Z"}
{"level":"info","message":"Router-----get partners","timestamp":"2025-04-09T12:01:18.710Z"}
{"level":"info","message":"Router-----get partners","timestamp":"2025-04-09T12:02:21.859Z"}
{"level":"info","message":"Router-----get customer","timestamp":"2025-04-09T12:02:21.863Z"}
{"level":"info","message":"Router ------------view Past booking ","timestamp":"2025-04-09T12:02:21.867Z"}
{"level":"info","message":"Router ------------transaction Mapping ","timestamp":"2025-04-09T12:02:21.870Z"}
{"level":"info","message":"Router-----get customer","timestamp":"2025-04-09T12:02:21.956Z"}
{"level":"info","message":"Router-----get partners","timestamp":"2025-04-09T12:02:21.963Z"}
{"level":"info","message":"Router ------------view Past booking ","timestamp":"2025-04-09T12:02:21.985Z"}
{"level":"info","message":"Router ------------transaction Mapping ","timestamp":"2025-04-09T12:02:21.995Z"}
{"level":"info","message":"Router-----get partners","timestamp":"2025-04-09T12:02:22.616Z"}
{"level":"info","message":"Router ------------transaction Mapping ","timestamp":"2025-04-09T12:02:22.622Z"}
{"level":"info","message":"Router-----get partners","timestamp":"2025-04-09T12:02:22.647Z"}
{"level":"info","message":"Router ------------transaction Mapping ","timestamp":"2025-04-09T12:02:22.661Z"}
{"level":"info","message":"Router-----get partners","timestamp":"2025-04-09T12:02:54.017Z"}
{"level":"info","message":"Router-----get customer","timestamp":"2025-04-09T12:02:54.028Z"}
{"level":"info","message":"Router ------------view Past booking ","timestamp":"2025-04-09T12:02:54.119Z"}
{"level":"info","message":"Router ------------transaction Mapping ","timestamp":"2025-04-09T12:02:54.137Z"}
{"level":"info","message":"Router-----get customer","timestamp":"2025-04-09T12:02:54.157Z"}
{"level":"info","message":"Router ------------view Past booking ","timestamp":"2025-04-09T12:02:54.167Z"}
{"level":"info","message":"Router ------------transaction Mapping ","timestamp":"2025-04-09T12:02:54.180Z"}
{"level":"info","message":"Router-----get partners","timestamp":"2025-04-09T12:02:54.224Z"}
{"level":"info","message":"Router-----get partners","timestamp":"2025-04-09T12:03:27.002Z"}
{"level":"info","message":"Router ------------transaction Mapping ","timestamp":"2025-04-09T12:03:27.010Z"}
{"level":"info","message":"Router-----get partners","timestamp":"2025-04-09T12:03:27.142Z"}
{"level":"info","message":"Router ------------transaction Mapping ","timestamp":"2025-04-09T12:03:27.161Z"}
{"level":"info","message":"Router-----get partners","timestamp":"2025-04-09T12:03:32.088Z"}
{"level":"info","message":"Router-----get customer","timestamp":"2025-04-09T12:03:32.094Z"}
{"level":"info","message":"Router ------------view Past booking ","timestamp":"2025-04-09T12:03:32.100Z"}
{"level":"info","message":"Router ------------transaction Mapping ","timestamp":"2025-04-09T12:03:32.107Z"}
{"level":"info","message":"Router-----get partners","timestamp":"2025-04-09T12:03:32.146Z"}
{"level":"info","message":"Router-----get customer","timestamp":"2025-04-09T12:03:32.163Z"}
{"level":"info","message":"Router ------------view Past booking ","timestamp":"2025-04-09T12:03:32.231Z"}
{"level":"info","message":"Router ------------transaction Mapping ","timestamp":"2025-04-09T12:03:32.267Z"}
{"level":"info","message":"Router-----get partners","timestamp":"2025-04-09T12:08:48.875Z"}
{"level":"info","message":"Router-----get customer","timestamp":"2025-04-09T12:08:48.893Z"}
{"level":"info","message":"Router ------------view Past booking ","timestamp":"2025-04-09T12:08:48.903Z"}
{"level":"info","message":"Router ------------transaction Mapping ","timestamp":"2025-04-09T12:08:48.908Z"}
{"level":"info","message":"Router-----get partners","timestamp":"2025-04-09T12:08:48.966Z"}
{"level":"info","message":"Router-----get customer","timestamp":"2025-04-09T12:08:49.011Z"}
{"level":"info","message":"Router ------------view Past booking ","timestamp":"2025-04-09T12:08:49.024Z"}
{"level":"info","message":"Router ------------transaction Mapping ","timestamp":"2025-04-09T12:08:49.048Z"}
{"level":"info","message":"Router-----get partners","timestamp":"2025-04-09T12:09:19.279Z"}
{"level":"info","message":"Router-----get customer","timestamp":"2025-04-09T12:09:19.289Z"}
{"level":"info","message":"Router ------------view Past booking ","timestamp":"2025-04-09T12:09:19.297Z"}
{"level":"info","message":"Router ------------transaction Mapping ","timestamp":"2025-04-09T12:09:19.302Z"}
{"level":"info","message":"Router-----get customer","timestamp":"2025-04-09T12:09:19.434Z"}
{"level":"info","message":"Router-----get partners","timestamp":"2025-04-09T12:09:19.449Z"}
{"level":"info","message":"Router ------------view Past booking ","timestamp":"2025-04-09T12:09:19.489Z"}
{"level":"info","message":"Router ------------transaction Mapping ","timestamp":"2025-04-09T12:09:19.520Z"}
{"level":"info","message":"Router-----get partners","timestamp":"2025-04-09T12:09:43.805Z"}
{"level":"info","message":"Router-----get customer","timestamp":"2025-04-09T12:09:43.818Z"}
{"level":"info","message":"Router ------------view Past booking ","timestamp":"2025-04-09T12:09:43.827Z"}
{"level":"info","message":"Router ------------transaction Mapping ","timestamp":"2025-04-09T12:09:43.837Z"}
{"level":"info","message":"Router-----get customer","timestamp":"2025-04-09T12:09:44.125Z"}
{"level":"info","message":"Router-----get partners","timestamp":"2025-04-09T12:09:44.194Z"}
{"level":"info","message":"Router ------------view Past booking ","timestamp":"2025-04-09T12:09:44.207Z"}
{"level":"info","message":"Router ------------transaction Mapping ","timestamp":"2025-04-09T12:09:44.302Z"}
{"level":"info","message":"Router-----get customer","timestamp":"2025-04-09T12:11:18.951Z"}
{"level":"info","message":"Router ------------add Report ","timestamp":"2025-04-09T12:11:18.963Z"}
{"level":"info","message":"Router-----get customer","timestamp":"2025-04-09T12:11:19.032Z"}
{"level":"info","message":"Router ------------add Report ","timestamp":"2025-04-09T12:11:19.068Z"}
{"level":"info","message":"Router-----get partners","timestamp":"2025-04-09T12:11:23.260Z"}
{"level":"info","message":"Router-----get customer","timestamp":"2025-04-09T12:11:23.272Z"}
{"level":"info","message":"Router ------------view Past booking ","timestamp":"2025-04-09T12:11:23.284Z"}
{"level":"info","message":"Router ------------transaction Mapping ","timestamp":"2025-04-09T12:11:23.291Z"}
{"level":"info","message":"Router-----get partners","timestamp":"2025-04-09T12:11:23.318Z"}
{"level":"info","message":"Router-----get customer","timestamp":"2025-04-09T12:11:23.337Z"}
{"level":"info","message":"Router ------------view Past booking ","timestamp":"2025-04-09T12:11:23.400Z"}
{"level":"info","message":"Router ------------transaction Mapping ","timestamp":"2025-04-09T12:11:23.419Z"}
{"level":"info","message":"Router-----get customer","timestamp":"2025-04-09T12:11:33.518Z"}
{"level":"info","message":"Router ------------add Report ","timestamp":"2025-04-09T12:11:33.523Z"}
{"level":"info","message":"Router-----get customer","timestamp":"2025-04-09T12:11:33.605Z"}
{"level":"info","message":"Router ------------add Report ","timestamp":"2025-04-09T12:11:33.642Z"}
{"level":"info","message":"Router-----get partners","timestamp":"2025-04-09T12:11:38.698Z"}
{"level":"info","message":"Router-----get customer","timestamp":"2025-04-09T12:11:38.703Z"}
{"level":"info","message":"Router ------------view Past booking ","timestamp":"2025-04-09T12:11:38.709Z"}
{"level":"info","message":"Router ------------transaction Mapping ","timestamp":"2025-04-09T12:11:38.715Z"}
{"level":"info","message":"Router-----get partners","timestamp":"2025-04-09T12:11:38.740Z"}
{"level":"info","message":"Router-----get customer","timestamp":"2025-04-09T12:11:38.762Z"}
{"level":"info","message":"Router ------------view Past booking ","timestamp":"2025-04-09T12:11:38.823Z"}
{"level":"info","message":"Router ------------transaction Mapping ","timestamp":"2025-04-09T12:11:38.841Z"}
{"level":"info","message":"Router-----get customer","timestamp":"2025-04-09T12:11:49.685Z"}
{"level":"info","message":"Router ------------add Report ","timestamp":"2025-04-09T12:11:49.689Z"}
{"level":"info","message":"Router-----get customer","timestamp":"2025-04-09T12:11:49.750Z"}
{"level":"info","message":"Router ------------add Report ","timestamp":"2025-04-09T12:11:49.790Z"}
{"level":"info","message":"Router-----get partners","timestamp":"2025-04-09T12:11:52.107Z"}
{"level":"info","message":"Router-----get customer","timestamp":"2025-04-09T12:11:52.114Z"}
{"level":"info","message":"Router ------------view Past booking ","timestamp":"2025-04-09T12:11:52.122Z"}
{"level":"info","message":"Router ------------transaction Mapping ","timestamp":"2025-04-09T12:11:52.142Z"}
{"level":"info","message":"Router-----get partners","timestamp":"2025-04-09T12:11:52.165Z"}
{"level":"info","message":"Router-----get customer","timestamp":"2025-04-09T12:11:52.191Z"}
{"level":"info","message":"Router ------------transaction Mapping ","timestamp":"2025-04-09T12:11:52.202Z"}
{"level":"info","message":"Router ------------view Past booking ","timestamp":"2025-04-09T12:11:52.240Z"}
{"level":"info","message":"Router-----get customer","timestamp":"2025-04-09T12:12:08.290Z"}
{"level":"info","message":"Router ------------add Report ","timestamp":"2025-04-09T12:12:08.294Z"}
{"level":"info","message":"Router-----get customer","timestamp":"2025-04-09T12:12:08.352Z"}
{"level":"info","message":"Router ------------add Report ","timestamp":"2025-04-09T12:12:08.386Z"}
{"level":"info","message":"Router-----get partners","timestamp":"2025-04-09T12:12:11.623Z"}
{"level":"info","message":"Router-----get customer","timestamp":"2025-04-09T12:12:11.635Z"}
{"level":"info","message":"Router ------------view Past booking ","timestamp":"2025-04-09T12:12:11.649Z"}
{"level":"info","message":"Router ------------transaction Mapping ","timestamp":"2025-04-09T12:12:11.668Z"}
{"level":"info","message":"Router-----get partners","timestamp":"2025-04-09T12:12:11.685Z"}
{"level":"info","message":"Router-----get customer","timestamp":"2025-04-09T12:12:11.709Z"}
{"level":"info","message":"Router ------------transaction Mapping ","timestamp":"2025-04-09T12:12:11.724Z"}
{"level":"info","message":"Router ------------view Past booking ","timestamp":"2025-04-09T12:12:11.764Z"}
{"level":"info","message":"Router-----get customer","timestamp":"2025-04-09T12:12:28.115Z"}
{"level":"info","message":"Router ------------add Report ","timestamp":"2025-04-09T12:12:28.128Z"}
{"level":"info","message":"Router-----get customer","timestamp":"2025-04-09T12:12:28.280Z"}
{"level":"info","message":"Router ------------add Report ","timestamp":"2025-04-09T12:12:28.315Z"}
{"level":"info","message":"Router-----get partners","timestamp":"2025-04-09T12:12:56.728Z"}
{"level":"info","message":"Router-----get customer","timestamp":"2025-04-09T12:12:56.736Z"}
{"level":"info","message":"Router ------------view Past booking ","timestamp":"2025-04-09T12:12:56.742Z"}
{"level":"info","message":"Router ------------transaction Mapping ","timestamp":"2025-04-09T12:12:56.746Z"}
{"level":"info","message":"Router-----get partners","timestamp":"2025-04-09T12:12:56.839Z"}
{"level":"info","message":"Router-----get customer","timestamp":"2025-04-09T12:12:56.863Z"}
{"level":"info","message":"Router ------------view Past booking ","timestamp":"2025-04-09T12:12:56.870Z"}
{"level":"info","message":"Router ------------transaction Mapping ","timestamp":"2025-04-09T12:12:56.895Z"}
{"level":"info","message":"Router-----get customer","timestamp":"2025-04-09T12:13:08.618Z"}
{"level":"info","message":"Router ------------add Report ","timestamp":"2025-04-09T12:13:08.623Z"}
{"level":"info","message":"Router ------------add Report ","timestamp":"2025-04-09T12:13:08.738Z"}
{"level":"info","message":"Router-----get customer","timestamp":"2025-04-09T12:13:08.818Z"}
{"level":"info","message":"Router-----get partners","timestamp":"2025-04-09T12:13:49.224Z"}
{"level":"info","message":"Router ------------transaction Mapping ","timestamp":"2025-04-09T12:13:49.228Z"}
{"level":"info","message":"Router ------------transaction Mapping ","timestamp":"2025-04-09T12:13:49.294Z"}
{"level":"info","message":"Router-----get partners","timestamp":"2025-04-09T12:13:49.397Z"}
{"level":"info","message":"Router ------------add employee","timestamp":"2025-04-09T12:13:50.361Z"}
{"level":"info","message":"Router ------------add employee","timestamp":"2025-04-09T12:13:50.386Z"}
{"level":"info","message":"Router-----get partners","timestamp":"2025-04-09T12:14:04.871Z"}
{"level":"info","message":"Router ------------transaction Mapping ","timestamp":"2025-04-09T12:14:04.877Z"}
{"level":"info","message":"Router-----get partners","timestamp":"2025-04-09T12:14:04.942Z"}
{"level":"info","message":"Router ------------transaction Mapping ","timestamp":"2025-04-09T12:14:05.064Z"}
{"level":"info","message":"Router ------------add employee","timestamp":"2025-04-09T12:14:30.405Z"}
{"level":"info","message":"Router ------------add employee","timestamp":"2025-04-09T12:14:30.480Z"}
{"level":"info","message":"Router ------------get Usertype","timestamp":"2025-04-09T12:14:51.741Z"}
{"level":"info","message":"Router ------------get Usertype","timestamp":"2025-04-09T12:14:52.041Z"}
{"level":"info","message":"Router ------------get Usertype","timestamp":"2025-04-09T12:14:56.160Z"}
{"level":"info","message":"Router ------------get Usertype","timestamp":"2025-04-09T12:14:56.173Z"}
{"level":"info","message":"Router ------------get Usertype","timestamp":"2025-04-09T12:15:27.930Z"}
{"level":"info","message":"Router ------------get Usertype","timestamp":"2025-04-09T12:15:28.052Z"}
{"level":"info","message":"Router-----get partners","timestamp":"2025-04-09T12:15:32.372Z"}
{"level":"info","message":"Router-----get customer","timestamp":"2025-04-09T12:15:32.382Z"}
{"level":"info","message":"Router ------------view Past booking ","timestamp":"2025-04-09T12:15:32.390Z"}
{"level":"info","message":"Router ------------transaction Mapping ","timestamp":"2025-04-09T12:15:32.415Z"}
{"level":"info","message":"Router-----get partners","timestamp":"2025-04-09T12:15:32.444Z"}
{"level":"info","message":"Router ------------transaction Mapping ","timestamp":"2025-04-09T12:15:32.459Z"}
{"level":"info","message":"Router ------------view Past booking ","timestamp":"2025-04-09T12:15:32.501Z"}
{"level":"info","message":"Router-----get customer","timestamp":"2025-04-09T12:15:32.507Z"}
{"level":"info","message":"Router-----get partners","timestamp":"2025-04-09T12:15:33.687Z"}
{"level":"info","message":"Router ------------transaction Mapping ","timestamp":"2025-04-09T12:15:33.693Z"}
{"level":"info","message":"Router-----get partners","timestamp":"2025-04-09T12:15:33.713Z"}
{"level":"info","message":"Router ------------transaction Mapping ","timestamp":"2025-04-09T12:15:33.727Z"}
{"level":"info","message":"Router-----get partners","timestamp":"2025-04-09T12:15:44.594Z"}
{"level":"info","message":"Router-----get customer","timestamp":"2025-04-09T12:15:44.599Z"}
{"level":"info","message":"Router ------------view Past booking ","timestamp":"2025-04-09T12:15:44.604Z"}
{"level":"info","message":"Router ------------transaction Mapping ","timestamp":"2025-04-09T12:15:44.607Z"}
{"level":"info","message":"Router-----get partners","timestamp":"2025-04-09T12:15:44.686Z"}
{"level":"info","message":"Router-----get customer","timestamp":"2025-04-09T12:15:44.701Z"}
{"level":"info","message":"Router ------------view Past booking ","timestamp":"2025-04-09T12:15:44.709Z"}
{"level":"info","message":"Router ------------transaction Mapping ","timestamp":"2025-04-09T12:15:44.731Z"}
{"level":"info","message":"Router-----get customer","timestamp":"2025-04-09T12:15:51.505Z"}
{"level":"info","message":"Router ------------add Report ","timestamp":"2025-04-09T12:15:51.511Z"}
{"level":"info","message":"Router-----get customer","timestamp":"2025-04-09T12:15:51.520Z"}
{"level":"info","message":"Router ------------add Report ","timestamp":"2025-04-09T12:15:51.560Z"}
{"level":"info","message":"Router-----get partners","timestamp":"2025-04-09T12:15:58.642Z"}
{"level":"info","message":"Router-----get customer","timestamp":"2025-04-09T12:15:58.647Z"}
{"level":"info","message":"Router ------------view Past booking ","timestamp":"2025-04-09T12:15:58.652Z"}
{"level":"info","message":"Router ------------transaction Mapping ","timestamp":"2025-04-09T12:15:58.657Z"}
{"level":"info","message":"Router-----get partners","timestamp":"2025-04-09T12:15:58.680Z"}
{"level":"info","message":"Router-----get customer","timestamp":"2025-04-09T12:15:58.697Z"}
{"level":"info","message":"Router ------------view Past booking ","timestamp":"2025-04-09T12:15:58.758Z"}
{"level":"info","message":"Router ------------transaction Mapping ","timestamp":"2025-04-09T12:15:58.770Z"}
{"level":"info","message":"Router-----get partners","timestamp":"2025-04-09T12:16:00.973Z"}
{"level":"info","message":"Router ------------transaction Mapping ","timestamp":"2025-04-09T12:16:00.989Z"}
{"level":"info","message":"Router-----get partners","timestamp":"2025-04-09T12:16:01.012Z"}
{"level":"info","message":"Router ------------transaction Mapping ","timestamp":"2025-04-09T12:16:01.039Z"}
{"level":"info","message":"Router ------------add employee","timestamp":"2025-04-09T12:16:02.730Z"}
{"level":"info","message":"Router ------------add employee","timestamp":"2025-04-09T12:16:02.745Z"}
{"level":"info","message":"Router-----get partners","timestamp":"2025-04-09T12:17:41.248Z"}
{"level":"info","message":"Router-----get customer","timestamp":"2025-04-09T12:17:41.253Z"}
{"level":"info","message":"Router ------------view Past booking ","timestamp":"2025-04-09T12:17:41.258Z"}
{"level":"info","message":"Router ------------transaction Mapping ","timestamp":"2025-04-09T12:17:41.262Z"}
{"level":"info","message":"Router-----get customer","timestamp":"2025-04-09T12:17:41.347Z"}
{"level":"info","message":"Router ------------view Past booking ","timestamp":"2025-04-09T12:17:41.364Z"}
{"level":"info","message":"Router ------------transaction Mapping ","timestamp":"2025-04-09T12:17:41.382Z"}
{"level":"info","message":"Router-----get partners","timestamp":"2025-04-09T12:17:41.440Z"}
{"level":"info","message":"Router ------------add employee","timestamp":"2025-04-09T12:18:09.815Z"}
{"level":"info","message":"Router ------------add employee","timestamp":"2025-04-09T12:18:09.947Z"}
{"level":"info","message":"Router-----get partners","timestamp":"2025-04-09T12:18:24.247Z"}
{"level":"info","message":"Router-----get customer","timestamp":"2025-04-09T12:18:24.252Z"}
{"level":"info","message":"Router ------------view Past booking ","timestamp":"2025-04-09T12:18:24.256Z"}
{"level":"info","message":"Router ------------transaction Mapping ","timestamp":"2025-04-09T12:18:24.260Z"}
{"level":"info","message":"Router-----get partners","timestamp":"2025-04-09T12:18:24.347Z"}
{"level":"info","message":"Router-----get customer","timestamp":"2025-04-09T12:18:24.364Z"}
{"level":"info","message":"Router ------------transaction Mapping ","timestamp":"2025-04-09T12:18:24.383Z"}
{"level":"info","message":"Router ------------view Past booking ","timestamp":"2025-04-09T12:18:24.397Z"}
{"level":"info","message":"Router ------------add employee","timestamp":"2025-04-09T12:18:34.026Z"}
{"level":"info","message":"Router ------------add employee","timestamp":"2025-04-09T12:18:34.039Z"}
{"level":"info","message":"Router-----get customer","timestamp":"2025-04-09T12:20:45.010Z"}
{"level":"info","message":"Router ------------add Report ","timestamp":"2025-04-09T12:20:45.015Z"}
{"level":"info","message":"Router-----get customer","timestamp":"2025-04-09T12:20:45.079Z"}
{"level":"info","message":"Router ------------add Report ","timestamp":"2025-04-09T12:20:45.122Z"}
{"level":"info","message":"Router-----get partners","timestamp":"2025-04-09T12:21:49.303Z"}
{"level":"info","message":"Router ------------transaction Mapping ","timestamp":"2025-04-09T12:21:49.307Z"}
{"level":"info","message":"Router-----get partners","timestamp":"2025-04-09T12:21:49.369Z"}
{"level":"info","message":"Router ------------transaction Mapping ","timestamp":"2025-04-09T12:21:49.387Z"}
{"level":"info","message":"Router-----get partners","timestamp":"2025-04-09T12:22:31.188Z"}
{"level":"info","message":"Router-----get customer","timestamp":"2025-04-09T12:22:31.198Z"}
{"level":"info","message":"Router ------------view Past booking ","timestamp":"2025-04-09T12:22:31.206Z"}
{"level":"info","message":"Router ------------transaction Mapping ","timestamp":"2025-04-09T12:22:31.213Z"}
{"level":"info","message":"Router-----get partners","timestamp":"2025-04-09T12:22:31.305Z"}
{"level":"info","message":"Router-----get customer","timestamp":"2025-04-09T12:22:31.323Z"}
{"level":"info","message":"Router ------------view Past booking ","timestamp":"2025-04-09T12:22:31.328Z"}
{"level":"info","message":"Router ------------transaction Mapping ","timestamp":"2025-04-09T12:22:31.353Z"}
{"level":"info","message":"Router-----get partners","timestamp":"2025-04-09T12:23:10.978Z"}
{"level":"info","message":"Router-----get customer","timestamp":"2025-04-09T12:23:10.984Z"}
{"level":"info","message":"Router ------------view Past booking ","timestamp":"2025-04-09T12:23:10.989Z"}
{"level":"info","message":"Router ------------transaction Mapping ","timestamp":"2025-04-09T12:23:10.992Z"}
{"level":"info","message":"Router-----get customer","timestamp":"2025-04-09T12:23:11.094Z"}
{"level":"info","message":"Router-----get partners","timestamp":"2025-04-09T12:23:11.112Z"}
{"level":"info","message":"Router ------------view Past booking ","timestamp":"2025-04-09T12:23:11.121Z"}
{"level":"info","message":"Router ------------transaction Mapping ","timestamp":"2025-04-09T12:23:11.128Z"}
{"level":"info","message":"Router-----get partners","timestamp":"2025-04-09T12:23:38.819Z"}
{"level":"info","message":"Router-----get customer","timestamp":"2025-04-09T12:23:38.824Z"}
{"level":"info","message":"Router ------------view Past booking ","timestamp":"2025-04-09T12:23:38.829Z"}
{"level":"info","message":"Router ------------transaction Mapping ","timestamp":"2025-04-09T12:23:38.837Z"}
{"level":"info","message":"Router-----get partners","timestamp":"2025-04-09T12:23:38.950Z"}
{"level":"info","message":"Router ------------view Past booking ","timestamp":"2025-04-09T12:23:38.957Z"}
{"level":"info","message":"Router ------------transaction Mapping ","timestamp":"2025-04-09T12:23:38.984Z"}
{"level":"info","message":"Router-----get customer","timestamp":"2025-04-09T12:23:39.041Z"}
{"level":"info","message":"Router-----get partners","timestamp":"2025-04-09T12:23:39.518Z"}
{"level":"info","message":"Router ------------transaction Mapping ","timestamp":"2025-04-09T12:23:39.523Z"}
{"level":"info","message":"Router-----get partners","timestamp":"2025-04-09T12:23:39.540Z"}
{"level":"info","message":"Router ------------transaction Mapping ","timestamp":"2025-04-09T12:23:39.549Z"}
{"level":"info","message":"Router ------------add employee","timestamp":"2025-04-09T12:23:50.404Z"}
{"level":"info","message":"Router ------------add employee","timestamp":"2025-04-09T12:23:50.484Z"}
{"level":"info","message":"Router-----get customer","timestamp":"2025-04-09T12:24:30.144Z"}
{"level":"info","message":"Router ------------add Report ","timestamp":"2025-04-09T12:24:30.150Z"}
{"level":"info","message":"Router-----get customer","timestamp":"2025-04-09T12:24:30.225Z"}
{"level":"info","message":"Router ------------add Report ","timestamp":"2025-04-09T12:24:30.266Z"}
{"level":"info","message":"Router-----get partners","timestamp":"2025-04-09T12:25:17.986Z"}
{"level":"info","message":"Router ------------transaction Mapping ","timestamp":"2025-04-09T12:25:17.992Z"}
{"level":"info","message":"Router-----get partners","timestamp":"2025-04-09T12:25:18.072Z"}
{"level":"info","message":"Router ------------transaction Mapping ","timestamp":"2025-04-09T12:25:18.100Z"}
{"level":"info","message":"Router ------------add employee","timestamp":"2025-04-09T12:27:32.029Z"}
{"level":"info","message":"Router ------------add employee","timestamp":"2025-04-09T12:27:32.122Z"}
{"level":"info","message":"Router ------------get Usertype","timestamp":"2025-04-09T12:27:46.359Z"}
{"level":"info","message":"Router ------------get Usertype","timestamp":"2025-04-09T12:27:46.606Z"}
{"level":"info","message":"Router ------------get Usertype","timestamp":"2025-04-09T12:29:34.562Z"}
{"level":"info","message":"Router ------------get Usertype","timestamp":"2025-04-09T12:29:34.678Z"}
{"level":"info","message":"Router-----get partners","timestamp":"2025-04-09T12:30:09.518Z"}
{"level":"info","message":"Router ------------transaction Mapping ","timestamp":"2025-04-09T12:30:09.523Z"}
{"level":"info","message":"Router-----get partners","timestamp":"2025-04-09T12:30:09.601Z"}
{"level":"info","message":"Router ------------transaction Mapping ","timestamp":"2025-04-09T12:30:09.616Z"}
{"level":"info","message":"Router-----get partners","timestamp":"2025-04-09T12:30:11.538Z"}
{"level":"info","message":"Router-----get customer","timestamp":"2025-04-09T12:30:11.543Z"}
{"level":"info","message":"Router ------------view Past booking ","timestamp":"2025-04-09T12:30:11.550Z"}
{"level":"info","message":"Router ------------transaction Mapping ","timestamp":"2025-04-09T12:30:11.566Z"}
{"level":"info","message":"Router-----get partners","timestamp":"2025-04-09T12:30:11.575Z"}
{"level":"info","message":"Router-----get customer","timestamp":"2025-04-09T12:30:11.604Z"}
{"level":"info","message":"Router ------------transaction Mapping ","timestamp":"2025-04-09T12:30:11.615Z"}
{"level":"info","message":"Router ------------view Past booking ","timestamp":"2025-04-09T12:30:11.654Z"}
