{"level":"info","message":"Server running --- from server.ts","timestamp":"2025-02-18T06:59:21.989Z"}
{"level":"info","message":"Router ------------booking ","timestamp":"2025-02-18T06:59:25.006Z"}
{"level":"info","message":"Router ------------booking ","timestamp":"2025-02-18T07:00:13.240Z"}
{"level":"info","message":"Server running --- from server.ts","timestamp":"2025-02-18T07:02:27.123Z"}
{"level":"info","message":"Server running --- from server.ts","timestamp":"2025-02-18T07:02:40.867Z"}
{"level":"info","message":"Server running --- from server.ts","timestamp":"2025-02-18T07:02:45.623Z"}
{"level":"info","message":"Server running --- from server.ts","timestamp":"2025-02-18T07:02:56.514Z"}
{"level":"info","message":"Server running --- from server.ts","timestamp":"2025-02-18T07:03:02.662Z"}
{"level":"info","message":"Server running --- from server.ts","timestamp":"2025-02-18T07:03:17.398Z"}
{"level":"info","message":"Server running --- from server.ts","timestamp":"2025-02-18T07:03:24.636Z"}
{"level":"info","message":"Server running --- from server.ts","timestamp":"2025-02-18T07:03:30.417Z"}
{"level":"info","message":"Server running --- from server.ts","timestamp":"2025-02-18T07:04:08.698Z"}
{"level":"info","message":"Server running --- from server.ts","timestamp":"2025-02-18T07:04:17.432Z"}
{"level":"info","message":"Server running --- from server.ts","timestamp":"2025-02-18T07:05:03.678Z"}
{"level":"info","message":"Server running --- from server.ts","timestamp":"2025-02-18T07:05:18.558Z"}
{"level":"info","message":"Server running --- from server.ts","timestamp":"2025-02-18T07:05:31.623Z"}
{"level":"info","message":"Router ------------booking ","timestamp":"2025-02-18T07:05:35.438Z"}
{"level":"info","message":"Server running --- from server.ts","timestamp":"2025-02-18T07:06:52.249Z"}
{"level":"info","message":"Router ------------booking ","timestamp":"2025-02-18T07:06:52.772Z"}
{"level":"info","message":"Server running --- from server.ts","timestamp":"2025-02-18T07:10:35.735Z"}
{"level":"info","message":"Server running --- from server.ts","timestamp":"2025-02-18T07:10:45.073Z"}
{"level":"info","message":"Server running --- from server.ts","timestamp":"2025-02-18T07:10:51.990Z"}
{"level":"info","message":"Router ------------booking ","timestamp":"2025-02-18T07:10:52.412Z"}
{"level":"info","message":"Server running --- from server.ts","timestamp":"2025-02-18T07:17:36.502Z"}
{"level":"info","message":"Server running --- from server.ts","timestamp":"2025-02-18T07:18:07.440Z"}
{"level":"info","message":"Server running --- from server.ts","timestamp":"2025-02-18T07:18:27.510Z"}
{"level":"info","message":"Router ------------booking ","timestamp":"2025-02-18T07:18:27.979Z"}
{"level":"info","message":"Server running --- from server.ts","timestamp":"2025-02-18T07:18:54.528Z"}
{"level":"info","message":"Server running --- from server.ts","timestamp":"2025-02-18T07:19:10.969Z"}
{"level":"info","message":"Server running --- from server.ts","timestamp":"2025-02-18T07:19:33.569Z"}
{"level":"info","message":"Server running --- from server.ts","timestamp":"2025-02-18T07:20:13.263Z"}
{"level":"info","message":"Server running --- from server.ts","timestamp":"2025-02-18T07:20:28.296Z"}
{"level":"info","message":"Router ------------booking ","timestamp":"2025-02-18T07:20:29.191Z"}
{"level":"info","message":"Server running --- from server.ts","timestamp":"2025-02-18T07:20:47.931Z"}
{"level":"info","message":"Router ------------booking ","timestamp":"2025-02-18T07:20:48.276Z"}
{"level":"info","message":"Server running --- from server.ts","timestamp":"2025-02-18T07:24:55.356Z"}
{"level":"info","message":"Router ------------booking ","timestamp":"2025-02-18T07:24:55.962Z"}
{"level":"info","message":"Server running --- from server.ts","timestamp":"2025-02-18T07:30:50.175Z"}
{"level":"info","message":"Router ------------booking ","timestamp":"2025-02-18T07:31:16.369Z"}
{"level":"info","message":"Server running --- from server.ts","timestamp":"2025-02-18T07:31:49.335Z"}
{"level":"info","message":"Server running --- from server.ts","timestamp":"2025-02-18T07:31:57.766Z"}
{"level":"info","message":"Server running --- from server.ts","timestamp":"2025-02-18T07:32:08.838Z"}
{"level":"info","message":"Server running --- from server.ts","timestamp":"2025-02-18T07:32:29.452Z"}
{"level":"info","message":"Server running --- from server.ts","timestamp":"2025-02-18T07:32:53.614Z"}
{"level":"info","message":"Server running --- from server.ts","timestamp":"2025-02-18T07:33:13.968Z"}
{"level":"info","message":"Router ------------booking ","timestamp":"2025-02-18T07:33:15.593Z"}
{"level":"info","message":"Server running --- from server.ts","timestamp":"2025-02-18T07:34:26.335Z"}
{"level":"info","message":"Router ------------booking ","timestamp":"2025-02-18T07:34:29.917Z"}
{"level":"info","message":"Server running --- from server.ts","timestamp":"2025-02-18T07:35:14.077Z"}
{"level":"info","message":"Router ------------booking ","timestamp":"2025-02-18T07:35:22.884Z"}
{"level":"info","message":"Server running --- from server.ts","timestamp":"2025-02-18T07:36:55.053Z"}
{"level":"info","message":"Router ------------booking ","timestamp":"2025-02-18T07:37:24.668Z"}
{"level":"info","message":"Server running --- from server.ts","timestamp":"2025-02-18T07:43:02.633Z"}
{"level":"info","message":"Server running --- from server.ts","timestamp":"2025-02-18T07:43:29.764Z"}
{"level":"info","message":"Server running --- from server.ts","timestamp":"2025-02-18T07:43:52.504Z"}
{"level":"info","message":"Server running --- from server.ts","timestamp":"2025-02-18T07:44:17.798Z"}
{"level":"info","message":"Router ------------booking ","timestamp":"2025-02-18T07:44:28.785Z"}
{"level":"info","message":"Server running --- from server.ts","timestamp":"2025-02-18T07:46:00.334Z"}
{"level":"info","message":"Server running --- from server.ts","timestamp":"2025-02-18T07:46:07.168Z"}
{"level":"info","message":"Router ------------booking ","timestamp":"2025-02-18T07:46:08.131Z"}
{"level":"info","message":"Server running --- from server.ts","timestamp":"2025-02-18T07:47:37.837Z"}
{"level":"info","message":"Server running --- from server.ts","timestamp":"2025-02-18T07:48:55.856Z"}
{"level":"info","message":"Server running --- from server.ts","timestamp":"2025-02-18T07:49:32.089Z"}
{"level":"info","message":"Server running --- from server.ts","timestamp":"2025-02-18T07:51:24.113Z"}
{"level":"info","message":"Router ------------booking ","timestamp":"2025-02-18T07:51:49.798Z"}
{"level":"info","message":"Server running --- from server.ts","timestamp":"2025-02-18T07:52:04.573Z"}
{"level":"info","message":"Server running --- from server.ts","timestamp":"2025-02-18T07:52:09.888Z"}
{"level":"info","message":"Router ------------booking ","timestamp":"2025-02-18T07:52:14.852Z"}
{"level":"info","message":"Server running --- from server.ts","timestamp":"2025-02-18T07:55:20.321Z"}
{"level":"info","message":"Router ------------booking ","timestamp":"2025-02-18T07:55:42.439Z"}
{"level":"info","message":"Server running --- from server.ts","timestamp":"2025-02-18T07:56:04.625Z"}
{"level":"info","message":"Server running --- from server.ts","timestamp":"2025-02-18T07:56:15.695Z"}
{"level":"info","message":"Server running --- from server.ts","timestamp":"2025-02-18T07:56:22.991Z"}
{"level":"info","message":"Router ------------booking ","timestamp":"2025-02-18T07:56:23.510Z"}
{"level":"info","message":"Server running --- from server.ts","timestamp":"2025-02-18T08:06:32.258Z"}
{"level":"info","message":"Router ------------booking ","timestamp":"2025-02-18T08:08:28.354Z"}
{"level":"info","message":"Router ------------booking ","timestamp":"2025-02-18T08:09:29.496Z"}
{"level":"info","message":"Router ------------booking ","timestamp":"2025-02-18T08:09:52.351Z"}
{"level":"info","message":"Server running --- from server.ts","timestamp":"2025-02-18T08:17:25.705Z"}
{"level":"info","message":"Server running --- from server.ts","timestamp":"2025-02-18T08:17:40.234Z"}
{"level":"info","message":"Server running --- from server.ts","timestamp":"2025-02-18T08:18:19.545Z"}
{"level":"info","message":"Server running --- from server.ts","timestamp":"2025-02-18T08:18:29.328Z"}
{"level":"info","message":"Server running --- from server.ts","timestamp":"2025-02-18T08:18:55.748Z"}
{"level":"info","message":"Server running --- from server.ts","timestamp":"2025-02-18T08:19:21.468Z"}
{"level":"info","message":"Server running --- from server.ts","timestamp":"2025-02-18T08:19:33.851Z"}
{"level":"info","message":"Router ------------view Past booking ","timestamp":"2025-02-18T08:22:28.338Z"}
{"level":"info","message":"Server running --- from server.ts","timestamp":"2025-02-18T08:22:59.380Z"}
{"level":"info","message":"Router ------------view Past booking ","timestamp":"2025-02-18T08:22:59.533Z"}
{"level":"info","message":"Server running --- from server.ts","timestamp":"2025-02-18T08:26:46.838Z"}
{"level":"info","message":"Server running --- from server.ts","timestamp":"2025-02-18T08:27:19.594Z"}
{"level":"info","message":"Server running --- from server.ts","timestamp":"2025-02-18T08:27:39.577Z"}
{"level":"info","message":"Server running --- from server.ts","timestamp":"2025-02-18T08:27:49.704Z"}
{"level":"info","message":"Server running --- from server.ts","timestamp":"2025-02-18T08:28:15.899Z"}
{"level":"info","message":"Server running --- from server.ts","timestamp":"2025-02-18T08:28:48.984Z"}
{"level":"info","message":"Router ------------add Report ","timestamp":"2025-02-18T08:28:50.092Z"}
{"level":"info","message":"Server running --- from server.ts","timestamp":"2025-02-18T08:29:25.238Z"}
{"level":"info","message":"Router ------------add Report ","timestamp":"2025-02-18T08:29:25.581Z"}
{"level":"info","message":"Server running --- from server.ts","timestamp":"2025-02-18T08:29:57.946Z"}
{"level":"info","message":"Server running --- from server.ts","timestamp":"2025-02-18T09:42:56.729Z"}
{"level":"info","message":"Router ------------add Report ","timestamp":"2025-02-18T09:44:23.552Z"}
{"level":"info","message":"Server running --- from server.ts","timestamp":"2025-02-18T09:48:49.583Z"}
{"level":"info","message":"Server running --- from server.ts","timestamp":"2025-02-18T09:49:18.052Z"}
{"level":"info","message":"Server running --- from server.ts","timestamp":"2025-02-18T09:49:53.063Z"}
{"level":"info","message":"Server running --- from server.ts","timestamp":"2025-02-18T09:50:02.345Z"}
{"level":"info","message":"Server running --- from server.ts","timestamp":"2025-02-18T09:50:50.910Z"}
{"level":"info","message":"Server running --- from server.ts","timestamp":"2025-02-18T09:52:22.609Z"}
{"level":"info","message":"Server running --- from server.ts","timestamp":"2025-02-18T09:54:26.375Z"}
{"level":"info","message":"Server running --- from server.ts","timestamp":"2025-02-18T09:54:42.498Z"}
{"level":"info","message":"Router ------------add Report ","timestamp":"2025-02-18T09:55:00.261Z"}
{"level":"info","message":"Server running --- from server.ts","timestamp":"2025-02-18T09:55:33.842Z"}
{"level":"info","message":"Router ------------add Report ","timestamp":"2025-02-18T09:55:35.049Z"}
{"level":"info","message":"Server running --- from server.ts","timestamp":"2025-02-18T10:01:15.126Z"}
{"level":"info","message":"Server running --- from server.ts","timestamp":"2025-02-18T10:01:53.920Z"}
{"level":"info","message":"Server running --- from server.ts","timestamp":"2025-02-18T10:02:02.000Z"}
{"level":"info","message":"Server running --- from server.ts","timestamp":"2025-02-18T10:02:15.628Z"}
{"level":"info","message":"Router ------------add Report ","timestamp":"2025-02-18T10:02:39.044Z"}
{"level":"info","message":"Router ------------add Report ","timestamp":"2025-02-18T10:03:37.217Z"}
{"level":"info","message":"Server running --- from server.ts","timestamp":"2025-02-18T10:05:34.643Z"}
{"level":"info","message":"Server running --- from server.ts","timestamp":"2025-02-18T10:05:41.762Z"}
{"level":"info","message":"Router ------------add Report ","timestamp":"2025-02-18T10:05:43.805Z"}
{"level":"info","message":"Server running --- from server.ts","timestamp":"2025-02-18T10:08:10.975Z"}
{"level":"info","message":"Router ------------add Report ","timestamp":"2025-02-18T10:08:11.709Z"}
{"level":"info","message":"Server running --- from server.ts","timestamp":"2025-02-18T10:09:30.359Z"}
{"level":"info","message":"Router ------------add Report ","timestamp":"2025-02-18T10:09:31.297Z"}
{"level":"info","message":"Server running --- from server.ts","timestamp":"2025-02-18T10:12:40.902Z"}
{"level":"info","message":"Server running --- from server.ts","timestamp":"2025-02-18T10:12:56.850Z"}
{"level":"info","message":"Router ------------add Report ","timestamp":"2025-02-18T10:12:57.157Z"}
{"level":"info","message":"Router ------------add Report ","timestamp":"2025-02-18T10:14:18.916Z"}
{"level":"info","message":"Server running --- from server.ts","timestamp":"2025-02-18T10:24:03.022Z"}
{"level":"info","message":"Server running --- from server.ts","timestamp":"2025-02-18T10:24:42.006Z"}
{"level":"info","message":"Server running --- from server.ts","timestamp":"2025-02-18T10:26:14.864Z"}
{"level":"info","message":"Server running --- from server.ts","timestamp":"2025-02-18T10:37:30.961Z"}
{"level":"info","message":"Server running --- from server.ts","timestamp":"2025-02-18T10:37:42.160Z"}
{"level":"error","message":"Server not running ---  New route /api/v1/route/bookingTest conflicts with existing /api/v1/route/bookingTest","name":"AssertError","stack":"AssertError: New route /api/v1/route/bookingTest conflicts with existing /api/v1/route/bookingTest\n    at module.exports.internals.Segment.internals.Segment.add (C:\\Users\\INDHU\\Desktop\\JP-Backend\\node_modules\\@hapi\\call\\lib\\segment.js:47:14)\n    at exports.Router.internals.Router.internals.Router.add (C:\\Users\\INDHU\\Desktop\\JP-Backend\\node_modules\\@hapi\\call\\lib\\index.js:65:16)\n    at internals.Server._addRoute (C:\\Users\\INDHU\\Desktop\\JP-Backend\\node_modules\\@hapi\\hapi\\lib\\server.js:529:46)\n    at internals.Server.route (C:\\Users\\INDHU\\Desktop\\JP-Backend\\node_modules\\@hapi\\hapi\\lib\\server.js:518:22)\n    at C:\\Users\\INDHU\\Desktop\\JP-Backend\\src\\api\\booking\\routes.ts:11:14\n    at new Promise (<anonymous>)\n    at bookingRoutes.<anonymous> (C:\\Users\\INDHU\\Desktop\\JP-Backend\\src\\api\\booking\\routes.ts:9:12)\n    at Generator.next (<anonymous>)\n    at C:\\Users\\INDHU\\Desktop\\JP-Backend\\src\\api\\booking\\routes.ts:8:71\n    at new Promise (<anonymous>)","timestamp":"2025-02-18T10:38:02.314Z"}
{"level":"info","message":"Server running --- from server.ts","timestamp":"2025-02-18T10:38:44.928Z"}
{"level":"info","message":"Server running --- from server.ts","timestamp":"2025-02-18T10:38:58.018Z"}
{"level":"info","message":"Server running --- from server.ts","timestamp":"2025-02-18T10:39:19.656Z"}
{"level":"info","message":"Server running --- from server.ts","timestamp":"2025-02-18T10:48:39.688Z"}
{"level":"info","message":"Router ------------update Booking ","timestamp":"2025-02-18T10:50:00.913Z"}
{"level":"error","message":"Error in update Booking: this.adminRepository.updateBookingV1 is not a function","stack":"TypeError: this.adminRepository.updateBookingV1 is not a function\n    at bookingResolver.<anonymous> (C:\\Users\\INDHU\\Desktop\\JP-Backend\\src\\api\\booking\\resolver.ts:24:39)\n    at Generator.next (<anonymous>)\n    at C:\\Users\\INDHU\\Desktop\\JP-Backend\\src\\api\\booking\\resolver.ts:8:71\n    at new Promise (<anonymous>)\n    at __awaiter (C:\\Users\\INDHU\\Desktop\\JP-Backend\\src\\api\\booking\\resolver.ts:4:12)\n    at bookingResolver.updateBookingV1 (C:\\Users\\INDHU\\Desktop\\JP-Backend\\src\\api\\booking\\resolver.ts:24:16)\n    at booking.<anonymous> (C:\\Users\\INDHU\\Desktop\\JP-Backend\\src\\api\\booking\\controller.ts:57:36)\n    at Generator.next (<anonymous>)\n    at C:\\Users\\INDHU\\Desktop\\JP-Backend\\src\\api\\booking\\controller.ts:8:71\n    at new Promise (<anonymous>)","timestamp":"2025-02-18T10:50:00.930Z"}
{"level":"info","message":"Server running --- from server.ts","timestamp":"2025-02-18T10:50:23.090Z"}
{"level":"info","message":"Router ------------update Booking ","timestamp":"2025-02-18T10:50:23.572Z"}
{"level":"info","message":"Router ------------update Booking ","timestamp":"2025-02-18T10:51:09.800Z"}
{"level":"info","message":"Router ------------update Booking ","timestamp":"2025-02-18T10:51:11.658Z"}
{"level":"info","message":"Server running --- from server.ts","timestamp":"2025-02-18T10:52:07.573Z"}
{"level":"info","message":"Router ------------update Booking ","timestamp":"2025-02-18T10:52:08.938Z"}
{"level":"info","message":"Router ------------update Booking ","timestamp":"2025-02-18T10:52:10.675Z"}
{"level":"info","message":"Server running --- from server.ts","timestamp":"2025-02-18T10:52:38.190Z"}
{"level":"info","message":"Server running --- from server.ts","timestamp":"2025-02-18T10:54:11.541Z"}
{"level":"info","message":"Router ------------update Booking ","timestamp":"2025-02-18T10:54:11.867Z"}
{"level":"info","message":"Router ------------update Booking ","timestamp":"2025-02-18T10:54:12.429Z"}
{"level":"info","message":"Server running --- from server.ts","timestamp":"2025-02-18T10:54:48.254Z"}
{"level":"info","message":"Server running --- from server.ts","timestamp":"2025-02-18T10:54:57.704Z"}
{"level":"info","message":"Server running --- from server.ts","timestamp":"2025-02-18T10:55:04.642Z"}
{"level":"info","message":"Router ------------update Booking ","timestamp":"2025-02-18T10:55:05.943Z"}
{"level":"info","message":"Server running --- from server.ts","timestamp":"2025-02-18T10:55:50.415Z"}
{"level":"info","message":"Router ------------update Booking ","timestamp":"2025-02-18T10:56:46.753Z"}
{"level":"info","message":"Server running --- from server.ts","timestamp":"2025-02-18T10:57:06.526Z"}
{"level":"info","message":"Router ------------update Booking ","timestamp":"2025-02-18T10:57:10.516Z"}
{"level":"info","message":"Server running --- from server.ts","timestamp":"2025-02-18T10:57:48.505Z"}
{"level":"info","message":"Router ------------update Booking ","timestamp":"2025-02-18T10:57:52.711Z"}
{"level":"info","message":"Router ------------update Booking ","timestamp":"2025-02-18T10:58:01.800Z"}
{"level":"info","message":"Router ------------update Booking ","timestamp":"2025-02-18T10:58:02.946Z"}
{"level":"info","message":"Router ------------update Booking ","timestamp":"2025-02-18T10:59:17.699Z"}
{"level":"info","message":"Server running --- from server.ts","timestamp":"2025-02-18T11:00:13.659Z"}
{"level":"info","message":"Router ------------update Booking ","timestamp":"2025-02-18T11:00:19.229Z"}
{"level":"info","message":"Router ------------update Booking ","timestamp":"2025-02-18T11:00:20.691Z"}
{"level":"info","message":"Server running --- from server.ts","timestamp":"2025-02-18T11:01:24.645Z"}
{"level":"info","message":"Server running --- from server.ts","timestamp":"2025-02-18T11:01:30.709Z"}
{"level":"info","message":"Router ------------update Booking ","timestamp":"2025-02-18T11:01:45.062Z"}
{"level":"info","message":"Router ------------update Booking ","timestamp":"2025-02-18T11:01:46.311Z"}
{"level":"info","message":"Router ------------update Booking ","timestamp":"2025-02-18T11:03:16.932Z"}
{"level":"info","message":"Router ------------update Booking ","timestamp":"2025-02-18T11:03:56.456Z"}
{"level":"info","message":"Server running --- from server.ts","timestamp":"2025-02-18T11:17:19.337Z"}
{"level":"info","message":"Server running --- from server.ts","timestamp":"2025-02-18T11:17:33.971Z"}
{"level":"info","message":"Server running --- from server.ts","timestamp":"2025-02-18T11:44:27.318Z"}
{"level":"info","message":"Server running --- from server.ts","timestamp":"2025-02-18T11:46:22.764Z"}
{"level":"info","message":"Router ------------update Booking ","timestamp":"2025-02-18T11:46:27.210Z"}
{"level":"info","message":"Server running --- from server.ts","timestamp":"2025-02-18T11:47:16.697Z"}
{"level":"info","message":"Router ------------update Booking ","timestamp":"2025-02-18T11:47:17.325Z"}
{"level":"info","message":"Server running --- from server.ts","timestamp":"2025-02-18T11:47:51.776Z"}
{"level":"info","message":"Server running --- from server.ts","timestamp":"2025-02-18T11:49:07.592Z"}
{"level":"info","message":"Server running --- from server.ts","timestamp":"2025-02-18T11:49:37.186Z"}
{"level":"info","message":"Server running --- from server.ts","timestamp":"2025-02-18T11:52:31.808Z"}
{"level":"info","message":"Router ------------update Booking ","timestamp":"2025-02-18T11:52:41.050Z"}
{"level":"info","message":"Server running --- from server.ts","timestamp":"2025-02-18T11:57:51.981Z"}
{"level":"info","message":"Router ------------update Booking ","timestamp":"2025-02-18T11:59:09.733Z"}
{"level":"info","message":"Server running --- from server.ts","timestamp":"2025-02-18T11:59:52.901Z"}
{"level":"info","message":"Router ------------update Booking ","timestamp":"2025-02-18T11:59:54.204Z"}
{"level":"info","message":"Router ------------update Booking ","timestamp":"2025-02-18T11:59:55.467Z"}
{"level":"info","message":"Server running --- from server.ts","timestamp":"2025-02-18T12:06:04.192Z"}
{"level":"info","message":"Server running --- from server.ts","timestamp":"2025-02-18T12:06:32.050Z"}
{"level":"info","message":"Router ------------update Booking ","timestamp":"2025-02-18T12:06:32.742Z"}
{"level":"info","message":"Server running --- from server.ts","timestamp":"2025-02-18T12:07:12.563Z"}
{"level":"info","message":"Router ------------update Booking ","timestamp":"2025-02-18T12:07:14.875Z"}
{"level":"info","message":"Server running --- from server.ts","timestamp":"2025-02-18T12:07:44.781Z"}
{"level":"info","message":"Router ------------update Booking ","timestamp":"2025-02-18T12:07:46.727Z"}
{"level":"info","message":"Server running --- from server.ts","timestamp":"2025-02-18T12:08:22.513Z"}
{"level":"info","message":"Router ------------update Booking ","timestamp":"2025-02-18T12:08:25.054Z"}
{"level":"info","message":"Server running --- from server.ts","timestamp":"2025-02-18T12:09:16.433Z"}
{"level":"info","message":"Server running --- from server.ts","timestamp":"2025-02-18T12:09:20.944Z"}
{"level":"info","message":"Router ------------update Booking ","timestamp":"2025-02-18T12:09:23.832Z"}
{"level":"info","message":"Router ------------update Booking ","timestamp":"2025-02-18T12:10:14.048Z"}
{"level":"info","message":"Server running --- from server.ts","timestamp":"2025-02-18T12:10:57.007Z"}
{"level":"error","message":"Server not running ---  New route /api/v1/route/viewPastBooking conflicts with existing /api/v1/route/viewPastBooking","name":"AssertError","stack":"AssertError: New route /api/v1/route/viewPastBooking conflicts with existing /api/v1/route/viewPastBooking\n    at module.exports.internals.Segment.internals.Segment.add (C:\\Users\\INDHU\\Desktop\\JP-Backend\\node_modules\\@hapi\\call\\lib\\segment.js:47:14)\n    at exports.Router.internals.Router.internals.Router.add (C:\\Users\\INDHU\\Desktop\\JP-Backend\\node_modules\\@hapi\\call\\lib\\index.js:65:16)\n    at internals.Server._addRoute (C:\\Users\\INDHU\\Desktop\\JP-Backend\\node_modules\\@hapi\\hapi\\lib\\server.js:529:46)\n    at internals.Server.route (C:\\Users\\INDHU\\Desktop\\JP-Backend\\node_modules\\@hapi\\hapi\\lib\\server.js:518:22)\n    at C:\\Users\\INDHU\\Desktop\\JP-Backend\\src\\api\\booking\\routes.ts:11:14\n    at new Promise (<anonymous>)\n    at bookingRoutes.<anonymous> (C:\\Users\\INDHU\\Desktop\\JP-Backend\\src\\api\\booking\\routes.ts:9:12)\n    at Generator.next (<anonymous>)\n    at C:\\Users\\INDHU\\Desktop\\JP-Backend\\src\\api\\booking\\routes.ts:8:71\n    at new Promise (<anonymous>)","timestamp":"2025-02-18T12:18:46.726Z"}
{"level":"info","message":"Server running --- from server.ts","timestamp":"2025-02-18T12:18:52.743Z"}
{"level":"info","message":"Server running --- from server.ts","timestamp":"2025-02-18T12:19:25.943Z"}
{"level":"info","message":"Server running --- from server.ts","timestamp":"2025-02-18T12:19:41.604Z"}
{"level":"info","message":"Server running --- from server.ts","timestamp":"2025-02-18T12:19:49.445Z"}
{"level":"info","message":"Server running --- from server.ts","timestamp":"2025-02-18T12:20:12.508Z"}
{"level":"info","message":"Server running --- from server.ts","timestamp":"2025-02-18T12:20:24.292Z"}
{"level":"info","message":"Server running --- from server.ts","timestamp":"2025-02-18T12:20:38.459Z"}
{"level":"info","message":"Server running --- from server.ts","timestamp":"2025-02-18T12:22:16.305Z"}
{"level":"info","message":"Server running --- from server.ts","timestamp":"2025-02-18T12:22:25.202Z"}
{"level":"info","message":"Server running --- from server.ts","timestamp":"2025-02-18T12:24:33.095Z"}
{"level":"info","message":"Router ------------payment Mode ","timestamp":"2025-02-18T12:24:48.977Z"}
{"level":"info","message":"Server running --- from server.ts","timestamp":"2025-02-18T12:26:21.302Z"}
{"level":"info","message":"Router ------------payment Mode ","timestamp":"2025-02-18T12:26:22.357Z"}
