{"level":"info","message":"Server running --- from server.ts","timestamp":"2025-04-08T04:49:31.253Z"}
{"level":"info","message":"Router ------------admin login","timestamp":"2025-04-08T04:50:29.053Z"}
{"level":"info","message":"Server running --- from server.ts","timestamp":"2025-04-08T04:52:19.926Z"}
{"level":"info","message":"Server running --- from server.ts","timestamp":"2025-04-08T04:52:34.974Z"}
{"level":"info","message":"Server running --- from server.ts","timestamp":"2025-04-08T04:52:39.584Z"}
{"level":"info","message":"Router ------------admin login","timestamp":"2025-04-08T04:52:39.718Z"}
{"level":"info","message":"Router ------------admin login","timestamp":"2025-04-08T04:53:14.547Z"}
{"level":"info","message":"Router ------------admin login","timestamp":"2025-04-08T04:55:41.785Z"}
{"level":"info","message":"Router ------------admin login","timestamp":"2025-04-08T04:55:56.929Z"}
{"level":"info","message":"Router-----get partners","timestamp":"2025-04-08T05:14:34.590Z"}
{"level":"info","message":"Router-----get price","timestamp":"2025-04-08T05:14:34.610Z"}
{"level":"info","message":"Router-----get price","timestamp":"2025-04-08T05:14:34.979Z"}
{"level":"info","message":"Router-----get partners","timestamp":"2025-04-08T05:14:35.002Z"}
{"level":"info","message":"Router-----get partners","timestamp":"2025-04-08T05:25:21.078Z"}
{"level":"info","message":"Router-----get price","timestamp":"2025-04-08T05:25:21.096Z"}
{"level":"info","message":"Router-----get price","timestamp":"2025-04-08T05:25:21.467Z"}
{"level":"info","message":"Router-----get partners","timestamp":"2025-04-08T05:25:21.524Z"}
{"level":"info","message":"Router-----get partners","timestamp":"2025-04-08T05:25:39.823Z"}
{"level":"info","message":"Router-----get price","timestamp":"2025-04-08T05:25:39.836Z"}
{"level":"info","message":"Router-----get partners","timestamp":"2025-04-08T05:25:44.028Z"}
{"level":"info","message":"Router-----get price","timestamp":"2025-04-08T05:25:44.035Z"}
{"level":"info","message":"Router-----get partners","timestamp":"2025-04-08T05:25:47.668Z"}
{"level":"info","message":"Router-----get price","timestamp":"2025-04-08T05:25:47.678Z"}
{"level":"info","message":"Router-----get partners","timestamp":"2025-04-08T05:25:50.589Z"}
{"level":"info","message":"Router-----get price","timestamp":"2025-04-08T05:25:50.604Z"}
{"level":"info","message":"Router-----get partners","timestamp":"2025-04-08T05:25:57.179Z"}
{"level":"info","message":"Router-----get price","timestamp":"2025-04-08T05:25:57.237Z"}
{"level":"info","message":"Router-----get partners","timestamp":"2025-04-08T05:26:14.819Z"}
{"level":"info","message":"Router-----get price","timestamp":"2025-04-08T05:26:15.136Z"}
{"level":"info","message":"Router-----get partners","timestamp":"2025-04-08T05:26:20.588Z"}
{"level":"info","message":"Router-----get price","timestamp":"2025-04-08T05:26:20.592Z"}
{"level":"info","message":"Router-----get partners","timestamp":"2025-04-08T05:26:21.470Z"}
{"level":"info","message":"Router-----get price","timestamp":"2025-04-08T05:26:21.477Z"}
{"level":"info","message":"Router-----get partners","timestamp":"2025-04-08T05:26:54.136Z"}
{"level":"info","message":"Router-----get price","timestamp":"2025-04-08T05:26:54.141Z"}
{"level":"info","message":"Router-----get partners","timestamp":"2025-04-08T05:26:59.253Z"}
{"level":"info","message":"Router-----get price","timestamp":"2025-04-08T05:26:59.398Z"}
{"level":"info","message":"Router-----get partners","timestamp":"2025-04-08T05:27:15.813Z"}
{"level":"info","message":"Router-----get price","timestamp":"2025-04-08T05:27:15.822Z"}
{"level":"info","message":"Router-----get partners","timestamp":"2025-04-08T05:27:16.082Z"}
{"level":"info","message":"Router-----get price","timestamp":"2025-04-08T05:27:16.119Z"}
{"level":"info","message":"Router-----get partners","timestamp":"2025-04-08T05:29:06.539Z"}
{"level":"info","message":"Router-----get price","timestamp":"2025-04-08T05:29:06.567Z"}
{"level":"info","message":"Router-----get partners","timestamp":"2025-04-08T05:29:19.215Z"}
{"level":"info","message":"Router-----get price","timestamp":"2025-04-08T05:29:19.227Z"}
{"level":"info","message":"Router-----get partners","timestamp":"2025-04-08T05:29:19.537Z"}
{"level":"info","message":"Router-----get price","timestamp":"2025-04-08T05:29:19.574Z"}
{"level":"info","message":"Router-----get partners","timestamp":"2025-04-08T05:29:46.551Z"}
{"level":"info","message":"Router-----get price","timestamp":"2025-04-08T05:29:46.566Z"}
{"level":"info","message":"Router-----get price","timestamp":"2025-04-08T05:29:46.843Z"}
{"level":"info","message":"Router-----get partners","timestamp":"2025-04-08T05:29:46.879Z"}
{"level":"info","message":"Router-----get partners","timestamp":"2025-04-08T05:30:25.847Z"}
{"level":"info","message":"Router-----get price","timestamp":"2025-04-08T05:30:25.860Z"}
{"level":"info","message":"Router-----get price","timestamp":"2025-04-08T05:30:26.176Z"}
{"level":"info","message":"Router-----get partners","timestamp":"2025-04-08T05:30:26.197Z"}
{"level":"info","message":"Router-----get partners","timestamp":"2025-04-08T06:16:47.512Z"}
{"level":"info","message":"Router-----get partners","timestamp":"2025-04-08T06:16:47.584Z"}
{"level":"info","message":"Router-----get partners","timestamp":"2025-04-08T06:17:13.098Z"}
{"level":"info","message":"Router-----get partners","timestamp":"2025-04-08T06:17:13.109Z"}
{"level":"info","message":"Router-----get partners","timestamp":"2025-04-08T06:17:43.835Z"}
{"level":"info","message":"Router-----get partners","timestamp":"2025-04-08T06:17:43.849Z"}
{"level":"info","message":"Router-----get partners","timestamp":"2025-04-08T06:17:57.745Z"}
{"level":"info","message":"Router-----get partners","timestamp":"2025-04-08T06:18:08.690Z"}
{"level":"info","message":"Router-----get partners","timestamp":"2025-04-08T06:18:08.709Z"}
{"level":"info","message":"Router-----get partners","timestamp":"2025-04-08T06:18:13.779Z"}
{"level":"info","message":"Router-----get price","timestamp":"2025-04-08T06:18:13.784Z"}
{"level":"info","message":"Router-----get partners","timestamp":"2025-04-08T06:18:13.796Z"}
{"level":"info","message":"Router-----get price","timestamp":"2025-04-08T06:18:13.800Z"}
{"level":"info","message":"Router ------------admin login","timestamp":"2025-04-08T06:18:44.947Z"}
{"level":"info","message":"Router ------------admin login","timestamp":"2025-04-08T06:19:26.688Z"}
{"level":"info","message":"Router-----get partners","timestamp":"2025-04-08T06:19:35.527Z"}
{"level":"info","message":"Router-----get partners","timestamp":"2025-04-08T06:19:35.859Z"}
{"level":"info","message":"Router-----get partners","timestamp":"2025-04-08T06:20:03.672Z"}
{"level":"info","message":"Router-----get partners","timestamp":"2025-04-08T06:20:04.480Z"}
{"level":"info","message":"Router-----add partner","timestamp":"2025-04-08T06:20:22.586Z"}
{"level":"info","message":"Router-----get partners","timestamp":"2025-04-08T06:20:23.419Z"}
{"level":"info","message":"Router-----add partner","timestamp":"2025-04-08T06:20:32.388Z"}
{"level":"info","message":"Router-----get partners","timestamp":"2025-04-08T06:20:32.693Z"}
{"level":"info","message":"Router-----get partners","timestamp":"2025-04-08T06:20:35.713Z"}
{"level":"info","message":"Router-----get partners","timestamp":"2025-04-08T06:20:35.830Z"}
{"level":"info","message":"Router-----get partners","timestamp":"2025-04-08T06:24:20.535Z"}
{"level":"info","message":"Router-----get price","timestamp":"2025-04-08T06:24:20.540Z"}
{"level":"info","message":"Router-----get partners","timestamp":"2025-04-08T06:24:31.652Z"}
{"level":"info","message":"Router-----get price","timestamp":"2025-04-08T06:24:31.663Z"}
{"level":"info","message":"Server running --- from server.ts","timestamp":"2025-04-08T06:24:45.833Z"}
{"level":"info","message":"Router-----get price","timestamp":"2025-04-08T06:24:46.005Z"}
{"level":"info","message":"Router-----get partners","timestamp":"2025-04-08T06:24:46.023Z"}
{"level":"info","message":"Router-----get partners","timestamp":"2025-04-08T06:24:47.118Z"}
{"level":"info","message":"Router-----get price","timestamp":"2025-04-08T06:24:47.131Z"}
{"level":"info","message":"Router-----get price","timestamp":"2025-04-08T06:24:59.274Z"}
{"level":"info","message":"Router-----get partners","timestamp":"2025-04-08T06:24:59.297Z"}
{"level":"info","message":"Router-----get price","timestamp":"2025-04-08T06:24:59.366Z"}
{"level":"info","message":"Router-----get partners","timestamp":"2025-04-08T06:24:59.385Z"}
{"level":"info","message":"Server running --- from server.ts","timestamp":"2025-04-08T06:25:09.805Z"}
{"level":"info","message":"Router-----get partners","timestamp":"2025-04-08T06:25:13.584Z"}
{"level":"info","message":"Router-----get price","timestamp":"2025-04-08T06:25:13.597Z"}
{"level":"info","message":"Router-----get price","timestamp":"2025-04-08T06:25:13.942Z"}
{"level":"info","message":"Router-----get partners","timestamp":"2025-04-08T06:25:13.962Z"}
{"level":"info","message":"Router-----add price","timestamp":"2025-04-08T06:25:33.969Z"}
{"level":"info","message":"Router-----get partners","timestamp":"2025-04-08T06:25:37.875Z"}
{"level":"info","message":"Router-----get price","timestamp":"2025-04-08T06:25:37.885Z"}
{"level":"info","message":"Router-----get partners","timestamp":"2025-04-08T06:25:37.957Z"}
{"level":"info","message":"Router-----get price","timestamp":"2025-04-08T06:25:38.261Z"}
{"level":"info","message":"Router-----get customer","timestamp":"2025-04-08T06:27:07.824Z"}
{"level":"info","message":"Router-----get customer","timestamp":"2025-04-08T06:27:08.140Z"}
{"level":"info","message":"Router-----get customer","timestamp":"2025-04-08T06:27:20.146Z"}
{"level":"info","message":"Router-----get customer","timestamp":"2025-04-08T06:27:20.428Z"}
{"level":"info","message":"Router-----get partners","timestamp":"2025-04-08T06:27:23.860Z"}
{"level":"info","message":"Router-----get price","timestamp":"2025-04-08T06:27:23.868Z"}
{"level":"info","message":"Router-----get partners","timestamp":"2025-04-08T06:27:23.949Z"}
{"level":"info","message":"Router-----get price","timestamp":"2025-04-08T06:27:24.144Z"}
{"level":"info","message":"Router-----get category","timestamp":"2025-04-08T06:27:57.256Z"}
{"level":"info","message":"Router-----add get category","timestamp":"2025-04-08T06:27:57.267Z"}
{"level":"info","message":"Router-----get category","timestamp":"2025-04-08T06:27:57.551Z"}
{"level":"info","message":"Router-----add get category","timestamp":"2025-04-08T06:27:57.640Z"}
{"level":"info","message":"Router-----add Sub category","timestamp":"2025-04-08T06:28:08.880Z"}
{"level":"info","message":"Router-----get category","timestamp":"2025-04-08T06:28:09.594Z"}
{"level":"info","message":"Router-----add get category","timestamp":"2025-04-08T06:28:09.667Z"}
{"level":"info","message":"Router ------------add employee","timestamp":"2025-04-08T06:30:32.844Z"}
{"level":"info","message":"Router ------------add employee","timestamp":"2025-04-08T06:30:34.669Z"}
{"level":"info","message":"Router ------------add employee","timestamp":"2025-04-08T06:30:51.113Z"}
{"level":"info","message":"Router ------------add employee","timestamp":"2025-04-08T06:33:10.605Z"}
{"level":"info","message":"Router ------------add employee","timestamp":"2025-04-08T06:33:10.917Z"}
{"level":"info","message":"Router ------------add employee","timestamp":"2025-04-08T06:42:45.637Z"}
{"level":"info","message":"Router ------------add employee","timestamp":"2025-04-08T06:42:46.045Z"}
{"level":"info","message":"Router ------------get Usertype","timestamp":"2025-04-08T06:43:42.961Z"}
{"level":"info","message":"Router ------------get Usertype","timestamp":"2025-04-08T06:43:45.834Z"}
{"level":"info","message":"Router ------------add employee","timestamp":"2025-04-08T06:44:21.022Z"}
{"level":"info","message":"Router ------------add employee","timestamp":"2025-04-08T06:44:21.032Z"}
{"level":"info","message":"Router ------------add employee","timestamp":"2025-04-08T06:44:27.319Z"}
{"level":"info","message":"Router ------------add employee","timestamp":"2025-04-08T06:44:32.960Z"}
{"level":"info","message":"Router ------------get Usertype","timestamp":"2025-04-08T06:44:43.700Z"}
{"level":"info","message":"Router ------------get Usertype","timestamp":"2025-04-08T06:44:45.057Z"}
{"level":"info","message":"Router ------------add employee","timestamp":"2025-04-08T06:45:10.990Z"}
{"level":"info","message":"Router ------------add employee","timestamp":"2025-04-08T06:45:10.993Z"}
{"level":"info","message":"Router ------------add employee","timestamp":"2025-04-08T06:46:26.818Z"}
{"level":"info","message":"Router ------------add employee","timestamp":"2025-04-08T06:46:36.218Z"}
{"level":"info","message":"Router ------------get Usertype","timestamp":"2025-04-08T06:47:56.681Z"}
{"level":"info","message":"Router ------------get Usertype","timestamp":"2025-04-08T06:47:56.991Z"}
{"level":"info","message":"Router ------------add employee","timestamp":"2025-04-08T06:48:20.234Z"}
{"level":"info","message":"Router ------------add employee","timestamp":"2025-04-08T06:48:20.237Z"}
{"level":"info","message":"Router ------------add employee","timestamp":"2025-04-08T06:48:56.411Z"}
{"level":"info","message":"Router ------------add employee","timestamp":"2025-04-08T06:48:56.710Z"}
{"level":"info","message":"Router ------------get Usertype","timestamp":"2025-04-08T06:54:08.875Z"}
{"level":"info","message":"Server running --- from server.ts","timestamp":"2025-04-08T06:54:27.860Z"}
{"level":"info","message":"Router ------------add employee","timestamp":"2025-04-08T07:00:54.019Z"}
{"level":"info","message":"Router ------------add employee","timestamp":"2025-04-08T07:01:13.996Z"}
{"level":"info","message":"Router ------------add employee","timestamp":"2025-04-08T07:01:26.745Z"}
{"level":"info","message":"Router ------------add employee","timestamp":"2025-04-08T07:01:46.743Z"}
{"level":"info","message":"Router ------------add employee","timestamp":"2025-04-08T07:11:23.846Z"}
{"level":"info","message":"Router ------------add employee","timestamp":"2025-04-08T07:11:24.458Z"}
{"level":"info","message":"Router ------------add employee","timestamp":"2025-04-08T07:11:47.897Z"}
{"level":"info","message":"Router-----get customer","timestamp":"2025-04-08T07:12:48.932Z"}
{"level":"info","message":"Router ------------add Report ","timestamp":"2025-04-08T07:12:48.951Z"}
{"level":"info","message":"Router-----get customer","timestamp":"2025-04-08T07:12:49.524Z"}
{"level":"info","message":"Router ------------add Report ","timestamp":"2025-04-08T07:12:49.586Z"}
{"level":"info","message":"Router-----get customer","timestamp":"2025-04-08T07:13:21.895Z"}
{"level":"info","message":"Router ------------add Report ","timestamp":"2025-04-08T07:13:21.904Z"}
{"level":"info","message":"Router-----get customer","timestamp":"2025-04-08T07:13:22.585Z"}
{"level":"info","message":"Router ------------add Report ","timestamp":"2025-04-08T07:13:22.589Z"}
{"level":"info","message":"Router-----get customer","timestamp":"2025-04-08T07:13:31.915Z"}
{"level":"info","message":"Router ------------add Report ","timestamp":"2025-04-08T07:13:31.922Z"}
{"level":"info","message":"Router-----get customer","timestamp":"2025-04-08T07:13:34.619Z"}
{"level":"info","message":"Router ------------add Report ","timestamp":"2025-04-08T07:13:34.627Z"}
{"level":"info","message":"Router-----get customer","timestamp":"2025-04-08T07:13:36.600Z"}
{"level":"info","message":"Router ------------add Report ","timestamp":"2025-04-08T07:13:36.608Z"}
{"level":"info","message":"Router-----get customer","timestamp":"2025-04-08T07:13:40.918Z"}
{"level":"info","message":"Router ------------add Report ","timestamp":"2025-04-08T07:13:40.937Z"}
{"level":"info","message":"Router-----get customer","timestamp":"2025-04-08T07:13:44.751Z"}
{"level":"info","message":"Router ------------add Report ","timestamp":"2025-04-08T07:13:44.757Z"}
{"level":"info","message":"Router-----get customer","timestamp":"2025-04-08T07:13:47.601Z"}
{"level":"info","message":"Router ------------add Report ","timestamp":"2025-04-08T07:13:47.607Z"}
{"level":"info","message":"Router-----get customer","timestamp":"2025-04-08T07:13:54.370Z"}
{"level":"info","message":"Router ------------add Report ","timestamp":"2025-04-08T07:13:54.389Z"}
{"level":"info","message":"Router-----get customer","timestamp":"2025-04-08T07:13:54.455Z"}
{"level":"info","message":"Router ------------add Report ","timestamp":"2025-04-08T07:13:54.588Z"}
{"level":"info","message":"Router ------------add employee","timestamp":"2025-04-08T07:14:01.761Z"}
{"level":"info","message":"Router ------------add employee","timestamp":"2025-04-08T07:14:01.828Z"}
{"level":"info","message":"Router-----get customer","timestamp":"2025-04-08T07:15:03.728Z"}
{"level":"info","message":"Router ------------add Report ","timestamp":"2025-04-08T07:15:03.733Z"}
{"level":"info","message":"Router-----get customer","timestamp":"2025-04-08T07:15:04.238Z"}
{"level":"info","message":"Router ------------add Report ","timestamp":"2025-04-08T07:15:04.442Z"}
{"level":"info","message":"Router-----get customer","timestamp":"2025-04-08T07:15:18.484Z"}
{"level":"info","message":"Router ------------add Report ","timestamp":"2025-04-08T07:15:18.498Z"}
{"level":"info","message":"Router-----get customer","timestamp":"2025-04-08T07:15:19.159Z"}
{"level":"info","message":"Router ------------add Report ","timestamp":"2025-04-08T07:15:19.271Z"}
{"level":"info","message":"Router-----get customer","timestamp":"2025-04-08T07:35:18.997Z"}
{"level":"info","message":"Router ------------add Report ","timestamp":"2025-04-08T07:35:19.002Z"}
{"level":"info","message":"Router-----get customer","timestamp":"2025-04-08T07:35:19.350Z"}
{"level":"info","message":"Router ------------add Report ","timestamp":"2025-04-08T07:35:19.435Z"}
{"level":"info","message":"Router ------------add employee","timestamp":"2025-04-08T07:35:46.298Z"}
{"level":"info","message":"Router ------------add employee","timestamp":"2025-04-08T07:35:46.598Z"}
{"level":"info","message":"Router-----get customer","timestamp":"2025-04-08T07:36:41.556Z"}
{"level":"info","message":"Router ------------view Past booking ","timestamp":"2025-04-08T07:36:41.565Z"}
{"level":"info","message":"Router-----get partners","timestamp":"2025-04-08T07:36:41.571Z"}
{"level":"info","message":"Router ------------transaction Mapping ","timestamp":"2025-04-08T07:36:41.584Z"}
{"level":"info","message":"Router-----get customer","timestamp":"2025-04-08T07:36:41.828Z"}
{"level":"info","message":"Router ------------view Past booking ","timestamp":"2025-04-08T07:36:41.861Z"}
{"level":"info","message":"Router-----get partners","timestamp":"2025-04-08T07:36:41.902Z"}
{"level":"info","message":"Router ------------transaction Mapping ","timestamp":"2025-04-08T07:36:42.111Z"}
{"level":"info","message":"Router-----get partners","timestamp":"2025-04-08T07:37:40.692Z"}
{"level":"info","message":"Router ------------transaction Mapping ","timestamp":"2025-04-08T07:37:40.699Z"}
{"level":"info","message":"Router-----get partners","timestamp":"2025-04-08T07:37:40.953Z"}
{"level":"info","message":"Router ------------transaction Mapping ","timestamp":"2025-04-08T07:37:41.125Z"}
{"level":"info","message":"Router-----get partners","timestamp":"2025-04-08T07:37:49.066Z"}
{"level":"info","message":"Router-----get customer","timestamp":"2025-04-08T07:37:49.072Z"}
{"level":"info","message":"Router ------------view Past booking ","timestamp":"2025-04-08T07:37:49.075Z"}
{"level":"info","message":"Router ------------transaction Mapping ","timestamp":"2025-04-08T07:37:49.079Z"}
{"level":"info","message":"Router-----get partners","timestamp":"2025-04-08T07:37:49.134Z"}
{"level":"info","message":"Router-----get customer","timestamp":"2025-04-08T07:37:49.141Z"}
{"level":"info","message":"Router ------------view Past booking ","timestamp":"2025-04-08T07:37:49.455Z"}
{"level":"info","message":"Router ------------transaction Mapping ","timestamp":"2025-04-08T07:37:49.683Z"}
{"level":"info","message":"Router-----get partners","timestamp":"2025-04-08T07:37:49.923Z"}
{"level":"info","message":"Router ------------transaction Mapping ","timestamp":"2025-04-08T07:37:49.929Z"}
{"level":"info","message":"Router-----get partners","timestamp":"2025-04-08T07:37:49.974Z"}
{"level":"info","message":"Router ------------transaction Mapping ","timestamp":"2025-04-08T07:37:50.120Z"}
{"level":"info","message":"Router-----get partners","timestamp":"2025-04-08T07:43:55.467Z"}
{"level":"info","message":"Router ------------transaction Mapping ","timestamp":"2025-04-08T07:43:55.491Z"}
{"level":"info","message":"Router-----get partners","timestamp":"2025-04-08T07:43:55.860Z"}
{"level":"info","message":"Router ------------transaction Mapping ","timestamp":"2025-04-08T07:43:56.114Z"}
{"level":"info","message":"Router-----get partners","timestamp":"2025-04-08T07:46:27.666Z"}
{"level":"info","message":"Router ------------transaction Mapping ","timestamp":"2025-04-08T07:46:27.684Z"}
{"level":"info","message":"Router-----get partners","timestamp":"2025-04-08T07:46:28.386Z"}
{"level":"info","message":"Router ------------transaction Mapping ","timestamp":"2025-04-08T07:46:28.671Z"}
{"level":"info","message":"Router-----get partners","timestamp":"2025-04-08T07:46:50.356Z"}
{"level":"info","message":"Router-----get customer","timestamp":"2025-04-08T07:46:50.370Z"}
{"level":"info","message":"Router ------------view Past booking ","timestamp":"2025-04-08T07:46:50.383Z"}
{"level":"info","message":"Router ------------transaction Mapping ","timestamp":"2025-04-08T07:46:50.390Z"}
{"level":"info","message":"Router-----get customer","timestamp":"2025-04-08T07:46:50.685Z"}
{"level":"info","message":"Router-----get partners","timestamp":"2025-04-08T07:46:50.692Z"}
{"level":"info","message":"Router ------------view Past booking ","timestamp":"2025-04-08T07:46:50.725Z"}
{"level":"info","message":"Router ------------transaction Mapping ","timestamp":"2025-04-08T07:46:50.835Z"}
{"level":"info","message":"Router ------------transaction Mapping ","timestamp":"2025-04-08T07:50:55.051Z"}
{"level":"info","message":"Router-----get partners","timestamp":"2025-04-08T07:50:55.062Z"}
{"level":"info","message":"Router-----get customer","timestamp":"2025-04-08T07:50:55.075Z"}
{"level":"info","message":"Router ------------view Past booking ","timestamp":"2025-04-08T07:50:55.083Z"}
{"level":"info","message":"Router-----get customer","timestamp":"2025-04-08T07:50:55.459Z"}
{"level":"info","message":"Router-----get partners","timestamp":"2025-04-08T07:50:55.524Z"}
{"level":"info","message":"Router ------------view Past booking ","timestamp":"2025-04-08T07:50:55.567Z"}
{"level":"info","message":"Router-----get partners","timestamp":"2025-04-08T07:50:55.659Z"}
{"level":"info","message":"Router-----get partners","timestamp":"2025-04-08T07:50:55.880Z"}
{"level":"info","message":"Router ------------transaction Mapping ","timestamp":"2025-04-08T07:50:55.941Z"}
{"level":"info","message":"Router ------------transaction Mapping ","timestamp":"2025-04-08T07:50:56.254Z"}
{"level":"info","message":"Router ------------transaction Mapping ","timestamp":"2025-04-08T07:50:56.539Z"}
{"level":"info","message":"Router ------------add employee","timestamp":"2025-04-08T07:50:57.847Z"}
{"level":"info","message":"Router ------------add employee","timestamp":"2025-04-08T07:50:57.935Z"}
{"level":"info","message":"Router-----get partners","timestamp":"2025-04-08T07:51:01.709Z"}
{"level":"info","message":"Router ------------transaction Mapping ","timestamp":"2025-04-08T07:51:01.718Z"}
{"level":"info","message":"Router-----get partners","timestamp":"2025-04-08T07:51:01.797Z"}
{"level":"info","message":"Router ------------transaction Mapping ","timestamp":"2025-04-08T07:51:01.983Z"}
