{"level":"info","message":"Server running --- from server.ts","timestamp":"2025-02-13T04:30:09.179Z"}
{"level":"info","message":"Router ------------admin login","timestamp":"2025-02-13T04:30:21.751Z"}
{"level":"info","message":"Router-----add Customer","timestamp":"2025-02-13T04:32:26.046Z"}
{"level":"info","message":"Server running --- from server.ts","timestamp":"2025-02-13T04:36:40.977Z"}
{"level":"info","message":"Server running --- from server.ts","timestamp":"2025-02-13T04:36:53.736Z"}
{"level":"info","message":"Router-----add Customer","timestamp":"2025-02-13T04:37:14.927Z"}
{"level":"info","message":"Router-----add Customer","timestamp":"2025-02-13T04:37:35.375Z"}
{"level":"info","message":"Server running --- from server.ts","timestamp":"2025-02-13T04:38:25.355Z"}
{"level":"info","message":"Router-----add Customer","timestamp":"2025-02-13T04:38:28.112Z"}
{"level":"info","message":"Server running --- from server.ts","timestamp":"2025-02-13T04:41:00.133Z"}
{"level":"info","message":"Server running --- from server.ts","timestamp":"2025-02-13T04:41:12.128Z"}
{"level":"info","message":"Server running --- from server.ts","timestamp":"2025-02-13T04:41:18.280Z"}
{"level":"info","message":"Server running --- from server.ts","timestamp":"2025-02-13T04:41:31.985Z"}
{"level":"info","message":"Server running --- from server.ts","timestamp":"2025-02-13T04:41:42.264Z"}
{"level":"info","message":"Server running --- from server.ts","timestamp":"2025-02-13T04:41:49.317Z"}
{"level":"info","message":"Server running --- from server.ts","timestamp":"2025-02-13T04:42:15.572Z"}
{"level":"info","message":"Router-----add Customer","timestamp":"2025-02-13T04:42:26.515Z"}
{"level":"info","message":"Server running --- from server.ts","timestamp":"2025-02-13T04:42:52.557Z"}
{"level":"info","message":"Router-----add Customer","timestamp":"2025-02-13T04:43:00.648Z"}
{"level":"info","message":"Server running --- from server.ts","timestamp":"2025-02-13T04:44:13.653Z"}
{"level":"info","message":"Router-----add Customer","timestamp":"2025-02-13T04:44:22.541Z"}
{"level":"info","message":"Server running --- from server.ts","timestamp":"2025-02-13T04:44:56.006Z"}
{"level":"info","message":"Router-----add Customer","timestamp":"2025-02-13T04:45:05.751Z"}
{"level":"info","message":"Server running --- from server.ts","timestamp":"2025-02-13T04:46:13.836Z"}
{"level":"info","message":"Router-----add Customer","timestamp":"2025-02-13T04:46:14.164Z"}
{"level":"info","message":"Server running --- from server.ts","timestamp":"2025-02-13T04:46:35.480Z"}
{"level":"info","message":"Server running --- from server.ts","timestamp":"2025-02-13T04:46:39.209Z"}
{"level":"info","message":"Router-----add Customer","timestamp":"2025-02-13T04:47:10.053Z"}
{"level":"info","message":"Server running --- from server.ts","timestamp":"2025-02-13T04:49:39.788Z"}
{"level":"info","message":"Server running --- from server.ts","timestamp":"2025-02-13T04:49:46.148Z"}
{"level":"info","message":"Server running --- from server.ts","timestamp":"2025-02-13T04:50:14.450Z"}
{"level":"info","message":"Server running --- from server.ts","timestamp":"2025-02-13T04:50:38.927Z"}
{"level":"info","message":"Server running --- from server.ts","timestamp":"2025-02-13T04:50:52.259Z"}
{"level":"info","message":"Server running --- from server.ts","timestamp":"2025-02-13T04:52:13.915Z"}
{"level":"info","message":"Server running --- from server.ts","timestamp":"2025-02-13T04:52:54.588Z"}
{"level":"info","message":"Server running --- from server.ts","timestamp":"2025-02-13T04:52:58.452Z"}
{"level":"info","message":"Server running --- from server.ts","timestamp":"2025-02-13T04:53:04.394Z"}
{"level":"info","message":"Server running --- from server.ts","timestamp":"2025-02-13T04:53:17.997Z"}
{"level":"info","message":"Server running --- from server.ts","timestamp":"2025-02-13T05:00:12.803Z"}
{"level":"info","message":"Server running --- from server.ts","timestamp":"2025-02-13T05:00:23.403Z"}
{"level":"info","message":"Server running --- from server.ts","timestamp":"2025-02-13T05:00:37.466Z"}
{"level":"info","message":"Server running --- from server.ts","timestamp":"2025-02-13T05:00:46.940Z"}
{"level":"info","message":"Server running --- from server.ts","timestamp":"2025-02-13T05:01:01.086Z"}
{"level":"info","message":"Server running --- from server.ts","timestamp":"2025-02-13T05:01:07.807Z"}
{"level":"info","message":"Server running --- from server.ts","timestamp":"2025-02-13T05:01:14.215Z"}
{"level":"info","message":"Server running --- from server.ts","timestamp":"2025-02-13T05:01:28.534Z"}
{"level":"info","message":"Server running --- from server.ts","timestamp":"2025-02-13T05:01:59.455Z"}
{"level":"info","message":"Server running --- from server.ts","timestamp":"2025-02-13T05:06:39.858Z"}
{"level":"info","message":"Router ------------booking ","timestamp":"2025-02-13T05:29:04.293Z"}
{"level":"info","message":"Server running --- from server.ts","timestamp":"2025-02-13T05:29:40.178Z"}
{"level":"info","message":"Server running --- from server.ts","timestamp":"2025-02-13T05:29:46.273Z"}
{"level":"info","message":"Server running --- from server.ts","timestamp":"2025-02-13T05:29:55.449Z"}
{"level":"info","message":"Server running --- from server.ts","timestamp":"2025-02-13T05:30:08.583Z"}
{"level":"info","message":"Router ------------booking ","timestamp":"2025-02-13T05:30:11.269Z"}
{"level":"info","message":"Server running --- from server.ts","timestamp":"2025-02-13T05:32:20.987Z"}
{"level":"info","message":"Server running --- from server.ts","timestamp":"2025-02-13T05:33:28.656Z"}
{"level":"info","message":"Server running --- from server.ts","timestamp":"2025-02-13T05:33:46.318Z"}
{"level":"info","message":"Router ------------booking ","timestamp":"2025-02-13T05:33:47.786Z"}
{"level":"info","message":"Server running --- from server.ts","timestamp":"2025-02-13T05:34:38.962Z"}
{"level":"info","message":"Router ------------booking ","timestamp":"2025-02-13T05:34:44.895Z"}
{"level":"info","message":"Router ------------booking ","timestamp":"2025-02-13T05:35:16.259Z"}
{"level":"info","message":"Router ------------booking ","timestamp":"2025-02-13T05:35:32.370Z"}
{"level":"info","message":"Router ------------booking ","timestamp":"2025-02-13T05:35:49.518Z"}
{"level":"info","message":"Server running --- from server.ts","timestamp":"2025-02-13T05:45:00.783Z"}
{"level":"info","message":"Router ------------booking ","timestamp":"2025-02-13T05:45:04.479Z"}
{"level":"info","message":"Server running --- from server.ts","timestamp":"2025-02-13T05:49:19.974Z"}
{"level":"info","message":"Router ------------booking ","timestamp":"2025-02-13T05:50:47.189Z"}
{"level":"info","message":"Server running --- from server.ts","timestamp":"2025-02-13T05:51:03.696Z"}
{"level":"info","message":"Server running --- from server.ts","timestamp":"2025-02-13T05:51:08.205Z"}
{"level":"info","message":"Router ------------booking ","timestamp":"2025-02-13T05:51:08.420Z"}
{"level":"info","message":"Router ------------booking ","timestamp":"2025-02-13T05:51:28.773Z"}
{"level":"info","message":"Server running --- from server.ts","timestamp":"2025-02-13T05:52:06.046Z"}
{"level":"info","message":"Server running --- from server.ts","timestamp":"2025-02-13T05:52:19.158Z"}
{"level":"info","message":"Router ------------booking ","timestamp":"2025-02-13T05:52:20.086Z"}
{"level":"info","message":"Server running --- from server.ts","timestamp":"2025-02-13T05:52:44.905Z"}
{"level":"info","message":"Server running --- from server.ts","timestamp":"2025-02-13T05:54:04.383Z"}
{"level":"info","message":"Server running --- from server.ts","timestamp":"2025-02-13T05:54:10.433Z"}
{"level":"info","message":"Router ------------booking ","timestamp":"2025-02-13T05:54:14.330Z"}
{"level":"info","message":"Server running --- from server.ts","timestamp":"2025-02-13T05:57:13.378Z"}
{"level":"info","message":"Server running --- from server.ts","timestamp":"2025-02-13T05:57:34.812Z"}
{"level":"info","message":"Server running --- from server.ts","timestamp":"2025-02-13T05:58:41.926Z"}
{"level":"info","message":"Router ------------booking ","timestamp":"2025-02-13T05:58:48.907Z"}
{"level":"info","message":"Server running --- from server.ts","timestamp":"2025-02-13T06:36:25.915Z"}
{"level":"info","message":"Server running --- from server.ts","timestamp":"2025-02-13T06:37:32.796Z"}
{"level":"info","message":"Server running --- from server.ts","timestamp":"2025-02-13T06:37:59.541Z"}
{"level":"info","message":"Server running --- from server.ts","timestamp":"2025-02-13T06:38:37.608Z"}
{"level":"info","message":"Server running --- from server.ts","timestamp":"2025-02-13T06:39:17.859Z"}
{"level":"info","message":"Server running --- from server.ts","timestamp":"2025-02-13T06:39:23.194Z"}
{"level":"info","message":"Server running --- from server.ts","timestamp":"2025-02-13T06:40:36.773Z"}
{"level":"info","message":"Server running --- from server.ts","timestamp":"2025-02-13T06:41:15.997Z"}
{"level":"info","message":"Server running --- from server.ts","timestamp":"2025-02-13T06:41:26.635Z"}
{"level":"info","message":"Server running --- from server.ts","timestamp":"2025-02-13T06:41:42.575Z"}
{"level":"info","message":"Router ------------booking ","timestamp":"2025-02-13T06:43:19.879Z"}
{"level":"info","message":"Router ------------booking ","timestamp":"2025-02-13T06:43:38.202Z"}
{"level":"info","message":"Router ------------booking ","timestamp":"2025-02-13T06:46:34.396Z"}
{"level":"info","message":"Server running --- from server.ts","timestamp":"2025-02-13T06:54:43.587Z"}
{"level":"info","message":"Server running --- from server.ts","timestamp":"2025-02-13T07:04:55.617Z"}
{"level":"info","message":"Server running --- from server.ts","timestamp":"2025-02-13T07:05:08.640Z"}
{"level":"info","message":"Router ------------view booking ","timestamp":"2025-02-13T07:06:08.338Z"}
{"level":"error","message":"Error in view booking: this.adminRepository.viewBookingV1 is not a function","stack":"TypeError: this.adminRepository.viewBookingV1 is not a function\n    at bookingResolver.<anonymous> (C:\\Users\\INDHU\\Desktop\\JP-Backend\\src\\api\\booking\\resolver.ts:12:39)\n    at Generator.next (<anonymous>)\n    at C:\\Users\\INDHU\\Desktop\\JP-Backend\\src\\api\\booking\\resolver.ts:8:71\n    at new Promise (<anonymous>)\n    at __awaiter (C:\\Users\\INDHU\\Desktop\\JP-Backend\\src\\api\\booking\\resolver.ts:4:12)\n    at bookingResolver.viewBookingV1 (C:\\Users\\INDHU\\Desktop\\JP-Backend\\src\\api\\booking\\resolver.ts:24:16)\n    at booking.<anonymous> (C:\\Users\\INDHU\\Desktop\\JP-Backend\\src\\api\\booking\\controller.ts:50:36)\n    at Generator.next (<anonymous>)\n    at C:\\Users\\INDHU\\Desktop\\JP-Backend\\src\\api\\booking\\controller.ts:8:71\n    at new Promise (<anonymous>)","timestamp":"2025-02-13T07:06:08.350Z"}
{"level":"info","message":"Server running --- from server.ts","timestamp":"2025-02-13T07:06:29.573Z"}
{"level":"info","message":"Router ------------view booking ","timestamp":"2025-02-13T07:06:30.299Z"}
{"level":"info","message":"Server running --- from server.ts","timestamp":"2025-02-13T07:08:52.583Z"}
{"level":"info","message":"Server running --- from server.ts","timestamp":"2025-02-13T07:08:56.568Z"}
{"level":"info","message":"Server running --- from server.ts","timestamp":"2025-02-13T07:09:02.052Z"}
{"level":"info","message":"Server running --- from server.ts","timestamp":"2025-02-13T07:11:43.435Z"}
{"level":"info","message":"Server running --- from server.ts","timestamp":"2025-02-13T07:11:59.765Z"}
{"level":"info","message":"Router-----update partner","timestamp":"2025-02-13T07:14:35.878Z"}
{"level":"info","message":"Server running --- from server.ts","timestamp":"2025-02-13T07:14:56.120Z"}
{"level":"info","message":"Server running --- from server.ts","timestamp":"2025-02-13T07:15:15.967Z"}
{"level":"info","message":"Server running --- from server.ts","timestamp":"2025-02-13T07:16:11.075Z"}
{"level":"info","message":"Router-----update partner","timestamp":"2025-02-13T07:16:12.014Z"}
{"level":"info","message":"Router-----get partners","timestamp":"2025-02-13T07:17:18.449Z"}
{"level":"info","message":"Server running --- from server.ts","timestamp":"2025-02-13T07:17:44.069Z"}
{"level":"info","message":"Router-----get partners","timestamp":"2025-02-13T07:17:49.602Z"}
{"level":"info","message":"Server running --- from server.ts","timestamp":"2025-02-13T07:18:17.649Z"}
{"level":"info","message":"Router-----get partners","timestamp":"2025-02-13T07:18:21.863Z"}
{"level":"info","message":"Server running --- from server.ts","timestamp":"2025-02-13T07:18:51.762Z"}
{"level":"info","message":"Router-----get partners","timestamp":"2025-02-13T07:18:56.942Z"}
{"level":"info","message":"Server running --- from server.ts","timestamp":"2025-02-13T07:25:22.132Z"}
{"level":"info","message":"Router-----get partners","timestamp":"2025-02-13T07:25:36.096Z"}
{"level":"info","message":"Server running --- from server.ts","timestamp":"2025-02-13T07:26:07.081Z"}
{"level":"info","message":"Router-----get partners","timestamp":"2025-02-13T07:26:08.244Z"}
{"level":"info","message":"Server running --- from server.ts","timestamp":"2025-02-13T07:26:28.390Z"}
{"level":"info","message":"Server running --- from server.ts","timestamp":"2025-02-13T07:26:51.872Z"}
{"level":"info","message":"Router-----get partners","timestamp":"2025-02-13T07:26:57.957Z"}
{"level":"info","message":"Server running --- from server.ts","timestamp":"2025-02-13T07:27:10.572Z"}
{"level":"info","message":"Server running --- from server.ts","timestamp":"2025-02-13T07:27:16.912Z"}
{"level":"info","message":"Server running --- from server.ts","timestamp":"2025-02-13T07:28:07.909Z"}
{"level":"info","message":"Router-----get partners","timestamp":"2025-02-13T07:28:11.046Z"}
{"level":"info","message":"Server running --- from server.ts","timestamp":"2025-02-13T07:28:35.882Z"}
{"level":"info","message":"Router-----get partners","timestamp":"2025-02-13T07:28:37.742Z"}
{"level":"info","message":"Server running --- from server.ts","timestamp":"2025-02-13T07:28:52.220Z"}
{"level":"info","message":"Router-----get partners","timestamp":"2025-02-13T07:28:54.431Z"}
{"level":"info","message":"Server running --- from server.ts","timestamp":"2025-02-13T07:29:15.121Z"}
{"level":"info","message":"Router-----get partners","timestamp":"2025-02-13T07:29:19.030Z"}
{"level":"info","message":"Server running --- from server.ts","timestamp":"2025-02-13T07:33:38.046Z"}
{"level":"info","message":"Server running --- from server.ts","timestamp":"2025-02-13T07:42:30.006Z"}
{"level":"info","message":"Router-----delete partner","timestamp":"2025-02-13T07:42:59.733Z"}
{"level":"error","message":"Error in delete partner Cannot read properties of undefined (reading 'id')","stack":"TypeError: Cannot read properties of undefined (reading 'id')\n    at adminRepository.<anonymous> (C:\\Users\\INDHU\\Desktop\\JP-Backend\\src\\api\\admin\\adminRepository.ts:398:35)\n    at Generator.next (<anonymous>)\n    at fulfilled (C:\\Users\\INDHU\\Desktop\\JP-Backend\\src\\api\\admin\\adminRepository.ts:5:58)\n    at processTicksAndRejections (node:internal/process/task_queues:105:5)","timestamp":"2025-02-13T07:42:59.854Z"}
{"level":"info","message":"Server running --- from server.ts","timestamp":"2025-02-13T07:44:58.925Z"}
{"level":"info","message":"Server running --- from server.ts","timestamp":"2025-02-13T07:47:05.030Z"}
{"level":"info","message":"Server running --- from server.ts","timestamp":"2025-02-13T07:47:19.493Z"}
{"level":"info","message":"Server running --- from server.ts","timestamp":"2025-02-13T07:47:25.722Z"}
{"level":"info","message":"Server running --- from server.ts","timestamp":"2025-02-13T07:47:33.760Z"}
{"level":"info","message":"Server running --- from server.ts","timestamp":"2025-02-13T07:47:40.276Z"}
{"level":"info","message":"Router-----delete partner","timestamp":"2025-02-13T07:47:41.104Z"}
{"level":"error","message":"Error in delete partner Cannot read properties of undefined (reading 'id')","stack":"TypeError: Cannot read properties of undefined (reading 'id')\n    at adminRepository.<anonymous> (C:\\Users\\INDHU\\Desktop\\JP-Backend\\src\\api\\admin\\adminRepository.ts:398:35)\n    at Generator.next (<anonymous>)\n    at fulfilled (C:\\Users\\INDHU\\Desktop\\JP-Backend\\src\\api\\admin\\adminRepository.ts:5:58)\n    at processTicksAndRejections (node:internal/process/task_queues:105:5)","timestamp":"2025-02-13T07:47:41.199Z"}
{"level":"info","message":"Server running --- from server.ts","timestamp":"2025-02-13T07:48:35.406Z"}
{"level":"info","message":"Server running --- from server.ts","timestamp":"2025-02-13T07:48:40.517Z"}
{"level":"info","message":"Server running --- from server.ts","timestamp":"2025-02-13T07:48:47.763Z"}
{"level":"info","message":"Router-----delete partner","timestamp":"2025-02-13T07:48:50.592Z"}
{"level":"info","message":"Server running --- from server.ts","timestamp":"2025-02-13T07:52:19.677Z"}
{"level":"info","message":"Server running --- from server.ts","timestamp":"2025-02-13T07:52:28.784Z"}
{"level":"info","message":"Server running --- from server.ts","timestamp":"2025-02-13T07:55:19.468Z"}
{"level":"info","message":"Server running --- from server.ts","timestamp":"2025-02-13T07:57:43.308Z"}
{"level":"info","message":"Server running --- from server.ts","timestamp":"2025-02-13T08:02:04.233Z"}
{"level":"info","message":"Router-----update Customer","timestamp":"2025-02-13T08:03:00.226Z"}
{"level":"error","message":"Error in update Customer Cannot read properties of undefined (reading 'id')","stack":"TypeError: Cannot read properties of undefined (reading 'id')\n    at adminRepository.<anonymous> (C:\\Users\\INDHU\\Desktop\\JP-Backend\\src\\api\\admin\\adminRepository.ts:566:35)\n    at Generator.next (<anonymous>)\n    at fulfilled (C:\\Users\\INDHU\\Desktop\\JP-Backend\\src\\api\\admin\\adminRepository.ts:5:58)\n    at processTicksAndRejections (node:internal/process/task_queues:105:5)","timestamp":"2025-02-13T08:03:00.328Z"}
{"level":"info","message":"Server running --- from server.ts","timestamp":"2025-02-13T08:03:34.162Z"}
{"level":"info","message":"Router-----update Customer","timestamp":"2025-02-13T08:03:41.849Z"}
{"level":"info","message":"Router-----update Customer","timestamp":"2025-02-13T08:04:01.889Z"}
{"level":"info","message":"Server running --- from server.ts","timestamp":"2025-02-13T08:05:18.365Z"}
{"level":"info","message":"Server running --- from server.ts","timestamp":"2025-02-13T08:05:35.275Z"}
{"level":"info","message":"Router-----update Customer","timestamp":"2025-02-13T08:05:38.884Z"}
{"level":"info","message":"Router-----update Customer","timestamp":"2025-02-13T08:06:33.966Z"}
{"level":"info","message":"Router-----update Customer","timestamp":"2025-02-13T08:07:02.980Z"}
{"level":"info","message":"Server running --- from server.ts","timestamp":"2025-02-13T08:07:43.858Z"}
{"level":"info","message":"Server running --- from server.ts","timestamp":"2025-02-13T08:08:06.910Z"}
{"level":"info","message":"Router-----update Customer","timestamp":"2025-02-13T08:08:15.747Z"}
{"level":"info","message":"Server running --- from server.ts","timestamp":"2025-02-13T08:09:05.633Z"}
{"level":"info","message":"Server running --- from server.ts","timestamp":"2025-02-13T08:09:22.221Z"}
{"level":"info","message":"Router-----update Customer","timestamp":"2025-02-13T08:09:22.754Z"}
{"level":"info","message":"Router-----update Customer","timestamp":"2025-02-13T08:09:40.765Z"}
{"level":"info","message":"Server running --- from server.ts","timestamp":"2025-02-13T08:11:03.597Z"}
{"level":"info","message":"Server running --- from server.ts","timestamp":"2025-02-13T08:13:21.578Z"}
{"level":"info","message":"Server running --- from server.ts","timestamp":"2025-02-13T08:13:26.870Z"}
{"level":"info","message":"Server running --- from server.ts","timestamp":"2025-02-13T08:14:43.313Z"}
{"level":"info","message":"Server running --- from server.ts","timestamp":"2025-02-13T08:14:53.110Z"}
{"level":"info","message":"Router-----update Customer","timestamp":"2025-02-13T08:15:45.746Z"}
{"level":"info","message":"Server running --- from server.ts","timestamp":"2025-02-13T08:16:09.276Z"}
{"level":"info","message":"Server running --- from server.ts","timestamp":"2025-02-13T08:20:37.655Z"}
{"level":"info","message":"Server running --- from server.ts","timestamp":"2025-02-13T08:21:12.668Z"}
{"level":"info","message":"Server running --- from server.ts","timestamp":"2025-02-13T09:11:35.746Z"}
{"level":"info","message":"Server running --- from server.ts","timestamp":"2025-02-13T09:13:12.800Z"}
{"level":"info","message":"Router-----delete Customer","timestamp":"2025-02-13T09:13:16.113Z"}
{"level":"error","message":"Error in delete Customer Cannot read properties of undefined (reading 'id')","stack":"TypeError: Cannot read properties of undefined (reading 'id')\n    at adminRepository.<anonymous> (C:\\Users\\INDHU\\Desktop\\JP-Backend\\src\\api\\admin\\adminRepository.ts:693:35)\n    at Generator.next (<anonymous>)\n    at fulfilled (C:\\Users\\INDHU\\Desktop\\JP-Backend\\src\\api\\admin\\adminRepository.ts:5:58)\n    at processTicksAndRejections (node:internal/process/task_queues:105:5)","timestamp":"2025-02-13T09:13:16.183Z"}
{"level":"info","message":"Server running --- from server.ts","timestamp":"2025-02-13T09:13:36.237Z"}
{"level":"info","message":"Server running --- from server.ts","timestamp":"2025-02-13T09:13:41.283Z"}
{"level":"info","message":"Router-----delete Customer","timestamp":"2025-02-13T09:13:42.759Z"}
{"level":"info","message":"Server running --- from server.ts","timestamp":"2025-02-13T09:14:13.838Z"}
{"level":"info","message":"Server running --- from server.ts","timestamp":"2025-02-13T09:14:28.075Z"}
{"level":"info","message":"Server running --- from server.ts","timestamp":"2025-02-13T09:14:41.937Z"}
{"level":"info","message":"Router-----delete Customer","timestamp":"2025-02-13T09:14:46.267Z"}
{"level":"info","message":"Router-----delete Customer","timestamp":"2025-02-13T09:15:26.365Z"}
{"level":"info","message":"Router-----delete Customer","timestamp":"2025-02-13T09:15:37.618Z"}
{"level":"info","message":"Server running --- from server.ts","timestamp":"2025-02-13T09:17:06.496Z"}
{"level":"info","message":"Server running --- from server.ts","timestamp":"2025-02-13T09:17:18.230Z"}
{"level":"info","message":"Router-----delete Customer","timestamp":"2025-02-13T09:17:25.426Z"}
{"level":"info","message":"Server running --- from server.ts","timestamp":"2025-02-13T09:18:11.525Z"}
{"level":"info","message":"Server running --- from server.ts","timestamp":"2025-02-13T09:20:36.963Z"}
{"level":"info","message":"Server running --- from server.ts","timestamp":"2025-02-13T09:21:33.212Z"}
{"level":"info","message":"Server running --- from server.ts","timestamp":"2025-02-13T09:21:37.639Z"}
{"level":"info","message":"Router-----delete Customer","timestamp":"2025-02-13T09:21:38.831Z"}
{"level":"info","message":"Router-----get customer","timestamp":"2025-02-13T09:24:03.695Z"}
{"level":"info","message":"Router-----get customer","timestamp":"2025-02-13T09:24:08.662Z"}
{"level":"info","message":"Server running --- from server.ts","timestamp":"2025-02-13T09:40:47.596Z"}
{"level":"info","message":"Server running --- from server.ts","timestamp":"2025-02-13T09:42:44.647Z"}
{"level":"info","message":"Server running --- from server.ts","timestamp":"2025-02-13T09:43:00.688Z"}
{"level":"info","message":"Server running --- from server.ts","timestamp":"2025-02-13T09:43:10.521Z"}
{"level":"info","message":"Server running --- from server.ts","timestamp":"2025-02-13T09:43:20.894Z"}
{"level":"info","message":"Router ------------add employee","timestamp":"2025-02-13T09:47:31.537Z"}
{"level":"info","message":"Server running --- from server.ts","timestamp":"2025-02-13T09:48:55.933Z"}
{"level":"info","message":"Server running --- from server.ts","timestamp":"2025-02-13T09:48:59.758Z"}
{"level":"info","message":"Router ------------admin login","timestamp":"2025-02-13T09:49:49.171Z"}
{"level":"info","message":"Server running --- from server.ts","timestamp":"2025-02-13T09:50:33.658Z"}
{"level":"info","message":"Router ------------admin login","timestamp":"2025-02-13T09:50:34.663Z"}
{"level":"info","message":"Server running --- from server.ts","timestamp":"2025-02-13T09:51:15.525Z"}
{"level":"info","message":"Router ------------admin login","timestamp":"2025-02-13T09:55:45.618Z"}
{"level":"info","message":"Server running --- from server.ts","timestamp":"2025-02-13T10:00:04.517Z"}
{"level":"info","message":"Router ------------admin login","timestamp":"2025-02-13T10:00:15.451Z"}
{"level":"info","message":"Server running --- from server.ts","timestamp":"2025-02-13T10:00:33.508Z"}
{"level":"info","message":"Router ------------admin login","timestamp":"2025-02-13T10:00:36.051Z"}
{"level":"info","message":"Router ------------admin login","timestamp":"2025-02-13T10:01:15.695Z"}
{"level":"info","message":"Server running --- from server.ts","timestamp":"2025-02-13T10:02:07.598Z"}
{"level":"info","message":"Router ------------admin login","timestamp":"2025-02-13T10:02:07.680Z"}
{"level":"info","message":"Router ------------admin login","timestamp":"2025-02-13T10:02:07.787Z"}
{"level":"info","message":"Router ------------admin login","timestamp":"2025-02-13T10:03:47.045Z"}
{"level":"info","message":"Server running --- from server.ts","timestamp":"2025-02-13T10:04:43.681Z"}
{"level":"info","message":"Server running --- from server.ts","timestamp":"2025-02-13T10:05:00.609Z"}
{"level":"info","message":"Server running --- from server.ts","timestamp":"2025-02-13T10:05:09.071Z"}
{"level":"info","message":"Server running --- from server.ts","timestamp":"2025-02-13T10:06:43.699Z"}
{"level":"info","message":"Router ------------admin login","timestamp":"2025-02-13T10:06:48.437Z"}
{"level":"info","message":"Server running --- from server.ts","timestamp":"2025-02-13T10:07:04.128Z"}
{"level":"info","message":"Server running --- from server.ts","timestamp":"2025-02-13T10:07:22.065Z"}
{"level":"info","message":"Router ------------admin login","timestamp":"2025-02-13T10:07:25.434Z"}
{"level":"info","message":"Router-----add partner","timestamp":"2025-02-13T10:12:11.210Z"}
{"level":"info","message":"Server running --- from server.ts","timestamp":"2025-02-13T10:13:07.990Z"}
{"level":"info","message":"Server running --- from server.ts","timestamp":"2025-02-13T10:13:19.066Z"}
{"level":"info","message":"Server running --- from server.ts","timestamp":"2025-02-13T10:13:24.280Z"}
{"level":"info","message":"Router-----add partner","timestamp":"2025-02-13T10:13:45.669Z"}
{"level":"info","message":"Server running --- from server.ts","timestamp":"2025-02-13T10:14:06.987Z"}
{"level":"info","message":"Server running --- from server.ts","timestamp":"2025-02-13T10:14:19.301Z"}
{"level":"info","message":"Server running --- from server.ts","timestamp":"2025-02-13T10:14:24.010Z"}
{"level":"info","message":"Server running --- from server.ts","timestamp":"2025-02-13T10:15:38.488Z"}
{"level":"info","message":"Server running --- from server.ts","timestamp":"2025-02-13T10:18:07.521Z"}
{"level":"info","message":"Server running --- from server.ts","timestamp":"2025-02-13T10:18:13.939Z"}
{"level":"info","message":"Server running --- from server.ts","timestamp":"2025-02-13T10:18:22.328Z"}
{"level":"info","message":"Server running --- from server.ts","timestamp":"2025-02-13T10:18:48.412Z"}
{"level":"error","message":"Server not running ---  New route /api/v1/Routes/addPartners conflicts with existing /api/v1/Routes/addPartners","name":"AssertError","stack":"AssertError: New route /api/v1/Routes/addPartners conflicts with existing /api/v1/Routes/addPartners\n    at module.exports.internals.Segment.internals.Segment.add (C:\\Users\\INDHU\\Desktop\\JP-Backend\\node_modules\\@hapi\\call\\lib\\segment.js:47:14)\n    at exports.Router.internals.Router.internals.Router.add (C:\\Users\\INDHU\\Desktop\\JP-Backend\\node_modules\\@hapi\\call\\lib\\index.js:65:16)\n    at internals.Server._addRoute (C:\\Users\\INDHU\\Desktop\\JP-Backend\\node_modules\\@hapi\\hapi\\lib\\server.js:529:46)\n    at internals.Server.route (C:\\Users\\INDHU\\Desktop\\JP-Backend\\node_modules\\@hapi\\hapi\\lib\\server.js:518:22)\n    at C:\\Users\\INDHU\\Desktop\\JP-Backend\\src\\api\\admin\\routes.ts:12:14\n    at new Promise (<anonymous>)\n    at newRoutes.<anonymous> (C:\\Users\\INDHU\\Desktop\\JP-Backend\\src\\api\\admin\\routes.ts:10:12)\n    at Generator.next (<anonymous>)\n    at C:\\Users\\INDHU\\Desktop\\JP-Backend\\src\\api\\admin\\routes.ts:8:71\n    at new Promise (<anonymous>)","timestamp":"2025-02-13T10:19:08.831Z"}
{"level":"info","message":"Server running --- from server.ts","timestamp":"2025-02-13T10:19:31.214Z"}
{"level":"info","message":"Server running --- from server.ts","timestamp":"2025-02-13T10:19:37.416Z"}
{"level":"info","message":"Server running --- from server.ts","timestamp":"2025-02-13T10:20:10.702Z"}
{"level":"info","message":"Server running --- from server.ts","timestamp":"2025-02-13T10:20:26.515Z"}
{"level":"info","message":"Server running --- from server.ts","timestamp":"2025-02-13T10:20:56.114Z"}
{"level":"info","message":"Server running --- from server.ts","timestamp":"2025-02-13T10:21:13.224Z"}
{"level":"info","message":"Server running --- from server.ts","timestamp":"2025-02-13T10:23:28.824Z"}
{"level":"info","message":"Router-----get partners","timestamp":"2025-02-13T10:23:59.535Z"}
{"level":"info","message":"Router-----get partners","timestamp":"2025-02-13T10:24:08.454Z"}
{"level":"info","message":"Server running --- from server.ts","timestamp":"2025-02-13T10:24:15.992Z"}
{"level":"info","message":"Server running --- from server.ts","timestamp":"2025-02-13T10:24:20.671Z"}
{"level":"info","message":"Router-----get partners","timestamp":"2025-02-13T10:24:22.432Z"}
{"level":"info","message":"Router-----get partners","timestamp":"2025-02-13T10:24:22.562Z"}
{"level":"info","message":"Server running --- from server.ts","timestamp":"2025-02-13T10:24:53.775Z"}
{"level":"info","message":"Router-----get partners","timestamp":"2025-02-13T10:25:22.434Z"}
{"level":"info","message":"Router-----get partners","timestamp":"2025-02-13T10:25:22.626Z"}
{"level":"info","message":"Router-----get partners","timestamp":"2025-02-13T10:25:41.998Z"}
{"level":"info","message":"Router-----get partners","timestamp":"2025-02-13T10:25:55.950Z"}
{"level":"info","message":"Router-----get partners","timestamp":"2025-02-13T10:26:01.003Z"}
{"level":"info","message":"Router-----get partners","timestamp":"2025-02-13T10:26:52.356Z"}
{"level":"info","message":"Router-----get partners","timestamp":"2025-02-13T10:26:52.473Z"}
{"level":"info","message":"Router-----get partners","timestamp":"2025-02-13T10:28:32.528Z"}
{"level":"info","message":"Router-----get partners","timestamp":"2025-02-13T10:28:32.651Z"}
{"level":"info","message":"Router-----get partners","timestamp":"2025-02-13T10:28:40.484Z"}
{"level":"info","message":"Router-----get partners","timestamp":"2025-02-13T10:28:40.520Z"}
{"level":"info","message":"Router-----get partners","timestamp":"2025-02-13T10:29:27.591Z"}
{"level":"info","message":"Router-----get partners","timestamp":"2025-02-13T10:30:43.657Z"}
{"level":"info","message":"Router-----get partners","timestamp":"2025-02-13T10:30:43.771Z"}
{"level":"info","message":"Router-----get partners","timestamp":"2025-02-13T10:36:53.292Z"}
{"level":"info","message":"Router-----get partners","timestamp":"2025-02-13T10:36:53.388Z"}
{"level":"info","message":"Router-----get partners","timestamp":"2025-02-13T10:37:12.295Z"}
{"level":"info","message":"Router-----get partners","timestamp":"2025-02-13T10:37:12.446Z"}
{"level":"info","message":"Server running --- from server.ts","timestamp":"2025-02-13T10:37:58.330Z"}
{"level":"info","message":"Server running --- from server.ts","timestamp":"2025-02-13T10:38:09.665Z"}
{"level":"info","message":"Server running --- from server.ts","timestamp":"2025-02-13T10:38:20.342Z"}
{"level":"info","message":"Server running --- from server.ts","timestamp":"2025-02-13T10:38:34.073Z"}
{"level":"info","message":"Server running --- from server.ts","timestamp":"2025-02-13T10:38:55.605Z"}
{"level":"info","message":"Server running --- from server.ts","timestamp":"2025-02-13T10:39:22.220Z"}
{"level":"info","message":"Router-----add Customer","timestamp":"2025-02-13T10:40:18.356Z"}
{"level":"info","message":"Router-----get partners","timestamp":"2025-02-13T10:40:29.481Z"}
{"level":"info","message":"Router-----get partners","timestamp":"2025-02-13T10:40:31.502Z"}
{"level":"info","message":"Router-----get partners","timestamp":"2025-02-13T10:40:55.479Z"}
{"level":"info","message":"Router-----get partners","timestamp":"2025-02-13T10:41:00.489Z"}
{"level":"info","message":"Server running --- from server.ts","timestamp":"2025-02-13T10:41:08.351Z"}
{"level":"info","message":"Server running --- from server.ts","timestamp":"2025-02-13T10:41:13.571Z"}
{"level":"info","message":"Router-----get partners","timestamp":"2025-02-13T10:41:13.811Z"}
{"level":"info","message":"Server running --- from server.ts","timestamp":"2025-02-13T10:41:21.068Z"}
{"level":"info","message":"Router-----get partners","timestamp":"2025-02-13T10:41:24.567Z"}
{"level":"info","message":"Server running --- from server.ts","timestamp":"2025-02-13T10:41:29.425Z"}
{"level":"info","message":"Router-----get partners","timestamp":"2025-02-13T10:41:31.526Z"}
{"level":"info","message":"Server running --- from server.ts","timestamp":"2025-02-13T10:41:37.783Z"}
{"level":"info","message":"Router-----get partners","timestamp":"2025-02-13T10:41:41.485Z"}
{"level":"info","message":"Router-----get partners","timestamp":"2025-02-13T10:41:46.492Z"}
{"level":"info","message":"Router-----get partners","timestamp":"2025-02-13T10:42:11.483Z"}
{"level":"info","message":"Router-----add Customer","timestamp":"2025-02-13T10:42:18.834Z"}
{"level":"info","message":"Router-----get partners","timestamp":"2025-02-13T10:42:35.388Z"}
{"level":"info","message":"Router-----add Customer","timestamp":"2025-02-13T10:42:51.864Z"}
{"level":"info","message":"Server running --- from server.ts","timestamp":"2025-02-13T10:43:46.760Z"}
{"level":"info","message":"Server running --- from server.ts","timestamp":"2025-02-13T10:44:02.347Z"}
{"level":"info","message":"Server running --- from server.ts","timestamp":"2025-02-13T10:44:19.360Z"}
{"level":"info","message":"Server running --- from server.ts","timestamp":"2025-02-13T10:44:28.880Z"}
{"level":"info","message":"Server running --- from server.ts","timestamp":"2025-02-13T10:44:57.456Z"}
{"level":"info","message":"Server running --- from server.ts","timestamp":"2025-02-13T10:45:24.852Z"}
{"level":"info","message":"Router-----add Customer","timestamp":"2025-02-13T10:45:50.513Z"}
{"level":"info","message":"Server running --- from server.ts","timestamp":"2025-02-13T10:47:02.537Z"}
{"level":"error","message":"Server not running ---  New route /api/v1/Routes/getCustomer conflicts with existing /api/v1/Routes/getCustomer","name":"AssertError","stack":"AssertError: New route /api/v1/Routes/getCustomer conflicts with existing /api/v1/Routes/getCustomer\n    at module.exports.internals.Segment.internals.Segment.add (C:\\Users\\INDHU\\Desktop\\JP-Backend\\node_modules\\@hapi\\call\\lib\\segment.js:47:14)\n    at exports.Router.internals.Router.internals.Router.add (C:\\Users\\INDHU\\Desktop\\JP-Backend\\node_modules\\@hapi\\call\\lib\\index.js:65:16)\n    at internals.Server._addRoute (C:\\Users\\INDHU\\Desktop\\JP-Backend\\node_modules\\@hapi\\hapi\\lib\\server.js:529:46)\n    at internals.Server.route (C:\\Users\\INDHU\\Desktop\\JP-Backend\\node_modules\\@hapi\\hapi\\lib\\server.js:518:22)\n    at C:\\Users\\INDHU\\Desktop\\JP-Backend\\src\\api\\admin\\routes.ts:12:14\n    at new Promise (<anonymous>)\n    at newRoutes.<anonymous> (C:\\Users\\INDHU\\Desktop\\JP-Backend\\src\\api\\admin\\routes.ts:10:12)\n    at Generator.next (<anonymous>)\n    at C:\\Users\\INDHU\\Desktop\\JP-Backend\\src\\api\\admin\\routes.ts:8:71\n    at new Promise (<anonymous>)","timestamp":"2025-02-13T10:47:18.209Z"}
{"level":"info","message":"Server running --- from server.ts","timestamp":"2025-02-13T10:47:46.765Z"}
{"level":"info","message":"Server running --- from server.ts","timestamp":"2025-02-13T10:48:06.456Z"}
{"level":"info","message":"Server running --- from server.ts","timestamp":"2025-02-13T10:50:33.228Z"}
{"level":"info","message":"Router-----get customer","timestamp":"2025-02-13T10:50:56.338Z"}
{"level":"info","message":"Router-----get customer","timestamp":"2025-02-13T10:51:20.531Z"}
{"level":"info","message":"Server running --- from server.ts","timestamp":"2025-02-13T10:52:41.615Z"}
{"level":"info","message":"Server running --- from server.ts","timestamp":"2025-02-13T10:52:47.168Z"}
{"level":"info","message":"Server running --- from server.ts","timestamp":"2025-02-13T10:53:22.352Z"}
{"level":"info","message":"Server running --- from server.ts","timestamp":"2025-02-13T10:53:36.223Z"}
{"level":"info","message":"Server running --- from server.ts","timestamp":"2025-02-13T10:53:50.974Z"}
{"level":"info","message":"Server running --- from server.ts","timestamp":"2025-02-13T10:53:57.766Z"}
{"level":"info","message":"Router-----get customer","timestamp":"2025-02-13T10:53:59.129Z"}
{"level":"info","message":"Server running --- from server.ts","timestamp":"2025-02-13T10:54:32.158Z"}
{"level":"info","message":"Router-----get customer","timestamp":"2025-02-13T10:54:42.706Z"}
{"level":"info","message":"Server running --- from server.ts","timestamp":"2025-02-13T10:55:18.434Z"}
{"level":"info","message":"Router-----get customer","timestamp":"2025-02-13T10:55:26.919Z"}
{"level":"info","message":"Server running --- from server.ts","timestamp":"2025-02-13T10:56:02.267Z"}
{"level":"info","message":"Server running --- from server.ts","timestamp":"2025-02-13T10:56:18.844Z"}
{"level":"info","message":"Router-----get customer","timestamp":"2025-02-13T10:56:33.866Z"}
{"level":"info","message":"Router-----get customer","timestamp":"2025-02-13T10:56:34.014Z"}
{"level":"info","message":"Router-----get customer","timestamp":"2025-02-13T10:56:54.880Z"}
{"level":"info","message":"Router-----get customer","timestamp":"2025-02-13T10:56:57.711Z"}
{"level":"info","message":"Router-----get customer","timestamp":"2025-02-13T10:57:18.610Z"}
{"level":"info","message":"Router-----get customer","timestamp":"2025-02-13T10:57:25.750Z"}
{"level":"info","message":"Router-----get customer","timestamp":"2025-02-13T11:04:18.847Z"}
{"level":"info","message":"Router-----get customer","timestamp":"2025-02-13T11:04:18.932Z"}
{"level":"info","message":"Router-----get customer","timestamp":"2025-02-13T11:04:29.562Z"}
{"level":"info","message":"Router-----get customer","timestamp":"2025-02-13T11:04:35.513Z"}
{"level":"info","message":"Router-----get customer","timestamp":"2025-02-13T11:04:46.697Z"}
{"level":"info","message":"Router-----get customer","timestamp":"2025-02-13T11:05:04.936Z"}
{"level":"info","message":"Router-----get customer","timestamp":"2025-02-13T11:05:05.026Z"}
{"level":"info","message":"Router-----get customer","timestamp":"2025-02-13T11:05:08.650Z"}
{"level":"info","message":"Router-----get partners","timestamp":"2025-02-13T11:05:41.181Z"}
{"level":"info","message":"Router-----get partners","timestamp":"2025-02-13T11:05:41.280Z"}
{"level":"info","message":"Router-----get partners","timestamp":"2025-02-13T11:05:56.172Z"}
{"level":"info","message":"Router-----get partners","timestamp":"2025-02-13T11:05:56.259Z"}
{"level":"info","message":"Server running --- from server.ts","timestamp":"2025-02-13T11:06:01.033Z"}
{"level":"info","message":"Server running --- from server.ts","timestamp":"2025-02-13T11:06:06.843Z"}
{"level":"info","message":"Router-----get customer","timestamp":"2025-02-13T11:26:24.965Z"}
{"level":"info","message":"Router-----get partners","timestamp":"2025-02-13T11:26:24.982Z"}
{"level":"info","message":"Router-----get customer","timestamp":"2025-02-13T11:26:25.091Z"}
{"level":"info","message":"Router-----get partners","timestamp":"2025-02-13T11:26:25.097Z"}
{"level":"info","message":"Router-----get partners","timestamp":"2025-02-13T11:26:37.532Z"}
{"level":"info","message":"Router-----get partners","timestamp":"2025-02-13T11:26:37.629Z"}
{"level":"info","message":"Router-----get partners","timestamp":"2025-02-13T11:27:14.057Z"}
{"level":"info","message":"Router-----get partners","timestamp":"2025-02-13T11:27:14.151Z"}
{"level":"info","message":"Router-----get partners","timestamp":"2025-02-13T11:27:21.501Z"}
{"level":"info","message":"Router-----get partners","timestamp":"2025-02-13T11:27:21.550Z"}
{"level":"info","message":"Router-----get partners","timestamp":"2025-02-13T11:27:34.784Z"}
{"level":"info","message":"Router-----get partners","timestamp":"2025-02-13T11:27:36.902Z"}
{"level":"info","message":"Router-----get partners","timestamp":"2025-02-13T11:27:36.945Z"}
{"level":"info","message":"Router-----add price","timestamp":"2025-02-13T11:28:03.761Z"}
{"level":"info","message":"Router-----get partners","timestamp":"2025-02-13T11:28:04.498Z"}
{"level":"info","message":"Router-----get partners","timestamp":"2025-02-13T11:28:04.543Z"}
{"level":"info","message":"Router-----get partners","timestamp":"2025-02-13T11:28:07.257Z"}
{"level":"info","message":"Router-----get partners","timestamp":"2025-02-13T11:28:22.607Z"}
{"level":"info","message":"Server running --- from server.ts","timestamp":"2025-02-13T11:28:29.108Z"}
{"level":"info","message":"Server running --- from server.ts","timestamp":"2025-02-13T11:28:35.461Z"}
{"level":"info","message":"Router-----add price","timestamp":"2025-02-13T11:28:36.403Z"}
{"level":"info","message":"Server running --- from server.ts","timestamp":"2025-02-13T11:28:50.804Z"}
{"level":"info","message":"Router-----get partners","timestamp":"2025-02-13T11:28:51.510Z"}
{"level":"info","message":"Router-----get partners","timestamp":"2025-02-13T11:28:51.608Z"}
{"level":"info","message":"Router-----get partners","timestamp":"2025-02-13T11:29:42.554Z"}
{"level":"info","message":"Router-----get partners","timestamp":"2025-02-13T11:29:43.596Z"}
{"level":"info","message":"Router-----get partners","timestamp":"2025-02-13T11:29:45.510Z"}
{"level":"info","message":"Router-----get partners","timestamp":"2025-02-13T11:29:47.337Z"}
{"level":"info","message":"Router-----get partners","timestamp":"2025-02-13T11:30:58.516Z"}
{"level":"info","message":"Router-----get partners","timestamp":"2025-02-13T11:31:22.834Z"}
{"level":"info","message":"Router-----get partners","timestamp":"2025-02-13T11:31:32.614Z"}
{"level":"info","message":"Router-----get partners","timestamp":"2025-02-13T11:31:45.144Z"}
{"level":"info","message":"Router-----get partners","timestamp":"2025-02-13T11:31:54.242Z"}
{"level":"info","message":"Router-----get partners","timestamp":"2025-02-13T11:32:37.511Z"}
{"level":"info","message":"Router-----get partners","timestamp":"2025-02-13T11:32:40.488Z"}
{"level":"info","message":"Router-----get partners","timestamp":"2025-02-13T11:33:02.518Z"}
{"level":"info","message":"Router-----get partners","timestamp":"2025-02-13T11:33:03.505Z"}
{"level":"info","message":"Router-----get partners","timestamp":"2025-02-13T11:33:08.510Z"}
{"level":"info","message":"Router-----get partners","timestamp":"2025-02-13T11:33:43.649Z"}
{"level":"info","message":"Router-----get partners","timestamp":"2025-02-13T11:34:09.569Z"}
{"level":"info","message":"Router-----get partners","timestamp":"2025-02-13T11:34:18.504Z"}
{"level":"info","message":"Router-----get partners","timestamp":"2025-02-13T11:34:22.451Z"}
{"level":"info","message":"Router-----get partners","timestamp":"2025-02-13T11:34:42.535Z"}
{"level":"info","message":"Router-----get partners","timestamp":"2025-02-13T11:35:25.567Z"}
{"level":"info","message":"Router-----get partners","timestamp":"2025-02-13T11:35:45.792Z"}
{"level":"info","message":"Server running --- from server.ts","timestamp":"2025-02-13T11:36:00.907Z"}
{"level":"info","message":"Router-----get partners","timestamp":"2025-02-13T11:36:04.615Z"}
{"level":"info","message":"Router-----get partners","timestamp":"2025-02-13T11:36:04.732Z"}
{"level":"info","message":"Router-----get partners","timestamp":"2025-02-13T11:36:04.760Z"}
{"level":"info","message":"Server running --- from server.ts","timestamp":"2025-02-13T11:36:19.583Z"}
{"level":"info","message":"Router-----get partners","timestamp":"2025-02-13T11:36:26.572Z"}
{"level":"info","message":"Router-----get partners","timestamp":"2025-02-13T11:36:26.704Z"}
{"level":"info","message":"Router-----get partners","timestamp":"2025-02-13T11:36:41.535Z"}
{"level":"info","message":"Router-----get partners","timestamp":"2025-02-13T11:36:47.537Z"}
{"level":"info","message":"Router-----get partners","timestamp":"2025-02-13T11:36:51.525Z"}
{"level":"info","message":"Router-----get partners","timestamp":"2025-02-13T11:37:05.513Z"}
{"level":"info","message":"Router-----get partners","timestamp":"2025-02-13T11:37:10.553Z"}
{"level":"info","message":"Router-----get partners","timestamp":"2025-02-13T11:37:12.520Z"}
{"level":"info","message":"Router-----get partners","timestamp":"2025-02-13T11:37:18.510Z"}
{"level":"info","message":"Router-----get partners","timestamp":"2025-02-13T11:37:23.488Z"}
{"level":"info","message":"Router-----get partners","timestamp":"2025-02-13T11:37:27.542Z"}
{"level":"info","message":"Router-----get partners","timestamp":"2025-02-13T11:38:51.520Z"}
{"level":"info","message":"Router-----get partners","timestamp":"2025-02-13T11:38:53.513Z"}
{"level":"info","message":"Router-----get partners","timestamp":"2025-02-13T11:38:56.528Z"}
{"level":"info","message":"Router-----get partners","timestamp":"2025-02-13T11:38:59.490Z"}
{"level":"info","message":"Router-----get partners","timestamp":"2025-02-13T11:39:01.551Z"}
{"level":"info","message":"Router-----get partners","timestamp":"2025-02-13T11:39:04.503Z"}
{"level":"info","message":"Router-----get partners","timestamp":"2025-02-13T11:39:07.621Z"}
{"level":"info","message":"Router-----get partners","timestamp":"2025-02-13T11:39:14.212Z"}
{"level":"info","message":"Router-----get partners","timestamp":"2025-02-13T11:39:14.243Z"}
{"level":"info","message":"Router-----get partners","timestamp":"2025-02-13T11:40:01.522Z"}
{"level":"info","message":"Router-----get partners","timestamp":"2025-02-13T11:40:05.530Z"}
{"level":"info","message":"Router-----get partners","timestamp":"2025-02-13T11:40:12.518Z"}
{"level":"info","message":"Router-----add price","timestamp":"2025-02-13T11:40:23.032Z"}
{"level":"info","message":"Router-----add price","timestamp":"2025-02-13T11:40:57.766Z"}
{"level":"info","message":"Server running --- from server.ts","timestamp":"2025-02-13T11:43:09.689Z"}
{"level":"info","message":"Server running --- from server.ts","timestamp":"2025-02-13T11:43:45.719Z"}
{"level":"info","message":"Router-----get partners","timestamp":"2025-02-13T11:43:50.745Z"}
{"level":"info","message":"Router-----get partners","timestamp":"2025-02-13T11:43:50.966Z"}
{"level":"info","message":"Router-----get partners","timestamp":"2025-02-13T11:45:41.692Z"}
{"level":"info","message":"Router-----get partners","timestamp":"2025-02-13T11:45:41.791Z"}
{"level":"info","message":"Router-----get partners","timestamp":"2025-02-13T11:45:42.675Z"}
{"level":"info","message":"Router-----get partners","timestamp":"2025-02-13T11:45:42.714Z"}
{"level":"info","message":"Router-----get partners","timestamp":"2025-02-13T11:47:04.510Z"}
{"level":"info","message":"Router-----get partners","timestamp":"2025-02-13T11:47:07.499Z"}
{"level":"info","message":"Router-----get partners","timestamp":"2025-02-13T11:47:15.002Z"}
{"level":"info","message":"Router-----get partners","timestamp":"2025-02-13T11:47:19.503Z"}
{"level":"info","message":"Router-----get partners","timestamp":"2025-02-13T11:47:29.297Z"}
{"level":"info","message":"Server running --- from server.ts","timestamp":"2025-02-13T11:47:46.524Z"}
{"level":"info","message":"Server running --- from server.ts","timestamp":"2025-02-13T11:47:59.360Z"}
{"level":"info","message":"Server running --- from server.ts","timestamp":"2025-02-13T11:48:14.020Z"}
{"level":"info","message":"Server running --- from server.ts","timestamp":"2025-02-13T11:48:32.285Z"}
{"level":"info","message":"Server running --- from server.ts","timestamp":"2025-02-13T11:48:36.035Z"}
{"level":"info","message":"Router-----add price","timestamp":"2025-02-13T11:48:36.808Z"}
{"level":"info","message":"Router-----add price","timestamp":"2025-02-13T11:48:50.022Z"}
{"level":"info","message":"Router-----get partners","timestamp":"2025-02-13T11:49:11.825Z"}
{"level":"info","message":"Server running --- from server.ts","timestamp":"2025-02-13T11:49:38.332Z"}
{"level":"info","message":"Server running --- from server.ts","timestamp":"2025-02-13T11:50:17.525Z"}
{"level":"info","message":"Router-----add price","timestamp":"2025-02-13T11:50:20.363Z"}
{"level":"info","message":"Server running --- from server.ts","timestamp":"2025-02-13T11:50:43.488Z"}
{"level":"info","message":"Server running --- from server.ts","timestamp":"2025-02-13T11:50:47.656Z"}
{"level":"info","message":"Server running --- from server.ts","timestamp":"2025-02-13T11:50:57.630Z"}
{"level":"error","message":"Server not running ---  New route /api/v1/Routes/addPricing conflicts with existing /api/v1/Routes/addPricing","name":"AssertError","stack":"AssertError: New route /api/v1/Routes/addPricing conflicts with existing /api/v1/Routes/addPricing\n    at module.exports.internals.Segment.internals.Segment.add (C:\\Users\\INDHU\\Desktop\\JP-Backend\\node_modules\\@hapi\\call\\lib\\segment.js:47:14)\n    at exports.Router.internals.Router.internals.Router.add (C:\\Users\\INDHU\\Desktop\\JP-Backend\\node_modules\\@hapi\\call\\lib\\index.js:65:16)\n    at internals.Server._addRoute (C:\\Users\\INDHU\\Desktop\\JP-Backend\\node_modules\\@hapi\\hapi\\lib\\server.js:529:46)\n    at internals.Server.route (C:\\Users\\INDHU\\Desktop\\JP-Backend\\node_modules\\@hapi\\hapi\\lib\\server.js:518:22)\n    at C:\\Users\\INDHU\\Desktop\\JP-Backend\\src\\api\\admin\\routes.ts:12:14\n    at new Promise (<anonymous>)\n    at newRoutes.<anonymous> (C:\\Users\\INDHU\\Desktop\\JP-Backend\\src\\api\\admin\\routes.ts:10:12)\n    at Generator.next (<anonymous>)\n    at C:\\Users\\INDHU\\Desktop\\JP-Backend\\src\\api\\admin\\routes.ts:8:71\n    at new Promise (<anonymous>)","timestamp":"2025-02-13T11:51:43.582Z"}
{"level":"info","message":"Server running --- from server.ts","timestamp":"2025-02-13T11:51:55.674Z"}
{"level":"info","message":"Server running --- from server.ts","timestamp":"2025-02-13T11:51:59.919Z"}
{"level":"info","message":"Server running --- from server.ts","timestamp":"2025-02-13T11:52:08.023Z"}
{"level":"info","message":"Server running --- from server.ts","timestamp":"2025-02-13T11:52:19.579Z"}
{"level":"info","message":"Server running --- from server.ts","timestamp":"2025-02-13T11:52:55.444Z"}
{"level":"info","message":"Server running --- from server.ts","timestamp":"2025-02-13T11:53:04.531Z"}
{"level":"info","message":"Server running --- from server.ts","timestamp":"2025-02-13T11:53:14.525Z"}
{"level":"info","message":"Server running --- from server.ts","timestamp":"2025-02-13T11:53:41.933Z"}
{"level":"info","message":"Server running --- from server.ts","timestamp":"2025-02-13T11:54:02.928Z"}
{"level":"info","message":"Server running --- from server.ts","timestamp":"2025-02-13T11:54:07.752Z"}
{"level":"info","message":"Server running --- from server.ts","timestamp":"2025-02-13T11:54:22.399Z"}
{"level":"info","message":"Server running --- from server.ts","timestamp":"2025-02-13T11:54:30.655Z"}
{"level":"info","message":"Server running --- from server.ts","timestamp":"2025-02-13T11:54:45.296Z"}
{"level":"info","message":"Router-----get price","timestamp":"2025-02-13T11:55:12.505Z"}
{"level":"info","message":"Server running --- from server.ts","timestamp":"2025-02-13T11:55:31.591Z"}
{"level":"info","message":"Router-----get partners","timestamp":"2025-02-13T11:55:32.580Z"}
{"level":"info","message":"Router-----get partners","timestamp":"2025-02-13T11:56:28.412Z"}
{"level":"info","message":"Router-----get price","timestamp":"2025-02-13T11:56:28.433Z"}
{"level":"info","message":"Router-----get partners","timestamp":"2025-02-13T11:56:28.523Z"}
{"level":"info","message":"Router-----get price","timestamp":"2025-02-13T11:56:28.562Z"}
{"level":"info","message":"Router-----get partners","timestamp":"2025-02-13T11:56:38.490Z"}
{"level":"info","message":"Router-----get price","timestamp":"2025-02-13T11:56:38.501Z"}
{"level":"info","message":"Router-----get partners","timestamp":"2025-02-13T11:56:41.439Z"}
{"level":"info","message":"Router-----get price","timestamp":"2025-02-13T11:56:41.458Z"}
{"level":"info","message":"Router-----get partners","timestamp":"2025-02-13T11:56:41.492Z"}
{"level":"info","message":"Router-----get price","timestamp":"2025-02-13T11:56:41.502Z"}
{"level":"info","message":"Router-----get partners","timestamp":"2025-02-13T11:57:23.039Z"}
{"level":"info","message":"Router-----get price","timestamp":"2025-02-13T11:57:23.050Z"}
{"level":"info","message":"Router-----get partners","timestamp":"2025-02-13T11:57:25.482Z"}
{"level":"info","message":"Router-----get price","timestamp":"2025-02-13T11:57:25.496Z"}
{"level":"info","message":"Router-----get partners","timestamp":"2025-02-13T11:57:35.510Z"}
{"level":"info","message":"Router-----get price","timestamp":"2025-02-13T11:57:35.538Z"}
{"level":"info","message":"Router-----get partners","timestamp":"2025-02-13T11:57:35.559Z"}
{"level":"info","message":"Router-----get price","timestamp":"2025-02-13T11:57:35.567Z"}
{"level":"info","message":"Router-----get partners","timestamp":"2025-02-13T11:57:43.017Z"}
{"level":"info","message":"Router-----get price","timestamp":"2025-02-13T11:57:43.029Z"}
{"level":"info","message":"Router-----get partners","timestamp":"2025-02-13T11:57:43.063Z"}
{"level":"info","message":"Router-----get price","timestamp":"2025-02-13T11:57:43.074Z"}
{"level":"info","message":"Router-----get partners","timestamp":"2025-02-13T11:57:52.504Z"}
{"level":"info","message":"Router-----get price","timestamp":"2025-02-13T11:57:52.518Z"}
{"level":"info","message":"Router-----get partners","timestamp":"2025-02-13T11:57:54.494Z"}
{"level":"info","message":"Router-----get price","timestamp":"2025-02-13T11:57:54.503Z"}
{"level":"info","message":"Router-----get partners","timestamp":"2025-02-13T11:57:57.310Z"}
{"level":"info","message":"Router-----get price","timestamp":"2025-02-13T11:57:57.324Z"}
{"level":"info","message":"Router-----get partners","timestamp":"2025-02-13T11:58:00.476Z"}
{"level":"info","message":"Router-----get price","timestamp":"2025-02-13T11:58:00.487Z"}
{"level":"info","message":"Router-----get partners","timestamp":"2025-02-13T11:58:20.812Z"}
{"level":"info","message":"Router-----get price","timestamp":"2025-02-13T11:58:20.829Z"}
{"level":"info","message":"Router-----get partners","timestamp":"2025-02-13T11:58:29.759Z"}
{"level":"info","message":"Router-----get price","timestamp":"2025-02-13T11:58:29.769Z"}
{"level":"info","message":"Router-----get partners","timestamp":"2025-02-13T11:58:38.510Z"}
{"level":"info","message":"Router-----get price","timestamp":"2025-02-13T11:58:38.520Z"}
{"level":"info","message":"Router-----get partners","timestamp":"2025-02-13T11:58:44.494Z"}
{"level":"info","message":"Router-----get price","timestamp":"2025-02-13T11:58:44.507Z"}
{"level":"info","message":"Router-----get partners","timestamp":"2025-02-13T11:58:48.610Z"}
{"level":"info","message":"Router-----get price","timestamp":"2025-02-13T11:58:48.620Z"}
{"level":"info","message":"Router-----get partners","timestamp":"2025-02-13T11:59:03.323Z"}
{"level":"info","message":"Router-----get price","timestamp":"2025-02-13T11:59:03.347Z"}
{"level":"info","message":"Router-----get partners","timestamp":"2025-02-13T11:59:48.626Z"}
{"level":"info","message":"Router-----get price","timestamp":"2025-02-13T11:59:48.645Z"}
{"level":"info","message":"Server running --- from server.ts","timestamp":"2025-02-13T12:02:22.813Z"}
{"level":"info","message":"Server running --- from server.ts","timestamp":"2025-02-13T12:02:28.376Z"}
{"level":"info","message":"Server running --- from server.ts","timestamp":"2025-02-13T12:02:35.213Z"}
{"level":"info","message":"Server running --- from server.ts","timestamp":"2025-02-13T12:02:52.078Z"}
{"level":"info","message":"Router ------------admin login","timestamp":"2025-02-13T12:06:53.439Z"}
{"level":"info","message":"Router-----get partners","timestamp":"2025-02-13T12:07:03.801Z"}
{"level":"info","message":"Router-----get partners","timestamp":"2025-02-13T12:07:03.832Z"}
{"level":"info","message":"Router-----get partners","timestamp":"2025-02-13T12:08:22.735Z"}
{"level":"info","message":"Router-----get partners","timestamp":"2025-02-13T12:08:22.895Z"}
