{"level":"info","message":"Server running --- from server.ts","timestamp":"2025-04-01T04:33:29.028Z"}
{"level":"info","message":"Router ------------admin login","timestamp":"2025-04-01T04:33:44.103Z"}
{"level":"info","message":"Server running --- from server.ts","timestamp":"2025-04-01T04:34:26.240Z"}
{"level":"info","message":"Router-----update partner","timestamp":"2025-04-01T04:36:12.681Z"}
{"level":"info","message":"Server running --- from server.ts","timestamp":"2025-04-01T04:36:48.008Z"}
{"level":"info","message":"Server running --- from server.ts","timestamp":"2025-04-01T04:38:34.226Z"}
{"level":"info","message":"Server running --- from server.ts","timestamp":"2025-04-01T04:39:36.160Z"}
{"level":"info","message":"Server running --- from server.ts","timestamp":"2025-04-01T04:55:29.082Z"}
{"level":"info","message":"Router ------------booking ","timestamp":"2025-04-01T04:59:57.119Z"}
{"level":"info","message":"Router ------------booking ","timestamp":"2025-04-01T05:00:11.870Z"}
{"level":"info","message":"Server running --- from server.ts","timestamp":"2025-04-01T05:01:35.906Z"}
{"level":"info","message":"Router ------------booking ","timestamp":"2025-04-01T05:02:55.961Z"}
{"level":"info","message":"Router ------------booking ","timestamp":"2025-04-01T05:05:11.698Z"}
{"level":"info","message":"Router ------------booking ","timestamp":"2025-04-01T05:07:56.051Z"}
{"level":"info","message":"Router ------------booking ","timestamp":"2025-04-01T05:08:06.884Z"}
{"level":"info","message":"Server running --- from server.ts","timestamp":"2025-04-01T05:09:15.654Z"}
{"level":"info","message":"Server running --- from server.ts","timestamp":"2025-04-01T05:09:41.177Z"}
{"level":"info","message":"Server running --- from server.ts","timestamp":"2025-04-01T05:10:25.289Z"}
{"level":"info","message":"Server running --- from server.ts","timestamp":"2025-04-01T05:11:12.062Z"}
{"level":"info","message":"Server running --- from server.ts","timestamp":"2025-04-01T05:11:49.978Z"}
{"level":"info","message":"Server running --- from server.ts","timestamp":"2025-04-01T05:12:09.942Z"}
{"level":"info","message":"Server running --- from server.ts","timestamp":"2025-04-01T05:12:39.012Z"}
{"level":"info","message":"Server running --- from server.ts","timestamp":"2025-04-01T05:13:28.323Z"}
{"level":"info","message":"Server running --- from server.ts","timestamp":"2025-04-01T05:13:35.113Z"}
{"level":"info","message":"Server running --- from server.ts","timestamp":"2025-04-01T05:24:17.688Z"}
{"level":"info","message":"Server running --- from server.ts","timestamp":"2025-04-01T05:26:16.435Z"}
{"level":"info","message":"Server running --- from server.ts","timestamp":"2025-04-01T05:26:26.947Z"}
{"level":"info","message":"Router-----get partners","timestamp":"2025-04-01T05:26:30.846Z"}
{"level":"info","message":"Server running --- from server.ts","timestamp":"2025-04-01T05:26:45.000Z"}
{"level":"info","message":"Server running --- from server.ts","timestamp":"2025-04-01T05:27:07.834Z"}
{"level":"info","message":"Server running --- from server.ts","timestamp":"2025-04-01T05:58:58.398Z"}
{"level":"info","message":"Router-----delete partner","timestamp":"2025-04-01T05:59:24.954Z"}
{"level":"info","message":"Server running --- from server.ts","timestamp":"2025-04-01T05:59:48.358Z"}
{"level":"info","message":"Server running --- from server.ts","timestamp":"2025-04-01T05:59:53.184Z"}
{"level":"info","message":"Server running --- from server.ts","timestamp":"2025-04-01T06:01:40.934Z"}
{"level":"info","message":"Server running --- from server.ts","timestamp":"2025-04-01T06:03:06.356Z"}
{"level":"info","message":"Router-----delete partner","timestamp":"2025-04-01T06:03:11.516Z"}
{"level":"info","message":"Server running --- from server.ts","timestamp":"2025-04-01T06:04:45.856Z"}
{"level":"info","message":"Server running --- from server.ts","timestamp":"2025-04-01T06:04:54.417Z"}
{"level":"info","message":"Server running --- from server.ts","timestamp":"2025-04-01T06:05:01.276Z"}
{"level":"info","message":"Server running --- from server.ts","timestamp":"2025-04-01T06:05:14.689Z"}
{"level":"info","message":"Server running --- from server.ts","timestamp":"2025-04-01T06:10:31.538Z"}
{"level":"info","message":"Server running --- from server.ts","timestamp":"2025-04-01T06:11:13.285Z"}
{"level":"info","message":"Server running --- from server.ts","timestamp":"2025-04-01T06:11:28.428Z"}
{"level":"info","message":"Server running --- from server.ts","timestamp":"2025-04-01T06:11:34.514Z"}
{"level":"info","message":"Server running --- from server.ts","timestamp":"2025-04-01T06:11:41.448Z"}
{"level":"info","message":"Router-----add Customer","timestamp":"2025-04-01T06:15:15.275Z"}
{"level":"info","message":"Server running --- from server.ts","timestamp":"2025-04-01T06:27:59.566Z"}
{"level":"info","message":"Server running --- from server.ts","timestamp":"2025-04-01T06:28:04.252Z"}
{"level":"info","message":"Server running --- from server.ts","timestamp":"2025-04-01T06:28:44.559Z"}
{"level":"info","message":"Server running --- from server.ts","timestamp":"2025-04-01T06:28:54.025Z"}
{"level":"info","message":"Router-----add Customer","timestamp":"2025-04-01T06:33:05.128Z"}
{"level":"info","message":"Server running --- from server.ts","timestamp":"2025-04-01T06:33:34.111Z"}
{"level":"info","message":"Server running --- from server.ts","timestamp":"2025-04-01T06:33:57.534Z"}
{"level":"info","message":"Server running --- from server.ts","timestamp":"2025-04-01T06:35:13.827Z"}
{"level":"info","message":"Server running --- from server.ts","timestamp":"2025-04-01T06:36:41.521Z"}
{"level":"info","message":"Server running --- from server.ts","timestamp":"2025-04-01T06:37:18.700Z"}
{"level":"info","message":"Server running --- from server.ts","timestamp":"2025-04-01T06:37:36.338Z"}
{"level":"info","message":"Server running --- from server.ts","timestamp":"2025-04-01T06:43:10.687Z"}
{"level":"info","message":"Server running --- from server.ts","timestamp":"2025-04-01T06:43:16.619Z"}
{"level":"info","message":"Server running --- from server.ts","timestamp":"2025-04-01T06:44:19.436Z"}
{"level":"info","message":"Server running --- from server.ts","timestamp":"2025-04-01T06:44:44.209Z"}
{"level":"info","message":"Server running --- from server.ts","timestamp":"2025-04-01T06:44:53.240Z"}
{"level":"info","message":"Server running --- from server.ts","timestamp":"2025-04-01T06:45:20.633Z"}
{"level":"info","message":"Server running --- from server.ts","timestamp":"2025-04-01T06:45:50.810Z"}
{"level":"info","message":"Server running --- from server.ts","timestamp":"2025-04-01T06:48:53.534Z"}
{"level":"info","message":"Server running --- from server.ts","timestamp":"2025-04-01T06:49:56.560Z"}
{"level":"info","message":"Server running --- from server.ts","timestamp":"2025-04-01T06:50:36.313Z"}
{"level":"info","message":"Server running --- from server.ts","timestamp":"2025-04-01T06:50:50.121Z"}
{"level":"info","message":"Server running --- from server.ts","timestamp":"2025-04-01T06:52:43.577Z"}
{"level":"info","message":"Server running --- from server.ts","timestamp":"2025-04-01T06:53:18.310Z"}
{"level":"info","message":"Server running --- from server.ts","timestamp":"2025-04-01T06:53:29.576Z"}
{"level":"info","message":"Server running --- from server.ts","timestamp":"2025-04-01T06:54:31.986Z"}
{"level":"info","message":"Server running --- from server.ts","timestamp":"2025-04-01T06:55:07.361Z"}
{"level":"info","message":"Server running --- from server.ts","timestamp":"2025-04-01T06:56:02.721Z"}
{"level":"info","message":"Router-----update Customer","timestamp":"2025-04-01T06:57:31.792Z"}
{"level":"info","message":"Server running --- from server.ts","timestamp":"2025-04-01T06:58:10.410Z"}
{"level":"info","message":"Server running --- from server.ts","timestamp":"2025-04-01T06:58:41.124Z"}
{"level":"info","message":"Server running --- from server.ts","timestamp":"2025-04-01T06:58:49.313Z"}
{"level":"info","message":"Router-----update Customer","timestamp":"2025-04-01T06:59:14.078Z"}
{"level":"info","message":"Server running --- from server.ts","timestamp":"2025-04-01T07:00:24.774Z"}
{"level":"info","message":"Server running --- from server.ts","timestamp":"2025-04-01T07:00:34.301Z"}
{"level":"info","message":"Router-----update Customer","timestamp":"2025-04-01T07:00:45.626Z"}
{"level":"info","message":"Server running --- from server.ts","timestamp":"2025-04-01T07:01:09.294Z"}
{"level":"info","message":"Server running --- from server.ts","timestamp":"2025-04-01T07:01:29.739Z"}
{"level":"info","message":"Server running --- from server.ts","timestamp":"2025-04-01T07:01:37.663Z"}
{"level":"info","message":"Router-----update Customer","timestamp":"2025-04-01T07:01:41.554Z"}
{"level":"info","message":"Server running --- from server.ts","timestamp":"2025-04-01T07:02:16.938Z"}
{"level":"info","message":"Server running --- from server.ts","timestamp":"2025-04-01T07:02:45.477Z"}
{"level":"info","message":"Server running --- from server.ts","timestamp":"2025-04-01T07:02:52.356Z"}
{"level":"info","message":"Server running --- from server.ts","timestamp":"2025-04-01T07:03:06.948Z"}
{"level":"info","message":"Router-----update Customer","timestamp":"2025-04-01T07:03:39.736Z"}
{"level":"info","message":"Server running --- from server.ts","timestamp":"2025-04-01T07:04:42.694Z"}
{"level":"info","message":"Router-----update Customer","timestamp":"2025-04-01T07:04:48.789Z"}
{"level":"info","message":"Server running --- from server.ts","timestamp":"2025-04-01T07:06:24.283Z"}
{"level":"info","message":"Router-----update Customer","timestamp":"2025-04-01T07:06:37.515Z"}
{"level":"info","message":"Server running --- from server.ts","timestamp":"2025-04-01T07:09:11.625Z"}
{"level":"info","message":"Router-----update Customer","timestamp":"2025-04-01T07:09:19.929Z"}
{"level":"info","message":"Router-----update Customer","timestamp":"2025-04-01T07:10:02.152Z"}
{"level":"info","message":"Router-----update Customer","timestamp":"2025-04-01T07:10:20.705Z"}
{"level":"info","message":"Server running --- from server.ts","timestamp":"2025-04-01T07:12:05.023Z"}
{"level":"info","message":"Router-----update Customer","timestamp":"2025-04-01T07:12:08.099Z"}
{"level":"info","message":"Server running --- from server.ts","timestamp":"2025-04-01T07:14:17.997Z"}
{"level":"info","message":"Server running --- from server.ts","timestamp":"2025-04-01T07:14:26.298Z"}
{"level":"info","message":"Router-----update Customer","timestamp":"2025-04-01T07:14:33.567Z"}
{"level":"info","message":"Server running --- from server.ts","timestamp":"2025-04-01T07:15:15.760Z"}
{"level":"info","message":"Server running --- from server.ts","timestamp":"2025-04-01T07:16:56.911Z"}
{"level":"info","message":"Router-----update Customer","timestamp":"2025-04-01T07:17:01.175Z"}
{"level":"info","message":"Server running --- from server.ts","timestamp":"2025-04-01T07:19:56.662Z"}
{"level":"info","message":"Server running --- from server.ts","timestamp":"2025-04-01T07:20:03.080Z"}
{"level":"info","message":"Router-----update Customer","timestamp":"2025-04-01T07:20:10.422Z"}
{"level":"info","message":"Router-----update Customer","timestamp":"2025-04-01T07:20:30.881Z"}
{"level":"info","message":"Server running --- from server.ts","timestamp":"2025-04-01T07:21:04.020Z"}
{"level":"info","message":"Router-----update Customer","timestamp":"2025-04-01T07:21:13.301Z"}
{"level":"info","message":"Server running --- from server.ts","timestamp":"2025-04-01T07:24:11.633Z"}
{"level":"info","message":"Server running --- from server.ts","timestamp":"2025-04-01T07:24:24.902Z"}
{"level":"info","message":"Server running --- from server.ts","timestamp":"2025-04-01T07:24:39.898Z"}
{"level":"info","message":"Server running --- from server.ts","timestamp":"2025-04-01T07:24:54.170Z"}
{"level":"info","message":"Router-----update Customer","timestamp":"2025-04-01T07:24:59.587Z"}
{"level":"info","message":"Router-----update Customer","timestamp":"2025-04-01T07:25:28.159Z"}
{"level":"info","message":"Server running --- from server.ts","timestamp":"2025-04-01T07:26:47.238Z"}
{"level":"info","message":"Router-----update Customer","timestamp":"2025-04-01T07:26:56.917Z"}
{"level":"info","message":"Server running --- from server.ts","timestamp":"2025-04-01T07:27:22.501Z"}
{"level":"info","message":"Server running --- from server.ts","timestamp":"2025-04-01T07:29:03.350Z"}
{"level":"info","message":"Server running --- from server.ts","timestamp":"2025-04-01T07:29:10.512Z"}
{"level":"info","message":"Router-----update Customer","timestamp":"2025-04-01T07:29:21.727Z"}
{"level":"info","message":"Server running --- from server.ts","timestamp":"2025-04-01T07:30:26.134Z"}
{"level":"info","message":"Router-----update Customer","timestamp":"2025-04-01T07:30:29.185Z"}
{"level":"info","message":"Router-----update Customer","timestamp":"2025-04-01T07:30:38.364Z"}
{"level":"info","message":"Server running --- from server.ts","timestamp":"2025-04-01T07:31:21.747Z"}
{"level":"info","message":"Server running --- from server.ts","timestamp":"2025-04-01T07:32:10.803Z"}
{"level":"info","message":"Router-----update Customer","timestamp":"2025-04-01T07:32:17.385Z"}
{"level":"info","message":"Server running --- from server.ts","timestamp":"2025-04-01T07:32:37.400Z"}
{"level":"info","message":"Server running --- from server.ts","timestamp":"2025-04-01T07:32:54.901Z"}
{"level":"info","message":"Router-----update Customer","timestamp":"2025-04-01T07:32:56.830Z"}
{"level":"info","message":"Server running --- from server.ts","timestamp":"2025-04-01T07:34:16.340Z"}
{"level":"info","message":"Server running --- from server.ts","timestamp":"2025-04-01T07:34:25.857Z"}
{"level":"info","message":"Router-----update Customer","timestamp":"2025-04-01T07:34:27.663Z"}
{"level":"info","message":"Router-----update Customer","timestamp":"2025-04-01T07:35:11.936Z"}
{"level":"info","message":"Server running --- from server.ts","timestamp":"2025-04-01T07:36:07.257Z"}
{"level":"info","message":"Server running --- from server.ts","timestamp":"2025-04-01T07:36:14.527Z"}
{"level":"info","message":"Server running --- from server.ts","timestamp":"2025-04-01T07:36:44.969Z"}
{"level":"info","message":"Server running --- from server.ts","timestamp":"2025-04-01T07:37:00.539Z"}
{"level":"info","message":"Server running --- from server.ts","timestamp":"2025-04-01T07:37:07.165Z"}
{"level":"info","message":"Router-----update Customer","timestamp":"2025-04-01T07:37:12.316Z"}
{"level":"info","message":"Router-----update Customer","timestamp":"2025-04-01T07:37:54.793Z"}
{"level":"info","message":"Server running --- from server.ts","timestamp":"2025-04-01T07:38:58.667Z"}
{"level":"info","message":"Server running --- from server.ts","timestamp":"2025-04-01T07:39:25.285Z"}
{"level":"info","message":"Router-----update Customer","timestamp":"2025-04-01T07:39:28.686Z"}
{"level":"info","message":"Server running --- from server.ts","timestamp":"2025-04-01T07:43:47.165Z"}
{"level":"info","message":"Server running --- from server.ts","timestamp":"2025-04-01T07:44:05.678Z"}
{"level":"info","message":"Router-----update Customer","timestamp":"2025-04-01T07:44:19.819Z"}
{"level":"info","message":"Server running --- from server.ts","timestamp":"2025-04-01T07:44:47.016Z"}
{"level":"info","message":"Server running --- from server.ts","timestamp":"2025-04-01T07:45:02.619Z"}
{"level":"info","message":"Router-----update Customer","timestamp":"2025-04-01T07:45:26.699Z"}
{"level":"info","message":"Server running --- from server.ts","timestamp":"2025-04-01T07:46:35.042Z"}
{"level":"info","message":"Server running --- from server.ts","timestamp":"2025-04-01T07:48:26.748Z"}
{"level":"info","message":"Server running --- from server.ts","timestamp":"2025-04-01T07:48:43.587Z"}
{"level":"info","message":"Server running --- from server.ts","timestamp":"2025-04-01T07:49:09.945Z"}
{"level":"info","message":"Server running --- from server.ts","timestamp":"2025-04-01T07:49:23.866Z"}
{"level":"info","message":"Server running --- from server.ts","timestamp":"2025-04-01T07:49:43.007Z"}
{"level":"info","message":"Router-----get customer","timestamp":"2025-04-01T07:50:08.501Z"}
{"level":"info","message":"Server running --- from server.ts","timestamp":"2025-04-01T07:50:47.833Z"}
{"level":"info","message":"Server running --- from server.ts","timestamp":"2025-04-01T07:51:17.989Z"}
{"level":"info","message":"Server running --- from server.ts","timestamp":"2025-04-01T07:51:27.241Z"}
{"level":"info","message":"Router-----delete Customer","timestamp":"2025-04-01T07:51:45.152Z"}
{"level":"info","message":"Server running --- from server.ts","timestamp":"2025-04-01T07:52:11.946Z"}
{"level":"info","message":"Server running --- from server.ts","timestamp":"2025-04-01T07:52:30.953Z"}
{"level":"info","message":"Server running --- from server.ts","timestamp":"2025-04-01T07:52:55.686Z"}
{"level":"info","message":"Server running --- from server.ts","timestamp":"2025-04-01T07:53:02.827Z"}
{"level":"info","message":"Server running --- from server.ts","timestamp":"2025-04-01T07:53:45.884Z"}
{"level":"info","message":"Server running --- from server.ts","timestamp":"2025-04-01T07:53:53.140Z"}
{"level":"info","message":"Server running --- from server.ts","timestamp":"2025-04-01T07:54:36.517Z"}
{"level":"info","message":"Server running --- from server.ts","timestamp":"2025-04-01T07:58:21.420Z"}
{"level":"info","message":"Server running --- from server.ts","timestamp":"2025-04-01T08:00:33.747Z"}
{"level":"info","message":"Server running --- from server.ts","timestamp":"2025-04-01T08:03:00.210Z"}
{"level":"info","message":"Server running --- from server.ts","timestamp":"2025-04-01T08:03:07.824Z"}
{"level":"info","message":"Server running --- from server.ts","timestamp":"2025-04-01T08:03:25.315Z"}
{"level":"info","message":"Router-----add price","timestamp":"2025-04-01T08:03:42.712Z"}
{"level":"info","message":"Router-----add price","timestamp":"2025-04-01T08:05:07.197Z"}
{"level":"info","message":"Server running --- from server.ts","timestamp":"2025-04-01T08:06:07.959Z"}
{"level":"info","message":"Server running --- from server.ts","timestamp":"2025-04-01T08:07:21.713Z"}
{"level":"info","message":"Server running --- from server.ts","timestamp":"2025-04-01T08:07:41.209Z"}
{"level":"info","message":"Server running --- from server.ts","timestamp":"2025-04-01T08:07:50.982Z"}
{"level":"info","message":"Server running --- from server.ts","timestamp":"2025-04-01T08:07:57.489Z"}
{"level":"info","message":"Router-----add category","timestamp":"2025-04-01T08:08:41.027Z"}
{"level":"info","message":"Server running --- from server.ts","timestamp":"2025-04-01T08:09:21.437Z"}
{"level":"info","message":"Server running --- from server.ts","timestamp":"2025-04-01T08:11:45.081Z"}
{"level":"info","message":"Server running --- from server.ts","timestamp":"2025-04-01T08:12:33.127Z"}
{"level":"info","message":"Router-----add Sub category","timestamp":"2025-04-01T08:13:05.178Z"}
{"level":"info","message":"Server running --- from server.ts","timestamp":"2025-04-01T08:14:47.625Z"}
{"level":"info","message":"Server running --- from server.ts","timestamp":"2025-04-01T08:15:44.347Z"}
{"level":"info","message":"Server running --- from server.ts","timestamp":"2025-04-01T09:17:07.178Z"}
{"level":"info","message":"Server running --- from server.ts","timestamp":"2025-04-01T09:17:26.338Z"}
{"level":"info","message":"Server running --- from server.ts","timestamp":"2025-04-01T09:17:36.985Z"}
{"level":"info","message":"Server running --- from server.ts","timestamp":"2025-04-01T09:17:43.221Z"}
{"level":"info","message":"Server running --- from server.ts","timestamp":"2025-04-01T09:17:52.146Z"}
{"level":"info","message":"Server running --- from server.ts","timestamp":"2025-04-01T12:25:51.228Z"}
{"level":"info","message":"Router-----add Sub category","timestamp":"2025-04-01T12:27:45.063Z"}
{"level":"info","message":"Server running --- from server.ts","timestamp":"2025-04-01T12:32:11.572Z"}
{"level":"info","message":"Server running --- from server.ts","timestamp":"2025-04-01T12:32:31.495Z"}
{"level":"info","message":"Server running --- from server.ts","timestamp":"2025-04-01T12:32:39.867Z"}
{"level":"info","message":"Server running --- from server.ts","timestamp":"2025-04-01T12:33:01.858Z"}
{"level":"info","message":"Server running --- from server.ts","timestamp":"2025-04-01T12:33:17.803Z"}
{"level":"info","message":"Server running --- from server.ts","timestamp":"2025-04-01T12:51:24.948Z"}
{"level":"info","message":"Server running --- from server.ts","timestamp":"2025-04-01T12:51:32.849Z"}
{"level":"info","message":"Server running --- from server.ts","timestamp":"2025-04-01T12:51:50.576Z"}
{"level":"info","message":"Server running --- from server.ts","timestamp":"2025-04-01T12:53:01.172Z"}
{"level":"info","message":"Server running --- from server.ts","timestamp":"2025-04-01T12:55:55.020Z"}
{"level":"info","message":"Server running --- from server.ts","timestamp":"2025-04-01T12:56:10.929Z"}
{"level":"info","message":"Server running --- from server.ts","timestamp":"2025-04-01T12:57:33.748Z"}
{"level":"info","message":"Server running --- from server.ts","timestamp":"2025-04-01T12:57:53.100Z"}
{"level":"info","message":"Router ------------booking ","timestamp":"2025-04-01T12:58:03.623Z"}
{"level":"info","message":"Server running --- from server.ts","timestamp":"2025-04-01T13:00:41.558Z"}
{"level":"info","message":"Server running --- from server.ts","timestamp":"2025-04-01T13:00:56.254Z"}
{"level":"info","message":"Server running --- from server.ts","timestamp":"2025-04-01T13:01:12.467Z"}
{"level":"info","message":"Router ------------booking ","timestamp":"2025-04-01T13:07:38.844Z"}
{"level":"info","message":"Server running --- from server.ts","timestamp":"2025-04-01T13:21:47.875Z"}
