{"level":"info","message":"Router-----get customer","timestamp":"2025-04-30T03:34:50.929Z"}
{"level":"info","message":"Router ------------add Report ","timestamp":"2025-04-30T03:34:51.092Z"}
{"level":"info","message":"Router-----get customer","timestamp":"2025-04-30T03:34:51.375Z"}
{"level":"info","message":"Router ------------add Report ","timestamp":"2025-04-30T03:34:51.930Z"}
{"level":"info","message":"Router ------------list Finance","timestamp":"2025-04-30T03:35:36.027Z"}
{"level":"info","message":"Router ------------list Finance","timestamp":"2025-04-30T03:35:36.262Z"}
{"level":"info","message":"Router-----get partners","timestamp":"2025-04-30T03:35:38.682Z"}
{"level":"info","message":"Router ------------transaction Mapping ","timestamp":"2025-04-30T03:35:38.761Z"}
{"level":"info","message":"Router-----get partners","timestamp":"2025-04-30T03:35:38.967Z"}
{"level":"info","message":"Router ------------transaction Mapping ","timestamp":"2025-04-30T03:35:39.012Z"}
{"level":"info","message":"Router ------------add employee","timestamp":"2025-04-30T03:35:41.366Z"}
{"level":"info","message":"Router ------------add employee","timestamp":"2025-04-30T03:35:41.446Z"}
{"level":"info","message":"Router-----get customer","timestamp":"2025-04-30T03:35:44.425Z"}
{"level":"info","message":"Router-----get customer","timestamp":"2025-04-30T03:35:44.529Z"}
{"level":"info","message":"Server running --- from server.ts","timestamp":"2025-04-30T10:42:08.335Z"}
{"level":"info","message":"Router ------------admin login","timestamp":"2025-04-30T10:48:38.223Z"}
{"level":"info","message":"Router ------------admin login","timestamp":"2025-04-30T10:53:11.409Z"}
{"level":"info","message":"Router-----get category","timestamp":"2025-04-30T10:53:20.960Z"}
{"level":"info","message":"Router-----add get category","timestamp":"2025-04-30T10:53:21.032Z"}
{"level":"info","message":"Router ------------admin login","timestamp":"2025-04-30T10:53:21.064Z"}
{"level":"info","message":"Router-----get partners","timestamp":"2025-04-30T10:53:21.251Z"}
{"level":"info","message":"Router-----get customer","timestamp":"2025-04-30T10:53:21.303Z"}
{"level":"info","message":"Router ------------view Past booking ","timestamp":"2025-04-30T10:53:21.457Z"}
{"level":"info","message":"Router ------------transaction Mapping ","timestamp":"2025-04-30T10:53:21.498Z"}
{"level":"info","message":"Router-----get category","timestamp":"2025-04-30T10:53:21.534Z"}
{"level":"info","message":"Router-----get partners","timestamp":"2025-04-30T10:53:21.577Z"}
{"level":"info","message":"Router-----add get category","timestamp":"2025-04-30T10:53:21.649Z"}
{"level":"info","message":"Router ------------view Past booking ","timestamp":"2025-04-30T10:53:21.772Z"}
{"level":"info","message":"Router-----get customer","timestamp":"2025-04-30T10:53:21.823Z"}
{"level":"info","message":"Router ------------transaction Mapping ","timestamp":"2025-04-30T10:53:21.959Z"}
{"level":"info","message":"Router-----get partners","timestamp":"2025-04-30T10:53:22.802Z"}
{"level":"info","message":"Router ------------transaction Mapping ","timestamp":"2025-04-30T10:53:22.843Z"}
{"level":"info","message":"Router-----get partners","timestamp":"2025-04-30T10:53:22.883Z"}
{"level":"info","message":"Router ------------transaction Mapping ","timestamp":"2025-04-30T10:53:23.060Z"}
{"level":"info","message":"Router ------------add employee","timestamp":"2025-04-30T10:53:25.351Z"}
{"level":"info","message":"Router ------------add employee","timestamp":"2025-04-30T10:53:25.414Z"}
{"level":"info","message":"Router-----get category","timestamp":"2025-04-30T10:53:32.991Z"}
{"level":"info","message":"Router-----add get category","timestamp":"2025-04-30T10:53:33.025Z"}
{"level":"info","message":"Router-----get partners","timestamp":"2025-04-30T10:53:33.054Z"}
{"level":"info","message":"Router ------------view Past booking ","timestamp":"2025-04-30T10:53:33.085Z"}
{"level":"info","message":"Router-----get customer","timestamp":"2025-04-30T10:53:33.112Z"}
{"level":"info","message":"Router ------------transaction Mapping ","timestamp":"2025-04-30T10:53:33.202Z"}
{"level":"info","message":"Router-----get category","timestamp":"2025-04-30T10:53:33.346Z"}
{"level":"info","message":"Router-----get customer","timestamp":"2025-04-30T10:53:33.593Z"}
{"level":"info","message":"Router-----get partners","timestamp":"2025-04-30T10:53:33.677Z"}
{"level":"info","message":"Router ------------view Past booking ","timestamp":"2025-04-30T10:53:33.745Z"}
{"level":"info","message":"Router-----add get category","timestamp":"2025-04-30T10:53:33.831Z"}
{"level":"info","message":"Router ------------transaction Mapping ","timestamp":"2025-04-30T10:53:33.944Z"}
{"level":"info","message":"Router-----get category","timestamp":"2025-04-30T10:53:44.563Z"}
{"level":"info","message":"Router-----add get category","timestamp":"2025-04-30T10:53:44.606Z"}
{"level":"info","message":"Router-----get partners","timestamp":"2025-04-30T10:53:44.652Z"}
{"level":"info","message":"Router-----get customer","timestamp":"2025-04-30T10:53:44.687Z"}
{"level":"info","message":"Router ------------transaction Mapping ","timestamp":"2025-04-30T10:53:44.719Z"}
{"level":"info","message":"Router ------------view Past booking ","timestamp":"2025-04-30T10:53:44.747Z"}
{"level":"info","message":"Router-----get category","timestamp":"2025-04-30T10:53:44.919Z"}
{"level":"info","message":"Router-----add get category","timestamp":"2025-04-30T10:53:45.099Z"}
{"level":"info","message":"Router-----get partners","timestamp":"2025-04-30T10:53:45.351Z"}
{"level":"info","message":"Router ------------view Past booking ","timestamp":"2025-04-30T10:53:45.405Z"}
{"level":"info","message":"Router-----get customer","timestamp":"2025-04-30T10:53:45.466Z"}
{"level":"info","message":"Router ------------transaction Mapping ","timestamp":"2025-04-30T10:53:45.632Z"}
{"level":"info","message":"Router-----get category","timestamp":"2025-04-30T10:53:49.040Z"}
{"level":"info","message":"Router-----add get category","timestamp":"2025-04-30T10:53:49.088Z"}
{"level":"info","message":"Router-----get partners","timestamp":"2025-04-30T10:53:49.143Z"}
{"level":"info","message":"Router-----get customer","timestamp":"2025-04-30T10:53:49.208Z"}
{"level":"info","message":"Router ------------view Past booking ","timestamp":"2025-04-30T10:53:49.263Z"}
{"level":"info","message":"Router ------------transaction Mapping ","timestamp":"2025-04-30T10:53:49.320Z"}
{"level":"info","message":"Router-----get category","timestamp":"2025-04-30T10:53:49.393Z"}
{"level":"info","message":"Router-----add get category","timestamp":"2025-04-30T10:53:49.442Z"}
{"level":"info","message":"Router-----get customer","timestamp":"2025-04-30T10:53:49.494Z"}
{"level":"info","message":"Router-----get partners","timestamp":"2025-04-30T10:53:49.553Z"}
{"level":"info","message":"Router ------------view Past booking ","timestamp":"2025-04-30T10:53:49.717Z"}
{"level":"info","message":"Router ------------transaction Mapping ","timestamp":"2025-04-30T10:53:49.936Z"}
{"level":"info","message":"Router ------------add employee","timestamp":"2025-04-30T10:53:52.477Z"}
{"level":"info","message":"Router ------------add employee","timestamp":"2025-04-30T10:53:52.582Z"}
{"level":"info","message":"Router-----get partners","timestamp":"2025-04-30T10:53:53.903Z"}
{"level":"info","message":"Router ------------transaction Mapping ","timestamp":"2025-04-30T10:53:53.954Z"}
{"level":"info","message":"Router-----get partners","timestamp":"2025-04-30T10:53:54.000Z"}
{"level":"info","message":"Router ------------transaction Mapping ","timestamp":"2025-04-30T10:53:54.162Z"}
{"level":"info","message":"Router-----get category","timestamp":"2025-04-30T10:53:54.992Z"}
{"level":"info","message":"Router-----add get category","timestamp":"2025-04-30T10:53:55.028Z"}
{"level":"info","message":"Router-----get partners","timestamp":"2025-04-30T10:53:55.055Z"}
{"level":"info","message":"Router-----get customer","timestamp":"2025-04-30T10:53:55.090Z"}
{"level":"info","message":"Router ------------transaction Mapping ","timestamp":"2025-04-30T10:53:55.126Z"}
{"level":"info","message":"Router ------------view Past booking ","timestamp":"2025-04-30T10:53:55.155Z"}
{"level":"info","message":"Router-----get category","timestamp":"2025-04-30T10:53:55.282Z"}
{"level":"info","message":"Router-----add get category","timestamp":"2025-04-30T10:53:55.306Z"}
{"level":"info","message":"Router-----get partners","timestamp":"2025-04-30T10:53:55.332Z"}
{"level":"info","message":"Router-----get customer","timestamp":"2025-04-30T10:53:55.365Z"}
{"level":"info","message":"Router ------------view Past booking ","timestamp":"2025-04-30T10:53:55.406Z"}
{"level":"info","message":"Router ------------transaction Mapping ","timestamp":"2025-04-30T10:53:55.669Z"}
{"level":"info","message":"Router-----get category","timestamp":"2025-04-30T10:53:57.991Z"}
{"level":"info","message":"Router-----add get category","timestamp":"2025-04-30T10:53:58.045Z"}
{"level":"info","message":"Router-----get partners","timestamp":"2025-04-30T10:53:58.099Z"}
{"level":"info","message":"Router-----get customer","timestamp":"2025-04-30T10:53:58.150Z"}
{"level":"info","message":"Router ------------view Past booking ","timestamp":"2025-04-30T10:53:58.194Z"}
{"level":"info","message":"Router ------------transaction Mapping ","timestamp":"2025-04-30T10:53:58.242Z"}
{"level":"info","message":"Router-----get category","timestamp":"2025-04-30T10:53:58.514Z"}
{"level":"info","message":"Router-----get customer","timestamp":"2025-04-30T10:53:58.610Z"}
{"level":"info","message":"Router-----get partners","timestamp":"2025-04-30T10:53:58.659Z"}
{"level":"info","message":"Router-----add get category","timestamp":"2025-04-30T10:53:58.694Z"}
{"level":"info","message":"Router ------------view Past booking ","timestamp":"2025-04-30T10:53:58.743Z"}
{"level":"info","message":"Router ------------transaction Mapping ","timestamp":"2025-04-30T10:53:58.969Z"}
{"level":"info","message":"Router-----get partners","timestamp":"2025-04-30T10:53:59.016Z"}
{"level":"info","message":"Router ------------transaction Mapping ","timestamp":"2025-04-30T10:53:59.072Z"}
{"level":"info","message":"Router-----get partners","timestamp":"2025-04-30T10:53:59.119Z"}
{"level":"info","message":"Router ------------transaction Mapping ","timestamp":"2025-04-30T10:53:59.272Z"}
{"level":"info","message":"Router ------------add employee","timestamp":"2025-04-30T10:54:00.007Z"}
{"level":"info","message":"Router ------------add employee","timestamp":"2025-04-30T10:54:00.085Z"}
{"level":"info","message":"Router ------------get Usertype","timestamp":"2025-04-30T10:54:02.524Z"}
{"level":"info","message":"Router ------------get Usertype","timestamp":"2025-04-30T10:54:02.610Z"}
{"level":"info","message":"Router-----get category","timestamp":"2025-04-30T10:54:05.785Z"}
{"level":"info","message":"Router-----add get category","timestamp":"2025-04-30T10:54:05.827Z"}
{"level":"info","message":"Router-----get partners","timestamp":"2025-04-30T10:54:05.863Z"}
{"level":"info","message":"Router-----get customer","timestamp":"2025-04-30T10:54:05.892Z"}
{"level":"info","message":"Router ------------view Past booking ","timestamp":"2025-04-30T10:54:05.927Z"}
{"level":"info","message":"Router ------------transaction Mapping ","timestamp":"2025-04-30T10:54:05.957Z"}
{"level":"info","message":"Router-----get customer","timestamp":"2025-04-30T10:54:06.012Z"}
{"level":"info","message":"Router-----add get category","timestamp":"2025-04-30T10:54:06.048Z"}
{"level":"info","message":"Router-----get category","timestamp":"2025-04-30T10:54:06.076Z"}
{"level":"info","message":"Router-----get partners","timestamp":"2025-04-30T10:54:06.114Z"}
{"level":"info","message":"Router ------------view Past booking ","timestamp":"2025-04-30T10:54:06.246Z"}
{"level":"info","message":"Router ------------transaction Mapping ","timestamp":"2025-04-30T10:54:06.405Z"}
{"level":"info","message":"Router ------------get Usertype","timestamp":"2025-04-30T10:54:13.738Z"}
{"level":"info","message":"Router ------------get Usertype","timestamp":"2025-04-30T10:54:13.796Z"}
{"level":"info","message":"Router-----get partners","timestamp":"2025-04-30T10:59:13.168Z"}
{"level":"info","message":"Router ------------transaction Mapping ","timestamp":"2025-04-30T10:59:13.197Z"}
{"level":"info","message":"Router-----get partners","timestamp":"2025-04-30T10:59:13.397Z"}
{"level":"info","message":"Router ------------transaction Mapping ","timestamp":"2025-04-30T10:59:13.516Z"}
{"level":"info","message":"Router ------------add employee","timestamp":"2025-04-30T10:59:17.782Z"}
{"level":"info","message":"Router ------------add employee","timestamp":"2025-04-30T10:59:18.420Z"}
{"level":"info","message":"Router-----get partners","timestamp":"2025-04-30T10:59:22.837Z"}
{"level":"info","message":"Router ------------transaction Mapping ","timestamp":"2025-04-30T10:59:22.858Z"}
{"level":"info","message":"Router -----------Listing the Unpaid Employee For the Selected Month ","timestamp":"2025-04-30T10:59:26.644Z"}
{"level":"info","message":"Router ------------add employee","timestamp":"2025-04-30T10:59:26.877Z"}
{"level":"info","message":"Router ------------add employee","timestamp":"2025-04-30T10:59:26.936Z"}
{"level":"info","message":"Router -----------Listing the Unpaid Employee For the Selected Month ","timestamp":"2025-04-30T10:59:35.349Z"}
{"level":"info","message":"Router -----------Listing the Unpaid Employee For the Selected Month ","timestamp":"2025-04-30T10:59:36.023Z"}
{"level":"info","message":"Router -----------Listing the Unpaid Employee For the Selected Month ","timestamp":"2025-04-30T10:59:36.243Z"}
{"level":"info","message":"Router -----------Listing the Unpaid Employee For the Selected Month ","timestamp":"2025-04-30T10:59:47.075Z"}
{"level":"info","message":"Router -----------Getting Payed List","timestamp":"2025-04-30T10:59:57.704Z"}
{"level":"info","message":"Router -----------Getting Payed List","timestamp":"2025-04-30T11:00:06.475Z"}
{"level":"info","message":"Router -----------Listing the Unpaid Employee For the Selected Month ","timestamp":"2025-04-30T11:00:12.786Z"}
{"level":"info","message":"Router -----------Listing the Unpaid Employee For the Selected Month ","timestamp":"2025-04-30T11:00:16.636Z"}
{"level":"info","message":"Router -----------Listing the Unpaid Employee For the Selected Month ","timestamp":"2025-04-30T11:00:17.662Z"}
{"level":"info","message":"Router -----------Getting Payed List","timestamp":"2025-04-30T11:00:22.902Z"}
{"level":"info","message":"Router -----------Getting Payed List","timestamp":"2025-04-30T11:00:28.158Z"}
{"level":"info","message":"Router -----------Listing the Unpaid Employee For the Selected Month ","timestamp":"2025-04-30T11:00:40.977Z"}
{"level":"info","message":"Router -----------Listing the Unpaid Employee For the Selected Month ","timestamp":"2025-04-30T11:00:47.433Z"}
{"level":"info","message":"Router -----------Listing the Unpaid Employee For the Selected Month ","timestamp":"2025-04-30T11:00:53.435Z"}
{"level":"info","message":"Router-----get partners","timestamp":"2025-04-30T11:00:56.561Z"}
{"level":"info","message":"Router ------------transaction Mapping ","timestamp":"2025-04-30T11:00:56.610Z"}
{"level":"info","message":"Router-----get partners","timestamp":"2025-04-30T11:00:56.685Z"}
{"level":"info","message":"Router ------------transaction Mapping ","timestamp":"2025-04-30T11:00:57.091Z"}
{"level":"info","message":"Router ------------add employee","timestamp":"2025-04-30T11:02:00.274Z"}
{"level":"info","message":"Router ------------add employee","timestamp":"2025-04-30T11:02:00.489Z"}
{"level":"info","message":"Router-----get category","timestamp":"2025-04-30T11:02:05.283Z"}
{"level":"info","message":"Router-----add get category","timestamp":"2025-04-30T11:02:05.305Z"}
{"level":"info","message":"Router-----get partners","timestamp":"2025-04-30T11:02:05.326Z"}
{"level":"info","message":"Router-----get customer","timestamp":"2025-04-30T11:02:05.352Z"}
{"level":"info","message":"Router ------------view Past booking ","timestamp":"2025-04-30T11:02:05.378Z"}
{"level":"info","message":"Router ------------transaction Mapping ","timestamp":"2025-04-30T11:02:05.398Z"}
{"level":"info","message":"Router-----get category","timestamp":"2025-04-30T11:02:05.426Z"}
{"level":"info","message":"Router-----get partners","timestamp":"2025-04-30T11:02:05.611Z"}
{"level":"info","message":"Router-----get customer","timestamp":"2025-04-30T11:02:05.635Z"}
{"level":"info","message":"Router ------------view Past booking ","timestamp":"2025-04-30T11:02:05.660Z"}
{"level":"info","message":"Router-----add get category","timestamp":"2025-04-30T11:02:05.681Z"}
{"level":"info","message":"Router ------------transaction Mapping ","timestamp":"2025-04-30T11:02:05.791Z"}
{"level":"info","message":"Router-----get category","timestamp":"2025-04-30T11:02:46.252Z"}
{"level":"info","message":"Router-----add get category","timestamp":"2025-04-30T11:02:46.275Z"}
{"level":"info","message":"Router-----get partners","timestamp":"2025-04-30T11:02:46.299Z"}
{"level":"info","message":"Router-----get customer","timestamp":"2025-04-30T11:02:46.323Z"}
{"level":"info","message":"Router ------------view Past booking ","timestamp":"2025-04-30T11:02:46.351Z"}
{"level":"info","message":"Router ------------transaction Mapping ","timestamp":"2025-04-30T11:02:46.378Z"}
{"level":"info","message":"Router-----get category","timestamp":"2025-04-30T11:02:46.595Z"}
{"level":"info","message":"Router-----get customer","timestamp":"2025-04-30T11:02:46.620Z"}
{"level":"info","message":"Router-----add get category","timestamp":"2025-04-30T11:02:46.662Z"}
{"level":"info","message":"Router-----get partners","timestamp":"2025-04-30T11:02:46.689Z"}
{"level":"info","message":"Router ------------view Past booking ","timestamp":"2025-04-30T11:02:46.718Z"}
{"level":"info","message":"Router ------------transaction Mapping ","timestamp":"2025-04-30T11:02:46.796Z"}
{"level":"info","message":"Router-----get partners","timestamp":"2025-04-30T11:02:50.654Z"}
{"level":"info","message":"Router ------------transaction Mapping ","timestamp":"2025-04-30T11:02:50.687Z"}
{"level":"info","message":"Router-----get partners","timestamp":"2025-04-30T11:02:50.724Z"}
{"level":"info","message":"Router ------------transaction Mapping ","timestamp":"2025-04-30T11:02:50.874Z"}
{"level":"info","message":"Router -----------Getting Payed List","timestamp":"2025-04-30T11:03:12.157Z"}
{"level":"info","message":"Router-----get partners","timestamp":"2025-04-30T11:03:14.031Z"}
{"level":"info","message":"Router-----get partners","timestamp":"2025-04-30T11:03:14.094Z"}
{"level":"info","message":"Router -----------Getting Payed List","timestamp":"2025-04-30T11:03:16.536Z"}
{"level":"info","message":"Router-----get customer","timestamp":"2025-04-30T11:03:17.296Z"}
{"level":"info","message":"Router-----get customer","timestamp":"2025-04-30T11:03:17.357Z"}
{"level":"info","message":"Router-----get partners","timestamp":"2025-04-30T11:04:40.237Z"}
{"level":"info","message":"Router-----get price","timestamp":"2025-04-30T11:04:40.256Z"}
{"level":"info","message":"Router-----get price","timestamp":"2025-04-30T11:04:40.450Z"}
{"level":"info","message":"Router-----get partners","timestamp":"2025-04-30T11:04:40.709Z"}
{"level":"info","message":"Router ------------get Usertype","timestamp":"2025-04-30T11:04:43.901Z"}
{"level":"info","message":"Router ------------get Usertype","timestamp":"2025-04-30T11:04:43.960Z"}
{"level":"info","message":"Router-----get category","timestamp":"2025-04-30T11:05:36.601Z"}
{"level":"info","message":"Router-----add get category","timestamp":"2025-04-30T11:05:36.623Z"}
{"level":"info","message":"Router-----get category","timestamp":"2025-04-30T11:05:36.848Z"}
{"level":"info","message":"Router-----add get category","timestamp":"2025-04-30T11:05:36.873Z"}
{"level":"info","message":"Router-----get partners","timestamp":"2025-04-30T11:05:53.695Z"}
{"level":"info","message":"Router-----get price","timestamp":"2025-04-30T11:05:53.714Z"}
{"level":"info","message":"Router-----get partners","timestamp":"2025-04-30T11:05:53.924Z"}
{"level":"info","message":"Router-----get price","timestamp":"2025-04-30T11:05:53.955Z"}
{"level":"info","message":"Router-----get partners","timestamp":"2025-04-30T11:07:19.267Z"}
{"level":"info","message":"Router-----get price","timestamp":"2025-04-30T11:07:19.291Z"}
{"level":"info","message":"Router-----get price","timestamp":"2025-04-30T11:07:19.525Z"}
{"level":"info","message":"Router-----get partners","timestamp":"2025-04-30T11:07:19.781Z"}
{"level":"info","message":"Router-----get category","timestamp":"2025-04-30T11:08:13.979Z"}
{"level":"info","message":"Router-----add get category","timestamp":"2025-04-30T11:08:14.003Z"}
{"level":"info","message":"Router-----get category","timestamp":"2025-04-30T11:08:14.213Z"}
{"level":"info","message":"Router-----add get category","timestamp":"2025-04-30T11:08:14.233Z"}
{"level":"info","message":"Router-----get partners","timestamp":"2025-04-30T11:08:53.087Z"}
{"level":"info","message":"Router ------------transaction Mapping ","timestamp":"2025-04-30T11:08:53.107Z"}
{"level":"info","message":"Router-----get partners","timestamp":"2025-04-30T11:08:53.315Z"}
{"level":"info","message":"Router ------------transaction Mapping ","timestamp":"2025-04-30T11:08:53.441Z"}
{"level":"info","message":"Router-----get partners","timestamp":"2025-04-30T11:08:58.695Z"}
{"level":"info","message":"Router ------------transaction Mapping ","timestamp":"2025-04-30T11:08:58.721Z"}
{"level":"info","message":"Router-----get partners","timestamp":"2025-04-30T11:09:08.877Z"}
{"level":"info","message":"Router ------------transaction Mapping ","timestamp":"2025-04-30T11:09:08.897Z"}
{"level":"info","message":"Router ------------add employee","timestamp":"2025-04-30T11:09:11.298Z"}
{"level":"info","message":"Router ------------add employee","timestamp":"2025-04-30T11:09:11.364Z"}
{"level":"info","message":"Router ------------get Usertype","timestamp":"2025-04-30T11:09:12.823Z"}
{"level":"info","message":"Router ------------get Usertype","timestamp":"2025-04-30T11:09:12.877Z"}
{"level":"info","message":"Router ------------admin login","timestamp":"2025-04-30T11:10:52.715Z"}
{"level":"info","message":"Router ------------admin login","timestamp":"2025-04-30T11:11:26.958Z"}
{"level":"info","message":"Router-----get category","timestamp":"2025-04-30T11:11:30.817Z"}
{"level":"info","message":"Router-----add get category","timestamp":"2025-04-30T11:11:30.837Z"}
{"level":"info","message":"Router-----get partners","timestamp":"2025-04-30T11:11:30.859Z"}
{"level":"info","message":"Router-----get customer","timestamp":"2025-04-30T11:11:30.881Z"}
{"level":"info","message":"Router ------------view Past booking ","timestamp":"2025-04-30T11:11:30.904Z"}
{"level":"info","message":"Router ------------transaction Mapping ","timestamp":"2025-04-30T11:11:30.929Z"}
{"level":"info","message":"Router-----get category","timestamp":"2025-04-30T11:11:30.965Z"}
{"level":"info","message":"Router-----add get category","timestamp":"2025-04-30T11:11:31.219Z"}
{"level":"info","message":"Router-----get partners","timestamp":"2025-04-30T11:11:31.270Z"}
{"level":"info","message":"Router ------------view Past booking ","timestamp":"2025-04-30T11:11:31.310Z"}
{"level":"info","message":"Router-----get customer","timestamp":"2025-04-30T11:11:31.422Z"}
{"level":"info","message":"Router ------------transaction Mapping ","timestamp":"2025-04-30T11:11:31.454Z"}
{"level":"info","message":"Router-----get partners","timestamp":"2025-04-30T11:11:32.059Z"}
{"level":"info","message":"Router ------------transaction Mapping ","timestamp":"2025-04-30T11:11:32.081Z"}
{"level":"info","message":"Router-----get partners","timestamp":"2025-04-30T11:11:32.118Z"}
{"level":"info","message":"Router ------------transaction Mapping ","timestamp":"2025-04-30T11:11:32.273Z"}
{"level":"info","message":"Router-----get category","timestamp":"2025-04-30T11:11:37.194Z"}
{"level":"info","message":"Router-----add get category","timestamp":"2025-04-30T11:11:37.275Z"}
{"level":"info","message":"Router-----get partners","timestamp":"2025-04-30T11:11:37.329Z"}
{"level":"info","message":"Router-----get customer","timestamp":"2025-04-30T11:11:37.384Z"}
{"level":"info","message":"Router ------------view Past booking ","timestamp":"2025-04-30T11:11:37.436Z"}
{"level":"info","message":"Router ------------transaction Mapping ","timestamp":"2025-04-30T11:11:37.495Z"}
{"level":"info","message":"Router-----get category","timestamp":"2025-04-30T11:11:37.614Z"}
{"level":"info","message":"Router-----add get category","timestamp":"2025-04-30T11:11:37.650Z"}
{"level":"info","message":"Router-----get partners","timestamp":"2025-04-30T11:11:37.683Z"}
{"level":"info","message":"Router-----get customer","timestamp":"2025-04-30T11:11:37.862Z"}
{"level":"info","message":"Router ------------view Past booking ","timestamp":"2025-04-30T11:11:37.911Z"}
{"level":"info","message":"Router ------------transaction Mapping ","timestamp":"2025-04-30T11:11:38.090Z"}
{"level":"info","message":"Router ------------get Usertype","timestamp":"2025-04-30T11:12:19.084Z"}
{"level":"info","message":"Router ------------get Usertype","timestamp":"2025-04-30T11:12:19.315Z"}
{"level":"info","message":"Router ------------admin login","timestamp":"2025-04-30T11:12:31.534Z"}
{"level":"info","message":"Router ------------add employee","timestamp":"2025-04-30T11:12:36.817Z"}
{"level":"info","message":"Router ------------add employee","timestamp":"2025-04-30T11:12:36.997Z"}
{"level":"info","message":"Router ------------get Usertype","timestamp":"2025-04-30T11:12:39.062Z"}
{"level":"info","message":"Router ------------get Usertype","timestamp":"2025-04-30T11:12:39.132Z"}
{"level":"info","message":"Router ------------add employee","timestamp":"2025-04-30T11:14:15.732Z"}
{"level":"info","message":"Router ------------add employee","timestamp":"2025-04-30T11:14:16.529Z"}
{"level":"info","message":"Router ------------admin login","timestamp":"2025-04-30T11:14:55.929Z"}
{"level":"info","message":"Router-----get customer","timestamp":"2025-04-30T11:15:03.475Z"}
{"level":"info","message":"Router ------------add Report ","timestamp":"2025-04-30T11:15:03.517Z"}
{"level":"info","message":"Router-----get customer","timestamp":"2025-04-30T11:15:03.690Z"}
{"level":"info","message":"Router ------------add Report ","timestamp":"2025-04-30T11:15:04.210Z"}
{"level":"info","message":"Router ------------add employee","timestamp":"2025-04-30T11:15:09.962Z"}
{"level":"info","message":"Router ------------add employee","timestamp":"2025-04-30T11:15:10.427Z"}
{"level":"info","message":"Router -----------Getting Payed List","timestamp":"2025-04-30T11:15:16.955Z"}
{"level":"info","message":"Router -----------Listing the Unpaid Employee For the Selected Month ","timestamp":"2025-04-30T11:15:22.087Z"}
{"level":"info","message":"Router -----------Listing the Unpaid Employee For the Selected Month ","timestamp":"2025-04-30T11:15:31.187Z"}
{"level":"info","message":"Router -----------Listing the Unpaid Employee For the Selected Month ","timestamp":"2025-04-30T11:15:31.878Z"}
{"level":"info","message":"Router -----------Listing the Unpaid Employee For the Selected Month ","timestamp":"2025-04-30T11:15:32.089Z"}
{"level":"info","message":"Router -----------Listing the Unpaid Employee For the Selected Month ","timestamp":"2025-04-30T11:15:32.480Z"}
{"level":"info","message":"Router -----------Listing the Unpaid Employee For the Selected Month ","timestamp":"2025-04-30T11:15:34.578Z"}
{"level":"info","message":"Router -----------Listing the Unpaid Employee For the Selected Month ","timestamp":"2025-04-30T11:15:34.974Z"}
{"level":"info","message":"Router -----------Listing the Unpaid Employee For the Selected Month ","timestamp":"2025-04-30T11:15:37.768Z"}
{"level":"info","message":"Router ------------list Finance","timestamp":"2025-04-30T11:17:14.086Z"}
{"level":"info","message":"Router ------------list Finance","timestamp":"2025-04-30T11:17:14.333Z"}
{"level":"info","message":"Router-----get customer","timestamp":"2025-04-30T11:17:17.939Z"}
{"level":"info","message":"Router ------------add Report ","timestamp":"2025-04-30T11:17:17.954Z"}
{"level":"info","message":"Router-----get customer","timestamp":"2025-04-30T11:17:17.999Z"}
{"level":"info","message":"Router ------------add Report ","timestamp":"2025-04-30T11:17:18.472Z"}
{"level":"info","message":"Router ------------add employee","timestamp":"2025-04-30T11:17:27.572Z"}
{"level":"info","message":"Router ------------add employee","timestamp":"2025-04-30T11:17:27.630Z"}
{"level":"info","message":"Router ------------admin login","timestamp":"2025-04-30T11:19:23.390Z"}
{"level":"info","message":"Router ------------add employee","timestamp":"2025-04-30T11:19:27.777Z"}
{"level":"info","message":"Router ------------add employee","timestamp":"2025-04-30T11:19:27.884Z"}
{"level":"info","message":"Router ------------get Usertype","timestamp":"2025-04-30T11:19:30.737Z"}
{"level":"info","message":"Router ------------get Usertype","timestamp":"2025-04-30T11:19:30.805Z"}
{"level":"info","message":"Router ------------add employee","timestamp":"2025-04-30T11:19:38.650Z"}
{"level":"info","message":"Router ------------add employee","timestamp":"2025-04-30T11:19:38.727Z"}
{"level":"info","message":"Router ------------get Usertype","timestamp":"2025-04-30T11:19:46.549Z"}
{"level":"info","message":"Router ------------get Usertype","timestamp":"2025-04-30T11:19:46.629Z"}
{"level":"info","message":"Router ------------add employee","timestamp":"2025-04-30T11:22:39.825Z"}
{"level":"info","message":"Router ------------add employee","timestamp":"2025-04-30T11:22:40.295Z"}
{"level":"info","message":"Router ------------add employee","timestamp":"2025-04-30T11:23:32.646Z"}
{"level":"info","message":"Router ------------add employee","timestamp":"2025-04-30T11:23:32.918Z"}
{"level":"info","message":"Router-----get customer","timestamp":"2025-04-30T11:23:35.422Z"}
{"level":"info","message":"Router ------------add Report ","timestamp":"2025-04-30T11:23:35.446Z"}
{"level":"info","message":"Router-----get customer","timestamp":"2025-04-30T11:23:35.485Z"}
{"level":"info","message":"Router ------------add Report ","timestamp":"2025-04-30T11:23:36.053Z"}
{"level":"info","message":"Router ------------list Finance","timestamp":"2025-04-30T11:23:36.243Z"}
{"level":"info","message":"Router ------------list Finance","timestamp":"2025-04-30T11:23:36.337Z"}
{"level":"info","message":"Router-----get customer","timestamp":"2025-04-30T11:23:38.669Z"}
{"level":"info","message":"Router ------------add Report ","timestamp":"2025-04-30T11:23:38.689Z"}
{"level":"info","message":"Router-----get customer","timestamp":"2025-04-30T11:23:38.739Z"}
{"level":"info","message":"Router ------------add Report ","timestamp":"2025-04-30T11:23:39.002Z"}
{"level":"info","message":"Router ------------get Usertype","timestamp":"2025-04-30T11:23:43.811Z"}
{"level":"info","message":"Router ------------get Usertype","timestamp":"2025-04-30T11:23:43.865Z"}
{"level":"info","message":"Router ------------list Finance","timestamp":"2025-04-30T11:24:01.219Z"}
{"level":"info","message":"Router ------------list Finance","timestamp":"2025-04-30T11:24:01.443Z"}
{"level":"info","message":"Router ------------add employee","timestamp":"2025-04-30T11:24:02.700Z"}
{"level":"info","message":"Router ------------add employee","timestamp":"2025-04-30T11:24:02.755Z"}
{"level":"info","message":"Router ------------list Finance","timestamp":"2025-04-30T11:24:05.796Z"}
{"level":"info","message":"Router ------------list Finance","timestamp":"2025-04-30T11:24:05.890Z"}
{"level":"info","message":"Router-----get customer","timestamp":"2025-04-30T11:24:13.499Z"}
{"level":"info","message":"Router ------------add Report ","timestamp":"2025-04-30T11:24:13.544Z"}
{"level":"info","message":"Router-----get customer","timestamp":"2025-04-30T11:24:13.579Z"}
{"level":"info","message":"Router ------------add Report ","timestamp":"2025-04-30T11:24:14.041Z"}
{"level":"info","message":"Router ------------add employee","timestamp":"2025-04-30T11:24:50.352Z"}
{"level":"info","message":"Router ------------add employee","timestamp":"2025-04-30T11:24:50.731Z"}
{"level":"info","message":"Router ------------add employee","timestamp":"2025-04-30T11:25:04.266Z"}
{"level":"info","message":"Router ------------add employee","timestamp":"2025-04-30T11:25:04.569Z"}
{"level":"info","message":"Router ------------get Usertype","timestamp":"2025-04-30T11:27:55.471Z"}
{"level":"info","message":"Router ------------get Usertype","timestamp":"2025-04-30T11:27:55.731Z"}
{"level":"info","message":"Router ------------get Usertype","timestamp":"2025-04-30T11:27:59.841Z"}
{"level":"info","message":"Router ------------get Usertype","timestamp":"2025-04-30T11:27:59.918Z"}
{"level":"info","message":"Router-----get category","timestamp":"2025-04-30T11:28:57.017Z"}
{"level":"info","message":"Router-----add get category","timestamp":"2025-04-30T11:28:57.032Z"}
{"level":"info","message":"Router-----get partners","timestamp":"2025-04-30T11:28:57.046Z"}
{"level":"info","message":"Router-----get customer","timestamp":"2025-04-30T11:28:57.061Z"}
{"level":"info","message":"Router ------------transaction Mapping ","timestamp":"2025-04-30T11:28:57.076Z"}
{"level":"info","message":"Router ------------view Past booking ","timestamp":"2025-04-30T11:28:57.091Z"}
{"level":"info","message":"Router-----get category","timestamp":"2025-04-30T11:28:57.253Z"}
{"level":"info","message":"Router-----add get category","timestamp":"2025-04-30T11:28:57.276Z"}
{"level":"info","message":"Router-----get partners","timestamp":"2025-04-30T11:28:57.292Z"}
{"level":"info","message":"Router-----get customer","timestamp":"2025-04-30T11:28:57.306Z"}
{"level":"info","message":"Router ------------view Past booking ","timestamp":"2025-04-30T11:28:57.369Z"}
{"level":"info","message":"Router ------------transaction Mapping ","timestamp":"2025-04-30T11:28:57.548Z"}
{"level":"info","message":"Router ------------add employee","timestamp":"2025-04-30T11:29:28.636Z"}
{"level":"info","message":"Router ------------add employee","timestamp":"2025-04-30T11:29:29.306Z"}
{"level":"info","message":"Router ------------get Usertype","timestamp":"2025-04-30T11:29:40.744Z"}
{"level":"info","message":"Router ------------get Usertype","timestamp":"2025-04-30T11:29:41.066Z"}
{"level":"info","message":"Router-----get customer","timestamp":"2025-04-30T11:30:00.634Z"}
{"level":"info","message":"Router ------------add Report ","timestamp":"2025-04-30T11:30:00.649Z"}
{"level":"info","message":"Router-----get customer","timestamp":"2025-04-30T11:30:00.920Z"}
{"level":"info","message":"Router ------------add Report ","timestamp":"2025-04-30T11:30:01.079Z"}
{"level":"info","message":"Router-----get category","timestamp":"2025-04-30T11:31:29.922Z"}
{"level":"info","message":"Router-----add get category","timestamp":"2025-04-30T11:31:29.937Z"}
{"level":"info","message":"Router-----get partners","timestamp":"2025-04-30T11:31:29.954Z"}
{"level":"info","message":"Router ------------view Past booking ","timestamp":"2025-04-30T11:31:29.970Z"}
{"level":"info","message":"Router-----get customer","timestamp":"2025-04-30T11:31:29.986Z"}
{"level":"info","message":"Router ------------transaction Mapping ","timestamp":"2025-04-30T11:31:30.002Z"}
{"level":"info","message":"Router-----add get category","timestamp":"2025-04-30T11:31:30.171Z"}
{"level":"info","message":"Router-----get category","timestamp":"2025-04-30T11:31:30.193Z"}
{"level":"info","message":"Router-----get customer","timestamp":"2025-04-30T11:31:30.213Z"}
{"level":"info","message":"Router ------------view Past booking ","timestamp":"2025-04-30T11:31:30.229Z"}
{"level":"info","message":"Router-----get partners","timestamp":"2025-04-30T11:31:30.244Z"}
{"level":"info","message":"Router ------------transaction Mapping ","timestamp":"2025-04-30T11:31:30.395Z"}
{"level":"info","message":"Router-----get category","timestamp":"2025-04-30T11:32:10.129Z"}
{"level":"info","message":"Router-----add get category","timestamp":"2025-04-30T11:32:10.169Z"}
{"level":"info","message":"Router ------------view Past booking ","timestamp":"2025-04-30T11:32:10.250Z"}
{"level":"info","message":"Router-----get customer","timestamp":"2025-04-30T11:32:10.306Z"}
{"level":"info","message":"Router-----get partners","timestamp":"2025-04-30T11:32:10.384Z"}
{"level":"info","message":"Router ------------transaction Mapping ","timestamp":"2025-04-30T11:32:10.546Z"}
{"level":"info","message":"Router ------------add employee","timestamp":"2025-04-30T11:32:51.705Z"}
{"level":"info","message":"Router ------------add employee","timestamp":"2025-04-30T11:32:52.404Z"}
{"level":"info","message":"Router ------------get Usertype","timestamp":"2025-04-30T11:33:01.896Z"}
{"level":"info","message":"Router ------------get Usertype","timestamp":"2025-04-30T11:33:01.946Z"}
{"level":"info","message":"Router ------------admin login","timestamp":"2025-04-30T11:35:11.965Z"}
{"level":"info","message":"Router-----get category","timestamp":"2025-04-30T11:35:18.765Z"}
{"level":"info","message":"Router-----add get category","timestamp":"2025-04-30T11:35:18.784Z"}
{"level":"info","message":"Router-----get partners","timestamp":"2025-04-30T11:35:18.800Z"}
{"level":"info","message":"Router ------------view Past booking ","timestamp":"2025-04-30T11:35:18.818Z"}
{"level":"info","message":"Router-----get customer","timestamp":"2025-04-30T11:35:18.833Z"}
{"level":"info","message":"Router ------------transaction Mapping ","timestamp":"2025-04-30T11:35:18.849Z"}
{"level":"info","message":"Router-----get category","timestamp":"2025-04-30T11:35:18.880Z"}
{"level":"info","message":"Router ------------view Past booking ","timestamp":"2025-04-30T11:35:19.077Z"}
{"level":"info","message":"Router-----get customer","timestamp":"2025-04-30T11:35:19.096Z"}
{"level":"info","message":"Router-----add get category","timestamp":"2025-04-30T11:35:19.120Z"}
{"level":"info","message":"Router-----get partners","timestamp":"2025-04-30T11:35:19.136Z"}
{"level":"info","message":"Router ------------transaction Mapping ","timestamp":"2025-04-30T11:35:19.216Z"}
{"level":"info","message":"Router-----add get category","timestamp":"2025-04-30T11:35:37.292Z"}
{"level":"info","message":"Router-----get category","timestamp":"2025-04-30T11:35:37.327Z"}
{"level":"info","message":"Router-----get partners","timestamp":"2025-04-30T11:35:37.378Z"}
{"level":"info","message":"Router-----get customer","timestamp":"2025-04-30T11:35:37.409Z"}
{"level":"info","message":"Router ------------view Past booking ","timestamp":"2025-04-30T11:35:37.463Z"}
{"level":"info","message":"Router ------------transaction Mapping ","timestamp":"2025-04-30T11:35:37.522Z"}
{"level":"info","message":"Router-----get category","timestamp":"2025-04-30T11:35:37.723Z"}
{"level":"info","message":"Router-----add get category","timestamp":"2025-04-30T11:35:37.752Z"}
{"level":"info","message":"Router-----get partners","timestamp":"2025-04-30T11:35:37.773Z"}
{"level":"info","message":"Router ------------view Past booking ","timestamp":"2025-04-30T11:35:37.802Z"}
{"level":"info","message":"Router-----get customer","timestamp":"2025-04-30T11:35:37.880Z"}
{"level":"info","message":"Router ------------transaction Mapping ","timestamp":"2025-04-30T11:35:37.994Z"}
{"level":"info","message":"Server running --- from server.ts","timestamp":"2025-04-30T11:38:07.201Z"}
