{"level":"info","message":"Server running --- from server.ts","timestamp":"2025-05-01T04:31:47.713Z"}
{"level":"info","message":"Router ------------admin login","timestamp":"2025-05-01T04:36:39.429Z"}
{"level":"info","message":"Router ------------admin login","timestamp":"2025-05-01T04:36:59.234Z"}
{"level":"info","message":"Router-----get partners","timestamp":"2025-05-01T04:37:10.184Z"}
{"level":"info","message":"Router-----get partners","timestamp":"2025-05-01T04:37:10.478Z"}
{"level":"info","message":"Router-----get customer","timestamp":"2025-05-01T04:37:19.139Z"}
{"level":"info","message":"Router-----get customer","timestamp":"2025-05-01T04:37:19.349Z"}
{"level":"info","message":"Router-----get customer","timestamp":"2025-05-01T04:37:28.146Z"}
{"level":"info","message":"Router ------------add Report ","timestamp":"2025-05-01T04:37:28.217Z"}
{"level":"info","message":"Router ------------list Finance","timestamp":"2025-05-01T04:37:30.880Z"}
{"level":"info","message":"Router-----get customer","timestamp":"2025-05-01T04:37:32.263Z"}
{"level":"info","message":"Router-----get customer","timestamp":"2025-05-01T04:37:37.379Z"}
{"level":"info","message":"Router ------------list Finance","timestamp":"2025-05-01T04:37:38.596Z"}
{"level":"info","message":"Router-----get customer","timestamp":"2025-05-01T04:37:40.337Z"}
{"level":"info","message":"Router ------------add Report ","timestamp":"2025-05-01T04:37:45.929Z"}
{"level":"info","message":"Router-----get partners","timestamp":"2025-05-01T04:37:47.401Z"}
{"level":"info","message":"Router-----get price","timestamp":"2025-05-01T04:37:47.466Z"}
{"level":"info","message":"Router-----get partners","timestamp":"2025-05-01T04:37:53.653Z"}
{"level":"info","message":"Router-----get price","timestamp":"2025-05-01T04:37:53.781Z"}
{"level":"info","message":"Router-----get partners","timestamp":"2025-05-01T04:37:55.996Z"}
{"level":"info","message":"Router-----get price","timestamp":"2025-05-01T04:38:01.017Z"}
{"level":"info","message":"Router-----get partners","timestamp":"2025-05-01T04:38:02.194Z"}
{"level":"info","message":"Router-----get price","timestamp":"2025-05-01T04:38:02.460Z"}
{"level":"info","message":"Router-----get customer","timestamp":"2025-05-01T04:38:09.640Z"}
{"level":"info","message":"Router ------------add Report ","timestamp":"2025-05-01T04:38:10.025Z"}
{"level":"info","message":"Router-----get customer","timestamp":"2025-05-01T04:38:11.255Z"}
{"level":"info","message":"Router ------------add Report ","timestamp":"2025-05-01T04:38:20.313Z"}
{"level":"info","message":"Router ------------transaction Mapping ","timestamp":"2025-05-01T04:38:34.590Z"}
{"level":"info","message":"Router-----get partners","timestamp":"2025-05-01T04:38:34.941Z"}
{"level":"info","message":"Router ------------transaction Mapping ","timestamp":"2025-05-01T04:38:45.265Z"}
{"level":"info","message":"Router-----get partners","timestamp":"2025-05-01T04:38:45.346Z"}
{"level":"info","message":"Router-----get category","timestamp":"2025-05-01T04:39:23.277Z"}
{"level":"info","message":"Router-----add get category","timestamp":"2025-05-01T04:39:23.342Z"}
{"level":"info","message":"Router-----get partners","timestamp":"2025-05-01T04:39:23.630Z"}
{"level":"info","message":"Router-----get customer","timestamp":"2025-05-01T04:39:23.707Z"}
{"level":"info","message":"Router ------------view Past booking ","timestamp":"2025-05-01T04:39:23.818Z"}
{"level":"info","message":"Router ------------transaction Mapping ","timestamp":"2025-05-01T04:39:23.907Z"}
{"level":"info","message":"Router-----get category","timestamp":"2025-05-01T04:39:25.012Z"}
{"level":"info","message":"Router-----add get category","timestamp":"2025-05-01T04:39:25.382Z"}
{"level":"info","message":"Router-----get partners","timestamp":"2025-05-01T04:39:25.524Z"}
{"level":"info","message":"Router-----get customer","timestamp":"2025-05-01T04:39:25.584Z"}
{"level":"info","message":"Router ------------view Past booking ","timestamp":"2025-05-01T04:39:26.389Z"}
{"level":"info","message":"Router ------------transaction Mapping ","timestamp":"2025-05-01T04:39:27.931Z"}
{"level":"info","message":"Router-----get customer","timestamp":"2025-05-01T04:39:45.694Z"}
{"level":"info","message":"Router ------------add Report ","timestamp":"2025-05-01T04:39:45.753Z"}
{"level":"info","message":"Router-----get customer","timestamp":"2025-05-01T04:39:47.296Z"}
{"level":"info","message":"Router ------------add Report ","timestamp":"2025-05-01T04:39:48.165Z"}
{"level":"info","message":"Router-----get customer","timestamp":"2025-05-01T04:52:00.890Z"}
{"level":"info","message":"Router ------------add Report ","timestamp":"2025-05-01T04:52:00.926Z"}
{"level":"info","message":"Router-----get customer","timestamp":"2025-05-01T04:52:01.442Z"}
{"level":"info","message":"Router ------------add Report ","timestamp":"2025-05-01T04:52:01.854Z"}
{"level":"info","message":"Router-----get partners","timestamp":"2025-05-01T04:52:38.464Z"}
{"level":"info","message":"Router-----get price","timestamp":"2025-05-01T04:52:38.485Z"}
{"level":"info","message":"Router-----get partners","timestamp":"2025-05-01T04:52:38.838Z"}
{"level":"info","message":"Router-----get price","timestamp":"2025-05-01T04:52:38.908Z"}
{"level":"info","message":"Router-----get customer","timestamp":"2025-05-01T05:06:43.541Z"}
{"level":"info","message":"Router-----get customer","timestamp":"2025-05-01T05:06:44.478Z"}
{"level":"info","message":"Router-----get customer","timestamp":"2025-05-01T05:07:37.102Z"}
{"level":"info","message":"Router-----get customer","timestamp":"2025-05-01T05:07:38.724Z"}
{"level":"info","message":"Router-----get customer","timestamp":"2025-05-01T05:07:43.875Z"}
{"level":"info","message":"Router-----get customer","timestamp":"2025-05-01T05:08:04.873Z"}
{"level":"info","message":"Router-----get customer","timestamp":"2025-05-01T05:08:07.414Z"}
{"level":"info","message":"Router-----get customer","timestamp":"2025-05-01T05:08:17.127Z"}
{"level":"info","message":"Router-----get customer","timestamp":"2025-05-01T05:08:18.793Z"}
{"level":"info","message":"Router-----get customer","timestamp":"2025-05-01T05:08:25.290Z"}
{"level":"info","message":"Router-----get customer","timestamp":"2025-05-01T05:08:29.041Z"}
{"level":"info","message":"Router-----get customer","timestamp":"2025-05-01T05:08:53.684Z"}
{"level":"info","message":"Router-----get customer","timestamp":"2025-05-01T05:10:49.996Z"}
{"level":"info","message":"Router-----get customer","timestamp":"2025-05-01T05:10:50.347Z"}
{"level":"info","message":"Router-----get customer","timestamp":"2025-05-01T05:10:53.849Z"}
{"level":"info","message":"Router-----get customer","timestamp":"2025-05-01T05:10:56.801Z"}
{"level":"info","message":"Router-----get customer","timestamp":"2025-05-01T05:11:52.345Z"}
{"level":"info","message":"Server running --- from server.ts","timestamp":"2025-05-01T05:12:21.020Z"}
{"level":"info","message":"Server running --- from server.ts","timestamp":"2025-05-01T05:13:45.924Z"}
{"level":"info","message":"Server running --- from server.ts","timestamp":"2025-05-01T05:14:19.179Z"}
{"level":"info","message":"Server running --- from server.ts","timestamp":"2025-05-01T05:14:29.535Z"}
{"level":"info","message":"Server running --- from server.ts","timestamp":"2025-05-01T05:15:31.826Z"}
{"level":"info","message":"Server running --- from server.ts","timestamp":"2025-05-01T05:16:11.303Z"}
{"level":"info","message":"Server running --- from server.ts","timestamp":"2025-05-01T05:16:21.566Z"}
{"level":"info","message":"Server running --- from server.ts","timestamp":"2025-05-01T05:16:48.242Z"}
{"level":"info","message":"Server running --- from server.ts","timestamp":"2025-05-01T05:18:35.894Z"}
{"level":"info","message":"Server running --- from server.ts","timestamp":"2025-05-01T05:19:07.622Z"}
{"level":"info","message":"Router-----add Customer","timestamp":"2025-05-01T05:25:32.115Z"}
{"level":"info","message":"Router-----get customer","timestamp":"2025-05-01T05:25:33.142Z"}
{"level":"info","message":"Server running --- from server.ts","timestamp":"2025-05-01T05:26:39.528Z"}
{"level":"info","message":"Router-----get customer","timestamp":"2025-05-01T05:26:53.331Z"}
{"level":"info","message":"Router-----get customer","timestamp":"2025-05-01T05:26:53.844Z"}
{"level":"info","message":"Router-----add Customer","timestamp":"2025-05-01T05:27:23.310Z"}
{"level":"info","message":"Router-----get customer","timestamp":"2025-05-01T05:27:24.127Z"}
{"level":"info","message":"Server running --- from server.ts","timestamp":"2025-05-01T05:28:03.080Z"}
{"level":"info","message":"Router-----get partners","timestamp":"2025-05-01T05:28:09.391Z"}
{"level":"info","message":"Router-----get price","timestamp":"2025-05-01T05:28:09.457Z"}
{"level":"info","message":"Router-----get category","timestamp":"2025-05-01T05:28:12.155Z"}
{"level":"info","message":"Router-----add get category","timestamp":"2025-05-01T05:28:12.514Z"}
{"level":"info","message":"Router-----get category","timestamp":"2025-05-01T05:28:15.814Z"}
{"level":"info","message":"Router-----get partners","timestamp":"2025-05-01T05:28:15.901Z"}
{"level":"info","message":"Router-----get price","timestamp":"2025-05-01T05:28:15.965Z"}
{"level":"info","message":"Router-----add get category","timestamp":"2025-05-01T05:28:16.053Z"}
{"level":"info","message":"Router-----get category","timestamp":"2025-05-01T05:28:39.344Z"}
{"level":"info","message":"Router-----add get category","timestamp":"2025-05-01T05:28:39.385Z"}
{"level":"info","message":"Router-----get partners","timestamp":"2025-05-01T05:28:39.708Z"}
{"level":"info","message":"Router-----get customer","timestamp":"2025-05-01T05:28:39.788Z"}
{"level":"info","message":"Router ------------view Past booking ","timestamp":"2025-05-01T05:28:39.833Z"}
{"level":"info","message":"Router ------------transaction Mapping ","timestamp":"2025-05-01T05:28:39.866Z"}
{"level":"info","message":"Router-----get category","timestamp":"2025-05-01T05:29:03.526Z"}
{"level":"info","message":"Router-----add get category","timestamp":"2025-05-01T05:29:03.606Z"}
{"level":"info","message":"Router-----get partners","timestamp":"2025-05-01T05:29:03.631Z"}
{"code":"ECONNRESET","errno":-4077,"level":"error","message":"Error in transaction Mapping: read ECONNRESET","stack":"Error: read ECONNRESET\n    at D:\\REACH-ON-EXPRESS\\ReachonFinal\\REACH-ON-EXPRESS-BACKEND\\node_modules\\pg-pool\\index.js:45:11\n    at processTicksAndRejections (node:internal/process/task_queues:95:5)","syscall":"read","timestamp":"2025-05-01T05:29:03.636Z"}
{"level":"info","message":"Router-----get customer","timestamp":"2025-05-01T05:29:03.665Z"}
{"level":"info","message":"Router ------------view Past booking ","timestamp":"2025-05-01T05:29:03.701Z"}
{"level":"info","message":"Router ------------transaction Mapping ","timestamp":"2025-05-01T05:29:03.738Z"}
{"level":"info","message":"Router-----get category","timestamp":"2025-05-01T05:29:24.733Z"}
{"level":"info","message":"Router-----get partners","timestamp":"2025-05-01T05:29:24.751Z"}
{"level":"info","message":"Router-----get customer","timestamp":"2025-05-01T05:29:24.769Z"}
{"level":"info","message":"Router ------------view Past booking ","timestamp":"2025-05-01T05:29:24.790Z"}
{"address":"103.104.58.180","code":"ETIMEDOUT","errno":-4039,"level":"error","message":"Error in transaction Mapping: connect ETIMEDOUT 103.104.58.180:5436","port":5436,"stack":"Error: connect ETIMEDOUT 103.104.58.180:5436\n    at D:\\REACH-ON-EXPRESS\\ReachonFinal\\REACH-ON-EXPRESS-BACKEND\\node_modules\\pg-pool\\index.js:45:11\n    at processTicksAndRejections (node:internal/process/task_queues:95:5)","syscall":"connect","timestamp":"2025-05-01T05:29:24.794Z"}
{"level":"info","message":"Router ------------transaction Mapping ","timestamp":"2025-05-01T05:29:24.813Z"}
{"level":"info","message":"Router-----add get category","timestamp":"2025-05-01T05:29:24.837Z"}
{"code":"ENOTFOUND","errno":-3008,"hostname":"zadroit.brightoncloudtech.com","level":"error","message":"Error in transaction Mapping: getaddrinfo ENOTFOUND zadroit.brightoncloudtech.com","stack":"Error: getaddrinfo ENOTFOUND zadroit.brightoncloudtech.com\n    at D:\\REACH-ON-EXPRESS\\ReachonFinal\\REACH-ON-EXPRESS-BACKEND\\node_modules\\pg-pool\\index.js:45:11\n    at processTicksAndRejections (node:internal/process/task_queues:95:5)","syscall":"getaddrinfo","timestamp":"2025-05-01T05:29:33.632Z"}
{"level":"info","message":"Router-----get customer","timestamp":"2025-05-01T05:30:28.541Z"}
{"level":"info","message":"Router-----get customer","timestamp":"2025-05-01T05:30:40.070Z"}
{"level":"info","message":"Router-----get customer","timestamp":"2025-05-01T05:30:47.721Z"}
{"level":"info","message":"Router-----get customer","timestamp":"2025-05-01T05:30:51.498Z"}
{"level":"info","message":"Router-----get partners","timestamp":"2025-05-01T05:30:54.546Z"}
{"level":"info","message":"Router ------------transaction Mapping ","timestamp":"2025-05-01T05:30:54.605Z"}
{"code":"ENOTFOUND","errno":-3008,"hostname":"zadroit.brightoncloudtech.com","level":"error","message":"Error in transaction Mapping: getaddrinfo ENOTFOUND zadroit.brightoncloudtech.com","stack":"Error: getaddrinfo ENOTFOUND zadroit.brightoncloudtech.com\n    at D:\\REACH-ON-EXPRESS\\ReachonFinal\\REACH-ON-EXPRESS-BACKEND\\node_modules\\pg-pool\\index.js:45:11\n    at processTicksAndRejections (node:internal/process/task_queues:95:5)","syscall":"getaddrinfo","timestamp":"2025-05-01T05:30:54.608Z"}
{"level":"info","message":"Router-----get partners","timestamp":"2025-05-01T05:30:54.711Z"}
{"level":"info","message":"Router ------------transaction Mapping ","timestamp":"2025-05-01T05:30:54.785Z"}
{"code":"ENOTFOUND","errno":-3008,"hostname":"zadroit.brightoncloudtech.com","level":"error","message":"Error in transaction Mapping: getaddrinfo ENOTFOUND zadroit.brightoncloudtech.com","stack":"Error: getaddrinfo ENOTFOUND zadroit.brightoncloudtech.com\n    at D:\\REACH-ON-EXPRESS\\ReachonFinal\\REACH-ON-EXPRESS-BACKEND\\node_modules\\pg-pool\\index.js:45:11\n    at processTicksAndRejections (node:internal/process/task_queues:95:5)","syscall":"getaddrinfo","timestamp":"2025-05-01T05:30:54.787Z"}
{"level":"info","message":"Router-----get category","timestamp":"2025-05-01T05:30:56.547Z"}
{"level":"info","message":"Router-----add get category","timestamp":"2025-05-01T05:30:56.603Z"}
{"level":"info","message":"Router-----get partners","timestamp":"2025-05-01T05:30:56.746Z"}
{"level":"info","message":"Router-----get customer","timestamp":"2025-05-01T05:30:56.838Z"}
{"level":"info","message":"Router ------------transaction Mapping ","timestamp":"2025-05-01T05:30:56.900Z"}
{"level":"info","message":"Router ------------view Past booking ","timestamp":"2025-05-01T05:30:56.944Z"}
{"code":"ENOTFOUND","errno":-3008,"hostname":"zadroit.brightoncloudtech.com","level":"error","message":"Error in transaction Mapping: getaddrinfo ENOTFOUND zadroit.brightoncloudtech.com","stack":"Error: getaddrinfo ENOTFOUND zadroit.brightoncloudtech.com\n    at D:\\REACH-ON-EXPRESS\\ReachonFinal\\REACH-ON-EXPRESS-BACKEND\\node_modules\\pg-pool\\index.js:45:11\n    at processTicksAndRejections (node:internal/process/task_queues:95:5)","syscall":"getaddrinfo","timestamp":"2025-05-01T05:31:02.919Z"}
{"level":"info","message":"Router-----get category","timestamp":"2025-05-01T05:31:02.985Z"}
{"level":"info","message":"Router-----add get category","timestamp":"2025-05-01T05:31:03.032Z"}
{"level":"info","message":"Router-----get customer","timestamp":"2025-05-01T05:31:03.068Z"}
{"level":"info","message":"Router ------------transaction Mapping ","timestamp":"2025-05-01T05:31:03.121Z"}
{"level":"info","message":"Router-----get partners","timestamp":"2025-05-01T05:31:03.183Z"}
{"level":"info","message":"Router ------------view Past booking ","timestamp":"2025-05-01T05:31:03.215Z"}
{"code":"ENOTFOUND","errno":-3008,"hostname":"zadroit.brightoncloudtech.com","level":"error","message":"Error in transaction Mapping: getaddrinfo ENOTFOUND zadroit.brightoncloudtech.com","stack":"Error: getaddrinfo ENOTFOUND zadroit.brightoncloudtech.com\n    at D:\\REACH-ON-EXPRESS\\ReachonFinal\\REACH-ON-EXPRESS-BACKEND\\node_modules\\pg-pool\\index.js:45:11\n    at processTicksAndRejections (node:internal/process/task_queues:95:5)","syscall":"getaddrinfo","timestamp":"2025-05-01T05:31:03.220Z"}
{"level":"info","message":"Router ------------transaction Mapping ","timestamp":"2025-05-01T05:31:39.344Z"}
{"level":"info","message":"Router-----get partners","timestamp":"2025-05-01T05:31:39.374Z"}
{"code":"ENOTFOUND","errno":-3008,"hostname":"zadroit.brightoncloudtech.com","level":"error","message":"Error in transaction Mapping: getaddrinfo ENOTFOUND zadroit.brightoncloudtech.com","stack":"Error: getaddrinfo ENOTFOUND zadroit.brightoncloudtech.com\n    at D:\\REACH-ON-EXPRESS\\ReachonFinal\\REACH-ON-EXPRESS-BACKEND\\node_modules\\pg-pool\\index.js:45:11\n    at processTicksAndRejections (node:internal/process/task_queues:95:5)","syscall":"getaddrinfo","timestamp":"2025-05-01T05:31:40.700Z"}
{"level":"info","message":"Router ------------transaction Mapping ","timestamp":"2025-05-01T05:31:40.762Z"}
{"level":"info","message":"Router-----get partners","timestamp":"2025-05-01T05:31:40.811Z"}
{"code":"ENOTFOUND","errno":-3008,"hostname":"zadroit.brightoncloudtech.com","level":"error","message":"Error in transaction Mapping: getaddrinfo ENOTFOUND zadroit.brightoncloudtech.com","stack":"Error: getaddrinfo ENOTFOUND zadroit.brightoncloudtech.com\n    at D:\\REACH-ON-EXPRESS\\ReachonFinal\\REACH-ON-EXPRESS-BACKEND\\node_modules\\pg-pool\\index.js:45:11\n    at processTicksAndRejections (node:internal/process/task_queues:95:5)","syscall":"getaddrinfo","timestamp":"2025-05-01T05:31:40.817Z"}
{"level":"info","message":"Router ------------add employee","timestamp":"2025-05-01T05:32:11.728Z"}
{"level":"info","message":"Router-----get partners","timestamp":"2025-05-01T05:32:13.441Z"}
{"level":"info","message":"Router ------------transaction Mapping ","timestamp":"2025-05-01T05:32:13.479Z"}
{"level":"info","message":"Router ------------add employee","timestamp":"2025-05-01T05:32:13.601Z"}
{"level":"info","message":"Router-----get partners","timestamp":"2025-05-01T05:32:13.962Z"}
{"level":"info","message":"Router ------------transaction Mapping ","timestamp":"2025-05-01T05:32:14.227Z"}
{"level":"info","message":"Router-----get category","timestamp":"2025-05-01T05:32:17.804Z"}
{"level":"info","message":"Router-----add get category","timestamp":"2025-05-01T05:32:17.859Z"}
{"level":"info","message":"Router-----get partners","timestamp":"2025-05-01T05:32:17.908Z"}
{"level":"info","message":"Router-----get customer","timestamp":"2025-05-01T05:32:17.967Z"}
{"level":"info","message":"Router ------------view Past booking ","timestamp":"2025-05-01T05:32:18.040Z"}
{"level":"info","message":"Router ------------transaction Mapping ","timestamp":"2025-05-01T05:32:18.107Z"}
{"level":"info","message":"Router-----get category","timestamp":"2025-05-01T05:32:18.165Z"}
{"level":"info","message":"Router-----add get category","timestamp":"2025-05-01T05:32:18.223Z"}
{"level":"info","message":"Router-----get partners","timestamp":"2025-05-01T05:32:18.303Z"}
{"level":"info","message":"Router ------------view Past booking ","timestamp":"2025-05-01T05:32:18.352Z"}
{"level":"info","message":"Router-----get customer","timestamp":"2025-05-01T05:32:18.653Z"}
{"level":"info","message":"Router ------------transaction Mapping ","timestamp":"2025-05-01T05:32:18.705Z"}
{"level":"info","message":"Router-----get partners","timestamp":"2025-05-01T05:32:26.553Z"}
{"level":"info","message":"Router ------------transaction Mapping ","timestamp":"2025-05-01T05:32:26.621Z"}
{"level":"info","message":"Router-----get partners","timestamp":"2025-05-01T05:32:26.713Z"}
{"level":"info","message":"Router ------------transaction Mapping ","timestamp":"2025-05-01T05:32:27.058Z"}
{"level":"info","message":"Router-----get partners","timestamp":"2025-05-01T05:32:52.631Z"}
{"level":"info","message":"Router ------------transaction Mapping ","timestamp":"2025-05-01T05:32:52.663Z"}
{"level":"info","message":"Router-----get category","timestamp":"2025-05-01T05:34:50.021Z"}
{"level":"info","message":"Router-----add get category","timestamp":"2025-05-01T05:34:50.064Z"}
{"level":"info","message":"Router-----get partners","timestamp":"2025-05-01T05:34:50.117Z"}
{"level":"info","message":"Router-----get customer","timestamp":"2025-05-01T05:34:50.164Z"}
{"level":"info","message":"Router ------------view Past booking ","timestamp":"2025-05-01T05:34:50.210Z"}
{"level":"info","message":"Router ------------transaction Mapping ","timestamp":"2025-05-01T05:34:50.262Z"}
{"level":"info","message":"Router-----get customer","timestamp":"2025-05-01T05:34:50.698Z"}
{"level":"info","message":"Router-----add get category","timestamp":"2025-05-01T05:34:50.738Z"}
{"level":"info","message":"Router-----get partners","timestamp":"2025-05-01T05:34:50.772Z"}
{"level":"info","message":"Router-----get category","timestamp":"2025-05-01T05:34:50.802Z"}
{"level":"info","message":"Router ------------view Past booking ","timestamp":"2025-05-01T05:34:50.834Z"}
{"level":"info","message":"Router ------------transaction Mapping ","timestamp":"2025-05-01T05:34:51.137Z"}
{"level":"info","message":"Router-----get customer","timestamp":"2025-05-01T05:34:53.206Z"}
{"level":"info","message":"Router-----get customer","timestamp":"2025-05-01T05:34:53.365Z"}
{"level":"info","message":"Router ------------add employee","timestamp":"2025-05-01T05:35:14.998Z"}
{"level":"info","message":"Router ------------add employee","timestamp":"2025-05-01T05:35:15.402Z"}
{"level":"info","message":"Server running --- from server.ts","timestamp":"2025-05-01T05:35:36.518Z"}
{"level":"info","message":"Server running --- from server.ts","timestamp":"2025-05-01T05:37:44.651Z"}
{"level":"info","message":"Router-----get customer","timestamp":"2025-05-01T05:37:45.217Z"}
{"level":"info","message":"Router ------------add Report ","timestamp":"2025-05-01T05:37:45.276Z"}
{"level":"info","message":"Router-----get customer","timestamp":"2025-05-01T05:37:55.324Z"}
{"level":"info","message":"Router ------------add Report ","timestamp":"2025-05-01T05:37:55.800Z"}
{"level":"info","message":"Router-----get customer","timestamp":"2025-05-01T05:37:58.411Z"}
{"level":"info","message":"Router ------------add Report ","timestamp":"2025-05-01T05:37:58.480Z"}
{"level":"info","message":"Router-----get customer","timestamp":"2025-05-01T05:37:58.563Z"}
{"level":"info","message":"Router ------------add Report ","timestamp":"2025-05-01T05:37:59.033Z"}
{"level":"info","message":"Router-----get customer","timestamp":"2025-05-01T05:38:03.821Z"}
{"level":"info","message":"Router-----get customer","timestamp":"2025-05-01T05:38:03.998Z"}
{"level":"info","message":"Router-----get customer","timestamp":"2025-05-01T05:38:20.351Z"}
{"level":"info","message":"Router-----get customer","timestamp":"2025-05-01T05:38:21.199Z"}
{"level":"info","message":"Router-----add Customer","timestamp":"2025-05-01T05:42:13.631Z"}
{"level":"info","message":"Router-----get customer","timestamp":"2025-05-01T05:42:14.760Z"}
