{"level":"info","message":"Server running --- from server.ts","timestamp":"2025-02-11T06:12:04.495Z"}
{"level":"info","message":"Router ------------admin login","timestamp":"2025-02-11T06:12:30.072Z"}
{"level":"info","message":"Router-----add price","timestamp":"2025-02-11T06:13:36.393Z"}
{"level":"info","message":"Server running --- from server.ts","timestamp":"2025-02-11T06:16:50.666Z"}
{"level":"info","message":"Server running --- from server.ts","timestamp":"2025-02-11T06:17:25.969Z"}
{"level":"info","message":"Server running --- from server.ts","timestamp":"2025-02-11T06:17:30.560Z"}
{"level":"info","message":"Router-----add price","timestamp":"2025-02-11T06:17:37.589Z"}
{"level":"info","message":"Router-----add price","timestamp":"2025-02-11T06:18:14.836Z"}
{"level":"info","message":"Server running --- from server.ts","timestamp":"2025-02-11T06:47:23.178Z"}
{"level":"error","message":"Server not running ---  New route /api/v1/Routes/addPricing conflicts with existing /api/v1/Routes/addPricing","name":"AssertError","stack":"AssertError: New route /api/v1/Routes/addPricing conflicts with existing /api/v1/Routes/addPricing\n    at module.exports.internals.Segment.internals.Segment.add (C:\\Users\\INDHU\\Desktop\\JP-Backend\\node_modules\\@hapi\\call\\lib\\segment.js:47:14)\n    at exports.Router.internals.Router.internals.Router.add (C:\\Users\\INDHU\\Desktop\\JP-Backend\\node_modules\\@hapi\\call\\lib\\index.js:65:16)\n    at internals.Server._addRoute (C:\\Users\\INDHU\\Desktop\\JP-Backend\\node_modules\\@hapi\\hapi\\lib\\server.js:529:46)\n    at internals.Server.route (C:\\Users\\INDHU\\Desktop\\JP-Backend\\node_modules\\@hapi\\hapi\\lib\\server.js:518:22)\n    at C:\\Users\\INDHU\\Desktop\\JP-Backend\\src\\api\\admin\\routes.ts:12:14\n    at new Promise (<anonymous>)\n    at newRoutes.<anonymous> (C:\\Users\\INDHU\\Desktop\\JP-Backend\\src\\api\\admin\\routes.ts:10:12)\n    at Generator.next (<anonymous>)\n    at C:\\Users\\INDHU\\Desktop\\JP-Backend\\src\\api\\admin\\routes.ts:8:71\n    at new Promise (<anonymous>)","timestamp":"2025-02-11T06:47:53.116Z"}
{"level":"error","message":"Server not running ---  New route /api/v1/Routes/addPricing conflicts with existing /api/v1/Routes/addPricing","name":"AssertError","stack":"AssertError: New route /api/v1/Routes/addPricing conflicts with existing /api/v1/Routes/addPricing\n    at module.exports.internals.Segment.internals.Segment.add (C:\\Users\\INDHU\\Desktop\\JP-Backend\\node_modules\\@hapi\\call\\lib\\segment.js:47:14)\n    at exports.Router.internals.Router.internals.Router.add (C:\\Users\\INDHU\\Desktop\\JP-Backend\\node_modules\\@hapi\\call\\lib\\index.js:65:16)\n    at internals.Server._addRoute (C:\\Users\\INDHU\\Desktop\\JP-Backend\\node_modules\\@hapi\\hapi\\lib\\server.js:529:46)\n    at internals.Server.route (C:\\Users\\INDHU\\Desktop\\JP-Backend\\node_modules\\@hapi\\hapi\\lib\\server.js:518:22)\n    at C:\\Users\\INDHU\\Desktop\\JP-Backend\\src\\api\\admin\\routes.ts:12:14\n    at new Promise (<anonymous>)\n    at newRoutes.<anonymous> (C:\\Users\\INDHU\\Desktop\\JP-Backend\\src\\api\\admin\\routes.ts:10:12)\n    at Generator.next (<anonymous>)\n    at C:\\Users\\INDHU\\Desktop\\JP-Backend\\src\\api\\admin\\routes.ts:8:71\n    at new Promise (<anonymous>)","timestamp":"2025-02-11T06:48:06.809Z"}
{"level":"error","message":"Server not running ---  New route /api/v1/Routes/addPricing conflicts with existing /api/v1/Routes/addPricing","name":"AssertError","stack":"AssertError: New route /api/v1/Routes/addPricing conflicts with existing /api/v1/Routes/addPricing\n    at module.exports.internals.Segment.internals.Segment.add (C:\\Users\\INDHU\\Desktop\\JP-Backend\\node_modules\\@hapi\\call\\lib\\segment.js:47:14)\n    at exports.Router.internals.Router.internals.Router.add (C:\\Users\\INDHU\\Desktop\\JP-Backend\\node_modules\\@hapi\\call\\lib\\index.js:65:16)\n    at internals.Server._addRoute (C:\\Users\\INDHU\\Desktop\\JP-Backend\\node_modules\\@hapi\\hapi\\lib\\server.js:529:46)\n    at internals.Server.route (C:\\Users\\INDHU\\Desktop\\JP-Backend\\node_modules\\@hapi\\hapi\\lib\\server.js:518:22)\n    at C:\\Users\\INDHU\\Desktop\\JP-Backend\\src\\api\\admin\\routes.ts:12:14\n    at new Promise (<anonymous>)\n    at newRoutes.<anonymous> (C:\\Users\\INDHU\\Desktop\\JP-Backend\\src\\api\\admin\\routes.ts:10:12)\n    at Generator.next (<anonymous>)\n    at C:\\Users\\INDHU\\Desktop\\JP-Backend\\src\\api\\admin\\routes.ts:8:71\n    at new Promise (<anonymous>)","timestamp":"2025-02-11T06:48:11.832Z"}
{"level":"error","message":"Server not running ---  New route /api/v1/Routes/addPricing conflicts with existing /api/v1/Routes/addPricing","name":"AssertError","stack":"AssertError: New route /api/v1/Routes/addPricing conflicts with existing /api/v1/Routes/addPricing\n    at module.exports.internals.Segment.internals.Segment.add (C:\\Users\\INDHU\\Desktop\\JP-Backend\\node_modules\\@hapi\\call\\lib\\segment.js:47:14)\n    at exports.Router.internals.Router.internals.Router.add (C:\\Users\\INDHU\\Desktop\\JP-Backend\\node_modules\\@hapi\\call\\lib\\index.js:65:16)\n    at internals.Server._addRoute (C:\\Users\\INDHU\\Desktop\\JP-Backend\\node_modules\\@hapi\\hapi\\lib\\server.js:529:46)\n    at internals.Server.route (C:\\Users\\INDHU\\Desktop\\JP-Backend\\node_modules\\@hapi\\hapi\\lib\\server.js:518:22)\n    at C:\\Users\\INDHU\\Desktop\\JP-Backend\\src\\api\\admin\\routes.ts:12:14\n    at new Promise (<anonymous>)\n    at newRoutes.<anonymous> (C:\\Users\\INDHU\\Desktop\\JP-Backend\\src\\api\\admin\\routes.ts:10:12)\n    at Generator.next (<anonymous>)\n    at C:\\Users\\INDHU\\Desktop\\JP-Backend\\src\\api\\admin\\routes.ts:8:71\n    at new Promise (<anonymous>)","timestamp":"2025-02-11T06:48:15.063Z"}
{"level":"error","message":"Server not running ---  New route /api/v1/Routes/addPricing conflicts with existing /api/v1/Routes/addPricing","name":"AssertError","stack":"AssertError: New route /api/v1/Routes/addPricing conflicts with existing /api/v1/Routes/addPricing\n    at module.exports.internals.Segment.internals.Segment.add (C:\\Users\\INDHU\\Desktop\\JP-Backend\\node_modules\\@hapi\\call\\lib\\segment.js:47:14)\n    at exports.Router.internals.Router.internals.Router.add (C:\\Users\\INDHU\\Desktop\\JP-Backend\\node_modules\\@hapi\\call\\lib\\index.js:65:16)\n    at internals.Server._addRoute (C:\\Users\\INDHU\\Desktop\\JP-Backend\\node_modules\\@hapi\\hapi\\lib\\server.js:529:46)\n    at internals.Server.route (C:\\Users\\INDHU\\Desktop\\JP-Backend\\node_modules\\@hapi\\hapi\\lib\\server.js:518:22)\n    at C:\\Users\\INDHU\\Desktop\\JP-Backend\\src\\api\\admin\\routes.ts:12:14\n    at new Promise (<anonymous>)\n    at newRoutes.<anonymous> (C:\\Users\\INDHU\\Desktop\\JP-Backend\\src\\api\\admin\\routes.ts:10:12)\n    at Generator.next (<anonymous>)\n    at C:\\Users\\INDHU\\Desktop\\JP-Backend\\src\\api\\admin\\routes.ts:8:71\n    at new Promise (<anonymous>)","timestamp":"2025-02-11T06:48:52.974Z"}
{"level":"error","message":"Server not running ---  New route /api/v1/Routes/addPricing conflicts with existing /api/v1/Routes/addPricing","name":"AssertError","stack":"AssertError: New route /api/v1/Routes/addPricing conflicts with existing /api/v1/Routes/addPricing\n    at module.exports.internals.Segment.internals.Segment.add (C:\\Users\\INDHU\\Desktop\\JP-Backend\\node_modules\\@hapi\\call\\lib\\segment.js:47:14)\n    at exports.Router.internals.Router.internals.Router.add (C:\\Users\\INDHU\\Desktop\\JP-Backend\\node_modules\\@hapi\\call\\lib\\index.js:65:16)\n    at internals.Server._addRoute (C:\\Users\\INDHU\\Desktop\\JP-Backend\\node_modules\\@hapi\\hapi\\lib\\server.js:529:46)\n    at internals.Server.route (C:\\Users\\INDHU\\Desktop\\JP-Backend\\node_modules\\@hapi\\hapi\\lib\\server.js:518:22)\n    at C:\\Users\\INDHU\\Desktop\\JP-Backend\\src\\api\\admin\\routes.ts:12:14\n    at new Promise (<anonymous>)\n    at newRoutes.<anonymous> (C:\\Users\\INDHU\\Desktop\\JP-Backend\\src\\api\\admin\\routes.ts:10:12)\n    at Generator.next (<anonymous>)\n    at C:\\Users\\INDHU\\Desktop\\JP-Backend\\src\\api\\admin\\routes.ts:8:71\n    at new Promise (<anonymous>)","timestamp":"2025-02-11T06:49:00.551Z"}
{"level":"error","message":"Server not running ---  New route /api/v1/Routes/addPricing conflicts with existing /api/v1/Routes/addPricing","name":"AssertError","stack":"AssertError: New route /api/v1/Routes/addPricing conflicts with existing /api/v1/Routes/addPricing\n    at module.exports.internals.Segment.internals.Segment.add (C:\\Users\\INDHU\\Desktop\\JP-Backend\\node_modules\\@hapi\\call\\lib\\segment.js:47:14)\n    at exports.Router.internals.Router.internals.Router.add (C:\\Users\\INDHU\\Desktop\\JP-Backend\\node_modules\\@hapi\\call\\lib\\index.js:65:16)\n    at internals.Server._addRoute (C:\\Users\\INDHU\\Desktop\\JP-Backend\\node_modules\\@hapi\\hapi\\lib\\server.js:529:46)\n    at internals.Server.route (C:\\Users\\INDHU\\Desktop\\JP-Backend\\node_modules\\@hapi\\hapi\\lib\\server.js:518:22)\n    at C:\\Users\\INDHU\\Desktop\\JP-Backend\\src\\api\\admin\\routes.ts:12:14\n    at new Promise (<anonymous>)\n    at newRoutes.<anonymous> (C:\\Users\\INDHU\\Desktop\\JP-Backend\\src\\api\\admin\\routes.ts:10:12)\n    at Generator.next (<anonymous>)\n    at C:\\Users\\INDHU\\Desktop\\JP-Backend\\src\\api\\admin\\routes.ts:8:71\n    at new Promise (<anonymous>)","timestamp":"2025-02-11T06:49:08.778Z"}
{"level":"error","message":"Server not running ---  New route /api/v1/Routes/addPricing conflicts with existing /api/v1/Routes/addPricing","name":"AssertError","stack":"AssertError: New route /api/v1/Routes/addPricing conflicts with existing /api/v1/Routes/addPricing\n    at module.exports.internals.Segment.internals.Segment.add (C:\\Users\\INDHU\\Desktop\\JP-Backend\\node_modules\\@hapi\\call\\lib\\segment.js:47:14)\n    at exports.Router.internals.Router.internals.Router.add (C:\\Users\\INDHU\\Desktop\\JP-Backend\\node_modules\\@hapi\\call\\lib\\index.js:65:16)\n    at internals.Server._addRoute (C:\\Users\\INDHU\\Desktop\\JP-Backend\\node_modules\\@hapi\\hapi\\lib\\server.js:529:46)\n    at internals.Server.route (C:\\Users\\INDHU\\Desktop\\JP-Backend\\node_modules\\@hapi\\hapi\\lib\\server.js:518:22)\n    at C:\\Users\\INDHU\\Desktop\\JP-Backend\\src\\api\\admin\\routes.ts:12:14\n    at new Promise (<anonymous>)\n    at newRoutes.<anonymous> (C:\\Users\\INDHU\\Desktop\\JP-Backend\\src\\api\\admin\\routes.ts:10:12)\n    at Generator.next (<anonymous>)\n    at C:\\Users\\INDHU\\Desktop\\JP-Backend\\src\\api\\admin\\routes.ts:8:71\n    at new Promise (<anonymous>)","timestamp":"2025-02-11T06:49:13.951Z"}
{"level":"error","message":"Server not running ---  New route /api/v1/Routes/addPricing conflicts with existing /api/v1/Routes/addPricing","name":"AssertError","stack":"AssertError: New route /api/v1/Routes/addPricing conflicts with existing /api/v1/Routes/addPricing\n    at module.exports.internals.Segment.internals.Segment.add (C:\\Users\\INDHU\\Desktop\\JP-Backend\\node_modules\\@hapi\\call\\lib\\segment.js:47:14)\n    at exports.Router.internals.Router.internals.Router.add (C:\\Users\\INDHU\\Desktop\\JP-Backend\\node_modules\\@hapi\\call\\lib\\index.js:65:16)\n    at internals.Server._addRoute (C:\\Users\\INDHU\\Desktop\\JP-Backend\\node_modules\\@hapi\\hapi\\lib\\server.js:529:46)\n    at internals.Server.route (C:\\Users\\INDHU\\Desktop\\JP-Backend\\node_modules\\@hapi\\hapi\\lib\\server.js:518:22)\n    at C:\\Users\\INDHU\\Desktop\\JP-Backend\\src\\api\\admin\\routes.ts:12:14\n    at new Promise (<anonymous>)\n    at newRoutes.<anonymous> (C:\\Users\\INDHU\\Desktop\\JP-Backend\\src\\api\\admin\\routes.ts:10:12)\n    at Generator.next (<anonymous>)\n    at C:\\Users\\INDHU\\Desktop\\JP-Backend\\src\\api\\admin\\routes.ts:8:71\n    at new Promise (<anonymous>)","timestamp":"2025-02-11T06:49:29.074Z"}
{"level":"error","message":"Server not running ---  New route /api/v1/Routes/addPricing conflicts with existing /api/v1/Routes/addPricing","name":"AssertError","stack":"AssertError: New route /api/v1/Routes/addPricing conflicts with existing /api/v1/Routes/addPricing\n    at module.exports.internals.Segment.internals.Segment.add (C:\\Users\\INDHU\\Desktop\\JP-Backend\\node_modules\\@hapi\\call\\lib\\segment.js:47:14)\n    at exports.Router.internals.Router.internals.Router.add (C:\\Users\\INDHU\\Desktop\\JP-Backend\\node_modules\\@hapi\\call\\lib\\index.js:65:16)\n    at internals.Server._addRoute (C:\\Users\\INDHU\\Desktop\\JP-Backend\\node_modules\\@hapi\\hapi\\lib\\server.js:529:46)\n    at internals.Server.route (C:\\Users\\INDHU\\Desktop\\JP-Backend\\node_modules\\@hapi\\hapi\\lib\\server.js:518:22)\n    at C:\\Users\\INDHU\\Desktop\\JP-Backend\\src\\api\\admin\\routes.ts:12:14\n    at new Promise (<anonymous>)\n    at newRoutes.<anonymous> (C:\\Users\\INDHU\\Desktop\\JP-Backend\\src\\api\\admin\\routes.ts:10:12)\n    at Generator.next (<anonymous>)\n    at C:\\Users\\INDHU\\Desktop\\JP-Backend\\src\\api\\admin\\routes.ts:8:71\n    at new Promise (<anonymous>)","timestamp":"2025-02-11T06:49:33.819Z"}
{"level":"error","message":"Server not running ---  New route /api/v1/Routes/addPricing conflicts with existing /api/v1/Routes/addPricing","name":"AssertError","stack":"AssertError: New route /api/v1/Routes/addPricing conflicts with existing /api/v1/Routes/addPricing\n    at module.exports.internals.Segment.internals.Segment.add (C:\\Users\\INDHU\\Desktop\\JP-Backend\\node_modules\\@hapi\\call\\lib\\segment.js:47:14)\n    at exports.Router.internals.Router.internals.Router.add (C:\\Users\\INDHU\\Desktop\\JP-Backend\\node_modules\\@hapi\\call\\lib\\index.js:65:16)\n    at internals.Server._addRoute (C:\\Users\\INDHU\\Desktop\\JP-Backend\\node_modules\\@hapi\\hapi\\lib\\server.js:529:46)\n    at internals.Server.route (C:\\Users\\INDHU\\Desktop\\JP-Backend\\node_modules\\@hapi\\hapi\\lib\\server.js:518:22)\n    at C:\\Users\\INDHU\\Desktop\\JP-Backend\\src\\api\\admin\\routes.ts:12:14\n    at new Promise (<anonymous>)\n    at newRoutes.<anonymous> (C:\\Users\\INDHU\\Desktop\\JP-Backend\\src\\api\\admin\\routes.ts:10:12)\n    at Generator.next (<anonymous>)\n    at C:\\Users\\INDHU\\Desktop\\JP-Backend\\src\\api\\admin\\routes.ts:8:71\n    at new Promise (<anonymous>)","timestamp":"2025-02-11T06:52:27.604Z"}
{"level":"error","message":"Server not running ---  New route /api/v1/Routes/addPricing conflicts with existing /api/v1/Routes/addPricing","name":"AssertError","stack":"AssertError: New route /api/v1/Routes/addPricing conflicts with existing /api/v1/Routes/addPricing\n    at module.exports.internals.Segment.internals.Segment.add (C:\\Users\\INDHU\\Desktop\\JP-Backend\\node_modules\\@hapi\\call\\lib\\segment.js:47:14)\n    at exports.Router.internals.Router.internals.Router.add (C:\\Users\\INDHU\\Desktop\\JP-Backend\\node_modules\\@hapi\\call\\lib\\index.js:65:16)\n    at internals.Server._addRoute (C:\\Users\\INDHU\\Desktop\\JP-Backend\\node_modules\\@hapi\\hapi\\lib\\server.js:529:46)\n    at internals.Server.route (C:\\Users\\INDHU\\Desktop\\JP-Backend\\node_modules\\@hapi\\hapi\\lib\\server.js:518:22)\n    at C:\\Users\\INDHU\\Desktop\\JP-Backend\\src\\api\\admin\\routes.ts:12:14\n    at new Promise (<anonymous>)\n    at newRoutes.<anonymous> (C:\\Users\\INDHU\\Desktop\\JP-Backend\\src\\api\\admin\\routes.ts:10:12)\n    at Generator.next (<anonymous>)\n    at C:\\Users\\INDHU\\Desktop\\JP-Backend\\src\\api\\admin\\routes.ts:8:71\n    at new Promise (<anonymous>)","timestamp":"2025-02-11T06:54:45.022Z"}
{"level":"error","message":"Server not running ---  New route /api/v1/Routes/addPricing conflicts with existing /api/v1/Routes/addPricing","name":"AssertError","stack":"AssertError: New route /api/v1/Routes/addPricing conflicts with existing /api/v1/Routes/addPricing\n    at module.exports.internals.Segment.internals.Segment.add (C:\\Users\\INDHU\\Desktop\\JP-Backend\\node_modules\\@hapi\\call\\lib\\segment.js:47:14)\n    at exports.Router.internals.Router.internals.Router.add (C:\\Users\\INDHU\\Desktop\\JP-Backend\\node_modules\\@hapi\\call\\lib\\index.js:65:16)\n    at internals.Server._addRoute (C:\\Users\\INDHU\\Desktop\\JP-Backend\\node_modules\\@hapi\\hapi\\lib\\server.js:529:46)\n    at internals.Server.route (C:\\Users\\INDHU\\Desktop\\JP-Backend\\node_modules\\@hapi\\hapi\\lib\\server.js:518:22)\n    at C:\\Users\\INDHU\\Desktop\\JP-Backend\\src\\api\\admin\\routes.ts:12:14\n    at new Promise (<anonymous>)\n    at newRoutes.<anonymous> (C:\\Users\\INDHU\\Desktop\\JP-Backend\\src\\api\\admin\\routes.ts:10:12)\n    at Generator.next (<anonymous>)\n    at C:\\Users\\INDHU\\Desktop\\JP-Backend\\src\\api\\admin\\routes.ts:8:71\n    at new Promise (<anonymous>)","timestamp":"2025-02-11T06:54:55.359Z"}
{"level":"error","message":"Server not running ---  New route /api/v1/Routes/addPricing conflicts with existing /api/v1/Routes/addPricing","name":"AssertError","stack":"AssertError: New route /api/v1/Routes/addPricing conflicts with existing /api/v1/Routes/addPricing\n    at module.exports.internals.Segment.internals.Segment.add (C:\\Users\\INDHU\\Desktop\\JP-Backend\\node_modules\\@hapi\\call\\lib\\segment.js:47:14)\n    at exports.Router.internals.Router.internals.Router.add (C:\\Users\\INDHU\\Desktop\\JP-Backend\\node_modules\\@hapi\\call\\lib\\index.js:65:16)\n    at internals.Server._addRoute (C:\\Users\\INDHU\\Desktop\\JP-Backend\\node_modules\\@hapi\\hapi\\lib\\server.js:529:46)\n    at internals.Server.route (C:\\Users\\INDHU\\Desktop\\JP-Backend\\node_modules\\@hapi\\hapi\\lib\\server.js:518:22)\n    at C:\\Users\\INDHU\\Desktop\\JP-Backend\\src\\api\\admin\\routes.ts:12:14\n    at new Promise (<anonymous>)\n    at newRoutes.<anonymous> (C:\\Users\\INDHU\\Desktop\\JP-Backend\\src\\api\\admin\\routes.ts:10:12)\n    at Generator.next (<anonymous>)\n    at C:\\Users\\INDHU\\Desktop\\JP-Backend\\src\\api\\admin\\routes.ts:8:71\n    at new Promise (<anonymous>)","timestamp":"2025-02-11T06:55:35.423Z"}
{"level":"error","message":"Server not running ---  New route /api/v1/Routes/addPricing conflicts with existing /api/v1/Routes/addPricing","name":"AssertError","stack":"AssertError: New route /api/v1/Routes/addPricing conflicts with existing /api/v1/Routes/addPricing\n    at module.exports.internals.Segment.internals.Segment.add (C:\\Users\\INDHU\\Desktop\\JP-Backend\\node_modules\\@hapi\\call\\lib\\segment.js:47:14)\n    at exports.Router.internals.Router.internals.Router.add (C:\\Users\\INDHU\\Desktop\\JP-Backend\\node_modules\\@hapi\\call\\lib\\index.js:65:16)\n    at internals.Server._addRoute (C:\\Users\\INDHU\\Desktop\\JP-Backend\\node_modules\\@hapi\\hapi\\lib\\server.js:529:46)\n    at internals.Server.route (C:\\Users\\INDHU\\Desktop\\JP-Backend\\node_modules\\@hapi\\hapi\\lib\\server.js:518:22)\n    at C:\\Users\\INDHU\\Desktop\\JP-Backend\\src\\api\\admin\\routes.ts:12:14\n    at new Promise (<anonymous>)\n    at newRoutes.<anonymous> (C:\\Users\\INDHU\\Desktop\\JP-Backend\\src\\api\\admin\\routes.ts:10:12)\n    at Generator.next (<anonymous>)\n    at C:\\Users\\INDHU\\Desktop\\JP-Backend\\src\\api\\admin\\routes.ts:8:71\n    at new Promise (<anonymous>)","timestamp":"2025-02-11T06:56:18.302Z"}
{"level":"error","message":"Server not running ---  New route /api/v1/Routes/addPricing conflicts with existing /api/v1/Routes/addPricing","name":"AssertError","stack":"AssertError: New route /api/v1/Routes/addPricing conflicts with existing /api/v1/Routes/addPricing\n    at module.exports.internals.Segment.internals.Segment.add (C:\\Users\\INDHU\\Desktop\\JP-Backend\\node_modules\\@hapi\\call\\lib\\segment.js:47:14)\n    at exports.Router.internals.Router.internals.Router.add (C:\\Users\\INDHU\\Desktop\\JP-Backend\\node_modules\\@hapi\\call\\lib\\index.js:65:16)\n    at internals.Server._addRoute (C:\\Users\\INDHU\\Desktop\\JP-Backend\\node_modules\\@hapi\\hapi\\lib\\server.js:529:46)\n    at internals.Server.route (C:\\Users\\INDHU\\Desktop\\JP-Backend\\node_modules\\@hapi\\hapi\\lib\\server.js:518:22)\n    at C:\\Users\\INDHU\\Desktop\\JP-Backend\\src\\api\\admin\\routes.ts:12:14\n    at new Promise (<anonymous>)\n    at newRoutes.<anonymous> (C:\\Users\\INDHU\\Desktop\\JP-Backend\\src\\api\\admin\\routes.ts:10:12)\n    at Generator.next (<anonymous>)\n    at C:\\Users\\INDHU\\Desktop\\JP-Backend\\src\\api\\admin\\routes.ts:8:71\n    at new Promise (<anonymous>)","timestamp":"2025-02-11T06:56:26.006Z"}
{"level":"error","message":"Server not running ---  New route /api/v1/Routes/addPricing conflicts with existing /api/v1/Routes/addPricing","name":"AssertError","stack":"AssertError: New route /api/v1/Routes/addPricing conflicts with existing /api/v1/Routes/addPricing\n    at module.exports.internals.Segment.internals.Segment.add (C:\\Users\\INDHU\\Desktop\\JP-Backend\\node_modules\\@hapi\\call\\lib\\segment.js:47:14)\n    at exports.Router.internals.Router.internals.Router.add (C:\\Users\\INDHU\\Desktop\\JP-Backend\\node_modules\\@hapi\\call\\lib\\index.js:65:16)\n    at internals.Server._addRoute (C:\\Users\\INDHU\\Desktop\\JP-Backend\\node_modules\\@hapi\\hapi\\lib\\server.js:529:46)\n    at internals.Server.route (C:\\Users\\INDHU\\Desktop\\JP-Backend\\node_modules\\@hapi\\hapi\\lib\\server.js:518:22)\n    at C:\\Users\\INDHU\\Desktop\\JP-Backend\\src\\api\\admin\\routes.ts:12:14\n    at new Promise (<anonymous>)\n    at newRoutes.<anonymous> (C:\\Users\\INDHU\\Desktop\\JP-Backend\\src\\api\\admin\\routes.ts:10:12)\n    at Generator.next (<anonymous>)\n    at C:\\Users\\INDHU\\Desktop\\JP-Backend\\src\\api\\admin\\routes.ts:8:71\n    at new Promise (<anonymous>)","timestamp":"2025-02-11T06:56:48.518Z"}
{"level":"error","message":"Server not running ---  New route /api/v1/Routes/addPricing conflicts with existing /api/v1/Routes/addPricing","name":"AssertError","stack":"AssertError: New route /api/v1/Routes/addPricing conflicts with existing /api/v1/Routes/addPricing\n    at module.exports.internals.Segment.internals.Segment.add (C:\\Users\\INDHU\\Desktop\\JP-Backend\\node_modules\\@hapi\\call\\lib\\segment.js:47:14)\n    at exports.Router.internals.Router.internals.Router.add (C:\\Users\\INDHU\\Desktop\\JP-Backend\\node_modules\\@hapi\\call\\lib\\index.js:65:16)\n    at internals.Server._addRoute (C:\\Users\\INDHU\\Desktop\\JP-Backend\\node_modules\\@hapi\\hapi\\lib\\server.js:529:46)\n    at internals.Server.route (C:\\Users\\INDHU\\Desktop\\JP-Backend\\node_modules\\@hapi\\hapi\\lib\\server.js:518:22)\n    at C:\\Users\\INDHU\\Desktop\\JP-Backend\\src\\api\\admin\\routes.ts:12:14\n    at new Promise (<anonymous>)\n    at newRoutes.<anonymous> (C:\\Users\\INDHU\\Desktop\\JP-Backend\\src\\api\\admin\\routes.ts:10:12)\n    at Generator.next (<anonymous>)\n    at C:\\Users\\INDHU\\Desktop\\JP-Backend\\src\\api\\admin\\routes.ts:8:71\n    at new Promise (<anonymous>)","timestamp":"2025-02-11T06:56:58.103Z"}
{"level":"error","message":"Server not running ---  New route /api/v1/Routes/addPricing conflicts with existing /api/v1/Routes/addPricing","name":"AssertError","stack":"AssertError: New route /api/v1/Routes/addPricing conflicts with existing /api/v1/Routes/addPricing\n    at module.exports.internals.Segment.internals.Segment.add (C:\\Users\\INDHU\\Desktop\\JP-Backend\\node_modules\\@hapi\\call\\lib\\segment.js:47:14)\n    at exports.Router.internals.Router.internals.Router.add (C:\\Users\\INDHU\\Desktop\\JP-Backend\\node_modules\\@hapi\\call\\lib\\index.js:65:16)\n    at internals.Server._addRoute (C:\\Users\\INDHU\\Desktop\\JP-Backend\\node_modules\\@hapi\\hapi\\lib\\server.js:529:46)\n    at internals.Server.route (C:\\Users\\INDHU\\Desktop\\JP-Backend\\node_modules\\@hapi\\hapi\\lib\\server.js:518:22)\n    at C:\\Users\\INDHU\\Desktop\\JP-Backend\\src\\api\\admin\\routes.ts:12:14\n    at new Promise (<anonymous>)\n    at newRoutes.<anonymous> (C:\\Users\\INDHU\\Desktop\\JP-Backend\\src\\api\\admin\\routes.ts:10:12)\n    at Generator.next (<anonymous>)\n    at C:\\Users\\INDHU\\Desktop\\JP-Backend\\src\\api\\admin\\routes.ts:8:71\n    at new Promise (<anonymous>)","timestamp":"2025-02-11T06:57:05.446Z"}
{"level":"info","message":"Server running --- from server.ts","timestamp":"2025-02-11T06:57:16.195Z"}
{"level":"info","message":"Server running --- from server.ts","timestamp":"2025-02-11T06:57:52.742Z"}
{"level":"info","message":"Server running --- from server.ts","timestamp":"2025-02-11T06:58:02.538Z"}
{"level":"info","message":"Server running --- from server.ts","timestamp":"2025-02-11T06:58:07.063Z"}
{"level":"info","message":"Server running --- from server.ts","timestamp":"2025-02-11T06:58:20.411Z"}
{"level":"info","message":"Server running --- from server.ts","timestamp":"2025-02-11T06:58:25.364Z"}
{"level":"info","message":"Server running --- from server.ts","timestamp":"2025-02-11T06:58:36.571Z"}
{"level":"info","message":"Server running --- from server.ts","timestamp":"2025-02-11T07:00:29.730Z"}
{"level":"info","message":"Server running --- from server.ts","timestamp":"2025-02-11T07:02:42.651Z"}
{"level":"info","message":"Server running --- from server.ts","timestamp":"2025-02-11T07:02:54.721Z"}
{"level":"info","message":"Server running --- from server.ts","timestamp":"2025-02-11T07:03:15.585Z"}
{"level":"info","message":"Router-----add category","timestamp":"2025-02-11T07:04:23.432Z"}
{"level":"info","message":"Router-----add Sub category","timestamp":"2025-02-11T07:05:14.648Z"}
{"level":"error","message":"Error in add sub category this.adminRepository.addSubCategoryV1 is not a function","stack":"TypeError: this.adminRepository.addSubCategoryV1 is not a function\n    at Resolver.<anonymous> (C:\\Users\\INDHU\\Desktop\\JP-Backend\\src\\api\\admin\\resolver.ts:48:39)\n    at Generator.next (<anonymous>)\n    at C:\\Users\\INDHU\\Desktop\\JP-Backend\\src\\api\\admin\\resolver.ts:8:71\n    at new Promise (<anonymous>)\n    at __awaiter (C:\\Users\\INDHU\\Desktop\\JP-Backend\\src\\api\\admin\\resolver.ts:4:12)\n    at Resolver.addSubCategoryV1 (C:\\Users\\INDHU\\Desktop\\JP-Backend\\src\\api\\admin\\resolver.ts:84:16)\n    at Profile.<anonymous> (C:\\Users\\INDHU\\Desktop\\JP-Backend\\src\\api\\admin\\controller.ts:380:36)\n    at Generator.next (<anonymous>)\n    at C:\\Users\\INDHU\\Desktop\\JP-Backend\\src\\api\\admin\\controller.ts:8:71\n    at new Promise (<anonymous>)","timestamp":"2025-02-11T07:05:14.668Z"}
{"level":"info","message":"Server running --- from server.ts","timestamp":"2025-02-11T07:05:40.797Z"}
{"level":"info","message":"Router-----add Sub category","timestamp":"2025-02-11T07:05:44.070Z"}
{"level":"info","message":"Server running --- from server.ts","timestamp":"2025-02-11T07:33:30.261Z"}
{"level":"info","message":"Server running --- from server.ts","timestamp":"2025-02-11T07:33:44.547Z"}
{"level":"info","message":"Server running --- from server.ts","timestamp":"2025-02-11T07:33:52.177Z"}
{"level":"info","message":"Server running --- from server.ts","timestamp":"2025-02-11T07:33:56.116Z"}
{"level":"info","message":"Server running --- from server.ts","timestamp":"2025-02-11T07:35:22.595Z"}
{"level":"info","message":"Server running --- from server.ts","timestamp":"2025-02-11T07:35:38.240Z"}
{"level":"info","message":"Server running --- from server.ts","timestamp":"2025-02-11T07:35:45.580Z"}
{"level":"info","message":"Server running --- from server.ts","timestamp":"2025-02-11T07:35:53.228Z"}
{"level":"info","message":"Server running --- from server.ts","timestamp":"2025-02-11T07:38:59.160Z"}
{"level":"info","message":"Server running --- from server.ts","timestamp":"2025-02-11T07:39:03.709Z"}
{"level":"info","message":"Router ------------signUp","timestamp":"2025-02-11T07:40:17.670Z"}
{"level":"error","message":"Error in userSignUp: this.resolver.userSignUpV1 is not a function","stack":"TypeError: this.resolver.userSignUpV1 is not a function\n    at Profile.<anonymous> (C:\\Users\\INDHU\\Desktop\\JP-Backend\\src\\api\\admin\\controller.ts:20:36)\n    at Generator.next (<anonymous>)\n    at C:\\Users\\INDHU\\Desktop\\JP-Backend\\src\\api\\admin\\controller.ts:8:71\n    at new Promise (<anonymous>)\n    at __awaiter (C:\\Users\\INDHU\\Desktop\\JP-Backend\\src\\api\\admin\\controller.ts:4:12)\n    at Profile.addEmployee (C:\\Users\\INDHU\\Desktop\\JP-Backend\\src\\api\\admin\\controller.ts:16:21)\n    at exports.Manager.execute (C:\\Users\\INDHU\\Desktop\\JP-Backend\\node_modules\\@hapi\\hapi\\lib\\toolkit.js:57:29)\n    at Object.internals.handler (C:\\Users\\INDHU\\Desktop\\JP-Backend\\node_modules\\@hapi\\hapi\\lib\\handler.js:46:48)\n    at exports.execute (C:\\Users\\INDHU\\Desktop\\JP-Backend\\node_modules\\@hapi\\hapi\\lib\\handler.js:31:36)\n    at Request._lifecycle (C:\\Users\\INDHU\\Desktop\\JP-Backend\\node_modules\\@hapi\\hapi\\lib\\request.js:370:68)","timestamp":"2025-02-11T07:40:17.694Z"}
{"level":"info","message":"Server running --- from server.ts","timestamp":"2025-02-11T07:40:59.729Z"}
{"level":"info","message":"Server running --- from server.ts","timestamp":"2025-02-11T07:41:10.455Z"}
{"level":"info","message":"Server running --- from server.ts","timestamp":"2025-02-11T07:41:54.675Z"}
{"level":"info","message":"Server running --- from server.ts","timestamp":"2025-02-11T07:42:02.149Z"}
{"level":"info","message":"Server running --- from server.ts","timestamp":"2025-02-11T07:42:34.011Z"}
{"level":"info","message":"Server running --- from server.ts","timestamp":"2025-02-11T07:42:43.365Z"}
{"level":"info","message":"Server running --- from server.ts","timestamp":"2025-02-11T07:42:48.652Z"}
{"level":"info","message":"Server running --- from server.ts","timestamp":"2025-02-11T07:43:06.188Z"}
{"level":"info","message":"Server running --- from server.ts","timestamp":"2025-02-11T07:43:52.375Z"}
{"level":"info","message":"Server running --- from server.ts","timestamp":"2025-02-11T07:43:58.377Z"}
{"level":"info","message":"Router ------------signUp","timestamp":"2025-02-11T07:44:15.768Z"}
{"level":"error","message":"Error in userSignUp: this.resolver.userSignUpV1 is not a function","stack":"TypeError: this.resolver.userSignUpV1 is not a function\n    at Profile.<anonymous> (C:\\Users\\INDHU\\Desktop\\JP-Backend\\src\\api\\admin\\controller.ts:23:36)\n    at Generator.next (<anonymous>)\n    at C:\\Users\\INDHU\\Desktop\\JP-Backend\\src\\api\\admin\\controller.ts:8:71\n    at new Promise (<anonymous>)\n    at __awaiter (C:\\Users\\INDHU\\Desktop\\JP-Backend\\src\\api\\admin\\controller.ts:4:12)\n    at Profile.addEmployee (C:\\Users\\INDHU\\Desktop\\JP-Backend\\src\\api\\admin\\controller.ts:16:21)\n    at exports.Manager.execute (C:\\Users\\INDHU\\Desktop\\JP-Backend\\node_modules\\@hapi\\hapi\\lib\\toolkit.js:57:29)\n    at Object.internals.handler (C:\\Users\\INDHU\\Desktop\\JP-Backend\\node_modules\\@hapi\\hapi\\lib\\handler.js:46:48)\n    at exports.execute (C:\\Users\\INDHU\\Desktop\\JP-Backend\\node_modules\\@hapi\\hapi\\lib\\handler.js:31:36)\n    at processTicksAndRejections (node:internal/process/task_queues:105:5)","timestamp":"2025-02-11T07:44:15.778Z"}
{"level":"info","message":"Server running --- from server.ts","timestamp":"2025-02-11T07:45:30.386Z"}
{"level":"info","message":"Server running --- from server.ts","timestamp":"2025-02-11T07:45:35.273Z"}
{"level":"info","message":"Router ------------signUp","timestamp":"2025-02-11T07:45:37.571Z"}
{"level":"info","message":"Router ------------signUp","timestamp":"2025-02-11T07:46:03.510Z"}
{"level":"info","message":"Router ------------signUp","timestamp":"2025-02-11T07:47:00.435Z"}
{"level":"info","message":"Server running --- from server.ts","timestamp":"2025-02-11T07:48:14.039Z"}
{"level":"info","message":"Router ------------signUp","timestamp":"2025-02-11T07:48:39.703Z"}
{"level":"info","message":"Server running --- from server.ts","timestamp":"2025-02-11T07:49:29.803Z"}
{"level":"info","message":"Server running --- from server.ts","timestamp":"2025-02-11T07:49:38.908Z"}
{"level":"info","message":"Server running --- from server.ts","timestamp":"2025-02-11T07:49:56.582Z"}
{"level":"info","message":"Server running --- from server.ts","timestamp":"2025-02-11T07:50:05.877Z"}
{"level":"info","message":"Server running --- from server.ts","timestamp":"2025-02-11T07:51:00.757Z"}
{"level":"info","message":"Router ------------signUp","timestamp":"2025-02-11T07:51:03.092Z"}
{"level":"info","message":"Server running --- from server.ts","timestamp":"2025-02-11T07:52:40.713Z"}
{"level":"info","message":"Server running --- from server.ts","timestamp":"2025-02-11T07:52:46.109Z"}
{"level":"info","message":"Server running --- from server.ts","timestamp":"2025-02-11T07:52:51.798Z"}
{"level":"info","message":"Router ------------signUp","timestamp":"2025-02-11T07:53:02.950Z"}
{"level":"info","message":"Router ------------signUp","timestamp":"2025-02-11T07:53:42.110Z"}
{"level":"info","message":"Server running --- from server.ts","timestamp":"2025-02-11T10:09:11.739Z"}
{"level":"info","message":"Server running --- from server.ts","timestamp":"2025-02-11T10:09:15.300Z"}
{"level":"info","message":"Server running --- from server.ts","timestamp":"2025-02-11T10:31:43.815Z"}
{"level":"info","message":"Server running --- from server.ts","timestamp":"2025-02-11T10:31:49.769Z"}
{"level":"info","message":"Server running --- from server.ts","timestamp":"2025-02-11T10:32:08.195Z"}
{"level":"info","message":"Server running --- from server.ts","timestamp":"2025-02-11T10:33:05.209Z"}
{"level":"info","message":"Server running --- from server.ts","timestamp":"2025-02-11T10:33:12.709Z"}
{"level":"info","message":"Server running --- from server.ts","timestamp":"2025-02-11T10:33:19.377Z"}
{"level":"info","message":"Server running --- from server.ts","timestamp":"2025-02-11T10:33:23.290Z"}
{"level":"info","message":"Server running --- from server.ts","timestamp":"2025-02-11T10:33:49.150Z"}
{"level":"info","message":"Server running --- from server.ts","timestamp":"2025-02-11T10:34:41.267Z"}
{"level":"info","message":"Server running --- from server.ts","timestamp":"2025-02-11T10:34:48.710Z"}
{"level":"info","message":"Server running --- from server.ts","timestamp":"2025-02-11T10:34:56.080Z"}
{"level":"info","message":"Server running --- from server.ts","timestamp":"2025-02-11T10:35:04.777Z"}
{"level":"info","message":"Server running --- from server.ts","timestamp":"2025-02-11T10:35:14.212Z"}
{"level":"info","message":"Server running --- from server.ts","timestamp":"2025-02-11T10:35:43.357Z"}
{"level":"info","message":"Server running --- from server.ts","timestamp":"2025-02-11T10:36:14.991Z"}
{"level":"info","message":"Server running --- from server.ts","timestamp":"2025-02-11T10:36:28.827Z"}
{"level":"info","message":"Server running --- from server.ts","timestamp":"2025-02-11T10:36:42.401Z"}
{"level":"info","message":"Server running --- from server.ts","timestamp":"2025-02-11T10:36:46.049Z"}
{"level":"info","message":"Server running --- from server.ts","timestamp":"2025-02-11T10:36:50.263Z"}
{"level":"info","message":"Server running --- from server.ts","timestamp":"2025-02-11T10:36:57.091Z"}
{"level":"info","message":"Server running --- from server.ts","timestamp":"2025-02-11T10:37:31.533Z"}
{"level":"info","message":"Server running --- from server.ts","timestamp":"2025-02-11T10:37:45.459Z"}
{"level":"info","message":"Server running --- from server.ts","timestamp":"2025-02-11T10:37:59.928Z"}
{"level":"info","message":"Server running --- from server.ts","timestamp":"2025-02-11T10:44:30.723Z"}
{"level":"info","message":"Server running --- from server.ts","timestamp":"2025-02-11T10:46:41.119Z"}
{"level":"info","message":"Server running --- from server.ts","timestamp":"2025-02-11T10:46:50.249Z"}
{"level":"info","message":"Server running --- from server.ts","timestamp":"2025-02-11T10:50:26.422Z"}
{"level":"info","message":"Server running --- from server.ts","timestamp":"2025-02-11T10:50:32.664Z"}
{"level":"info","message":"Server running --- from server.ts","timestamp":"2025-02-11T10:55:47.062Z"}
{"level":"info","message":"Server running --- from server.ts","timestamp":"2025-02-11T10:56:07.365Z"}
{"level":"info","message":"Server running --- from server.ts","timestamp":"2025-02-11T10:57:03.027Z"}
{"level":"info","message":"Server running --- from server.ts","timestamp":"2025-02-11T10:58:52.453Z"}
{"level":"info","message":"Server running --- from server.ts","timestamp":"2025-02-11T10:59:20.958Z"}
{"level":"info","message":"Server running --- from server.ts","timestamp":"2025-02-11T10:59:24.724Z"}
{"level":"info","message":"Server running --- from server.ts","timestamp":"2025-02-11T10:59:33.389Z"}
{"level":"info","message":"Server running --- from server.ts","timestamp":"2025-02-11T11:00:03.552Z"}
{"level":"info","message":"Server running --- from server.ts","timestamp":"2025-02-11T11:00:17.662Z"}
{"level":"info","message":"Server running --- from server.ts","timestamp":"2025-02-11T11:00:27.933Z"}
{"level":"info","message":"Router-----add category","timestamp":"2025-02-11T11:01:20.868Z"}
{"level":"info","message":"Router-----add Sub category","timestamp":"2025-02-11T11:01:59.675Z"}
{"level":"info","message":"Server running --- from server.ts","timestamp":"2025-02-11T11:02:45.239Z"}
{"level":"info","message":"Server running --- from server.ts","timestamp":"2025-02-11T11:04:44.621Z"}
{"level":"info","message":"Server running --- from server.ts","timestamp":"2025-02-11T11:04:55.774Z"}
{"level":"info","message":"Server running --- from server.ts","timestamp":"2025-02-11T11:05:01.043Z"}
{"level":"info","message":"Server running --- from server.ts","timestamp":"2025-02-11T11:05:12.515Z"}
{"level":"info","message":"Server running --- from server.ts","timestamp":"2025-02-11T11:09:25.028Z"}
{"level":"info","message":"Server running --- from server.ts","timestamp":"2025-02-11T11:09:29.401Z"}
{"level":"info","message":"Server running --- from server.ts","timestamp":"2025-02-11T11:09:34.495Z"}
{"level":"info","message":"Server running --- from server.ts","timestamp":"2025-02-11T11:09:57.928Z"}
{"level":"info","message":"Server running --- from server.ts","timestamp":"2025-02-11T11:13:38.648Z"}
{"level":"info","message":"Server running --- from server.ts","timestamp":"2025-02-11T11:16:21.542Z"}
{"level":"info","message":"Server running --- from server.ts","timestamp":"2025-02-11T11:18:05.488Z"}
{"level":"info","message":"Server running --- from server.ts","timestamp":"2025-02-11T11:20:41.697Z"}
{"level":"info","message":"Server running --- from server.ts","timestamp":"2025-02-11T11:21:08.226Z"}
{"level":"info","message":"Server running --- from server.ts","timestamp":"2025-02-11T11:21:27.731Z"}
{"level":"info","message":"Server running --- from server.ts","timestamp":"2025-02-11T11:23:25.159Z"}
{"level":"info","message":"Server running --- from server.ts","timestamp":"2025-02-11T11:23:49.599Z"}
{"level":"error","message":"Server not running ---  this.bookingRepository is not a constructor","stack":"TypeError: this.bookingRepository is not a constructor\n    at new Resolver (C:\\Users\\INDHU\\Desktop\\JP-Backend\\src\\api\\booking\\resolver.ts:6:30)\n    at new booking (C:\\Users\\INDHU\\Desktop\\JP-Backend\\src\\api\\booking\\controller.ts:11:21)\n    at C:\\Users\\INDHU\\Desktop\\JP-Backend\\src\\api\\booking\\routes.ts:10:26\n    at new Promise (<anonymous>)\n    at bookingRoutes.<anonymous> (C:\\Users\\INDHU\\Desktop\\JP-Backend\\src\\api\\booking\\routes.ts:9:12)\n    at Generator.next (<anonymous>)\n    at C:\\Users\\INDHU\\Desktop\\JP-Backend\\src\\api\\booking\\routes.ts:8:71\n    at new Promise (<anonymous>)\n    at __awaiter (C:\\Users\\INDHU\\Desktop\\JP-Backend\\src\\api\\booking\\routes.ts:4:12)\n    at bookingRoutes.register (C:\\Users\\INDHU\\Desktop\\JP-Backend\\src\\api\\booking\\routes.ts:17:16)","timestamp":"2025-02-11T11:24:30.670Z"}
{"level":"error","message":"Server not running ---  this.bookingRepository is not a constructor","stack":"TypeError: this.bookingRepository is not a constructor\n    at new Resolver (C:\\Users\\INDHU\\Desktop\\JP-Backend\\src\\api\\booking\\resolver.ts:6:30)\n    at new booking (C:\\Users\\INDHU\\Desktop\\JP-Backend\\src\\api\\booking\\controller.ts:11:21)\n    at C:\\Users\\INDHU\\Desktop\\JP-Backend\\src\\api\\booking\\routes.ts:10:26\n    at new Promise (<anonymous>)\n    at bookingRoutes.<anonymous> (C:\\Users\\INDHU\\Desktop\\JP-Backend\\src\\api\\booking\\routes.ts:9:12)\n    at Generator.next (<anonymous>)\n    at C:\\Users\\INDHU\\Desktop\\JP-Backend\\src\\api\\booking\\routes.ts:8:71\n    at new Promise (<anonymous>)\n    at __awaiter (C:\\Users\\INDHU\\Desktop\\JP-Backend\\src\\api\\booking\\routes.ts:4:12)\n    at bookingRoutes.register (C:\\Users\\INDHU\\Desktop\\JP-Backend\\src\\api\\booking\\routes.ts:17:16)","timestamp":"2025-02-11T11:24:43.235Z"}
{"level":"error","message":"Server not running ---  this.bookingRepository is not a constructor","stack":"TypeError: this.bookingRepository is not a constructor\n    at new Resolver (C:\\Users\\INDHU\\Desktop\\JP-Backend\\src\\api\\booking\\resolver.ts:6:30)\n    at new booking (C:\\Users\\INDHU\\Desktop\\JP-Backend\\src\\api\\booking\\controller.ts:11:21)\n    at bookingRoutes.<anonymous> (C:\\Users\\INDHU\\Desktop\\JP-Backend\\src\\api\\booking\\routes.ts:8:24)\n    at Generator.next (<anonymous>)\n    at C:\\Users\\INDHU\\Desktop\\JP-Backend\\src\\api\\booking\\routes.ts:8:71\n    at new Promise (<anonymous>)\n    at __awaiter (C:\\Users\\INDHU\\Desktop\\JP-Backend\\src\\api\\booking\\routes.ts:4:12)\n    at bookingRoutes.register (C:\\Users\\INDHU\\Desktop\\JP-Backend\\src\\api\\booking\\routes.ts:17:16)\n    at Function.<anonymous> (C:\\Users\\INDHU\\Desktop\\JP-Backend\\src\\routes.ts:9:31)\n    at Generator.next (<anonymous>)","timestamp":"2025-02-11T11:26:17.321Z"}
{"level":"error","message":"Server not running ---  this.bookingRepository is not a constructor","stack":"TypeError: this.bookingRepository is not a constructor\n    at new Resolver (C:\\Users\\INDHU\\Desktop\\JP-Backend\\src\\api\\booking\\resolver.ts:6:30)\n    at new booking (C:\\Users\\INDHU\\Desktop\\JP-Backend\\src\\api\\booking\\controller.ts:11:21)\n    at bookingRoutes.<anonymous> (C:\\Users\\INDHU\\Desktop\\JP-Backend\\src\\api\\booking\\routes.ts:8:24)\n    at Generator.next (<anonymous>)\n    at C:\\Users\\INDHU\\Desktop\\JP-Backend\\src\\api\\booking\\routes.ts:8:71\n    at new Promise (<anonymous>)\n    at __awaiter (C:\\Users\\INDHU\\Desktop\\JP-Backend\\src\\api\\booking\\routes.ts:4:12)\n    at bookingRoutes.register (C:\\Users\\INDHU\\Desktop\\JP-Backend\\src\\api\\booking\\routes.ts:17:16)\n    at Function.<anonymous> (C:\\Users\\INDHU\\Desktop\\JP-Backend\\src\\routes.ts:9:31)\n    at Generator.next (<anonymous>)","timestamp":"2025-02-11T11:26:30.554Z"}
{"level":"error","message":"Server not running ---  this.bookingRepository is not a constructor","stack":"TypeError: this.bookingRepository is not a constructor\n    at new Resolver (C:\\Users\\INDHU\\Desktop\\JP-Backend\\src\\api\\booking\\resolver.ts:6:30)\n    at new booking (C:\\Users\\INDHU\\Desktop\\JP-Backend\\src\\api\\booking\\controller.ts:11:21)\n    at bookingRoutes.<anonymous> (C:\\Users\\INDHU\\Desktop\\JP-Backend\\src\\api\\booking\\routes.ts:8:24)\n    at Generator.next (<anonymous>)\n    at C:\\Users\\INDHU\\Desktop\\JP-Backend\\src\\api\\booking\\routes.ts:8:71\n    at new Promise (<anonymous>)\n    at __awaiter (C:\\Users\\INDHU\\Desktop\\JP-Backend\\src\\api\\booking\\routes.ts:4:12)\n    at bookingRoutes.register (C:\\Users\\INDHU\\Desktop\\JP-Backend\\src\\api\\booking\\routes.ts:17:16)\n    at Function.<anonymous> (C:\\Users\\INDHU\\Desktop\\JP-Backend\\src\\routes.ts:9:31)\n    at Generator.next (<anonymous>)","timestamp":"2025-02-11T11:26:37.102Z"}
{"level":"error","message":"Server not running ---  this.bookingRepository is not a constructor","stack":"TypeError: this.bookingRepository is not a constructor\n    at new Resolver (C:\\Users\\INDHU\\Desktop\\JP-Backend\\src\\api\\booking\\resolver.ts:6:30)\n    at new booking (C:\\Users\\INDHU\\Desktop\\JP-Backend\\src\\api\\booking\\controller.ts:11:21)\n    at bookingRoutes.<anonymous> (C:\\Users\\INDHU\\Desktop\\JP-Backend\\src\\api\\booking\\routes.ts:8:24)\n    at Generator.next (<anonymous>)\n    at C:\\Users\\INDHU\\Desktop\\JP-Backend\\src\\api\\booking\\routes.ts:8:71\n    at new Promise (<anonymous>)\n    at __awaiter (C:\\Users\\INDHU\\Desktop\\JP-Backend\\src\\api\\booking\\routes.ts:4:12)\n    at bookingRoutes.register (C:\\Users\\INDHU\\Desktop\\JP-Backend\\src\\api\\booking\\routes.ts:17:16)\n    at Function.<anonymous> (C:\\Users\\INDHU\\Desktop\\JP-Backend\\src\\routes.ts:9:31)\n    at Generator.next (<anonymous>)","timestamp":"2025-02-11T11:26:59.586Z"}
{"level":"error","message":"Server not running ---  this.bookingRepository is not a constructor","stack":"TypeError: this.bookingRepository is not a constructor\n    at new Resolver (C:\\Users\\INDHU\\Desktop\\JP-Backend\\src\\api\\booking\\resolver.ts:6:30)\n    at new booking (C:\\Users\\INDHU\\Desktop\\JP-Backend\\src\\api\\booking\\controller.ts:11:21)\n    at bookingRoutes.<anonymous> (C:\\Users\\INDHU\\Desktop\\JP-Backend\\src\\api\\booking\\routes.ts:8:24)\n    at Generator.next (<anonymous>)\n    at C:\\Users\\INDHU\\Desktop\\JP-Backend\\src\\api\\booking\\routes.ts:8:71\n    at new Promise (<anonymous>)\n    at __awaiter (C:\\Users\\INDHU\\Desktop\\JP-Backend\\src\\api\\booking\\routes.ts:4:12)\n    at bookingRoutes.register (C:\\Users\\INDHU\\Desktop\\JP-Backend\\src\\api\\booking\\routes.ts:17:16)\n    at Function.<anonymous> (C:\\Users\\INDHU\\Desktop\\JP-Backend\\src\\routes.ts:9:31)\n    at Generator.next (<anonymous>)","timestamp":"2025-02-11T11:27:04.120Z"}
{"level":"error","message":"Server not running ---  this.bookingRepository is not a constructor","stack":"TypeError: this.bookingRepository is not a constructor\n    at new Resolver (C:\\Users\\INDHU\\Desktop\\JP-Backend\\src\\api\\booking\\resolver.ts:6:30)\n    at new booking (C:\\Users\\INDHU\\Desktop\\JP-Backend\\src\\api\\booking\\controller.ts:11:21)\n    at bookingRoutes.<anonymous> (C:\\Users\\INDHU\\Desktop\\JP-Backend\\src\\api\\booking\\routes.ts:8:24)\n    at Generator.next (<anonymous>)\n    at C:\\Users\\INDHU\\Desktop\\JP-Backend\\src\\api\\booking\\routes.ts:8:71\n    at new Promise (<anonymous>)\n    at __awaiter (C:\\Users\\INDHU\\Desktop\\JP-Backend\\src\\api\\booking\\routes.ts:4:12)\n    at bookingRoutes.register (C:\\Users\\INDHU\\Desktop\\JP-Backend\\src\\api\\booking\\routes.ts:17:16)\n    at Function.<anonymous> (C:\\Users\\INDHU\\Desktop\\JP-Backend\\src\\routes.ts:9:31)\n    at Generator.next (<anonymous>)","timestamp":"2025-02-11T11:27:17.896Z"}
{"level":"error","message":"Server not running ---  this.bookingRepository is not a constructor","stack":"TypeError: this.bookingRepository is not a constructor\n    at new Resolver (C:\\Users\\INDHU\\Desktop\\JP-Backend\\src\\api\\booking\\resolver.ts:6:30)\n    at new booking (C:\\Users\\INDHU\\Desktop\\JP-Backend\\src\\api\\booking\\controller.ts:11:21)\n    at bookingRoutes.<anonymous> (C:\\Users\\INDHU\\Desktop\\JP-Backend\\src\\api\\booking\\routes.ts:8:24)\n    at Generator.next (<anonymous>)\n    at C:\\Users\\INDHU\\Desktop\\JP-Backend\\src\\api\\booking\\routes.ts:8:71\n    at new Promise (<anonymous>)\n    at __awaiter (C:\\Users\\INDHU\\Desktop\\JP-Backend\\src\\api\\booking\\routes.ts:4:12)\n    at bookingRoutes.register (C:\\Users\\INDHU\\Desktop\\JP-Backend\\src\\api\\booking\\routes.ts:17:16)\n    at Function.<anonymous> (C:\\Users\\INDHU\\Desktop\\JP-Backend\\src\\routes.ts:9:31)\n    at Generator.next (<anonymous>)","timestamp":"2025-02-11T11:29:48.851Z"}
{"level":"error","message":"Server not running ---  this.bookingRepository is not a constructor","stack":"TypeError: this.bookingRepository is not a constructor\n    at new Resolver (C:\\Users\\INDHU\\Desktop\\JP-Backend\\src\\api\\booking\\resolver.ts:6:30)\n    at new booking (C:\\Users\\INDHU\\Desktop\\JP-Backend\\src\\api\\booking\\controller.ts:11:21)\n    at bookingRoutes.<anonymous> (C:\\Users\\INDHU\\Desktop\\JP-Backend\\src\\api\\booking\\routes.ts:8:24)\n    at Generator.next (<anonymous>)\n    at C:\\Users\\INDHU\\Desktop\\JP-Backend\\src\\api\\booking\\routes.ts:8:71\n    at new Promise (<anonymous>)\n    at __awaiter (C:\\Users\\INDHU\\Desktop\\JP-Backend\\src\\api\\booking\\routes.ts:4:12)\n    at bookingRoutes.register (C:\\Users\\INDHU\\Desktop\\JP-Backend\\src\\api\\booking\\routes.ts:17:16)\n    at Function.<anonymous> (C:\\Users\\INDHU\\Desktop\\JP-Backend\\src\\routes.ts:9:31)\n    at Generator.next (<anonymous>)","timestamp":"2025-02-11T11:30:57.654Z"}
{"level":"error","message":"Server not running ---  this.bookingRepository is not a constructor","stack":"TypeError: this.bookingRepository is not a constructor\n    at new Resolver (C:\\Users\\INDHU\\Desktop\\JP-Backend\\src\\api\\booking\\resolver.ts:6:30)\n    at new booking (C:\\Users\\INDHU\\Desktop\\JP-Backend\\src\\api\\booking\\controller.ts:11:21)\n    at bookingRoutes.<anonymous> (C:\\Users\\INDHU\\Desktop\\JP-Backend\\src\\api\\booking\\routes.ts:8:24)\n    at Generator.next (<anonymous>)\n    at C:\\Users\\INDHU\\Desktop\\JP-Backend\\src\\api\\booking\\routes.ts:8:71\n    at new Promise (<anonymous>)\n    at __awaiter (C:\\Users\\INDHU\\Desktop\\JP-Backend\\src\\api\\booking\\routes.ts:4:12)\n    at bookingRoutes.register (C:\\Users\\INDHU\\Desktop\\JP-Backend\\src\\api\\booking\\routes.ts:16:16)\n    at Function.<anonymous> (C:\\Users\\INDHU\\Desktop\\JP-Backend\\src\\routes.ts:9:31)\n    at Generator.next (<anonymous>)","timestamp":"2025-02-11T11:32:12.991Z"}
{"level":"info","message":"Server running --- from server.ts","timestamp":"2025-02-11T11:33:51.574Z"}
{"level":"info","message":"Server running --- from server.ts","timestamp":"2025-02-11T11:34:42.977Z"}
{"level":"info","message":"Server running --- from server.ts","timestamp":"2025-02-11T11:34:50.772Z"}
{"level":"info","message":"Server running --- from server.ts","timestamp":"2025-02-11T11:35:03.720Z"}
{"level":"info","message":"Server running --- from server.ts","timestamp":"2025-02-11T11:35:10.526Z"}
{"level":"info","message":"Server running --- from server.ts","timestamp":"2025-02-11T11:41:18.935Z"}
{"level":"info","message":"Server running --- from server.ts","timestamp":"2025-02-11T11:41:23.163Z"}
{"level":"info","message":"Server running --- from server.ts","timestamp":"2025-02-11T11:41:31.582Z"}
{"level":"info","message":"Server running --- from server.ts","timestamp":"2025-02-11T11:41:41.237Z"}
{"level":"info","message":"Server running --- from server.ts","timestamp":"2025-02-11T11:41:58.923Z"}
{"level":"info","message":"Server running --- from server.ts","timestamp":"2025-02-11T11:42:14.293Z"}
{"level":"info","message":"Server running --- from server.ts","timestamp":"2025-02-11T11:42:21.282Z"}
{"level":"info","message":"Server running --- from server.ts","timestamp":"2025-02-11T11:42:26.635Z"}
{"level":"info","message":"Server running --- from server.ts","timestamp":"2025-02-11T11:42:35.268Z"}
{"level":"info","message":"Router ------------signUp","timestamp":"2025-02-11T11:42:52.448Z"}
{"level":"error","message":"Error in userSignUp: Cannot read properties of undefined (reading 'id')","stack":"TypeError: Cannot read properties of undefined (reading 'id')\n    at booking.<anonymous> (C:\\Users\\INDHU\\Desktop\\JP-Backend\\src\\api\\booking\\controller.ts:20:34)\n    at Generator.next (<anonymous>)\n    at C:\\Users\\INDHU\\Desktop\\JP-Backend\\src\\api\\booking\\controller.ts:8:71\n    at new Promise (<anonymous>)\n    at __awaiter (C:\\Users\\INDHU\\Desktop\\JP-Backend\\src\\api\\booking\\controller.ts:4:12)\n    at bookingTest (C:\\Users\\INDHU\\Desktop\\JP-Backend\\src\\api\\booking\\controller.ts:16:21)\n    at exports.Manager.execute (C:\\Users\\INDHU\\Desktop\\JP-Backend\\node_modules\\@hapi\\hapi\\lib\\toolkit.js:57:29)\n    at Object.internals.handler (C:\\Users\\INDHU\\Desktop\\JP-Backend\\node_modules\\@hapi\\hapi\\lib\\handler.js:46:48)\n    at exports.execute (C:\\Users\\INDHU\\Desktop\\JP-Backend\\node_modules\\@hapi\\hapi\\lib\\handler.js:31:36)\n    at Request._lifecycle (C:\\Users\\INDHU\\Desktop\\JP-Backend\\node_modules\\@hapi\\hapi\\lib\\request.js:370:68)","timestamp":"2025-02-11T11:42:52.463Z"}
{"level":"info","message":"Server running --- from server.ts","timestamp":"2025-02-11T11:43:21.582Z"}
{"level":"info","message":"Server running --- from server.ts","timestamp":"2025-02-11T11:43:25.651Z"}
{"level":"info","message":"Router ------------signUp","timestamp":"2025-02-11T11:43:29.050Z"}
{"level":"info","message":"Server running --- from server.ts","timestamp":"2025-02-11T12:05:30.101Z"}
{"level":"info","message":"Server running --- from server.ts","timestamp":"2025-02-11T12:05:40.240Z"}
{"level":"info","message":"Server running --- from server.ts","timestamp":"2025-02-11T12:05:46.750Z"}
{"level":"info","message":"Server running --- from server.ts","timestamp":"2025-02-11T12:06:04.148Z"}
{"level":"info","message":"Server running --- from server.ts","timestamp":"2025-02-11T12:06:10.419Z"}
{"level":"info","message":"Server running --- from server.ts","timestamp":"2025-02-11T12:07:13.244Z"}
{"level":"info","message":"Server running --- from server.ts","timestamp":"2025-02-11T12:07:20.157Z"}
{"level":"info","message":"Server running --- from server.ts","timestamp":"2025-02-11T12:07:23.801Z"}
{"level":"info","message":"Server running --- from server.ts","timestamp":"2025-02-11T12:07:32.411Z"}
{"level":"info","message":"Server running --- from server.ts","timestamp":"2025-02-11T12:07:36.490Z"}
{"level":"info","message":"Server running --- from server.ts","timestamp":"2025-02-11T12:08:26.550Z"}
{"level":"info","message":"Server running --- from server.ts","timestamp":"2025-02-11T12:09:31.685Z"}
{"level":"info","message":"Server running --- from server.ts","timestamp":"2025-02-11T12:09:37.814Z"}
{"level":"info","message":"Server running --- from server.ts","timestamp":"2025-02-11T12:10:00.715Z"}
{"level":"info","message":"Router ------------booking ","timestamp":"2025-02-11T12:10:21.974Z"}
{"level":"info","message":"Router ------------booking ","timestamp":"2025-02-11T12:12:09.729Z"}
{"level":"info","message":"Server running --- from server.ts","timestamp":"2025-02-11T12:13:05.941Z"}
{"level":"info","message":"Server running --- from server.ts","timestamp":"2025-02-11T12:13:13.392Z"}
{"level":"info","message":"Server running --- from server.ts","timestamp":"2025-02-11T12:13:20.328Z"}
{"level":"info","message":"Server running --- from server.ts","timestamp":"2025-02-11T12:14:44.870Z"}
{"level":"info","message":"Server running --- from server.ts","timestamp":"2025-02-11T12:16:49.110Z"}
{"level":"info","message":"Server running --- from server.ts","timestamp":"2025-02-11T12:17:09.786Z"}
{"level":"info","message":"Server running --- from server.ts","timestamp":"2025-02-11T12:18:07.890Z"}
{"level":"info","message":"Server running --- from server.ts","timestamp":"2025-02-11T12:23:31.600Z"}
{"level":"info","message":"Server running --- from server.ts","timestamp":"2025-02-11T12:28:53.598Z"}
{"level":"info","message":"Server running --- from server.ts","timestamp":"2025-02-11T12:29:06.960Z"}
{"level":"info","message":"Server running --- from server.ts","timestamp":"2025-02-11T12:29:29.413Z"}
{"level":"info","message":"Router ------------booking ","timestamp":"2025-02-11T12:30:23.635Z"}
{"level":"info","message":"Router ------------booking ","timestamp":"2025-02-11T12:30:33.050Z"}
{"level":"info","message":"Router ------------booking ","timestamp":"2025-02-11T12:30:41.363Z"}
{"level":"info","message":"Router ------------booking ","timestamp":"2025-02-11T12:30:57.174Z"}
{"level":"info","message":"Server running --- from server.ts","timestamp":"2025-02-11T12:31:31.657Z"}
